<?xml version="1.0" encoding="UTF-8"?>
<testsuites name="TestSuiteForDataDrivenTests" time="26.205" tests="2" failures="0" errors="0">
   <testsuite name="TestSuiteForDataDrivenTests" tests="2" failures="0" errors="0" time="26.205" skipped="0" timestamp="2022-12-11 17:49:20" hostname="LAP15239-local - ManhTT" id="Test Suites/TestSuiteForDataDrivenTests">
      <properties>
         <property name="deviceName" value=""/>
         <property name="devicePlatform" value=""/>
         <property name="logFolder" value="C:\\Users\\LAP15239-local\\Katalon Studio\\git\\katalon\\Reports\\20221211_174913\\TestSuiteForDataDrivenTests\\20221211_174913"/>
         <property name="logFiles" value="C:\\Users\\LAP15239-local\\Katalon Studio\\git\\katalon\\Reports\\20221211_174913\\TestSuiteForDataDrivenTests\\20221211_174913\\execution0.log"/>
         <property name="attachments" value=""/>
         <property name="hostName" value="LAP15239-local - ManhTT"/>
         <property name="os" value="Windows 10 64bit"/>
         <property name="katalonVersion" value="8.5.5.208"/>
         <property name="browser" value="Chrome 108.0.0.0"/>
         <property name="hostAddress" value="172.25.41.125"/>
         <property name="sessionId" value="cf73d9ff5be03eb20fb1c26e507be5a4"/>
         <property name="seleniumVersion" value="3.141.59"/>
         <property name="proxyInformation" value="ProxyInformation { proxyOption=NO_PROXY, proxyServerType=HTTP, username=, password=********, proxyServerAddress=, proxyServerPort=0, executionList=&quot;&quot;, isApplyToDesiredCapabilities=true }"/>
         <property name="platform" value="Windows 10"/>
      </properties>
      <testcase name="Test Cases/DataDrivenTests/Test1_DataDrivenTests" time="14.124" classname="Test Cases/DataDrivenTests/Test1_DataDrivenTests" status="PASSED">
         <system-out><![CDATA[2022-12-11 17:49:20 - [TEST_CASE][PASSED] - Test Cases/DataDrivenTests/Test1_DataDrivenTests: Test Cases/DataDrivenTests/Test1_DataDrivenTests

2022-12-11 17:49:21 - [TEST_STEP][PASSED] - name = "Automation": null

2022-12-11 17:49:21 - [TEST_STEP][PASSED] - openBrowser(""): Browser is opened with url: ''

2022-12-11 17:49:21 - [MESSAGE][INFO] - Starting 'Chrome' driver

2022-12-11 17:49:21 - [MESSAGE][INFO] - Action delay is set to 0 milliseconds

2022-12-11 17:49:24 - [MESSAGE][PASSED] - Browser is opened with url: ''

2022-12-11 17:49:24 - [TEST_STEP][PASSED] - navigateToUrl("https://opensource-demo.orangehrmlive.com/web/index.php/auth/login"): Navigate to 'https://opensource-demo.orangehrmlive.com/web/index.php/auth/login' successfully

2022-12-11 17:49:27 - [MESSAGE][PASSED] - Navigate to 'https://opensource-demo.orangehrmlive.com/web/index.php/auth/login' successfully

2022-12-11 17:49:27 - [TEST_STEP][PASSED] - for ([rowNum = 1, rowNum <= findTestData("data1").getRowNumbers(), (rowNum++)]): Text 'admin1234' is set on object 'Object Repository/RecordOnExistingBrowser/OpenChainlist/Page_OrangeHRM/Page_OrangeHRM/input_Password_password'

2022-12-11 17:49:28 - [TEST_STEP][PASSED] - setText(findTestObject("Object Repository/RecordOnExistingBrowser/OpenChainlist/Page_OrangeHRM/Page_OrangeHRM/input_Username_username"), findTestData("data1").getValue(1, rowNum)): Text 'Admin' is set on object 'Object Repository/RecordOnExistingBrowser/OpenChainlist/Page_OrangeHRM/Page_OrangeHRM/input_Username_username'

2022-12-11 17:49:29 - [MESSAGE][PASSED] - Text 'Admin' is set on object 'Object Repository/RecordOnExistingBrowser/OpenChainlist/Page_OrangeHRM/Page_OrangeHRM/input_Username_username'

2022-12-11 17:49:29 - [TEST_STEP][PASSED] - setText(findTestObject("Object Repository/RecordOnExistingBrowser/OpenChainlist/Page_OrangeHRM/Page_OrangeHRM/input_Password_password"), findTestData("data1").getValue(2, rowNum)): Text 'admin123' is set on object 'Object Repository/RecordOnExistingBrowser/OpenChainlist/Page_OrangeHRM/Page_OrangeHRM/input_Password_password'

2022-12-11 17:49:30 - [MESSAGE][PASSED] - Text 'admin123' is set on object 'Object Repository/RecordOnExistingBrowser/OpenChainlist/Page_OrangeHRM/Page_OrangeHRM/input_Password_password'

2022-12-11 17:49:30 - [TEST_STEP][PASSED] - setText(findTestObject("Object Repository/RecordOnExistingBrowser/OpenChainlist/Page_OrangeHRM/Page_OrangeHRM/input_Username_username"), findTestData("data1").getValue(1, rowNum)): Text 'Admin2' is set on object 'Object Repository/RecordOnExistingBrowser/OpenChainlist/Page_OrangeHRM/Page_OrangeHRM/input_Username_username'

2022-12-11 17:49:31 - [MESSAGE][PASSED] - Text 'Admin2' is set on object 'Object Repository/RecordOnExistingBrowser/OpenChainlist/Page_OrangeHRM/Page_OrangeHRM/input_Username_username'

2022-12-11 17:49:31 - [TEST_STEP][PASSED] - setText(findTestObject("Object Repository/RecordOnExistingBrowser/OpenChainlist/Page_OrangeHRM/Page_OrangeHRM/input_Password_password"), findTestData("data1").getValue(2, rowNum)): Text 'admin1234' is set on object 'Object Repository/RecordOnExistingBrowser/OpenChainlist/Page_OrangeHRM/Page_OrangeHRM/input_Password_password'

2022-12-11 17:49:31 - [MESSAGE][PASSED] - Text 'admin1234' is set on object 'Object Repository/RecordOnExistingBrowser/OpenChainlist/Page_OrangeHRM/Page_OrangeHRM/input_Password_password'

2022-12-11 17:49:31 - [TEST_STEP][PASSED] - click(findTestObject("Object Repository/RecordOnExistingBrowser/OpenChainlist/Page_OrangeHRM/Page_OrangeHRM/button_Login")): Object: 'Object Repository/RecordOnExistingBrowser/OpenChainlist/Page_OrangeHRM/Page_OrangeHRM/button_Login' is clicked on

2022-12-11 17:49:32 - [MESSAGE][PASSED] - Object: 'Object Repository/RecordOnExistingBrowser/OpenChainlist/Page_OrangeHRM/Page_OrangeHRM/button_Login' is clicked on

2022-12-11 17:49:32 - [TEST_STEP][PASSED] - closeBrowser(): Browser is closed

2022-12-11 17:49:33 - [MESSAGE][PASSED] - Browser is closed

2022-12-11 17:49:35 - [TEST_STEP][PASSED] - Video: Video recording for test case 'Test Cases/DataDrivenTests/Test1_DataDrivenTests' .

2022-12-11 17:49:35 - [MESSAGE][INFO] - Video recording for test case 'Test Cases/DataDrivenTests/Test1_DataDrivenTests' .]]></system-out>
         <system-err><![CDATA[]]></system-err>
      </testcase>
      <testcase name="Test Cases/DataDrivenTests/Test1_DataDrivenTests" time="11.759" classname="Test Cases/DataDrivenTests/Test1_DataDrivenTests" status="PASSED">
         <system-out><![CDATA[2022-12-11 17:49:35 - [TEST_CASE][PASSED] - Test Cases/DataDrivenTests/Test1_DataDrivenTests: Test Cases/DataDrivenTests/Test1_DataDrivenTests

2022-12-11 17:49:35 - [TEST_STEP][PASSED] - name = "Automation": null

2022-12-11 17:49:35 - [TEST_STEP][PASSED] - openBrowser(""): Browser is opened with url: ''

2022-12-11 17:49:35 - [MESSAGE][INFO] - Starting 'Chrome' driver

2022-12-11 17:49:35 - [MESSAGE][INFO] - Action delay is set to 0 milliseconds

2022-12-11 17:49:36 - [MESSAGE][PASSED] - Browser is opened with url: ''

2022-12-11 17:49:36 - [TEST_STEP][PASSED] - navigateToUrl("https://opensource-demo.orangehrmlive.com/web/index.php/auth/login"): Navigate to 'https://opensource-demo.orangehrmlive.com/web/index.php/auth/login' successfully

2022-12-11 17:49:39 - [MESSAGE][PASSED] - Navigate to 'https://opensource-demo.orangehrmlive.com/web/index.php/auth/login' successfully

2022-12-11 17:49:39 - [TEST_STEP][PASSED] - for ([rowNum = 1, rowNum <= findTestData("data1").getRowNumbers(), (rowNum++)]): Text 'admin1234' is set on object 'Object Repository/RecordOnExistingBrowser/OpenChainlist/Page_OrangeHRM/Page_OrangeHRM/input_Password_password'

2022-12-11 17:49:39 - [TEST_STEP][PASSED] - setText(findTestObject("Object Repository/RecordOnExistingBrowser/OpenChainlist/Page_OrangeHRM/Page_OrangeHRM/input_Username_username"), findTestData("data1").getValue(1, rowNum)): Text 'Admin' is set on object 'Object Repository/RecordOnExistingBrowser/OpenChainlist/Page_OrangeHRM/Page_OrangeHRM/input_Username_username'

2022-12-11 17:49:40 - [MESSAGE][PASSED] - Text 'Admin' is set on object 'Object Repository/RecordOnExistingBrowser/OpenChainlist/Page_OrangeHRM/Page_OrangeHRM/input_Username_username'

2022-12-11 17:49:40 - [TEST_STEP][PASSED] - setText(findTestObject("Object Repository/RecordOnExistingBrowser/OpenChainlist/Page_OrangeHRM/Page_OrangeHRM/input_Password_password"), findTestData("data1").getValue(2, rowNum)): Text 'admin123' is set on object 'Object Repository/RecordOnExistingBrowser/OpenChainlist/Page_OrangeHRM/Page_OrangeHRM/input_Password_password'

2022-12-11 17:49:41 - [MESSAGE][PASSED] - Text 'admin123' is set on object 'Object Repository/RecordOnExistingBrowser/OpenChainlist/Page_OrangeHRM/Page_OrangeHRM/input_Password_password'

2022-12-11 17:49:41 - [TEST_STEP][PASSED] - setText(findTestObject("Object Repository/RecordOnExistingBrowser/OpenChainlist/Page_OrangeHRM/Page_OrangeHRM/input_Username_username"), findTestData("data1").getValue(1, rowNum)): Text 'Admin2' is set on object 'Object Repository/RecordOnExistingBrowser/OpenChainlist/Page_OrangeHRM/Page_OrangeHRM/input_Username_username'

2022-12-11 17:49:42 - [MESSAGE][PASSED] - Text 'Admin2' is set on object 'Object Repository/RecordOnExistingBrowser/OpenChainlist/Page_OrangeHRM/Page_OrangeHRM/input_Username_username'

2022-12-11 17:49:42 - [TEST_STEP][PASSED] - setText(findTestObject("Object Repository/RecordOnExistingBrowser/OpenChainlist/Page_OrangeHRM/Page_OrangeHRM/input_Password_password"), findTestData("data1").getValue(2, rowNum)): Text 'admin1234' is set on object 'Object Repository/RecordOnExistingBrowser/OpenChainlist/Page_OrangeHRM/Page_OrangeHRM/input_Password_password'

2022-12-11 17:49:43 - [MESSAGE][PASSED] - Text 'admin1234' is set on object 'Object Repository/RecordOnExistingBrowser/OpenChainlist/Page_OrangeHRM/Page_OrangeHRM/input_Password_password'

2022-12-11 17:49:43 - [TEST_STEP][PASSED] - click(findTestObject("Object Repository/RecordOnExistingBrowser/OpenChainlist/Page_OrangeHRM/Page_OrangeHRM/button_Login")): Object: 'Object Repository/RecordOnExistingBrowser/OpenChainlist/Page_OrangeHRM/Page_OrangeHRM/button_Login' is clicked on

2022-12-11 17:49:44 - [MESSAGE][PASSED] - Object: 'Object Repository/RecordOnExistingBrowser/OpenChainlist/Page_OrangeHRM/Page_OrangeHRM/button_Login' is clicked on

2022-12-11 17:49:44 - [TEST_STEP][PASSED] - closeBrowser(): Browser is closed

2022-12-11 17:49:44 - [MESSAGE][PASSED] - Browser is closed

2022-12-11 17:49:46 - [TEST_STEP][PASSED] - Video: Video recording for test case 'Test Cases/DataDrivenTests/Test1_DataDrivenTests' .

2022-12-11 17:49:46 - [MESSAGE][INFO] - Video recording for test case 'Test Cases/DataDrivenTests/Test1_DataDrivenTests' .]]></system-out>
         <system-err><![CDATA[]]></system-err>
      </testcase>
      <system-out><![CDATA[2022-12-11 17:49:20 - [TEST_SUITE][PASSED] - TestSuiteForDataDrivenTests: Test Cases/DataDrivenTests/Test1_DataDrivenTests]]></system-out>
      <system-err><![CDATA[]]></system-err>
   </testsuite>
</testsuites>
