<?xml version="1.0" encoding="UTF-8"?>
<testsuites name="TestSuite1" time="19.999" tests="1" failures="0" errors="0">
   <testsuite name="TestSuite1" tests="1" failures="0" errors="0" time="19.999" skipped="0" timestamp="2022-12-09 10:27:26" hostname="LAP15239-local - ManhTT" id="Test Suites/TestSuite1">
      <properties>
         <property name="deviceName" value=""/>
         <property name="devicePlatform" value=""/>
         <property name="logFolder" value="C:\\Users\\LAP15239-local\\Katalon Studio\\git\\katalon\\Reports\\20221209_102718\\TestSuite1\\20221209_102719"/>
         <property name="logFiles" value="C:\\Users\\LAP15239-local\\Katalon Studio\\git\\katalon\\Reports\\20221209_102718\\TestSuite1\\20221209_102719\\execution0.log"/>
         <property name="attachments" value=""/>
         <property name="hostName" value="LAP15239-local - ManhTT"/>
         <property name="os" value="Windows 10 64bit"/>
         <property name="katalonVersion" value="8.5.5.208"/>
         <property name="browser" value="Chrome 108.0.0.0"/>
         <property name="hostAddress" value="172.25.47.144"/>
         <property name="sessionId" value="483d738db7eca2165a64d74088e6ad10"/>
         <property name="seleniumVersion" value="3.141.59"/>
         <property name="proxyInformation" value="ProxyInformation { proxyOption=NO_PROXY, proxyServerType=HTTP, username=, password=********, proxyServerAddress=, proxyServerPort=0, executionList=&quot;&quot;, isApplyToDesiredCapabilities=true }"/>
         <property name="platform" value="Windows 10"/>
      </properties>
      <testcase name="Test Cases/SampleOrangeHRM_TC" time="19.79" classname="Test Cases/SampleOrangeHRM_TC" status="PASSED">
         <system-out><![CDATA[2022-12-09 10:27:26 - [TEST_CASE][PASSED] - Test Cases/SampleOrangeHRM_TC: Test Cases/SampleOrangeHRM_TC

2022-12-09 10:27:26 - [TEST_STEP][PASSED] - openBrowser(""): Browser is opened with url: ''

2022-12-09 10:27:26 - [MESSAGE][INFO] - Starting 'Chrome' driver

2022-12-09 10:27:26 - [MESSAGE][INFO] - Action delay is set to 0 milliseconds

2022-12-09 10:27:28 - [MESSAGE][PASSED] - Browser is opened with url: ''

2022-12-09 10:27:28 - [TEST_STEP][PASSED] - navigateToUrl("https://opensource-demo.orangehrmlive.com/web/index.php/auth/login"): Navigate to 'https://opensource-demo.orangehrmlive.com/web/index.php/auth/login' successfully

2022-12-09 10:27:37 - [MESSAGE][PASSED] - Navigate to 'https://opensource-demo.orangehrmlive.com/web/index.php/auth/login' successfully

2022-12-09 10:27:37 - [TEST_STEP][PASSED] - setText(findTestObject("Test1_OR/Page_OrangeHRM/input_Username_username"), "Admin"): Text 'Admin' is set on object 'Object Repository/Test1_OR/Page_OrangeHRM/input_Username_username'

2022-12-09 10:27:38 - [MESSAGE][PASSED] - Text 'Admin' is set on object 'Object Repository/Test1_OR/Page_OrangeHRM/input_Username_username'

2022-12-09 10:27:38 - [TEST_STEP][NOT_RUN] - setText(findTestObject("Test1_OR/Page_OrangeHRM/input_Password_password"), "admin123"): NOT_RUN: setText(findTestObject("Test1_OR/Page_OrangeHRM/input_Password_password"), "admin123")

2022-12-09 10:27:38 - [MESSAGE][NOT_RUN] - NOT_RUN: setText(findTestObject("Test1_OR/Page_OrangeHRM/input_Password_password"), "admin123")

2022-12-09 10:27:38 - [TEST_STEP][PASSED] - setEncryptedText(findTestObject("Test1_OR/Page_OrangeHRM/input_Password_password"), "hUKwJTbofgPU9eVlw/CnDQ=="): Text ****** has been set on object 'Object Repository/Test1_OR/Page_OrangeHRM/input_Password_password'

2022-12-09 10:27:39 - [MESSAGE][PASSED] - Text ****** has been set on object 'Object Repository/Test1_OR/Page_OrangeHRM/input_Password_password'

2022-12-09 10:27:39 - [TEST_STEP][PASSED] - click(findTestObject("Test1_OR/Page_OrangeHRM/button_Login")): Object: 'Object Repository/Test1_OR/Page_OrangeHRM/button_Login' is clicked on

2022-12-09 10:27:39 - [MESSAGE][PASSED] - Object: 'Object Repository/Test1_OR/Page_OrangeHRM/button_Login' is clicked on

2022-12-09 10:27:39 - [TEST_STEP][PASSED] - click(findTestObject("Test1_OR/Page_OrangeHRM/a_Time")): Object: 'Object Repository/Test1_OR/Page_OrangeHRM/a_Time' is clicked on

2022-12-09 10:27:43 - [MESSAGE][PASSED] - Object: 'Object Repository/Test1_OR/Page_OrangeHRM/a_Time' is clicked on

2022-12-09 10:27:43 - [TEST_STEP][PASSED] - verifyElementPresent(findTestObject("Object Repository/Test1_OR/Page_OrangeHRM/h6_Select Employee"), 0): Object 'Object Repository/Test1_OR/Page_OrangeHRM/h6_Select Employee' is present

2022-12-09 10:27:43 - [MESSAGE][WARNING] - Timeout '0' is invalid. Using default page load timeout: '30'

2022-12-09 10:27:45 - [MESSAGE][PASSED] - Object 'Object Repository/Test1_OR/Page_OrangeHRM/h6_Select Employee' is present

2022-12-09 10:27:45 - [TEST_STEP][PASSED] - verifyTextPresent("Select Employee", true): Text 'Select Employee' is present on page  using regular expression

2022-12-09 10:27:45 - [MESSAGE][PASSED] - Text 'Select Employee' is present on page  using regular expression

2022-12-09 10:27:45 - [TEST_STEP][PASSED] - closeBrowser(): Browser is closed

2022-12-09 10:27:46 - [MESSAGE][PASSED] - Browser is closed]]></system-out>
         <system-err><![CDATA[]]></system-err>
      </testcase>
      <system-out><![CDATA[2022-12-09 10:27:26 - [TEST_SUITE][PASSED] - TestSuite1: Test Cases/SampleOrangeHRM_TC]]></system-out>
      <system-err><![CDATA[]]></system-err>
   </testsuite>
</testsuites>
