<?xml version="1.0" encoding="UTF-8"?>
<testsuites name="TestSuite3" time="15.15" tests="1" failures="0" errors="0">
   <testsuite name="TestSuite3" tests="1" failures="0" errors="0" time="15.15" skipped="0" timestamp="2022-12-10 11:04:44" hostname="LAP15239-local - ManhTT" id="Test Suites/TestSuite3">
      <properties>
         <property name="deviceName" value=""/>
         <property name="devicePlatform" value=""/>
         <property name="logFolder" value="C:\\Users\\LAP15239-local\\Katalon Studio\\git\\katalon\\Reports\\20221210_110313\\TestSuite3\\20221210_110318"/>
         <property name="logFiles" value="C:\\Users\\LAP15239-local\\Katalon Studio\\git\\katalon\\Reports\\20221210_110313\\TestSuite3\\20221210_110318\\execution0.log"/>
         <property name="attachments" value=""/>
         <property name="hostName" value="LAP15239-local - ManhTT"/>
         <property name="os" value="Windows 10 64bit"/>
         <property name="katalonVersion" value="8.5.5.208"/>
         <property name="browser" value="Firefox 107.0"/>
         <property name="hostAddress" value="172.25.47.144"/>
         <property name="sessionId" value="c25892b3-9680-485b-83de-954f57f6c874"/>
         <property name="seleniumVersion" value="3.141.59"/>
         <property name="proxyInformation" value="ProxyInformation { proxyOption=NO_PROXY, proxyServerType=HTTP, username=, password=********, proxyServerAddress=, proxyServerPort=0, executionList=&quot;&quot;, isApplyToDesiredCapabilities=true }"/>
         <property name="platform" value="Windows 10"/>
      </properties>
      <testcase name="Test Cases/SampleMKP_TC" time="14.963" classname="Test Cases/SampleMKP_TC" status="PASSED">
         <system-out><![CDATA[2022-12-10 11:04:44 - [TEST_CASE][PASSED] - Test Cases/SampleMKP_TC: Test Cases/SampleMKP_TC

2022-12-10 11:04:45 - [TEST_STEP][PASSED] - openBrowser(""): Browser is opened with url: ''

2022-12-10 11:04:45 - [MESSAGE][INFO] - Starting 'Firefox' driver

2022-12-10 11:04:45 - [MESSAGE][INFO] - Action delay is set to 0 milliseconds

2022-12-10 11:04:49 - [MESSAGE][PASSED] - Browser is opened with url: ''

2022-12-10 11:04:49 - [TEST_STEP][PASSED] - navigateToUrl("https://market.test.yoverse.io/"): Navigate to 'https://market.test.yoverse.io/' successfully

2022-12-10 11:04:50 - [MESSAGE][PASSED] - Navigate to 'https://market.test.yoverse.io/' successfully

2022-12-10 11:04:50 - [TEST_STEP][PASSED] - setText(findTestObject("Object Repository/Test2_MKP/Page_YoVerse Market/inputToSearch"), "search demo"): Text 'search demo' is set on object 'Object Repository/Test2_MKP/Page_YoVerse Market/inputToSearch'

2022-12-10 11:04:53 - [MESSAGE][PASSED] - Text 'search demo' is set on object 'Object Repository/Test2_MKP/Page_YoVerse Market/inputToSearch'

2022-12-10 11:04:53 - [TEST_STEP][PASSED] - sendKeys(findTestObject("Object Repository/Test2_MKP/Page_YoVerse Market/inputToSearch"), Keys.chord(ENTER)): Keys 'ENTER + ' sent to object: 'Object Repository/Test2_MKP/Page_YoVerse Market/inputToSearch'

2022-12-10 11:04:54 - [MESSAGE][PASSED] - Keys 'ENTER + ' sent to object: 'Object Repository/Test2_MKP/Page_YoVerse Market/inputToSearch'

2022-12-10 11:04:54 - [TEST_STEP][PASSED] - setText(findTestObject("Object Repository/Test2_MKP/Page_YoVerse Market/inputToSearch"), ""): Text '' is set on object 'Object Repository/Test2_MKP/Page_YoVerse Market/inputToSearch'

2022-12-10 11:04:55 - [MESSAGE][PASSED] - Text '' is set on object 'Object Repository/Test2_MKP/Page_YoVerse Market/inputToSearch'

2022-12-10 11:04:55 - [TEST_STEP][PASSED] - click(findTestObject("Object Repository/Test2_MKP/Page_YoVerse Market/div_Explore")): Object: 'Object Repository/Test2_MKP/Page_YoVerse Market/div_Explore' is clicked on

2022-12-10 11:04:56 - [MESSAGE][PASSED] - Object: 'Object Repository/Test2_MKP/Page_YoVerse Market/div_Explore' is clicked on

2022-12-10 11:04:56 - [TEST_STEP][NOT_RUN] - waitForElementPresent(findTestObject("Test2_MKP/Page_YoVerse Market/inputToSearch"), 0): NOT_RUN: waitForElementPresent(findTestObject("Test2_MKP/Page_YoVerse Market/inputToSearch"), 0)

2022-12-10 11:04:56 - [MESSAGE][NOT_RUN] - NOT_RUN: waitForElementPresent(findTestObject("Test2_MKP/Page_YoVerse Market/inputToSearch"), 0)

2022-12-10 11:04:56 - [TEST_STEP][PASSED] - setText(findTestObject("Test2_MKP/Page_YoVerse Market/inputToSearch"), "clear demo"): Text 'clear demo' is set on object 'Object Repository/Test2_MKP/Page_YoVerse Market/inputToSearch'

2022-12-10 11:04:57 - [MESSAGE][PASSED] - Text 'clear demo' is set on object 'Object Repository/Test2_MKP/Page_YoVerse Market/inputToSearch'

2022-12-10 11:04:57 - [TEST_STEP][PASSED] - sendKeys(findTestObject("Object Repository/Test2_MKP/Page_YoVerse Market/inputToSearch"), Keys.chord(ENTER)): Keys 'ENTER + ' sent to object: 'Object Repository/Test2_MKP/Page_YoVerse Market/inputToSearch'

2022-12-10 11:04:58 - [MESSAGE][PASSED] - Keys 'ENTER + ' sent to object: 'Object Repository/Test2_MKP/Page_YoVerse Market/inputToSearch'

2022-12-10 11:04:58 - [TEST_STEP][PASSED] - clearText(findTestObject("Test2_MKP/Page_YoVerse Market/inputToSearch"), STOP_ON_FAILURE): Text of object 'Object Repository/Test2_MKP/Page_YoVerse Market/inputToSearch' is cleared

2022-12-10 11:04:59 - [MESSAGE][PASSED] - Text of object 'Object Repository/Test2_MKP/Page_YoVerse Market/inputToSearch' is cleared

2022-12-10 11:04:59 - [TEST_STEP][PASSED] - closeBrowser(): Browser is closed

2022-12-10 11:04:59 - [MESSAGE][PASSED] - Browser is closed]]></system-out>
         <system-err><![CDATA[]]></system-err>
      </testcase>
      <system-out><![CDATA[2022-12-10 11:04:44 - [TEST_SUITE][PASSED] - TestSuite3: Test Cases/SampleMKP_TC]]></system-out>
      <system-err><![CDATA[]]></system-err>
   </testsuite>
</testsuites>
