<?xml version="1.0" encoding="UTF-8"?>
<testsuites name="TestSuite2" time="15.134" tests="1" failures="0" errors="0">
   <testsuite name="TestSuite2" tests="1" failures="0" errors="0" time="15.134" skipped="0" timestamp="2022-12-10 11:04:08" hostname="LAP15239-local - ManhTT" id="Test Suites/TestSuite2">
      <properties>
         <property name="deviceName" value=""/>
         <property name="devicePlatform" value=""/>
         <property name="logFolder" value="C:\\Users\\LAP15239-local\\Katalon Studio\\git\\katalon\\Reports\\20221210_110313\\TestSuite2\\20221210_110316"/>
         <property name="logFiles" value="C:\\Users\\LAP15239-local\\Katalon Studio\\git\\katalon\\Reports\\20221210_110313\\TestSuite2\\20221210_110316\\execution0.log"/>
         <property name="attachments" value=""/>
         <property name="hostName" value="LAP15239-local - ManhTT"/>
         <property name="os" value="Windows 10 64bit"/>
         <property name="katalonVersion" value="8.5.5.208"/>
         <property name="browser" value="Edge Chromium 108"/>
         <property name="hostAddress" value="172.25.47.144"/>
         <property name="sessionId" value="3af25a65b596b6c6b9a98a7dde3a4335"/>
         <property name="seleniumVersion" value="3.141.59"/>
         <property name="proxyInformation" value="ProxyInformation { proxyOption=NO_PROXY, proxyServerType=HTTP, username=, password=********, proxyServerAddress=, proxyServerPort=0, executionList=&quot;&quot;, isApplyToDesiredCapabilities=true }"/>
         <property name="platform" value="Windows 10"/>
      </properties>
      <testcase name="Test Cases/SampleOrangeHRM_TC" time="14.945" classname="Test Cases/SampleOrangeHRM_TC" status="PASSED">
         <system-out><![CDATA[2022-12-10 11:04:08 - [TEST_CASE][PASSED] - Test Cases/SampleOrangeHRM_TC: Test Cases/SampleOrangeHRM_TC

2022-12-10 11:04:09 - [TEST_STEP][PASSED] - openBrowser(""): Browser is opened with url: ''

2022-12-10 11:04:09 - [MESSAGE][INFO] - Starting 'Edge Chromium' driver

2022-12-10 11:04:09 - [MESSAGE][INFO] - Action delay is set to 0 milliseconds

2022-12-10 11:04:11 - [MESSAGE][PASSED] - Browser is opened with url: ''

2022-12-10 11:04:11 - [TEST_STEP][PASSED] - navigateToUrl("https://opensource-demo.orangehrmlive.com/web/index.php/auth/login"): Navigate to 'https://opensource-demo.orangehrmlive.com/web/index.php/auth/login' successfully

2022-12-10 11:04:14 - [MESSAGE][PASSED] - Navigate to 'https://opensource-demo.orangehrmlive.com/web/index.php/auth/login' successfully

2022-12-10 11:04:14 - [TEST_STEP][PASSED] - setText(findTestObject("Test1_OR/Page_OrangeHRM/input_Username_username"), "Admin"): Text 'Admin' is set on object 'Object Repository/Test1_OR/Page_OrangeHRM/input_Username_username'

2022-12-10 11:04:15 - [MESSAGE][PASSED] - Text 'Admin' is set on object 'Object Repository/Test1_OR/Page_OrangeHRM/input_Username_username'

2022-12-10 11:04:15 - [TEST_STEP][NOT_RUN] - setText(findTestObject("Test1_OR/Page_OrangeHRM/input_Password_password"), "admin123"): NOT_RUN: setText(findTestObject("Test1_OR/Page_OrangeHRM/input_Password_password"), "admin123")

2022-12-10 11:04:15 - [MESSAGE][NOT_RUN] - NOT_RUN: setText(findTestObject("Test1_OR/Page_OrangeHRM/input_Password_password"), "admin123")

2022-12-10 11:04:15 - [TEST_STEP][PASSED] - setEncryptedText(findTestObject("Test1_OR/Page_OrangeHRM/input_Password_password"), "hUKwJTbofgPU9eVlw/CnDQ=="): Text ****** has been set on object 'Object Repository/Test1_OR/Page_OrangeHRM/input_Password_password'

2022-12-10 11:04:16 - [MESSAGE][PASSED] - Text ****** has been set on object 'Object Repository/Test1_OR/Page_OrangeHRM/input_Password_password'

2022-12-10 11:04:16 - [TEST_STEP][PASSED] - click(findTestObject("Test1_OR/Page_OrangeHRM/button_Login")): Object: 'Object Repository/Test1_OR/Page_OrangeHRM/button_Login' is clicked on

2022-12-10 11:04:17 - [MESSAGE][PASSED] - Object: 'Object Repository/Test1_OR/Page_OrangeHRM/button_Login' is clicked on

2022-12-10 11:04:17 - [TEST_STEP][PASSED] - click(findTestObject("Test1_OR/Page_OrangeHRM/a_Time")): Object: 'Object Repository/Test1_OR/Page_OrangeHRM/a_Time' is clicked on

2022-12-10 11:04:21 - [MESSAGE][PASSED] - Object: 'Object Repository/Test1_OR/Page_OrangeHRM/a_Time' is clicked on

2022-12-10 11:04:21 - [TEST_STEP][PASSED] - verifyElementPresent(findTestObject("Object Repository/Test1_OR/Page_OrangeHRM/h6_Select Employee"), 0): Object 'Object Repository/Test1_OR/Page_OrangeHRM/h6_Select Employee' is present

2022-12-10 11:04:21 - [MESSAGE][WARNING] - Timeout '0' is invalid. Using default page load timeout: '30'

2022-12-10 11:04:21 - [MESSAGE][PASSED] - Object 'Object Repository/Test1_OR/Page_OrangeHRM/h6_Select Employee' is present

2022-12-10 11:04:21 - [TEST_STEP][PASSED] - verifyTextPresent("Select Employee", true): Text 'Select Employee' is present on page  using regular expression

2022-12-10 11:04:22 - [MESSAGE][PASSED] - Text 'Select Employee' is present on page  using regular expression

2022-12-10 11:04:22 - [TEST_STEP][PASSED] - closeBrowser(): Browser is closed

2022-12-10 11:04:23 - [MESSAGE][PASSED] - Browser is closed]]></system-out>
         <system-err><![CDATA[]]></system-err>
      </testcase>
      <system-out><![CDATA[2022-12-10 11:04:08 - [TEST_SUITE][PASSED] - TestSuite2: Test Cases/SampleOrangeHRM_TC]]></system-out>
      <system-err><![CDATA[]]></system-err>
   </testsuite>
</testsuites>
