<?xml version="1.0" encoding="UTF-8"?>
<testsuites name="TestSuiteForDataDrivenTests" time="21.683" tests="2" failures="0" errors="0">
   <testsuite name="TestSuiteForDataDrivenTests" tests="2" failures="0" errors="0" time="21.683" skipped="0" timestamp="2022-12-11 17:52:55" hostname="LAP15239-local - ManhTT" id="Test Suites/TestSuiteForDataDrivenTests">
      <properties>
         <property name="deviceName" value=""/>
         <property name="devicePlatform" value=""/>
         <property name="logFolder" value="C:\\Users\\LAP15239-local\\Katalon Studio\\git\\katalon\\Reports\\20221211_175246\\TestSuiteForDataDrivenTests\\20221211_175246"/>
         <property name="logFiles" value="C:\\Users\\LAP15239-local\\Katalon Studio\\git\\katalon\\Reports\\20221211_175246\\TestSuiteForDataDrivenTests\\20221211_175246\\execution0.log"/>
         <property name="attachments" value=""/>
         <property name="hostName" value="LAP15239-local - ManhTT"/>
         <property name="os" value="Windows 10 64bit"/>
         <property name="katalonVersion" value="8.5.5.208"/>
         <property name="browser" value="Chrome 108.0.0.0"/>
         <property name="hostAddress" value="172.25.41.125"/>
         <property name="sessionId" value="e3a126c7934ce034144d2207c284ea38"/>
         <property name="seleniumVersion" value="3.141.59"/>
         <property name="proxyInformation" value="ProxyInformation { proxyOption=NO_PROXY, proxyServerType=HTTP, username=, password=********, proxyServerAddress=, proxyServerPort=0, executionList=&quot;&quot;, isApplyToDesiredCapabilities=true }"/>
         <property name="platform" value="Windows 10"/>
      </properties>
      <testcase name="Test Cases/DataDrivenTests/Test1_DataDrivenTests" time="11.377" classname="Test Cases/DataDrivenTests/Test1_DataDrivenTests" status="PASSED">
         <system-out><![CDATA[2022-12-11 17:52:55 - [TEST_CASE][PASSED] - Test Cases/DataDrivenTests/Test1_DataDrivenTests: Test Cases/DataDrivenTests/Test1_DataDrivenTests

2022-12-11 17:52:56 - [TEST_STEP][PASSED] - name = "Automation": null

2022-12-11 17:52:56 - [TEST_STEP][PASSED] - openBrowser(""): Browser is opened with url: ''

2022-12-11 17:52:56 - [MESSAGE][INFO] - Starting 'Chrome' driver

2022-12-11 17:52:56 - [MESSAGE][INFO] - Action delay is set to 0 milliseconds

2022-12-11 17:52:58 - [MESSAGE][PASSED] - Browser is opened with url: ''

2022-12-11 17:52:58 - [TEST_STEP][PASSED] - navigateToUrl("https://opensource-demo.orangehrmlive.com/web/index.php/auth/login"): Navigate to 'https://opensource-demo.orangehrmlive.com/web/index.php/auth/login' successfully

2022-12-11 17:53:01 - [MESSAGE][PASSED] - Navigate to 'https://opensource-demo.orangehrmlive.com/web/index.php/auth/login' successfully

2022-12-11 17:53:01 - [TEST_STEP][PASSED] - setText(findTestObject("Object Repository/RecordOnExistingBrowser/OpenChainlist/Page_OrangeHRM/Page_OrangeHRM/input_Username_username"), username): Text 'Admin' is set on object 'Object Repository/RecordOnExistingBrowser/OpenChainlist/Page_OrangeHRM/Page_OrangeHRM/input_Username_username'

2022-12-11 17:53:03 - [MESSAGE][PASSED] - Text 'Admin' is set on object 'Object Repository/RecordOnExistingBrowser/OpenChainlist/Page_OrangeHRM/Page_OrangeHRM/input_Username_username'

2022-12-11 17:53:03 - [TEST_STEP][PASSED] - setText(findTestObject("Object Repository/RecordOnExistingBrowser/OpenChainlist/Page_OrangeHRM/Page_OrangeHRM/input_Password_password"), password): Text 'admin123' is set on object 'Object Repository/RecordOnExistingBrowser/OpenChainlist/Page_OrangeHRM/Page_OrangeHRM/input_Password_password'

2022-12-11 17:53:03 - [MESSAGE][PASSED] - Text 'admin123' is set on object 'Object Repository/RecordOnExistingBrowser/OpenChainlist/Page_OrangeHRM/Page_OrangeHRM/input_Password_password'

2022-12-11 17:53:03 - [TEST_STEP][PASSED] - click(findTestObject("Object Repository/RecordOnExistingBrowser/OpenChainlist/Page_OrangeHRM/Page_OrangeHRM/button_Login")): Object: 'Object Repository/RecordOnExistingBrowser/OpenChainlist/Page_OrangeHRM/Page_OrangeHRM/button_Login' is clicked on

2022-12-11 17:53:04 - [MESSAGE][PASSED] - Object: 'Object Repository/RecordOnExistingBrowser/OpenChainlist/Page_OrangeHRM/Page_OrangeHRM/button_Login' is clicked on

2022-12-11 17:53:04 - [TEST_STEP][PASSED] - closeBrowser(): Browser is closed

2022-12-11 17:53:05 - [MESSAGE][PASSED] - Browser is closed

2022-12-11 17:53:07 - [TEST_STEP][PASSED] - Video: Video recording for test case 'Test Cases/DataDrivenTests/Test1_DataDrivenTests' .

2022-12-11 17:53:07 - [MESSAGE][INFO] - Video recording for test case 'Test Cases/DataDrivenTests/Test1_DataDrivenTests' .]]></system-out>
         <system-err><![CDATA[]]></system-err>
      </testcase>
      <testcase name="Test Cases/DataDrivenTests/Test1_DataDrivenTests" time="10.041" classname="Test Cases/DataDrivenTests/Test1_DataDrivenTests" status="PASSED">
         <system-out><![CDATA[2022-12-11 17:53:07 - [TEST_CASE][PASSED] - Test Cases/DataDrivenTests/Test1_DataDrivenTests: Test Cases/DataDrivenTests/Test1_DataDrivenTests

2022-12-11 17:53:07 - [TEST_STEP][PASSED] - name = "Automation": null

2022-12-11 17:53:07 - [TEST_STEP][PASSED] - openBrowser(""): Browser is opened with url: ''

2022-12-11 17:53:07 - [MESSAGE][INFO] - Starting 'Chrome' driver

2022-12-11 17:53:07 - [MESSAGE][INFO] - Action delay is set to 0 milliseconds

2022-12-11 17:53:08 - [MESSAGE][PASSED] - Browser is opened with url: ''

2022-12-11 17:53:08 - [TEST_STEP][PASSED] - navigateToUrl("https://opensource-demo.orangehrmlive.com/web/index.php/auth/login"): Navigate to 'https://opensource-demo.orangehrmlive.com/web/index.php/auth/login' successfully

2022-12-11 17:53:12 - [MESSAGE][PASSED] - Navigate to 'https://opensource-demo.orangehrmlive.com/web/index.php/auth/login' successfully

2022-12-11 17:53:12 - [TEST_STEP][PASSED] - setText(findTestObject("Object Repository/RecordOnExistingBrowser/OpenChainlist/Page_OrangeHRM/Page_OrangeHRM/input_Username_username"), username): Text 'Admin2' is set on object 'Object Repository/RecordOnExistingBrowser/OpenChainlist/Page_OrangeHRM/Page_OrangeHRM/input_Username_username'

2022-12-11 17:53:13 - [MESSAGE][PASSED] - Text 'Admin2' is set on object 'Object Repository/RecordOnExistingBrowser/OpenChainlist/Page_OrangeHRM/Page_OrangeHRM/input_Username_username'

2022-12-11 17:53:13 - [TEST_STEP][PASSED] - setText(findTestObject("Object Repository/RecordOnExistingBrowser/OpenChainlist/Page_OrangeHRM/Page_OrangeHRM/input_Password_password"), password): Text 'admin1234' is set on object 'Object Repository/RecordOnExistingBrowser/OpenChainlist/Page_OrangeHRM/Page_OrangeHRM/input_Password_password'

2022-12-11 17:53:14 - [MESSAGE][PASSED] - Text 'admin1234' is set on object 'Object Repository/RecordOnExistingBrowser/OpenChainlist/Page_OrangeHRM/Page_OrangeHRM/input_Password_password'

2022-12-11 17:53:14 - [TEST_STEP][PASSED] - click(findTestObject("Object Repository/RecordOnExistingBrowser/OpenChainlist/Page_OrangeHRM/Page_OrangeHRM/button_Login")): Object: 'Object Repository/RecordOnExistingBrowser/OpenChainlist/Page_OrangeHRM/Page_OrangeHRM/button_Login' is clicked on

2022-12-11 17:53:14 - [MESSAGE][PASSED] - Object: 'Object Repository/RecordOnExistingBrowser/OpenChainlist/Page_OrangeHRM/Page_OrangeHRM/button_Login' is clicked on

2022-12-11 17:53:14 - [TEST_STEP][PASSED] - closeBrowser(): Browser is closed

2022-12-11 17:53:15 - [MESSAGE][PASSED] - Browser is closed

2022-12-11 17:53:17 - [TEST_STEP][PASSED] - Video: Video recording for test case 'Test Cases/DataDrivenTests/Test1_DataDrivenTests' .

2022-12-11 17:53:17 - [MESSAGE][INFO] - Video recording for test case 'Test Cases/DataDrivenTests/Test1_DataDrivenTests' .]]></system-out>
         <system-err><![CDATA[]]></system-err>
      </testcase>
      <system-out><![CDATA[2022-12-11 17:52:55 - [TEST_SUITE][PASSED] - TestSuiteForDataDrivenTests: Test Cases/DataDrivenTests/Test1_DataDrivenTests]]></system-out>
      <system-err><![CDATA[]]></system-err>
   </testsuite>
</testsuites>
