<?xml version="1.0" encoding="UTF-8"?>
<testsuites name="MKP" time="245.859" tests="13" failures="0" errors="0">
   <testsuite name="MKP" tests="13" failures="0" errors="0" time="245.859" skipped="0" timestamp="2023-02-11 18:46:29" hostname="LAP15239-local - host.docker.internal" id="Test Suites/MKP">
      <properties>
         <property name="deviceName" value=""/>
         <property name="devicePlatform" value=""/>
         <property name="logFolder" value="C:\\Users\\LAP15239-local\\Katalon Studio\\git\\katalon\\Reports\\20230211_184626\\MKP\\20230211_184626"/>
         <property name="logFiles" value="C:\\Users\\LAP15239-local\\Katalon Studio\\git\\katalon\\Reports\\20230211_184626\\MKP\\20230211_184626\\execution0.log"/>
         <property name="attachments" value=""/>
         <property name="hostName" value="LAP15239-local - host.docker.internal"/>
         <property name="os" value="Windows 10 64bit"/>
         <property name="katalonVersion" value="8.5.5.208"/>
         <property name="browser" value="Chrome 110.0.0.0"/>
         <property name="hostAddress" value="172.25.40.193"/>
         <property name="sessionId" value="6dd1c4aa00db0ca9108ee7561a8abee5"/>
         <property name="seleniumVersion" value="3.141.59"/>
         <property name="proxyInformation" value="ProxyInformation { proxyOption=NO_PROXY, proxyServerType=HTTP, username=, password=********, proxyServerAddress=, proxyServerPort=0, executionList=&quot;&quot;, isApplyToDesiredCapabilities=true }"/>
         <property name="platform" value="Windows 10"/>
      </properties>
      <testcase name="Test Cases/1.MKP/Sell/Fixed Price/Sell_Fixed Price_Cancel_24 hours" time="21.559" classname="Test Cases/1.MKP/Sell/Fixed Price/Sell_Fixed Price_Cancel_24 hours" status="PASSED">
         <system-out><![CDATA[2023-02-11 18:46:30 - [TEST_CASE][PASSED] - Test Cases/1.MKP/Sell/Fixed Price/Sell_Fixed Price_Cancel_24 hours: Test Cases/1.MKP/Sell/Fixed Price/Sell_Fixed Price_Cancel_24 hours

2023-02-11 18:46:30 - [TEST_STEP][PASSED] - Start listener action : sampleBeforeTestCase: null

2023-02-11 18:46:30 - [TEST_STEP][PASSED] - println("
... I am Listener inside sampleBeforeTestCase function"): null

2023-02-11 18:46:30 - [TEST_STEP][PASSED] - callTestCase(findTestCase("1.MKP/BeforeTest/OpenChromeProfiles"), [:], STOP_ON_FAILURE): Call Test Case 'Test Cases/1.MKP/BeforeTest/OpenChromeProfiles' successfully

2023-02-11 18:46:30 - [TEST_CASE][PASSED] - Test Cases/1.MKP/BeforeTest/OpenChromeProfiles: Test Cases/1.MKP/BeforeTest/OpenChromeProfiles

2023-02-11 18:46:31 - [TEST_STEP][PASSED] - System.setProperty("webdriver.chrome.driver", "./webdrivers/chromedriver.exe"): null

2023-02-11 18:46:31 - [TEST_STEP][PASSED] - options = new org.openqa.selenium.chrome.ChromeOptions(): null

2023-02-11 18:46:31 - [TEST_STEP][PASSED] - eSwitches = new java.util.ArrayList(): null

2023-02-11 18:46:31 - [TEST_STEP][PASSED] - options.setExperimentalOption("excludeSwitches", eSwitches): null

2023-02-11 18:46:31 - [TEST_STEP][PASSED] - options.addArguments("--user-data-dir=C:/Users/LAP15239-local/AppData/Local/Google/Chrome/User Data"): null

2023-02-11 18:46:31 - [TEST_STEP][PASSED] - options.addArguments("--profile-directory=Profile 4"): null

2023-02-11 18:46:31 - [TEST_STEP][PASSED] - driver = new org.openqa.selenium.chrome.ChromeDriver(options): null

2023-02-11 18:46:34 - [TEST_STEP][PASSED] - changeWebDriver(driver): null

2023-02-11 18:46:37 - [TEST_STEP][PASSED] - maximizeWindow(): Current window maximized

2023-02-11 18:46:38 - [MESSAGE][PASSED] - Current window maximized

2023-02-11 18:46:38 - [MESSAGE][PASSED] - Call Test Case 'Test Cases/1.MKP/BeforeTest/OpenChromeProfiles' successfully

2023-02-11 18:46:38 - [TEST_STEP][PASSED] - navigateToUrl(MKP_url): Navigate to 'https://market.test.yoverse.io' successfully

2023-02-11 18:46:44 - [MESSAGE][PASSED] - Navigate to 'https://market.test.yoverse.io' successfully

2023-02-11 18:46:44 - [TEST_STEP][PASSED] - waitForElementClickable(findTestObject("Object Repository/1.MKP/Sell/img_header_profile_avatar"), 5): Object 'Object Repository/1.MKP/Sell/img_header_profile_avatar' is clickable

2023-02-11 18:46:44 - [MESSAGE][PASSED] - Object 'Object Repository/1.MKP/Sell/img_header_profile_avatar' is clickable

2023-02-11 18:46:44 - [TEST_STEP][PASSED] - click(findTestObject("Object Repository/1.MKP/Sell/img_header_profile_avatar")): Object: 'Object Repository/1.MKP/Sell/img_header_profile_avatar' is clicked on

2023-02-11 18:46:44 - [MESSAGE][PASSED] - Object: 'Object Repository/1.MKP/Sell/img_header_profile_avatar' is clicked on

2023-02-11 18:46:44 - [TEST_STEP][PASSED] - click(findTestObject("Object Repository/1.MKP/Sell/div_My Profile")): Object: 'Object Repository/1.MKP/Sell/div_My Profile' is clicked on

2023-02-11 18:46:45 - [MESSAGE][PASSED] - Object: 'Object Repository/1.MKP/Sell/div_My Profile' is clicked on

2023-02-11 18:46:45 - [TEST_STEP][PASSED] - click(findTestObject("Object Repository/1.MKP/Sell/div_Owned")): Object: 'Object Repository/1.MKP/Sell/div_Owned' is clicked on

2023-02-11 18:46:45 - [MESSAGE][PASSED] - Object: 'Object Repository/1.MKP/Sell/div_Owned' is clicked on

2023-02-11 18:46:45 - [TEST_STEP][PASSED] - click(findTestObject("Object Repository/1.MKP/Sell/button_Sell")): Object: 'Object Repository/1.MKP/Sell/button_Sell' is clicked on

2023-02-11 18:46:46 - [MESSAGE][PASSED] - Object: 'Object Repository/1.MKP/Sell/button_Sell' is clicked on

2023-02-11 18:46:46 - [TEST_STEP][PASSED] - click(findTestObject("Object Repository/1.MKP/Sell/div_Fixed Price")): Object: 'Object Repository/1.MKP/Sell/div_Fixed Price' is clicked on

2023-02-11 18:46:46 - [MESSAGE][PASSED] - Object: 'Object Repository/1.MKP/Sell/div_Fixed Price' is clicked on

2023-02-11 18:46:46 - [TEST_STEP][PASSED] - setText(findTestObject("Object Repository/1.MKP/Sell/input_fixed-price-amount"), priceToSell): Text '55' is set on object 'Object Repository/1.MKP/Sell/input_fixed-price-amount'

2023-02-11 18:46:47 - [MESSAGE][PASSED] - Text '55' is set on object 'Object Repository/1.MKP/Sell/input_fixed-price-amount'

2023-02-11 18:46:47 - [TEST_STEP][PASSED] - click(findTestObject("Object Repository/1.MKP/Sell/span_Private_Listing")): Object: 'Object Repository/1.MKP/Sell/span_Private_Listing' is clicked on

2023-02-11 18:46:47 - [MESSAGE][PASSED] - Object: 'Object Repository/1.MKP/Sell/span_Private_Listing' is clicked on

2023-02-11 18:46:47 - [TEST_STEP][PASSED] - click(findTestObject("Object Repository/1.MKP/Sell/span_Private_Listing")): Object: 'Object Repository/1.MKP/Sell/span_Private_Listing' is clicked on

2023-02-11 18:46:47 - [MESSAGE][PASSED] - Object: 'Object Repository/1.MKP/Sell/span_Private_Listing' is clicked on

2023-02-11 18:46:47 - [TEST_STEP][PASSED] - click(findTestObject("Object Repository/1.MKP/Sell/div_fixed-price-duration")): Object: 'Object Repository/1.MKP/Sell/div_fixed-price-duration' is clicked on

2023-02-11 18:46:47 - [MESSAGE][PASSED] - Object: 'Object Repository/1.MKP/Sell/div_fixed-price-duration' is clicked on

2023-02-11 18:46:47 - [TEST_STEP][PASSED] - click(findTestObject("Object Repository/1.MKP/Sell/button_dateRange")): Object: 'Object Repository/1.MKP/Sell/button_dateRange' is clicked on

2023-02-11 18:46:48 - [MESSAGE][PASSED] - Object: 'Object Repository/1.MKP/Sell/button_dateRange' is clicked on

2023-02-11 18:46:48 - [TEST_STEP][PASSED] - click(findTestObject("Object Repository/1.MKP/Sell/div_Date Range_24 hours")): Object: 'Object Repository/1.MKP/Sell/div_Date Range_24 hours' is clicked on

2023-02-11 18:46:48 - [MESSAGE][PASSED] - Object: 'Object Repository/1.MKP/Sell/div_Date Range_24 hours' is clicked on

2023-02-11 18:46:48 - [TEST_STEP][PASSED] - click(findTestObject("Object Repository/1.MKP/Sell/button_Confirm_Duration")): Object: 'Object Repository/1.MKP/Sell/button_Confirm_Duration' is clicked on

2023-02-11 18:46:48 - [MESSAGE][PASSED] - Object: 'Object Repository/1.MKP/Sell/button_Confirm_Duration' is clicked on

2023-02-11 18:46:48 - [TEST_STEP][PASSED] - waitForElementClickable(findTestObject("Object Repository/1.MKP/Sell/button_Place on market"), 5): Object 'Object Repository/1.MKP/Sell/button_Place on market' is clickable

2023-02-11 18:46:48 - [MESSAGE][PASSED] - Object 'Object Repository/1.MKP/Sell/button_Place on market' is clickable

2023-02-11 18:46:48 - [TEST_STEP][PASSED] - click(findTestObject("Object Repository/1.MKP/Sell/button_Place on market")): Object: 'Object Repository/1.MKP/Sell/button_Place on market' is clicked on

2023-02-11 18:46:49 - [MESSAGE][PASSED] - Object: 'Object Repository/1.MKP/Sell/button_Place on market' is clicked on

2023-02-11 18:46:49 - [TEST_STEP][PASSED] - switchToWindowIndex(1): Switched to window with index: '1'

2023-02-11 18:46:49 - [MESSAGE][PASSED] - Switched to window with index: '1'

2023-02-11 18:46:49 - [TEST_STEP][PASSED] - click(findTestObject("1.MKP/Sell/button_Cancel")): Object: 'Object Repository/1.MKP/Sell/button_Cancel' is clicked on

2023-02-11 18:46:50 - [MESSAGE][PASSED] - Object: 'Object Repository/1.MKP/Sell/button_Cancel' is clicked on

2023-02-11 18:46:50 - [TEST_STEP][PASSED] - switchToWindowIndex(0): Switched to window with index: '0'

2023-02-11 18:46:50 - [MESSAGE][PASSED] - Switched to window with index: '0'

2023-02-11 18:46:50 - [TEST_STEP][PASSED] - closeBrowser(): Browser is closed

2023-02-11 18:46:51 - [MESSAGE][PASSED] - Browser is closed

2023-02-11 18:46:51 - [TEST_STEP][PASSED] - Start listener action : sampleAfterTestCase: null

2023-02-11 18:46:51 - [TEST_STEP][PASSED] - println("
... I am Listener inside sampleAfterTestCase function"): null]]></system-out>
         <system-err><![CDATA[]]></system-err>
      </testcase>
      <testcase name="Test Cases/1.MKP/Sell/Fixed Price/Sell_Fixed Price_Cancel_3 days" time="12.422" classname="Test Cases/1.MKP/Sell/Fixed Price/Sell_Fixed Price_Cancel_3 days" status="PASSED">
         <system-out><![CDATA[2023-02-11 18:46:51 - [TEST_CASE][PASSED] - Test Cases/1.MKP/Sell/Fixed Price/Sell_Fixed Price_Cancel_3 days: Test Cases/1.MKP/Sell/Fixed Price/Sell_Fixed Price_Cancel_3 days

2023-02-11 18:46:51 - [TEST_STEP][PASSED] - Start listener action : sampleBeforeTestCase: null

2023-02-11 18:46:51 - [TEST_STEP][PASSED] - println("
... I am Listener inside sampleBeforeTestCase function"): null

2023-02-11 18:46:52 - [TEST_STEP][PASSED] - callTestCase(findTestCase("1.MKP/BeforeTest/OpenChromeProfiles"), [:], STOP_ON_FAILURE): Call Test Case 'Test Cases/1.MKP/BeforeTest/OpenChromeProfiles' successfully

2023-02-11 18:46:52 - [TEST_CASE][PASSED] - Test Cases/1.MKP/BeforeTest/OpenChromeProfiles: Test Cases/1.MKP/BeforeTest/OpenChromeProfiles

2023-02-11 18:46:52 - [TEST_STEP][PASSED] - System.setProperty("webdriver.chrome.driver", "./webdrivers/chromedriver.exe"): null

2023-02-11 18:46:52 - [TEST_STEP][PASSED] - options = new org.openqa.selenium.chrome.ChromeOptions(): null

2023-02-11 18:46:52 - [TEST_STEP][PASSED] - eSwitches = new java.util.ArrayList(): null

2023-02-11 18:46:52 - [TEST_STEP][PASSED] - options.setExperimentalOption("excludeSwitches", eSwitches): null

2023-02-11 18:46:52 - [TEST_STEP][PASSED] - options.addArguments("--user-data-dir=C:/Users/LAP15239-local/AppData/Local/Google/Chrome/User Data"): null

2023-02-11 18:46:52 - [TEST_STEP][PASSED] - options.addArguments("--profile-directory=Profile 4"): null

2023-02-11 18:46:52 - [TEST_STEP][PASSED] - driver = new org.openqa.selenium.chrome.ChromeDriver(options): null

2023-02-11 18:46:53 - [TEST_STEP][PASSED] - changeWebDriver(driver): null

2023-02-11 18:46:55 - [TEST_STEP][PASSED] - maximizeWindow(): Current window maximized

2023-02-11 18:46:55 - [MESSAGE][PASSED] - Current window maximized

2023-02-11 18:46:55 - [MESSAGE][PASSED] - Call Test Case 'Test Cases/1.MKP/BeforeTest/OpenChromeProfiles' successfully

2023-02-11 18:46:55 - [TEST_STEP][PASSED] - navigateToUrl(MKP_url): Navigate to 'https://market.test.yoverse.io' successfully

2023-02-11 18:46:58 - [MESSAGE][PASSED] - Navigate to 'https://market.test.yoverse.io' successfully

2023-02-11 18:46:58 - [TEST_STEP][PASSED] - waitForElementClickable(findTestObject("Object Repository/1.MKP/Sell/img_header_profile_avatar"), 5): Object 'Object Repository/1.MKP/Sell/img_header_profile_avatar' is clickable

2023-02-11 18:46:58 - [MESSAGE][PASSED] - Object 'Object Repository/1.MKP/Sell/img_header_profile_avatar' is clickable

2023-02-11 18:46:58 - [TEST_STEP][PASSED] - click(findTestObject("Object Repository/1.MKP/Sell/img_header_profile_avatar")): Object: 'Object Repository/1.MKP/Sell/img_header_profile_avatar' is clicked on

2023-02-11 18:46:59 - [MESSAGE][PASSED] - Object: 'Object Repository/1.MKP/Sell/img_header_profile_avatar' is clicked on

2023-02-11 18:46:59 - [TEST_STEP][PASSED] - click(findTestObject("Object Repository/1.MKP/Sell/div_My Profile")): Object: 'Object Repository/1.MKP/Sell/div_My Profile' is clicked on

2023-02-11 18:46:59 - [MESSAGE][PASSED] - Object: 'Object Repository/1.MKP/Sell/div_My Profile' is clicked on

2023-02-11 18:46:59 - [TEST_STEP][PASSED] - click(findTestObject("Object Repository/1.MKP/Sell/div_Owned")): Object: 'Object Repository/1.MKP/Sell/div_Owned' is clicked on

2023-02-11 18:46:59 - [MESSAGE][PASSED] - Object: 'Object Repository/1.MKP/Sell/div_Owned' is clicked on

2023-02-11 18:46:59 - [TEST_STEP][PASSED] - click(findTestObject("Object Repository/1.MKP/Sell/button_Sell")): Object: 'Object Repository/1.MKP/Sell/button_Sell' is clicked on

2023-02-11 18:46:59 - [MESSAGE][PASSED] - Object: 'Object Repository/1.MKP/Sell/button_Sell' is clicked on

2023-02-11 18:46:59 - [TEST_STEP][PASSED] - click(findTestObject("Object Repository/1.MKP/Sell/div_Fixed Price")): Object: 'Object Repository/1.MKP/Sell/div_Fixed Price' is clicked on

2023-02-11 18:47:00 - [MESSAGE][PASSED] - Object: 'Object Repository/1.MKP/Sell/div_Fixed Price' is clicked on

2023-02-11 18:47:00 - [TEST_STEP][PASSED] - setText(findTestObject("Object Repository/1.MKP/Sell/input_fixed-price-amount"), priceToSell): Text '55' is set on object 'Object Repository/1.MKP/Sell/input_fixed-price-amount'

2023-02-11 18:47:00 - [MESSAGE][PASSED] - Text '55' is set on object 'Object Repository/1.MKP/Sell/input_fixed-price-amount'

2023-02-11 18:47:00 - [TEST_STEP][PASSED] - click(findTestObject("Object Repository/1.MKP/Sell/span_Private_Listing")): Object: 'Object Repository/1.MKP/Sell/span_Private_Listing' is clicked on

2023-02-11 18:47:00 - [MESSAGE][PASSED] - Object: 'Object Repository/1.MKP/Sell/span_Private_Listing' is clicked on

2023-02-11 18:47:00 - [TEST_STEP][PASSED] - click(findTestObject("Object Repository/1.MKP/Sell/span_Private_Listing")): Object: 'Object Repository/1.MKP/Sell/span_Private_Listing' is clicked on

2023-02-11 18:47:01 - [MESSAGE][PASSED] - Object: 'Object Repository/1.MKP/Sell/span_Private_Listing' is clicked on

2023-02-11 18:47:01 - [TEST_STEP][PASSED] - click(findTestObject("Object Repository/1.MKP/Sell/div_fixed-price-duration")): Object: 'Object Repository/1.MKP/Sell/div_fixed-price-duration' is clicked on

2023-02-11 18:47:01 - [MESSAGE][PASSED] - Object: 'Object Repository/1.MKP/Sell/div_fixed-price-duration' is clicked on

2023-02-11 18:47:01 - [TEST_STEP][PASSED] - click(findTestObject("Object Repository/1.MKP/Sell/button_dateRange")): Object: 'Object Repository/1.MKP/Sell/button_dateRange' is clicked on

2023-02-11 18:47:01 - [MESSAGE][PASSED] - Object: 'Object Repository/1.MKP/Sell/button_dateRange' is clicked on

2023-02-11 18:47:01 - [TEST_STEP][PASSED] - click(findTestObject("Object Repository/1.MKP/Sell/div_Date Range_3 days")): Object: 'Object Repository/1.MKP/Sell/div_Date Range_3 days' is clicked on

2023-02-11 18:47:01 - [MESSAGE][PASSED] - Object: 'Object Repository/1.MKP/Sell/div_Date Range_3 days' is clicked on

2023-02-11 18:47:01 - [TEST_STEP][PASSED] - click(findTestObject("Object Repository/1.MKP/Sell/button_Confirm_Duration")): Object: 'Object Repository/1.MKP/Sell/button_Confirm_Duration' is clicked on

2023-02-11 18:47:01 - [MESSAGE][PASSED] - Object: 'Object Repository/1.MKP/Sell/button_Confirm_Duration' is clicked on

2023-02-11 18:47:01 - [TEST_STEP][PASSED] - waitForElementClickable(findTestObject("Object Repository/1.MKP/Sell/button_Place on market"), 5): Object 'Object Repository/1.MKP/Sell/button_Place on market' is clickable

2023-02-11 18:47:01 - [MESSAGE][PASSED] - Object 'Object Repository/1.MKP/Sell/button_Place on market' is clickable

2023-02-11 18:47:01 - [TEST_STEP][PASSED] - click(findTestObject("Object Repository/1.MKP/Sell/button_Place on market")): Object: 'Object Repository/1.MKP/Sell/button_Place on market' is clicked on

2023-02-11 18:47:02 - [MESSAGE][PASSED] - Object: 'Object Repository/1.MKP/Sell/button_Place on market' is clicked on

2023-02-11 18:47:02 - [TEST_STEP][PASSED] - switchToWindowIndex(1): Switched to window with index: '1'

2023-02-11 18:47:02 - [MESSAGE][PASSED] - Switched to window with index: '1'

2023-02-11 18:47:02 - [TEST_STEP][PASSED] - click(findTestObject("1.MKP/Sell/button_Cancel")): Object: 'Object Repository/1.MKP/Sell/button_Cancel' is clicked on

2023-02-11 18:47:03 - [MESSAGE][PASSED] - Object: 'Object Repository/1.MKP/Sell/button_Cancel' is clicked on

2023-02-11 18:47:03 - [TEST_STEP][PASSED] - switchToWindowIndex(0): Switched to window with index: '0'

2023-02-11 18:47:03 - [MESSAGE][PASSED] - Switched to window with index: '0'

2023-02-11 18:47:03 - [TEST_STEP][PASSED] - closeBrowser(): Browser is closed

2023-02-11 18:47:04 - [MESSAGE][PASSED] - Browser is closed

2023-02-11 18:47:04 - [TEST_STEP][PASSED] - Start listener action : sampleAfterTestCase: null

2023-02-11 18:47:04 - [TEST_STEP][PASSED] - println("
... I am Listener inside sampleAfterTestCase function"): null]]></system-out>
         <system-err><![CDATA[]]></system-err>
      </testcase>
      <testcase name="Test Cases/1.MKP/Sell/Fixed Price/Sell_Fixed Price_Cancel_3 days_Private Listing_Add Member" time="42.91" classname="Test Cases/1.MKP/Sell/Fixed Price/Sell_Fixed Price_Cancel_3 days_Private Listing_Add Member" status="PASSED">
         <system-out><![CDATA[2023-02-11 18:47:04 - [TEST_CASE][PASSED] - Test Cases/1.MKP/Sell/Fixed Price/Sell_Fixed Price_Cancel_3 days_Private Listing_Add Member: Test Cases/1.MKP/Sell/Fixed Price/Sell_Fixed Price_Cancel_3 days_Private Listing_Add Member

2023-02-11 18:47:04 - [TEST_STEP][PASSED] - Start listener action : sampleBeforeTestCase: null

2023-02-11 18:47:04 - [TEST_STEP][PASSED] - println("
... I am Listener inside sampleBeforeTestCase function"): null

2023-02-11 18:47:04 - [TEST_STEP][PASSED] - callTestCase(findTestCase("1.MKP/BeforeTest/OpenChromeProfiles"), [:], STOP_ON_FAILURE): Call Test Case 'Test Cases/1.MKP/BeforeTest/OpenChromeProfiles' successfully

2023-02-11 18:47:04 - [TEST_CASE][PASSED] - Test Cases/1.MKP/BeforeTest/OpenChromeProfiles: Test Cases/1.MKP/BeforeTest/OpenChromeProfiles

2023-02-11 18:47:04 - [TEST_STEP][PASSED] - System.setProperty("webdriver.chrome.driver", "./webdrivers/chromedriver.exe"): null

2023-02-11 18:47:04 - [TEST_STEP][PASSED] - options = new org.openqa.selenium.chrome.ChromeOptions(): null

2023-02-11 18:47:04 - [TEST_STEP][PASSED] - eSwitches = new java.util.ArrayList(): null

2023-02-11 18:47:04 - [TEST_STEP][PASSED] - options.setExperimentalOption("excludeSwitches", eSwitches): null

2023-02-11 18:47:04 - [TEST_STEP][PASSED] - options.addArguments("--user-data-dir=C:/Users/LAP15239-local/AppData/Local/Google/Chrome/User Data"): null

2023-02-11 18:47:04 - [TEST_STEP][PASSED] - options.addArguments("--profile-directory=Profile 4"): null

2023-02-11 18:47:04 - [TEST_STEP][PASSED] - driver = new org.openqa.selenium.chrome.ChromeDriver(options): null

2023-02-11 18:47:05 - [TEST_STEP][PASSED] - changeWebDriver(driver): null

2023-02-11 18:47:07 - [TEST_STEP][PASSED] - maximizeWindow(): Current window maximized

2023-02-11 18:47:07 - [MESSAGE][PASSED] - Current window maximized

2023-02-11 18:47:07 - [MESSAGE][PASSED] - Call Test Case 'Test Cases/1.MKP/BeforeTest/OpenChromeProfiles' successfully

2023-02-11 18:47:07 - [TEST_STEP][PASSED] - navigateToUrl(MKP_url): Navigate to 'https://market.test.yoverse.io' successfully

2023-02-11 18:47:10 - [MESSAGE][PASSED] - Navigate to 'https://market.test.yoverse.io' successfully

2023-02-11 18:47:10 - [TEST_STEP][PASSED] - delay(globalDelayTime): Delayed 2 second(s)

2023-02-11 18:47:12 - [MESSAGE][PASSED] - Delayed 2 second(s)

2023-02-11 18:47:12 - [TEST_STEP][PASSED] - waitForElementClickable(findTestObject("Object Repository/1.MKP/Sell/img_header_profile_avatar"), 5): Object 'Object Repository/1.MKP/Sell/img_header_profile_avatar' is clickable

2023-02-11 18:47:12 - [MESSAGE][PASSED] - Object 'Object Repository/1.MKP/Sell/img_header_profile_avatar' is clickable

2023-02-11 18:47:12 - [TEST_STEP][PASSED] - click(findTestObject("Object Repository/1.MKP/Sell/img_header_profile_avatar")): Object: 'Object Repository/1.MKP/Sell/img_header_profile_avatar' is clicked on

2023-02-11 18:47:12 - [MESSAGE][PASSED] - Object: 'Object Repository/1.MKP/Sell/img_header_profile_avatar' is clicked on

2023-02-11 18:47:12 - [TEST_STEP][PASSED] - delay(globalDelayTime): Delayed 2 second(s)

2023-02-11 18:47:14 - [MESSAGE][PASSED] - Delayed 2 second(s)

2023-02-11 18:47:14 - [TEST_STEP][PASSED] - click(findTestObject("Object Repository/1.MKP/Sell/div_My Profile")): Object: 'Object Repository/1.MKP/Sell/div_My Profile' is clicked on

2023-02-11 18:47:14 - [MESSAGE][PASSED] - Object: 'Object Repository/1.MKP/Sell/div_My Profile' is clicked on

2023-02-11 18:47:14 - [TEST_STEP][PASSED] - delay(globalDelayTime): Delayed 2 second(s)

2023-02-11 18:47:16 - [MESSAGE][PASSED] - Delayed 2 second(s)

2023-02-11 18:47:16 - [TEST_STEP][PASSED] - click(findTestObject("Object Repository/1.MKP/Sell/div_Owned")): Object: 'Object Repository/1.MKP/Sell/div_Owned' is clicked on

2023-02-11 18:47:16 - [MESSAGE][PASSED] - Object: 'Object Repository/1.MKP/Sell/div_Owned' is clicked on

2023-02-11 18:47:16 - [TEST_STEP][PASSED] - delay(globalDelayTime): Delayed 2 second(s)

2023-02-11 18:47:18 - [MESSAGE][PASSED] - Delayed 2 second(s)

2023-02-11 18:47:18 - [TEST_STEP][PASSED] - click(findTestObject("Object Repository/1.MKP/Sell/button_Sell")): Object: 'Object Repository/1.MKP/Sell/button_Sell' is clicked on

2023-02-11 18:47:18 - [MESSAGE][PASSED] - Object: 'Object Repository/1.MKP/Sell/button_Sell' is clicked on

2023-02-11 18:47:18 - [TEST_STEP][PASSED] - delay(globalDelayTime): Delayed 2 second(s)

2023-02-11 18:47:20 - [MESSAGE][PASSED] - Delayed 2 second(s)

2023-02-11 18:47:20 - [TEST_STEP][PASSED] - click(findTestObject("Object Repository/1.MKP/Sell/div_Fixed Price")): Object: 'Object Repository/1.MKP/Sell/div_Fixed Price' is clicked on

2023-02-11 18:47:21 - [MESSAGE][PASSED] - Object: 'Object Repository/1.MKP/Sell/div_Fixed Price' is clicked on

2023-02-11 18:47:21 - [TEST_STEP][PASSED] - delay(globalDelayTime): Delayed 2 second(s)

2023-02-11 18:47:23 - [MESSAGE][PASSED] - Delayed 2 second(s)

2023-02-11 18:47:23 - [TEST_STEP][PASSED] - setText(findTestObject("Object Repository/1.MKP/Sell/input_fixed-price-amount"), priceToSell): Text '55' is set on object 'Object Repository/1.MKP/Sell/input_fixed-price-amount'

2023-02-11 18:47:23 - [MESSAGE][PASSED] - Text '55' is set on object 'Object Repository/1.MKP/Sell/input_fixed-price-amount'

2023-02-11 18:47:23 - [TEST_STEP][PASSED] - delay(globalDelayTime): Delayed 2 second(s)

2023-02-11 18:47:25 - [MESSAGE][PASSED] - Delayed 2 second(s)

2023-02-11 18:47:25 - [TEST_STEP][PASSED] - click(findTestObject("Object Repository/1.MKP/Sell/span_Private_Listing")): Object: 'Object Repository/1.MKP/Sell/span_Private_Listing' is clicked on

2023-02-11 18:47:25 - [MESSAGE][PASSED] - Object: 'Object Repository/1.MKP/Sell/span_Private_Listing' is clicked on

2023-02-11 18:47:25 - [TEST_STEP][PASSED] - delay(globalDelayTime): Delayed 2 second(s)

2023-02-11 18:47:27 - [MESSAGE][PASSED] - Delayed 2 second(s)

2023-02-11 18:47:27 - [TEST_STEP][PASSED] - click(findTestObject("Object Repository/1.MKP/Sell/div_Manage member")): Object: 'Object Repository/1.MKP/Sell/div_Manage member' is clicked on

2023-02-11 18:47:27 - [MESSAGE][PASSED] - Object: 'Object Repository/1.MKP/Sell/div_Manage member' is clicked on

2023-02-11 18:47:27 - [TEST_STEP][PASSED] - delay(globalDelayTime): Delayed 2 second(s)

2023-02-11 18:47:29 - [MESSAGE][PASSED] - Delayed 2 second(s)

2023-02-11 18:47:29 - [TEST_STEP][PASSED] - setText(findTestObject("Object Repository/1.MKP/Sell/input_Wallet Address or Username"), "lamldt"): Text 'lamldt' is set on object 'Object Repository/1.MKP/Sell/input_Wallet Address or Username'

2023-02-11 18:47:29 - [MESSAGE][PASSED] - Text 'lamldt' is set on object 'Object Repository/1.MKP/Sell/input_Wallet Address or Username'

2023-02-11 18:47:29 - [TEST_STEP][PASSED] - delay(globalDelayTime): Delayed 2 second(s)

2023-02-11 18:47:31 - [MESSAGE][PASSED] - Delayed 2 second(s)

2023-02-11 18:47:31 - [TEST_STEP][PASSED] - click(findTestObject("Object Repository/1.MKP/Sell/div_Add member")): Object: 'Object Repository/1.MKP/Sell/div_Add member' is clicked on

2023-02-11 18:47:32 - [MESSAGE][PASSED] - Object: 'Object Repository/1.MKP/Sell/div_Add member' is clicked on

2023-02-11 18:47:32 - [TEST_STEP][PASSED] - delay(globalDelayTime): Delayed 2 second(s)

2023-02-11 18:47:34 - [MESSAGE][PASSED] - Delayed 2 second(s)

2023-02-11 18:47:34 - [TEST_STEP][PASSED] - click(findTestObject("Object Repository/1.MKP/Sell/div_Done")): Object: 'Object Repository/1.MKP/Sell/div_Done' is clicked on

2023-02-11 18:47:34 - [MESSAGE][PASSED] - Object: 'Object Repository/1.MKP/Sell/div_Done' is clicked on

2023-02-11 18:47:34 - [TEST_STEP][PASSED] - delay(globalDelayTime): Delayed 2 second(s)

2023-02-11 18:47:36 - [MESSAGE][PASSED] - Delayed 2 second(s)

2023-02-11 18:47:36 - [TEST_STEP][PASSED] - click(findTestObject("Object Repository/1.MKP/Sell/div_fixed-price-duration")): Object: 'Object Repository/1.MKP/Sell/div_fixed-price-duration' is clicked on

2023-02-11 18:47:36 - [MESSAGE][PASSED] - Object: 'Object Repository/1.MKP/Sell/div_fixed-price-duration' is clicked on

2023-02-11 18:47:36 - [TEST_STEP][PASSED] - delay(globalDelayTime): Delayed 2 second(s)

2023-02-11 18:47:38 - [MESSAGE][PASSED] - Delayed 2 second(s)

2023-02-11 18:47:38 - [TEST_STEP][PASSED] - click(findTestObject("Object Repository/1.MKP/Sell/button_dateRange")): Object: 'Object Repository/1.MKP/Sell/button_dateRange' is clicked on

2023-02-11 18:47:38 - [MESSAGE][PASSED] - Object: 'Object Repository/1.MKP/Sell/button_dateRange' is clicked on

2023-02-11 18:47:38 - [TEST_STEP][PASSED] - delay(globalDelayTime): Delayed 2 second(s)

2023-02-11 18:47:40 - [MESSAGE][PASSED] - Delayed 2 second(s)

2023-02-11 18:47:40 - [TEST_STEP][PASSED] - click(findTestObject("Object Repository/1.MKP/Sell/div_Date Range_3 days")): Object: 'Object Repository/1.MKP/Sell/div_Date Range_3 days' is clicked on

2023-02-11 18:47:40 - [MESSAGE][PASSED] - Object: 'Object Repository/1.MKP/Sell/div_Date Range_3 days' is clicked on

2023-02-11 18:47:40 - [TEST_STEP][PASSED] - delay(globalDelayTime): Delayed 2 second(s)

2023-02-11 18:47:42 - [MESSAGE][PASSED] - Delayed 2 second(s)

2023-02-11 18:47:42 - [TEST_STEP][PASSED] - click(findTestObject("Object Repository/1.MKP/Sell/button_Confirm_Duration")): Object: 'Object Repository/1.MKP/Sell/button_Confirm_Duration' is clicked on

2023-02-11 18:47:42 - [MESSAGE][PASSED] - Object: 'Object Repository/1.MKP/Sell/button_Confirm_Duration' is clicked on

2023-02-11 18:47:42 - [TEST_STEP][PASSED] - delay(globalDelayTime): Delayed 2 second(s)

2023-02-11 18:47:44 - [MESSAGE][PASSED] - Delayed 2 second(s)

2023-02-11 18:47:44 - [TEST_STEP][PASSED] - waitForElementClickable(findTestObject("Object Repository/1.MKP/Sell/button_Place on market"), 5): Object 'Object Repository/1.MKP/Sell/button_Place on market' is clickable

2023-02-11 18:47:45 - [MESSAGE][PASSED] - Object 'Object Repository/1.MKP/Sell/button_Place on market' is clickable

2023-02-11 18:47:45 - [TEST_STEP][PASSED] - click(findTestObject("Object Repository/1.MKP/Sell/button_Place on market")): Object: 'Object Repository/1.MKP/Sell/button_Place on market' is clicked on

2023-02-11 18:47:45 - [MESSAGE][PASSED] - Object: 'Object Repository/1.MKP/Sell/button_Place on market' is clicked on

2023-02-11 18:47:45 - [TEST_STEP][PASSED] - switchToWindowIndex(1): Switched to window with index: '1'

2023-02-11 18:47:45 - [MESSAGE][PASSED] - Switched to window with index: '1'

2023-02-11 18:47:45 - [TEST_STEP][PASSED] - click(findTestObject("1.MKP/Sell/button_Cancel")): Object: 'Object Repository/1.MKP/Sell/button_Cancel' is clicked on

2023-02-11 18:47:46 - [MESSAGE][PASSED] - Object: 'Object Repository/1.MKP/Sell/button_Cancel' is clicked on

2023-02-11 18:47:46 - [TEST_STEP][PASSED] - switchToWindowIndex(0): Switched to window with index: '0'

2023-02-11 18:47:46 - [MESSAGE][PASSED] - Switched to window with index: '0'

2023-02-11 18:47:46 - [TEST_STEP][PASSED] - closeBrowser(): Browser is closed

2023-02-11 18:47:46 - [MESSAGE][PASSED] - Browser is closed

2023-02-11 18:47:46 - [TEST_STEP][PASSED] - Start listener action : sampleAfterTestCase: null

2023-02-11 18:47:46 - [TEST_STEP][PASSED] - println("
... I am Listener inside sampleAfterTestCase function"): null]]></system-out>
         <system-err><![CDATA[]]></system-err>
      </testcase>
      <testcase name="Test Cases/1.MKP/Sell/Fixed Price/Sell_Fixed Price_Cancel_30 days" time="14.516" classname="Test Cases/1.MKP/Sell/Fixed Price/Sell_Fixed Price_Cancel_30 days" status="PASSED">
         <system-out><![CDATA[2023-02-11 18:47:46 - [TEST_CASE][PASSED] - Test Cases/1.MKP/Sell/Fixed Price/Sell_Fixed Price_Cancel_30 days: Test Cases/1.MKP/Sell/Fixed Price/Sell_Fixed Price_Cancel_30 days

2023-02-11 18:47:46 - [TEST_STEP][PASSED] - Start listener action : sampleBeforeTestCase: null

2023-02-11 18:47:46 - [TEST_STEP][PASSED] - println("
... I am Listener inside sampleBeforeTestCase function"): null

2023-02-11 18:47:47 - [TEST_STEP][PASSED] - callTestCase(findTestCase("1.MKP/BeforeTest/OpenChromeProfiles"), [:], STOP_ON_FAILURE): Call Test Case 'Test Cases/1.MKP/BeforeTest/OpenChromeProfiles' successfully

2023-02-11 18:47:47 - [TEST_CASE][PASSED] - Test Cases/1.MKP/BeforeTest/OpenChromeProfiles: Test Cases/1.MKP/BeforeTest/OpenChromeProfiles

2023-02-11 18:47:47 - [TEST_STEP][PASSED] - System.setProperty("webdriver.chrome.driver", "./webdrivers/chromedriver.exe"): null

2023-02-11 18:47:47 - [TEST_STEP][PASSED] - options = new org.openqa.selenium.chrome.ChromeOptions(): null

2023-02-11 18:47:47 - [TEST_STEP][PASSED] - eSwitches = new java.util.ArrayList(): null

2023-02-11 18:47:47 - [TEST_STEP][PASSED] - options.setExperimentalOption("excludeSwitches", eSwitches): null

2023-02-11 18:47:47 - [TEST_STEP][PASSED] - options.addArguments("--user-data-dir=C:/Users/LAP15239-local/AppData/Local/Google/Chrome/User Data"): null

2023-02-11 18:47:47 - [TEST_STEP][PASSED] - options.addArguments("--profile-directory=Profile 4"): null

2023-02-11 18:47:47 - [TEST_STEP][PASSED] - driver = new org.openqa.selenium.chrome.ChromeDriver(options): null

2023-02-11 18:47:48 - [TEST_STEP][PASSED] - changeWebDriver(driver): null

2023-02-11 18:47:50 - [TEST_STEP][PASSED] - maximizeWindow(): Current window maximized

2023-02-11 18:47:50 - [MESSAGE][PASSED] - Current window maximized

2023-02-11 18:47:50 - [MESSAGE][PASSED] - Call Test Case 'Test Cases/1.MKP/BeforeTest/OpenChromeProfiles' successfully

2023-02-11 18:47:50 - [TEST_STEP][PASSED] - navigateToUrl(MKP_url): Navigate to 'https://market.test.yoverse.io' successfully

2023-02-11 18:47:56 - [MESSAGE][PASSED] - Navigate to 'https://market.test.yoverse.io' successfully

2023-02-11 18:47:56 - [TEST_STEP][PASSED] - waitForElementClickable(findTestObject("Object Repository/1.MKP/Sell/img_header_profile_avatar"), 5): Object 'Object Repository/1.MKP/Sell/img_header_profile_avatar' is clickable

2023-02-11 18:47:56 - [MESSAGE][PASSED] - Object 'Object Repository/1.MKP/Sell/img_header_profile_avatar' is clickable

2023-02-11 18:47:56 - [TEST_STEP][PASSED] - click(findTestObject("Object Repository/1.MKP/Sell/img_header_profile_avatar")): Object: 'Object Repository/1.MKP/Sell/img_header_profile_avatar' is clicked on

2023-02-11 18:47:56 - [MESSAGE][PASSED] - Object: 'Object Repository/1.MKP/Sell/img_header_profile_avatar' is clicked on

2023-02-11 18:47:56 - [TEST_STEP][PASSED] - click(findTestObject("Object Repository/1.MKP/Sell/div_My Profile")): Object: 'Object Repository/1.MKP/Sell/div_My Profile' is clicked on

2023-02-11 18:47:56 - [MESSAGE][PASSED] - Object: 'Object Repository/1.MKP/Sell/div_My Profile' is clicked on

2023-02-11 18:47:56 - [TEST_STEP][PASSED] - click(findTestObject("Object Repository/1.MKP/Sell/div_Owned")): Object: 'Object Repository/1.MKP/Sell/div_Owned' is clicked on

2023-02-11 18:47:56 - [MESSAGE][PASSED] - Object: 'Object Repository/1.MKP/Sell/div_Owned' is clicked on

2023-02-11 18:47:56 - [TEST_STEP][PASSED] - click(findTestObject("Object Repository/1.MKP/Sell/button_Sell")): Object: 'Object Repository/1.MKP/Sell/button_Sell' is clicked on

2023-02-11 18:47:57 - [MESSAGE][PASSED] - Object: 'Object Repository/1.MKP/Sell/button_Sell' is clicked on

2023-02-11 18:47:57 - [TEST_STEP][PASSED] - click(findTestObject("Object Repository/1.MKP/Sell/div_Fixed Price")): Object: 'Object Repository/1.MKP/Sell/div_Fixed Price' is clicked on

2023-02-11 18:47:58 - [MESSAGE][PASSED] - Object: 'Object Repository/1.MKP/Sell/div_Fixed Price' is clicked on

2023-02-11 18:47:58 - [TEST_STEP][PASSED] - setText(findTestObject("Object Repository/1.MKP/Sell/input_fixed-price-amount"), priceToSell): Text '55' is set on object 'Object Repository/1.MKP/Sell/input_fixed-price-amount'

2023-02-11 18:47:58 - [MESSAGE][PASSED] - Text '55' is set on object 'Object Repository/1.MKP/Sell/input_fixed-price-amount'

2023-02-11 18:47:58 - [TEST_STEP][PASSED] - click(findTestObject("Object Repository/1.MKP/Sell/span_Private_Listing")): Object: 'Object Repository/1.MKP/Sell/span_Private_Listing' is clicked on

2023-02-11 18:47:58 - [MESSAGE][PASSED] - Object: 'Object Repository/1.MKP/Sell/span_Private_Listing' is clicked on

2023-02-11 18:47:58 - [TEST_STEP][PASSED] - click(findTestObject("Object Repository/1.MKP/Sell/span_Private_Listing")): Object: 'Object Repository/1.MKP/Sell/span_Private_Listing' is clicked on

2023-02-11 18:47:58 - [MESSAGE][PASSED] - Object: 'Object Repository/1.MKP/Sell/span_Private_Listing' is clicked on

2023-02-11 18:47:58 - [TEST_STEP][PASSED] - click(findTestObject("Object Repository/1.MKP/Sell/div_fixed-price-duration")): Object: 'Object Repository/1.MKP/Sell/div_fixed-price-duration' is clicked on

2023-02-11 18:47:58 - [MESSAGE][PASSED] - Object: 'Object Repository/1.MKP/Sell/div_fixed-price-duration' is clicked on

2023-02-11 18:47:58 - [TEST_STEP][PASSED] - click(findTestObject("Object Repository/1.MKP/Sell/button_dateRange")): Object: 'Object Repository/1.MKP/Sell/button_dateRange' is clicked on

2023-02-11 18:47:58 - [MESSAGE][PASSED] - Object: 'Object Repository/1.MKP/Sell/button_dateRange' is clicked on

2023-02-11 18:47:58 - [TEST_STEP][PASSED] - click(findTestObject("Object Repository/1.MKP/Sell/div_Date Range_3 days")): Object: 'Object Repository/1.MKP/Sell/div_Date Range_3 days' is clicked on

2023-02-11 18:47:59 - [MESSAGE][PASSED] - Object: 'Object Repository/1.MKP/Sell/div_Date Range_3 days' is clicked on

2023-02-11 18:47:59 - [TEST_STEP][PASSED] - click(findTestObject("Object Repository/1.MKP/Sell/button_Confirm_Duration")): Object: 'Object Repository/1.MKP/Sell/button_Confirm_Duration' is clicked on

2023-02-11 18:47:59 - [MESSAGE][PASSED] - Object: 'Object Repository/1.MKP/Sell/button_Confirm_Duration' is clicked on

2023-02-11 18:47:59 - [TEST_STEP][PASSED] - waitForElementClickable(findTestObject("Object Repository/1.MKP/Sell/button_Place on market"), 5): Object 'Object Repository/1.MKP/Sell/button_Place on market' is clickable

2023-02-11 18:47:59 - [MESSAGE][PASSED] - Object 'Object Repository/1.MKP/Sell/button_Place on market' is clickable

2023-02-11 18:47:59 - [TEST_STEP][PASSED] - click(findTestObject("Object Repository/1.MKP/Sell/button_Place on market")): Object: 'Object Repository/1.MKP/Sell/button_Place on market' is clicked on

2023-02-11 18:47:59 - [MESSAGE][PASSED] - Object: 'Object Repository/1.MKP/Sell/button_Place on market' is clicked on

2023-02-11 18:47:59 - [TEST_STEP][PASSED] - switchToWindowIndex(1): Switched to window with index: '1'

2023-02-11 18:47:59 - [MESSAGE][PASSED] - Switched to window with index: '1'

2023-02-11 18:47:59 - [TEST_STEP][PASSED] - click(findTestObject("1.MKP/Sell/button_Cancel")): Object: 'Object Repository/1.MKP/Sell/button_Cancel' is clicked on

2023-02-11 18:48:00 - [MESSAGE][PASSED] - Object: 'Object Repository/1.MKP/Sell/button_Cancel' is clicked on

2023-02-11 18:48:00 - [TEST_STEP][PASSED] - switchToWindowIndex(0): Switched to window with index: '0'

2023-02-11 18:48:00 - [MESSAGE][PASSED] - Switched to window with index: '0'

2023-02-11 18:48:00 - [TEST_STEP][PASSED] - closeBrowser(): Browser is closed

2023-02-11 18:48:01 - [MESSAGE][PASSED] - Browser is closed

2023-02-11 18:48:01 - [TEST_STEP][PASSED] - Start listener action : sampleAfterTestCase: null

2023-02-11 18:48:01 - [TEST_STEP][PASSED] - println("
... I am Listener inside sampleAfterTestCase function"): null]]></system-out>
         <system-err><![CDATA[]]></system-err>
      </testcase>
      <testcase name="Test Cases/1.MKP/Sell/Fixed Price/Sell_Fixed Price_Cancel_7 days" time="11.473" classname="Test Cases/1.MKP/Sell/Fixed Price/Sell_Fixed Price_Cancel_7 days" status="PASSED">
         <system-out><![CDATA[2023-02-11 18:48:01 - [TEST_CASE][PASSED] - Test Cases/1.MKP/Sell/Fixed Price/Sell_Fixed Price_Cancel_7 days: Test Cases/1.MKP/Sell/Fixed Price/Sell_Fixed Price_Cancel_7 days

2023-02-11 18:48:01 - [TEST_STEP][PASSED] - Start listener action : sampleBeforeTestCase: null

2023-02-11 18:48:01 - [TEST_STEP][PASSED] - println("
... I am Listener inside sampleBeforeTestCase function"): null

2023-02-11 18:48:01 - [TEST_STEP][PASSED] - callTestCase(findTestCase("1.MKP/BeforeTest/OpenChromeProfiles"), [:], STOP_ON_FAILURE): Call Test Case 'Test Cases/1.MKP/BeforeTest/OpenChromeProfiles' successfully

2023-02-11 18:48:01 - [TEST_CASE][PASSED] - Test Cases/1.MKP/BeforeTest/OpenChromeProfiles: Test Cases/1.MKP/BeforeTest/OpenChromeProfiles

2023-02-11 18:48:01 - [TEST_STEP][PASSED] - System.setProperty("webdriver.chrome.driver", "./webdrivers/chromedriver.exe"): null

2023-02-11 18:48:01 - [TEST_STEP][PASSED] - options = new org.openqa.selenium.chrome.ChromeOptions(): null

2023-02-11 18:48:01 - [TEST_STEP][PASSED] - eSwitches = new java.util.ArrayList(): null

2023-02-11 18:48:01 - [TEST_STEP][PASSED] - options.setExperimentalOption("excludeSwitches", eSwitches): null

2023-02-11 18:48:01 - [TEST_STEP][PASSED] - options.addArguments("--user-data-dir=C:/Users/LAP15239-local/AppData/Local/Google/Chrome/User Data"): null

2023-02-11 18:48:01 - [TEST_STEP][PASSED] - options.addArguments("--profile-directory=Profile 4"): null

2023-02-11 18:48:01 - [TEST_STEP][PASSED] - driver = new org.openqa.selenium.chrome.ChromeDriver(options): null

2023-02-11 18:48:03 - [TEST_STEP][PASSED] - changeWebDriver(driver): null

2023-02-11 18:48:04 - [TEST_STEP][PASSED] - maximizeWindow(): Current window maximized

2023-02-11 18:48:04 - [MESSAGE][PASSED] - Current window maximized

2023-02-11 18:48:04 - [MESSAGE][PASSED] - Call Test Case 'Test Cases/1.MKP/BeforeTest/OpenChromeProfiles' successfully

2023-02-11 18:48:04 - [TEST_STEP][PASSED] - navigateToUrl(MKP_url): Navigate to 'https://market.test.yoverse.io' successfully

2023-02-11 18:48:07 - [MESSAGE][PASSED] - Navigate to 'https://market.test.yoverse.io' successfully

2023-02-11 18:48:07 - [TEST_STEP][PASSED] - click(findTestObject("Object Repository/1.MKP/Sell/img_header_profile_avatar")): Object: 'Object Repository/1.MKP/Sell/img_header_profile_avatar' is clicked on

2023-02-11 18:48:07 - [MESSAGE][PASSED] - Object: 'Object Repository/1.MKP/Sell/img_header_profile_avatar' is clicked on

2023-02-11 18:48:07 - [TEST_STEP][PASSED] - click(findTestObject("Object Repository/1.MKP/Sell/div_My Profile")): Object: 'Object Repository/1.MKP/Sell/div_My Profile' is clicked on

2023-02-11 18:48:08 - [MESSAGE][PASSED] - Object: 'Object Repository/1.MKP/Sell/div_My Profile' is clicked on

2023-02-11 18:48:08 - [TEST_STEP][PASSED] - click(findTestObject("Object Repository/1.MKP/Sell/div_Owned")): Object: 'Object Repository/1.MKP/Sell/div_Owned' is clicked on

2023-02-11 18:48:08 - [MESSAGE][PASSED] - Object: 'Object Repository/1.MKP/Sell/div_Owned' is clicked on

2023-02-11 18:48:08 - [TEST_STEP][PASSED] - click(findTestObject("Object Repository/1.MKP/Sell/button_Sell")): Object: 'Object Repository/1.MKP/Sell/button_Sell' is clicked on

2023-02-11 18:48:08 - [MESSAGE][PASSED] - Object: 'Object Repository/1.MKP/Sell/button_Sell' is clicked on

2023-02-11 18:48:08 - [TEST_STEP][PASSED] - click(findTestObject("Object Repository/1.MKP/Sell/div_Fixed Price")): Object: 'Object Repository/1.MKP/Sell/div_Fixed Price' is clicked on

2023-02-11 18:48:09 - [MESSAGE][PASSED] - Object: 'Object Repository/1.MKP/Sell/div_Fixed Price' is clicked on

2023-02-11 18:48:09 - [TEST_STEP][PASSED] - setText(findTestObject("Object Repository/1.MKP/Sell/input_fixed-price-amount"), priceToSell): Text '55' is set on object 'Object Repository/1.MKP/Sell/input_fixed-price-amount'

2023-02-11 18:48:09 - [MESSAGE][PASSED] - Text '55' is set on object 'Object Repository/1.MKP/Sell/input_fixed-price-amount'

2023-02-11 18:48:09 - [TEST_STEP][PASSED] - click(findTestObject("Object Repository/1.MKP/Sell/span_Private_Listing")): Object: 'Object Repository/1.MKP/Sell/span_Private_Listing' is clicked on

2023-02-11 18:48:09 - [MESSAGE][PASSED] - Object: 'Object Repository/1.MKP/Sell/span_Private_Listing' is clicked on

2023-02-11 18:48:09 - [TEST_STEP][PASSED] - click(findTestObject("Object Repository/1.MKP/Sell/span_Private_Listing")): Object: 'Object Repository/1.MKP/Sell/span_Private_Listing' is clicked on

2023-02-11 18:48:10 - [MESSAGE][PASSED] - Object: 'Object Repository/1.MKP/Sell/span_Private_Listing' is clicked on

2023-02-11 18:48:10 - [TEST_STEP][PASSED] - click(findTestObject("Object Repository/1.MKP/Sell/div_fixed-price-duration")): Object: 'Object Repository/1.MKP/Sell/div_fixed-price-duration' is clicked on

2023-02-11 18:48:10 - [MESSAGE][PASSED] - Object: 'Object Repository/1.MKP/Sell/div_fixed-price-duration' is clicked on

2023-02-11 18:48:10 - [TEST_STEP][PASSED] - click(findTestObject("Object Repository/1.MKP/Sell/button_dateRange")): Object: 'Object Repository/1.MKP/Sell/button_dateRange' is clicked on

2023-02-11 18:48:10 - [MESSAGE][PASSED] - Object: 'Object Repository/1.MKP/Sell/button_dateRange' is clicked on

2023-02-11 18:48:10 - [TEST_STEP][PASSED] - click(findTestObject("Object Repository/1.MKP/Sell/div_Date Range_7 days")): Object: 'Object Repository/1.MKP/Sell/div_Date Range_7 days' is clicked on

2023-02-11 18:48:10 - [MESSAGE][PASSED] - Object: 'Object Repository/1.MKP/Sell/div_Date Range_7 days' is clicked on

2023-02-11 18:48:10 - [TEST_STEP][PASSED] - click(findTestObject("Object Repository/1.MKP/Sell/button_Confirm_Duration")): Object: 'Object Repository/1.MKP/Sell/button_Confirm_Duration' is clicked on

2023-02-11 18:48:10 - [MESSAGE][PASSED] - Object: 'Object Repository/1.MKP/Sell/button_Confirm_Duration' is clicked on

2023-02-11 18:48:10 - [TEST_STEP][PASSED] - waitForElementClickable(findTestObject("Object Repository/1.MKP/Sell/button_Place on market"), 5): Object 'Object Repository/1.MKP/Sell/button_Place on market' is clickable

2023-02-11 18:48:10 - [MESSAGE][PASSED] - Object 'Object Repository/1.MKP/Sell/button_Place on market' is clickable

2023-02-11 18:48:10 - [TEST_STEP][PASSED] - click(findTestObject("Object Repository/1.MKP/Sell/button_Place on market")): Object: 'Object Repository/1.MKP/Sell/button_Place on market' is clicked on

2023-02-11 18:48:11 - [MESSAGE][PASSED] - Object: 'Object Repository/1.MKP/Sell/button_Place on market' is clicked on

2023-02-11 18:48:11 - [TEST_STEP][PASSED] - switchToWindowIndex(1): Switched to window with index: '1'

2023-02-11 18:48:11 - [MESSAGE][PASSED] - Switched to window with index: '1'

2023-02-11 18:48:11 - [TEST_STEP][PASSED] - click(findTestObject("1.MKP/Sell/button_Cancel")): Object: 'Object Repository/1.MKP/Sell/button_Cancel' is clicked on

2023-02-11 18:48:12 - [MESSAGE][PASSED] - Object: 'Object Repository/1.MKP/Sell/button_Cancel' is clicked on

2023-02-11 18:48:12 - [TEST_STEP][PASSED] - switchToWindowIndex(0): Switched to window with index: '0'

2023-02-11 18:48:12 - [MESSAGE][PASSED] - Switched to window with index: '0'

2023-02-11 18:48:12 - [TEST_STEP][PASSED] - closeBrowser(): Browser is closed

2023-02-11 18:48:12 - [MESSAGE][PASSED] - Browser is closed

2023-02-11 18:48:12 - [TEST_STEP][PASSED] - Start listener action : sampleAfterTestCase: null

2023-02-11 18:48:12 - [TEST_STEP][PASSED] - println("
... I am Listener inside sampleAfterTestCase function"): null]]></system-out>
         <system-err><![CDATA[]]></system-err>
      </testcase>
      <testcase name="Test Cases/1.MKP/Sell/Fixed Price/Sell_Fixed Price_Cancel_90 days" time="11.262" classname="Test Cases/1.MKP/Sell/Fixed Price/Sell_Fixed Price_Cancel_90 days" status="PASSED">
         <system-out><![CDATA[2023-02-11 18:48:12 - [TEST_CASE][PASSED] - Test Cases/1.MKP/Sell/Fixed Price/Sell_Fixed Price_Cancel_90 days: Test Cases/1.MKP/Sell/Fixed Price/Sell_Fixed Price_Cancel_90 days

2023-02-11 18:48:12 - [TEST_STEP][PASSED] - Start listener action : sampleBeforeTestCase: null

2023-02-11 18:48:12 - [TEST_STEP][PASSED] - println("
... I am Listener inside sampleBeforeTestCase function"): null

2023-02-11 18:48:13 - [TEST_STEP][PASSED] - callTestCase(findTestCase("1.MKP/BeforeTest/OpenChromeProfiles"), [:], STOP_ON_FAILURE): Call Test Case 'Test Cases/1.MKP/BeforeTest/OpenChromeProfiles' successfully

2023-02-11 18:48:13 - [TEST_CASE][PASSED] - Test Cases/1.MKP/BeforeTest/OpenChromeProfiles: Test Cases/1.MKP/BeforeTest/OpenChromeProfiles

2023-02-11 18:48:13 - [TEST_STEP][PASSED] - System.setProperty("webdriver.chrome.driver", "./webdrivers/chromedriver.exe"): null

2023-02-11 18:48:13 - [TEST_STEP][PASSED] - options = new org.openqa.selenium.chrome.ChromeOptions(): null

2023-02-11 18:48:13 - [TEST_STEP][PASSED] - eSwitches = new java.util.ArrayList(): null

2023-02-11 18:48:13 - [TEST_STEP][PASSED] - options.setExperimentalOption("excludeSwitches", eSwitches): null

2023-02-11 18:48:13 - [TEST_STEP][PASSED] - options.addArguments("--user-data-dir=C:/Users/LAP15239-local/AppData/Local/Google/Chrome/User Data"): null

2023-02-11 18:48:13 - [TEST_STEP][PASSED] - options.addArguments("--profile-directory=Profile 4"): null

2023-02-11 18:48:13 - [TEST_STEP][PASSED] - driver = new org.openqa.selenium.chrome.ChromeDriver(options): null

2023-02-11 18:48:14 - [TEST_STEP][PASSED] - changeWebDriver(driver): null

2023-02-11 18:48:16 - [TEST_STEP][PASSED] - maximizeWindow(): Current window maximized

2023-02-11 18:48:16 - [MESSAGE][PASSED] - Current window maximized

2023-02-11 18:48:16 - [MESSAGE][PASSED] - Call Test Case 'Test Cases/1.MKP/BeforeTest/OpenChromeProfiles' successfully

2023-02-11 18:48:16 - [TEST_STEP][PASSED] - navigateToUrl(MKP_url): Navigate to 'https://market.test.yoverse.io' successfully

2023-02-11 18:48:18 - [MESSAGE][PASSED] - Navigate to 'https://market.test.yoverse.io' successfully

2023-02-11 18:48:18 - [TEST_STEP][PASSED] - waitForElementClickable(findTestObject("Object Repository/1.MKP/Sell/img_header_profile_avatar"), 5): Object 'Object Repository/1.MKP/Sell/img_header_profile_avatar' is clickable

2023-02-11 18:48:18 - [MESSAGE][PASSED] - Object 'Object Repository/1.MKP/Sell/img_header_profile_avatar' is clickable

2023-02-11 18:48:18 - [TEST_STEP][PASSED] - click(findTestObject("Object Repository/1.MKP/Sell/img_header_profile_avatar")): Object: 'Object Repository/1.MKP/Sell/img_header_profile_avatar' is clicked on

2023-02-11 18:48:19 - [MESSAGE][PASSED] - Object: 'Object Repository/1.MKP/Sell/img_header_profile_avatar' is clicked on

2023-02-11 18:48:19 - [TEST_STEP][PASSED] - click(findTestObject("Object Repository/1.MKP/Sell/div_My Profile")): Object: 'Object Repository/1.MKP/Sell/div_My Profile' is clicked on

2023-02-11 18:48:19 - [MESSAGE][PASSED] - Object: 'Object Repository/1.MKP/Sell/div_My Profile' is clicked on

2023-02-11 18:48:19 - [TEST_STEP][PASSED] - click(findTestObject("Object Repository/1.MKP/Sell/div_Owned")): Object: 'Object Repository/1.MKP/Sell/div_Owned' is clicked on

2023-02-11 18:48:19 - [MESSAGE][PASSED] - Object: 'Object Repository/1.MKP/Sell/div_Owned' is clicked on

2023-02-11 18:48:19 - [TEST_STEP][PASSED] - click(findTestObject("Object Repository/1.MKP/Sell/button_Sell")): Object: 'Object Repository/1.MKP/Sell/button_Sell' is clicked on

2023-02-11 18:48:20 - [MESSAGE][PASSED] - Object: 'Object Repository/1.MKP/Sell/button_Sell' is clicked on

2023-02-11 18:48:20 - [TEST_STEP][PASSED] - click(findTestObject("Object Repository/1.MKP/Sell/div_Fixed Price")): Object: 'Object Repository/1.MKP/Sell/div_Fixed Price' is clicked on

2023-02-11 18:48:21 - [MESSAGE][PASSED] - Object: 'Object Repository/1.MKP/Sell/div_Fixed Price' is clicked on

2023-02-11 18:48:21 - [TEST_STEP][PASSED] - setText(findTestObject("Object Repository/1.MKP/Sell/input_fixed-price-amount"), priceToSell): Text '55' is set on object 'Object Repository/1.MKP/Sell/input_fixed-price-amount'

2023-02-11 18:48:21 - [MESSAGE][PASSED] - Text '55' is set on object 'Object Repository/1.MKP/Sell/input_fixed-price-amount'

2023-02-11 18:48:21 - [TEST_STEP][PASSED] - click(findTestObject("Object Repository/1.MKP/Sell/span_Private_Listing")): Object: 'Object Repository/1.MKP/Sell/span_Private_Listing' is clicked on

2023-02-11 18:48:21 - [MESSAGE][PASSED] - Object: 'Object Repository/1.MKP/Sell/span_Private_Listing' is clicked on

2023-02-11 18:48:21 - [TEST_STEP][PASSED] - click(findTestObject("Object Repository/1.MKP/Sell/span_Private_Listing")): Object: 'Object Repository/1.MKP/Sell/span_Private_Listing' is clicked on

2023-02-11 18:48:21 - [MESSAGE][PASSED] - Object: 'Object Repository/1.MKP/Sell/span_Private_Listing' is clicked on

2023-02-11 18:48:21 - [TEST_STEP][PASSED] - click(findTestObject("Object Repository/1.MKP/Sell/div_fixed-price-duration")): Object: 'Object Repository/1.MKP/Sell/div_fixed-price-duration' is clicked on

2023-02-11 18:48:21 - [MESSAGE][PASSED] - Object: 'Object Repository/1.MKP/Sell/div_fixed-price-duration' is clicked on

2023-02-11 18:48:21 - [TEST_STEP][PASSED] - click(findTestObject("Object Repository/1.MKP/Sell/button_dateRange")): Object: 'Object Repository/1.MKP/Sell/button_dateRange' is clicked on

2023-02-11 18:48:21 - [MESSAGE][PASSED] - Object: 'Object Repository/1.MKP/Sell/button_dateRange' is clicked on

2023-02-11 18:48:21 - [TEST_STEP][PASSED] - click(findTestObject("Object Repository/1.MKP/Sell/div_Date Range_90 days")): Object: 'Object Repository/1.MKP/Sell/div_Date Range_90 days' is clicked on

2023-02-11 18:48:22 - [MESSAGE][PASSED] - Object: 'Object Repository/1.MKP/Sell/div_Date Range_90 days' is clicked on

2023-02-11 18:48:22 - [TEST_STEP][PASSED] - click(findTestObject("Object Repository/1.MKP/Sell/button_Confirm_Duration")): Object: 'Object Repository/1.MKP/Sell/button_Confirm_Duration' is clicked on

2023-02-11 18:48:22 - [MESSAGE][PASSED] - Object: 'Object Repository/1.MKP/Sell/button_Confirm_Duration' is clicked on

2023-02-11 18:48:22 - [TEST_STEP][PASSED] - waitForElementClickable(findTestObject("Object Repository/1.MKP/Sell/button_Place on market"), 5): Object 'Object Repository/1.MKP/Sell/button_Place on market' is clickable

2023-02-11 18:48:22 - [MESSAGE][PASSED] - Object 'Object Repository/1.MKP/Sell/button_Place on market' is clickable

2023-02-11 18:48:22 - [TEST_STEP][PASSED] - click(findTestObject("Object Repository/1.MKP/Sell/button_Place on market")): Object: 'Object Repository/1.MKP/Sell/button_Place on market' is clicked on

2023-02-11 18:48:22 - [MESSAGE][PASSED] - Object: 'Object Repository/1.MKP/Sell/button_Place on market' is clicked on

2023-02-11 18:48:22 - [TEST_STEP][PASSED] - switchToWindowIndex(1): Switched to window with index: '1'

2023-02-11 18:48:22 - [MESSAGE][PASSED] - Switched to window with index: '1'

2023-02-11 18:48:22 - [TEST_STEP][PASSED] - click(findTestObject("1.MKP/Sell/button_Cancel")): Object: 'Object Repository/1.MKP/Sell/button_Cancel' is clicked on

2023-02-11 18:48:23 - [MESSAGE][PASSED] - Object: 'Object Repository/1.MKP/Sell/button_Cancel' is clicked on

2023-02-11 18:48:23 - [TEST_STEP][PASSED] - switchToWindowIndex(0): Switched to window with index: '0'

2023-02-11 18:48:23 - [MESSAGE][PASSED] - Switched to window with index: '0'

2023-02-11 18:48:23 - [TEST_STEP][PASSED] - closeBrowser(): Browser is closed

2023-02-11 18:48:24 - [MESSAGE][PASSED] - Browser is closed

2023-02-11 18:48:24 - [TEST_STEP][PASSED] - Start listener action : sampleAfterTestCase: null

2023-02-11 18:48:24 - [TEST_STEP][PASSED] - println("
... I am Listener inside sampleAfterTestCase function"): null]]></system-out>
         <system-err><![CDATA[]]></system-err>
      </testcase>
      <testcase name="Test Cases/1.MKP/Sell/Fixed Price/Sell_Fixed Price_Cancel_Set Full" time="14.642" classname="Test Cases/1.MKP/Sell/Fixed Price/Sell_Fixed Price_Cancel_Set Full" status="PASSED">
         <system-out><![CDATA[2023-02-11 18:48:24 - [TEST_CASE][PASSED] - Test Cases/1.MKP/Sell/Fixed Price/Sell_Fixed Price_Cancel_Set Full: Test Cases/1.MKP/Sell/Fixed Price/Sell_Fixed Price_Cancel_Set Full

2023-02-11 18:48:24 - [TEST_STEP][PASSED] - Start listener action : sampleBeforeTestCase: null

2023-02-11 18:48:24 - [TEST_STEP][PASSED] - println("
... I am Listener inside sampleBeforeTestCase function"): null

2023-02-11 18:48:24 - [TEST_STEP][PASSED] - callTestCase(findTestCase("1.MKP/BeforeTest/OpenChromeProfiles"), [:], STOP_ON_FAILURE): Call Test Case 'Test Cases/1.MKP/BeforeTest/OpenChromeProfiles' successfully

2023-02-11 18:48:24 - [TEST_CASE][PASSED] - Test Cases/1.MKP/BeforeTest/OpenChromeProfiles: Test Cases/1.MKP/BeforeTest/OpenChromeProfiles

2023-02-11 18:48:24 - [TEST_STEP][PASSED] - System.setProperty("webdriver.chrome.driver", "./webdrivers/chromedriver.exe"): null

2023-02-11 18:48:24 - [TEST_STEP][PASSED] - options = new org.openqa.selenium.chrome.ChromeOptions(): null

2023-02-11 18:48:24 - [TEST_STEP][PASSED] - eSwitches = new java.util.ArrayList(): null

2023-02-11 18:48:24 - [TEST_STEP][PASSED] - options.setExperimentalOption("excludeSwitches", eSwitches): null

2023-02-11 18:48:24 - [TEST_STEP][PASSED] - options.addArguments("--user-data-dir=C:/Users/LAP15239-local/AppData/Local/Google/Chrome/User Data"): null

2023-02-11 18:48:24 - [TEST_STEP][PASSED] - options.addArguments("--profile-directory=Profile 4"): null

2023-02-11 18:48:24 - [TEST_STEP][PASSED] - driver = new org.openqa.selenium.chrome.ChromeDriver(options): null

2023-02-11 18:48:25 - [TEST_STEP][PASSED] - changeWebDriver(driver): null

2023-02-11 18:48:27 - [TEST_STEP][PASSED] - maximizeWindow(): Current window maximized

2023-02-11 18:48:27 - [MESSAGE][PASSED] - Current window maximized

2023-02-11 18:48:27 - [MESSAGE][PASSED] - Call Test Case 'Test Cases/1.MKP/BeforeTest/OpenChromeProfiles' successfully

2023-02-11 18:48:27 - [TEST_STEP][PASSED] - navigateToUrl(MKP_url): Navigate to 'https://market.test.yoverse.io' successfully

2023-02-11 18:48:32 - [MESSAGE][PASSED] - Navigate to 'https://market.test.yoverse.io' successfully

2023-02-11 18:48:32 - [TEST_STEP][PASSED] - waitForElementClickable(findTestObject("Object Repository/1.MKP/Sell/img_header_profile_avatar"), 5): Object 'Object Repository/1.MKP/Sell/img_header_profile_avatar' is clickable

2023-02-11 18:48:32 - [MESSAGE][PASSED] - Object 'Object Repository/1.MKP/Sell/img_header_profile_avatar' is clickable

2023-02-11 18:48:32 - [TEST_STEP][PASSED] - click(findTestObject("Object Repository/1.MKP/Sell/img_header_profile_avatar")): Object: 'Object Repository/1.MKP/Sell/img_header_profile_avatar' is clicked on

2023-02-11 18:48:33 - [MESSAGE][PASSED] - Object: 'Object Repository/1.MKP/Sell/img_header_profile_avatar' is clicked on

2023-02-11 18:48:33 - [TEST_STEP][PASSED] - click(findTestObject("Object Repository/1.MKP/Sell/div_My Profile")): Object: 'Object Repository/1.MKP/Sell/div_My Profile' is clicked on

2023-02-11 18:48:33 - [MESSAGE][PASSED] - Object: 'Object Repository/1.MKP/Sell/div_My Profile' is clicked on

2023-02-11 18:48:33 - [TEST_STEP][PASSED] - click(findTestObject("Object Repository/1.MKP/Sell/div_Owned")): Object: 'Object Repository/1.MKP/Sell/div_Owned' is clicked on

2023-02-11 18:48:33 - [MESSAGE][PASSED] - Object: 'Object Repository/1.MKP/Sell/div_Owned' is clicked on

2023-02-11 18:48:33 - [TEST_STEP][PASSED] - click(findTestObject("Object Repository/1.MKP/Sell/button_Sell")): Object: 'Object Repository/1.MKP/Sell/button_Sell' is clicked on

2023-02-11 18:48:33 - [MESSAGE][PASSED] - Object: 'Object Repository/1.MKP/Sell/button_Sell' is clicked on

2023-02-11 18:48:33 - [TEST_STEP][PASSED] - click(findTestObject("Object Repository/1.MKP/Sell/div_Fixed Price")): Object: 'Object Repository/1.MKP/Sell/div_Fixed Price' is clicked on

2023-02-11 18:48:34 - [MESSAGE][PASSED] - Object: 'Object Repository/1.MKP/Sell/div_Fixed Price' is clicked on

2023-02-11 18:48:34 - [TEST_STEP][PASSED] - click(findTestObject("Object Repository/1.MKP/Sell/div_fixed-price-duration")): Object: 'Object Repository/1.MKP/Sell/div_fixed-price-duration' is clicked on

2023-02-11 18:48:34 - [MESSAGE][PASSED] - Object: 'Object Repository/1.MKP/Sell/div_fixed-price-duration' is clicked on

2023-02-11 18:48:34 - [TEST_STEP][PASSED] - click(findTestObject("Object Repository/1.MKP/Sell/button_dateRange")): Object: 'Object Repository/1.MKP/Sell/button_dateRange' is clicked on

2023-02-11 18:48:34 - [MESSAGE][PASSED] - Object: 'Object Repository/1.MKP/Sell/button_dateRange' is clicked on

2023-02-11 18:48:34 - [TEST_STEP][PASSED] - click(findTestObject("Object Repository/1.MKP/Sell/div_Date Range_3 days")): Object: 'Object Repository/1.MKP/Sell/div_Date Range_3 days' is clicked on

2023-02-11 18:48:35 - [MESSAGE][PASSED] - Object: 'Object Repository/1.MKP/Sell/div_Date Range_3 days' is clicked on

2023-02-11 18:48:35 - [TEST_STEP][PASSED] - click(findTestObject("Object Repository/1.MKP/Sell/button_Confirm_Duration")): Object: 'Object Repository/1.MKP/Sell/button_Confirm_Duration' is clicked on

2023-02-11 18:48:35 - [MESSAGE][PASSED] - Object: 'Object Repository/1.MKP/Sell/button_Confirm_Duration' is clicked on

2023-02-11 18:48:35 - [TEST_STEP][PASSED] - click(findTestObject("Object Repository/1.MKP/Sell/button_price-token")): Object: 'Object Repository/1.MKP/Sell/button_price-token' is clicked on

2023-02-11 18:48:35 - [MESSAGE][PASSED] - Object: 'Object Repository/1.MKP/Sell/button_price-token' is clicked on

2023-02-11 18:48:35 - [TEST_STEP][PASSED] - click(findTestObject("Object Repository/1.MKP/Sell/div_Token_0")): Object: 'Object Repository/1.MKP/Sell/div_Token_0' is clicked on

2023-02-11 18:48:35 - [MESSAGE][PASSED] - Object: 'Object Repository/1.MKP/Sell/div_Token_0' is clicked on

2023-02-11 18:48:35 - [TEST_STEP][PASSED] - setText(findTestObject("Object Repository/1.MKP/Sell/input_fixed-price-amount"), priceToSell): Text '55' is set on object 'Object Repository/1.MKP/Sell/input_fixed-price-amount'

2023-02-11 18:48:35 - [MESSAGE][PASSED] - Text '55' is set on object 'Object Repository/1.MKP/Sell/input_fixed-price-amount'

2023-02-11 18:48:35 - [TEST_STEP][PASSED] - click(findTestObject("Object Repository/1.MKP/Sell/span_Private_Listing")): Object: 'Object Repository/1.MKP/Sell/span_Private_Listing' is clicked on

2023-02-11 18:48:36 - [MESSAGE][PASSED] - Object: 'Object Repository/1.MKP/Sell/span_Private_Listing' is clicked on

2023-02-11 18:48:36 - [TEST_STEP][PASSED] - click(findTestObject("Object Repository/1.MKP/Sell/div_Manage member")): Object: 'Object Repository/1.MKP/Sell/div_Manage member' is clicked on

2023-02-11 18:48:36 - [MESSAGE][PASSED] - Object: 'Object Repository/1.MKP/Sell/div_Manage member' is clicked on

2023-02-11 18:48:36 - [TEST_STEP][PASSED] - setText(findTestObject("Object Repository/1.MKP/Sell/input_Wallet Address or Username"), "lamldt"): Text 'lamldt' is set on object 'Object Repository/1.MKP/Sell/input_Wallet Address or Username'

2023-02-11 18:48:36 - [MESSAGE][PASSED] - Text 'lamldt' is set on object 'Object Repository/1.MKP/Sell/input_Wallet Address or Username'

2023-02-11 18:48:36 - [TEST_STEP][PASSED] - click(findTestObject("Object Repository/1.MKP/Sell/div_Add member")): Object: 'Object Repository/1.MKP/Sell/div_Add member' is clicked on

2023-02-11 18:48:36 - [MESSAGE][PASSED] - Object: 'Object Repository/1.MKP/Sell/div_Add member' is clicked on

2023-02-11 18:48:36 - [TEST_STEP][PASSED] - click(findTestObject("Object Repository/1.MKP/Sell/div_Done")): Object: 'Object Repository/1.MKP/Sell/div_Done' is clicked on

2023-02-11 18:48:36 - [MESSAGE][PASSED] - Object: 'Object Repository/1.MKP/Sell/div_Done' is clicked on

2023-02-11 18:48:36 - [TEST_STEP][PASSED] - waitForElementClickable(findTestObject("Object Repository/1.MKP/Sell/button_Place on market"), 5): Object 'Object Repository/1.MKP/Sell/button_Place on market' is clickable

2023-02-11 18:48:36 - [MESSAGE][PASSED] - Object 'Object Repository/1.MKP/Sell/button_Place on market' is clickable

2023-02-11 18:48:36 - [TEST_STEP][PASSED] - click(findTestObject("Object Repository/1.MKP/Sell/button_Place on market")): Object: 'Object Repository/1.MKP/Sell/button_Place on market' is clicked on

2023-02-11 18:48:37 - [MESSAGE][PASSED] - Object: 'Object Repository/1.MKP/Sell/button_Place on market' is clicked on

2023-02-11 18:48:37 - [TEST_STEP][PASSED] - switchToWindowIndex(1): Switched to window with index: '1'

2023-02-11 18:48:37 - [MESSAGE][PASSED] - Switched to window with index: '1'

2023-02-11 18:48:37 - [TEST_STEP][PASSED] - click(findTestObject("1.MKP/Sell/button_Cancel")): Object: 'Object Repository/1.MKP/Sell/button_Cancel' is clicked on

2023-02-11 18:48:38 - [MESSAGE][PASSED] - Object: 'Object Repository/1.MKP/Sell/button_Cancel' is clicked on

2023-02-11 18:48:38 - [TEST_STEP][PASSED] - switchToWindowIndex(0): Switched to window with index: '0'

2023-02-11 18:48:38 - [MESSAGE][PASSED] - Switched to window with index: '0'

2023-02-11 18:48:38 - [TEST_STEP][PASSED] - closeBrowser(): Browser is closed

2023-02-11 18:48:38 - [MESSAGE][PASSED] - Browser is closed

2023-02-11 18:48:38 - [TEST_STEP][PASSED] - Start listener action : sampleAfterTestCase: null

2023-02-11 18:48:38 - [TEST_STEP][PASSED] - println("
... I am Listener inside sampleAfterTestCase function"): null]]></system-out>
         <system-err><![CDATA[]]></system-err>
      </testcase>
      <testcase name="Test Cases/1.MKP/Sell/Timed Auction/Sell_Timed Auction_Cancel_24 hours" time="11.296" classname="Test Cases/1.MKP/Sell/Timed Auction/Sell_Timed Auction_Cancel_24 hours" status="PASSED">
         <system-out><![CDATA[2023-02-11 18:48:38 - [TEST_CASE][PASSED] - Test Cases/1.MKP/Sell/Timed Auction/Sell_Timed Auction_Cancel_24 hours: Test Cases/1.MKP/Sell/Timed Auction/Sell_Timed Auction_Cancel_24 hours

2023-02-11 18:48:38 - [TEST_STEP][PASSED] - Start listener action : sampleBeforeTestCase: null

2023-02-11 18:48:38 - [TEST_STEP][PASSED] - println("
... I am Listener inside sampleBeforeTestCase function"): null

2023-02-11 18:48:39 - [TEST_STEP][PASSED] - callTestCase(findTestCase("1.MKP/BeforeTest/OpenChromeProfiles"), [:], STOP_ON_FAILURE): Call Test Case 'Test Cases/1.MKP/BeforeTest/OpenChromeProfiles' successfully

2023-02-11 18:48:39 - [TEST_CASE][PASSED] - Test Cases/1.MKP/BeforeTest/OpenChromeProfiles: Test Cases/1.MKP/BeforeTest/OpenChromeProfiles

2023-02-11 18:48:39 - [TEST_STEP][PASSED] - System.setProperty("webdriver.chrome.driver", "./webdrivers/chromedriver.exe"): null

2023-02-11 18:48:39 - [TEST_STEP][PASSED] - options = new org.openqa.selenium.chrome.ChromeOptions(): null

2023-02-11 18:48:39 - [TEST_STEP][PASSED] - eSwitches = new java.util.ArrayList(): null

2023-02-11 18:48:39 - [TEST_STEP][PASSED] - options.setExperimentalOption("excludeSwitches", eSwitches): null

2023-02-11 18:48:39 - [TEST_STEP][PASSED] - options.addArguments("--user-data-dir=C:/Users/LAP15239-local/AppData/Local/Google/Chrome/User Data"): null

2023-02-11 18:48:39 - [TEST_STEP][PASSED] - options.addArguments("--profile-directory=Profile 4"): null

2023-02-11 18:48:39 - [TEST_STEP][PASSED] - driver = new org.openqa.selenium.chrome.ChromeDriver(options): null

2023-02-11 18:48:40 - [TEST_STEP][PASSED] - changeWebDriver(driver): null

2023-02-11 18:48:42 - [TEST_STEP][PASSED] - maximizeWindow(): Current window maximized

2023-02-11 18:48:42 - [MESSAGE][PASSED] - Current window maximized

2023-02-11 18:48:42 - [MESSAGE][PASSED] - Call Test Case 'Test Cases/1.MKP/BeforeTest/OpenChromeProfiles' successfully

2023-02-11 18:48:42 - [TEST_STEP][PASSED] - navigateToUrl(MKP_url): Navigate to 'https://market.test.yoverse.io' successfully

2023-02-11 18:48:44 - [MESSAGE][PASSED] - Navigate to 'https://market.test.yoverse.io' successfully

2023-02-11 18:48:44 - [TEST_STEP][PASSED] - waitForElementClickable(findTestObject("Object Repository/1.MKP/Sell/img_header_profile_avatar"), 5): Object 'Object Repository/1.MKP/Sell/img_header_profile_avatar' is clickable

2023-02-11 18:48:44 - [MESSAGE][PASSED] - Object 'Object Repository/1.MKP/Sell/img_header_profile_avatar' is clickable

2023-02-11 18:48:44 - [TEST_STEP][PASSED] - click(findTestObject("Object Repository/1.MKP/Sell/img_header_profile_avatar")): Object: 'Object Repository/1.MKP/Sell/img_header_profile_avatar' is clicked on

2023-02-11 18:48:44 - [MESSAGE][PASSED] - Object: 'Object Repository/1.MKP/Sell/img_header_profile_avatar' is clicked on

2023-02-11 18:48:44 - [TEST_STEP][PASSED] - click(findTestObject("Object Repository/1.MKP/Sell/div_My Profile")): Object: 'Object Repository/1.MKP/Sell/div_My Profile' is clicked on

2023-02-11 18:48:44 - [MESSAGE][PASSED] - Object: 'Object Repository/1.MKP/Sell/div_My Profile' is clicked on

2023-02-11 18:48:44 - [TEST_STEP][PASSED] - click(findTestObject("Object Repository/1.MKP/Sell/div_Owned")): Object: 'Object Repository/1.MKP/Sell/div_Owned' is clicked on

2023-02-11 18:48:45 - [MESSAGE][PASSED] - Object: 'Object Repository/1.MKP/Sell/div_Owned' is clicked on

2023-02-11 18:48:45 - [TEST_STEP][PASSED] - click(findTestObject("Object Repository/1.MKP/Sell/button_Sell")): Object: 'Object Repository/1.MKP/Sell/button_Sell' is clicked on

2023-02-11 18:48:45 - [MESSAGE][PASSED] - Object: 'Object Repository/1.MKP/Sell/button_Sell' is clicked on

2023-02-11 18:48:45 - [TEST_STEP][PASSED] - click(findTestObject("Object Repository/1.MKP/Sell/div_Timed Auction")): Object: 'Object Repository/1.MKP/Sell/div_Timed Auction' is clicked on

2023-02-11 18:48:46 - [MESSAGE][PASSED] - Object: 'Object Repository/1.MKP/Sell/div_Timed Auction' is clicked on

2023-02-11 18:48:46 - [TEST_STEP][PASSED] - setText(findTestObject("Object Repository/1.MKP/Sell/input_price-amount"), priceToSell): Text '55' is set on object 'Object Repository/1.MKP/Sell/input_price-amount'

2023-02-11 18:48:46 - [MESSAGE][PASSED] - Text '55' is set on object 'Object Repository/1.MKP/Sell/input_price-amount'

2023-02-11 18:48:46 - [TEST_STEP][PASSED] - click(findTestObject("Object Repository/1.MKP/Sell/span_Include Buy Now option")): Object: 'Object Repository/1.MKP/Sell/span_Include Buy Now option' is clicked on

2023-02-11 18:48:46 - [MESSAGE][PASSED] - Object: 'Object Repository/1.MKP/Sell/span_Include Buy Now option' is clicked on

2023-02-11 18:48:46 - [TEST_STEP][PASSED] - click(findTestObject("Object Repository/1.MKP/Sell/span_Include Buy Now option")): Object: 'Object Repository/1.MKP/Sell/span_Include Buy Now option' is clicked on

2023-02-11 18:48:46 - [MESSAGE][PASSED] - Object: 'Object Repository/1.MKP/Sell/span_Include Buy Now option' is clicked on

2023-02-11 18:48:46 - [TEST_STEP][PASSED] - click(findTestObject("Object Repository/1.MKP/Sell/span_Private_Listing")): Object: 'Object Repository/1.MKP/Sell/span_Private_Listing' is clicked on

2023-02-11 18:48:46 - [MESSAGE][PASSED] - Object: 'Object Repository/1.MKP/Sell/span_Private_Listing' is clicked on

2023-02-11 18:48:46 - [TEST_STEP][PASSED] - click(findTestObject("Object Repository/1.MKP/Sell/span_Private_Listing")): Object: 'Object Repository/1.MKP/Sell/span_Private_Listing' is clicked on

2023-02-11 18:48:47 - [MESSAGE][PASSED] - Object: 'Object Repository/1.MKP/Sell/span_Private_Listing' is clicked on

2023-02-11 18:48:47 - [TEST_STEP][PASSED] - click(findTestObject("Object Repository/1.MKP/Sell/button_Method")): Object: 'Object Repository/1.MKP/Sell/button_Method' is clicked on

2023-02-11 18:48:47 - [MESSAGE][PASSED] - Object: 'Object Repository/1.MKP/Sell/button_Method' is clicked on

2023-02-11 18:48:47 - [TEST_STEP][PASSED] - click(findTestObject("Object Repository/1.MKP/Sell/div_Sell_to_the_highest_bidder")): Object: 'Object Repository/1.MKP/Sell/div_Sell_to_the_highest_bidder' is clicked on

2023-02-11 18:48:47 - [MESSAGE][PASSED] - Object: 'Object Repository/1.MKP/Sell/div_Sell_to_the_highest_bidder' is clicked on

2023-02-11 18:48:47 - [TEST_STEP][PASSED] - click(findTestObject("Object Repository/1.MKP/Sell/div_timed-auction-duration")): Object: 'Object Repository/1.MKP/Sell/div_timed-auction-duration' is clicked on

2023-02-11 18:48:47 - [MESSAGE][PASSED] - Object: 'Object Repository/1.MKP/Sell/div_timed-auction-duration' is clicked on

2023-02-11 18:48:47 - [TEST_STEP][PASSED] - click(findTestObject("Object Repository/1.MKP/Sell/button_dateRange")): Object: 'Object Repository/1.MKP/Sell/button_dateRange' is clicked on

2023-02-11 18:48:47 - [MESSAGE][PASSED] - Object: 'Object Repository/1.MKP/Sell/button_dateRange' is clicked on

2023-02-11 18:48:47 - [TEST_STEP][PASSED] - click(findTestObject("Object Repository/1.MKP/Sell/div_Date Range_24 hours")): Object: 'Object Repository/1.MKP/Sell/div_Date Range_24 hours' is clicked on

2023-02-11 18:48:47 - [MESSAGE][PASSED] - Object: 'Object Repository/1.MKP/Sell/div_Date Range_24 hours' is clicked on

2023-02-11 18:48:47 - [TEST_STEP][PASSED] - click(findTestObject("Object Repository/1.MKP/Sell/button_Confirm_Duration")): Object: 'Object Repository/1.MKP/Sell/button_Confirm_Duration' is clicked on

2023-02-11 18:48:48 - [MESSAGE][PASSED] - Object: 'Object Repository/1.MKP/Sell/button_Confirm_Duration' is clicked on

2023-02-11 18:48:48 - [TEST_STEP][PASSED] - waitForElementClickable(findTestObject("Object Repository/1.MKP/Sell/button_Place on market"), 5): Object 'Object Repository/1.MKP/Sell/button_Place on market' is clickable

2023-02-11 18:48:48 - [MESSAGE][PASSED] - Object 'Object Repository/1.MKP/Sell/button_Place on market' is clickable

2023-02-11 18:48:48 - [TEST_STEP][PASSED] - click(findTestObject("Object Repository/1.MKP/Sell/button_Place on market")): Object: 'Object Repository/1.MKP/Sell/button_Place on market' is clicked on

2023-02-11 18:48:48 - [MESSAGE][PASSED] - Object: 'Object Repository/1.MKP/Sell/button_Place on market' is clicked on

2023-02-11 18:48:48 - [TEST_STEP][PASSED] - switchToWindowIndex(1): Switched to window with index: '1'

2023-02-11 18:48:48 - [MESSAGE][PASSED] - Switched to window with index: '1'

2023-02-11 18:48:48 - [TEST_STEP][PASSED] - click(findTestObject("1.MKP/Sell/button_Cancel")): Object: 'Object Repository/1.MKP/Sell/button_Cancel' is clicked on

2023-02-11 18:48:49 - [MESSAGE][PASSED] - Object: 'Object Repository/1.MKP/Sell/button_Cancel' is clicked on

2023-02-11 18:48:49 - [TEST_STEP][PASSED] - switchToWindowIndex(0): Switched to window with index: '0'

2023-02-11 18:48:49 - [MESSAGE][PASSED] - Switched to window with index: '0'

2023-02-11 18:48:49 - [TEST_STEP][PASSED] - closeBrowser(): Browser is closed

2023-02-11 18:48:50 - [MESSAGE][PASSED] - Browser is closed

2023-02-11 18:48:50 - [TEST_STEP][PASSED] - Start listener action : sampleAfterTestCase: null

2023-02-11 18:48:50 - [TEST_STEP][PASSED] - println("
... I am Listener inside sampleAfterTestCase function"): null]]></system-out>
         <system-err><![CDATA[]]></system-err>
      </testcase>
      <testcase name="Test Cases/1.MKP/Sell/Timed Auction/Sell_Timed Auction_Cancel_24 hours_Private Listing_Add Member" time="51.222" classname="Test Cases/1.MKP/Sell/Timed Auction/Sell_Timed Auction_Cancel_24 hours_Private Listing_Add Member" status="PASSED">
         <system-out><![CDATA[2023-02-11 18:48:50 - [TEST_CASE][PASSED] - Test Cases/1.MKP/Sell/Timed Auction/Sell_Timed Auction_Cancel_24 hours_Private Listing_Add Member: Test Cases/1.MKP/Sell/Timed Auction/Sell_Timed Auction_Cancel_24 hours_Private Listing_Add Member

2023-02-11 18:48:50 - [TEST_STEP][PASSED] - Start listener action : sampleBeforeTestCase: null

2023-02-11 18:48:50 - [TEST_STEP][PASSED] - println("
... I am Listener inside sampleBeforeTestCase function"): null

2023-02-11 18:48:50 - [TEST_STEP][PASSED] - callTestCase(findTestCase("1.MKP/BeforeTest/OpenChromeProfiles"), [:], STOP_ON_FAILURE): Call Test Case 'Test Cases/1.MKP/BeforeTest/OpenChromeProfiles' successfully

2023-02-11 18:48:50 - [TEST_CASE][PASSED] - Test Cases/1.MKP/BeforeTest/OpenChromeProfiles: Test Cases/1.MKP/BeforeTest/OpenChromeProfiles

2023-02-11 18:48:50 - [TEST_STEP][PASSED] - System.setProperty("webdriver.chrome.driver", "./webdrivers/chromedriver.exe"): null

2023-02-11 18:48:50 - [TEST_STEP][PASSED] - options = new org.openqa.selenium.chrome.ChromeOptions(): null

2023-02-11 18:48:50 - [TEST_STEP][PASSED] - eSwitches = new java.util.ArrayList(): null

2023-02-11 18:48:50 - [TEST_STEP][PASSED] - options.setExperimentalOption("excludeSwitches", eSwitches): null

2023-02-11 18:48:50 - [TEST_STEP][PASSED] - options.addArguments("--user-data-dir=C:/Users/LAP15239-local/AppData/Local/Google/Chrome/User Data"): null

2023-02-11 18:48:50 - [TEST_STEP][PASSED] - options.addArguments("--profile-directory=Profile 4"): null

2023-02-11 18:48:50 - [TEST_STEP][PASSED] - driver = new org.openqa.selenium.chrome.ChromeDriver(options): null

2023-02-11 18:48:51 - [TEST_STEP][PASSED] - changeWebDriver(driver): null

2023-02-11 18:48:53 - [TEST_STEP][PASSED] - maximizeWindow(): Current window maximized

2023-02-11 18:48:53 - [MESSAGE][PASSED] - Current window maximized

2023-02-11 18:48:53 - [MESSAGE][PASSED] - Call Test Case 'Test Cases/1.MKP/BeforeTest/OpenChromeProfiles' successfully

2023-02-11 18:48:53 - [TEST_STEP][PASSED] - navigateToUrl(MKP_url): Navigate to 'https://market.test.yoverse.io' successfully

2023-02-11 18:48:55 - [MESSAGE][PASSED] - Navigate to 'https://market.test.yoverse.io' successfully

2023-02-11 18:48:55 - [TEST_STEP][PASSED] - delay(globalDelayTime): Delayed 2 second(s)

2023-02-11 18:48:57 - [MESSAGE][PASSED] - Delayed 2 second(s)

2023-02-11 18:48:57 - [TEST_STEP][PASSED] - waitForElementClickable(findTestObject("Object Repository/1.MKP/Sell/img_header_profile_avatar"), 5): Object 'Object Repository/1.MKP/Sell/img_header_profile_avatar' is clickable

2023-02-11 18:48:57 - [MESSAGE][PASSED] - Object 'Object Repository/1.MKP/Sell/img_header_profile_avatar' is clickable

2023-02-11 18:48:57 - [TEST_STEP][PASSED] - click(findTestObject("Object Repository/1.MKP/Sell/img_header_profile_avatar")): Object: 'Object Repository/1.MKP/Sell/img_header_profile_avatar' is clicked on

2023-02-11 18:48:58 - [MESSAGE][PASSED] - Object: 'Object Repository/1.MKP/Sell/img_header_profile_avatar' is clicked on

2023-02-11 18:48:58 - [TEST_STEP][PASSED] - delay(globalDelayTime): Delayed 2 second(s)

2023-02-11 18:49:00 - [MESSAGE][PASSED] - Delayed 2 second(s)

2023-02-11 18:49:00 - [TEST_STEP][PASSED] - click(findTestObject("Object Repository/1.MKP/Sell/div_My Profile")): Object: 'Object Repository/1.MKP/Sell/div_My Profile' is clicked on

2023-02-11 18:49:00 - [MESSAGE][PASSED] - Object: 'Object Repository/1.MKP/Sell/div_My Profile' is clicked on

2023-02-11 18:49:00 - [TEST_STEP][PASSED] - delay(globalDelayTime): Delayed 2 second(s)

2023-02-11 18:49:02 - [MESSAGE][PASSED] - Delayed 2 second(s)

2023-02-11 18:49:02 - [TEST_STEP][PASSED] - click(findTestObject("Object Repository/1.MKP/Sell/div_Owned")): Object: 'Object Repository/1.MKP/Sell/div_Owned' is clicked on

2023-02-11 18:49:02 - [MESSAGE][PASSED] - Object: 'Object Repository/1.MKP/Sell/div_Owned' is clicked on

2023-02-11 18:49:02 - [TEST_STEP][PASSED] - delay(globalDelayTime): Delayed 2 second(s)

2023-02-11 18:49:04 - [MESSAGE][PASSED] - Delayed 2 second(s)

2023-02-11 18:49:04 - [TEST_STEP][PASSED] - click(findTestObject("Object Repository/1.MKP/Sell/button_Sell")): Object: 'Object Repository/1.MKP/Sell/button_Sell' is clicked on

2023-02-11 18:49:04 - [MESSAGE][PASSED] - Object: 'Object Repository/1.MKP/Sell/button_Sell' is clicked on

2023-02-11 18:49:04 - [TEST_STEP][PASSED] - delay(globalDelayTime): Delayed 2 second(s)

2023-02-11 18:49:06 - [MESSAGE][PASSED] - Delayed 2 second(s)

2023-02-11 18:49:06 - [TEST_STEP][PASSED] - click(findTestObject("Object Repository/1.MKP/Sell/div_Timed Auction")): Object: 'Object Repository/1.MKP/Sell/div_Timed Auction' is clicked on

2023-02-11 18:49:06 - [MESSAGE][PASSED] - Object: 'Object Repository/1.MKP/Sell/div_Timed Auction' is clicked on

2023-02-11 18:49:06 - [TEST_STEP][PASSED] - delay(globalDelayTime): Delayed 2 second(s)

2023-02-11 18:49:08 - [MESSAGE][PASSED] - Delayed 2 second(s)

2023-02-11 18:49:08 - [TEST_STEP][PASSED] - click(findTestObject("Object Repository/1.MKP/Sell/button_Method")): Object: 'Object Repository/1.MKP/Sell/button_Method' is clicked on

2023-02-11 18:49:08 - [MESSAGE][PASSED] - Object: 'Object Repository/1.MKP/Sell/button_Method' is clicked on

2023-02-11 18:49:08 - [TEST_STEP][PASSED] - delay(globalDelayTime): Delayed 2 second(s)

2023-02-11 18:49:10 - [MESSAGE][PASSED] - Delayed 2 second(s)

2023-02-11 18:49:10 - [TEST_STEP][PASSED] - click(findTestObject("Object Repository/1.MKP/Sell/div_Sell_to_the_highest_bidder")): Object: 'Object Repository/1.MKP/Sell/div_Sell_to_the_highest_bidder' is clicked on

2023-02-11 18:49:10 - [MESSAGE][PASSED] - Object: 'Object Repository/1.MKP/Sell/div_Sell_to_the_highest_bidder' is clicked on

2023-02-11 18:49:10 - [TEST_STEP][PASSED] - delay(globalDelayTime): Delayed 2 second(s)

2023-02-11 18:49:12 - [MESSAGE][PASSED] - Delayed 2 second(s)

2023-02-11 18:49:12 - [TEST_STEP][PASSED] - click(findTestObject("Object Repository/1.MKP/Sell/div_timed-auction-duration")): Object: 'Object Repository/1.MKP/Sell/div_timed-auction-duration' is clicked on

2023-02-11 18:49:13 - [MESSAGE][PASSED] - Object: 'Object Repository/1.MKP/Sell/div_timed-auction-duration' is clicked on

2023-02-11 18:49:13 - [TEST_STEP][PASSED] - delay(globalDelayTime): Delayed 2 second(s)

2023-02-11 18:49:15 - [MESSAGE][PASSED] - Delayed 2 second(s)

2023-02-11 18:49:15 - [TEST_STEP][PASSED] - click(findTestObject("Object Repository/1.MKP/Sell/button_dateRange")): Object: 'Object Repository/1.MKP/Sell/button_dateRange' is clicked on

2023-02-11 18:49:15 - [MESSAGE][PASSED] - Object: 'Object Repository/1.MKP/Sell/button_dateRange' is clicked on

2023-02-11 18:49:15 - [TEST_STEP][PASSED] - delay(globalDelayTime): Delayed 2 second(s)

2023-02-11 18:49:17 - [MESSAGE][PASSED] - Delayed 2 second(s)

2023-02-11 18:49:17 - [TEST_STEP][PASSED] - click(findTestObject("Object Repository/1.MKP/Sell/div_Date Range_24 hours")): Object: 'Object Repository/1.MKP/Sell/div_Date Range_24 hours' is clicked on

2023-02-11 18:49:17 - [MESSAGE][PASSED] - Object: 'Object Repository/1.MKP/Sell/div_Date Range_24 hours' is clicked on

2023-02-11 18:49:17 - [TEST_STEP][PASSED] - delay(globalDelayTime): Delayed 2 second(s)

2023-02-11 18:49:19 - [MESSAGE][PASSED] - Delayed 2 second(s)

2023-02-11 18:49:19 - [TEST_STEP][PASSED] - click(findTestObject("Object Repository/1.MKP/Sell/button_Confirm_Duration")): Object: 'Object Repository/1.MKP/Sell/button_Confirm_Duration' is clicked on

2023-02-11 18:49:19 - [MESSAGE][PASSED] - Object: 'Object Repository/1.MKP/Sell/button_Confirm_Duration' is clicked on

2023-02-11 18:49:19 - [TEST_STEP][PASSED] - delay(globalDelayTime): Delayed 2 second(s)

2023-02-11 18:49:21 - [MESSAGE][PASSED] - Delayed 2 second(s)

2023-02-11 18:49:21 - [TEST_STEP][PASSED] - setText(findTestObject("Object Repository/1.MKP/Sell/input_price-amount"), priceToSell): Text '55' is set on object 'Object Repository/1.MKP/Sell/input_price-amount'

2023-02-11 18:49:21 - [MESSAGE][PASSED] - Text '55' is set on object 'Object Repository/1.MKP/Sell/input_price-amount'

2023-02-11 18:49:21 - [TEST_STEP][PASSED] - delay(globalDelayTime): Delayed 2 second(s)

2023-02-11 18:49:23 - [MESSAGE][PASSED] - Delayed 2 second(s)

2023-02-11 18:49:23 - [TEST_STEP][PASSED] - click(findTestObject("Object Repository/1.MKP/Sell/span_Include Buy Now option")): Object: 'Object Repository/1.MKP/Sell/span_Include Buy Now option' is clicked on

2023-02-11 18:49:23 - [MESSAGE][PASSED] - Object: 'Object Repository/1.MKP/Sell/span_Include Buy Now option' is clicked on

2023-02-11 18:49:23 - [TEST_STEP][PASSED] - delay(globalDelayTime): Delayed 2 second(s)

2023-02-11 18:49:25 - [MESSAGE][PASSED] - Delayed 2 second(s)

2023-02-11 18:49:25 - [TEST_STEP][PASSED] - click(findTestObject("Object Repository/1.MKP/Sell/span_Include Buy Now option")): Object: 'Object Repository/1.MKP/Sell/span_Include Buy Now option' is clicked on

2023-02-11 18:49:26 - [MESSAGE][PASSED] - Object: 'Object Repository/1.MKP/Sell/span_Include Buy Now option' is clicked on

2023-02-11 18:49:26 - [TEST_STEP][PASSED] - delay(globalDelayTime): Delayed 2 second(s)

2023-02-11 18:49:28 - [MESSAGE][PASSED] - Delayed 2 second(s)

2023-02-11 18:49:28 - [TEST_STEP][PASSED] - click(findTestObject("Object Repository/1.MKP/Sell/span_Private_Listing")): Object: 'Object Repository/1.MKP/Sell/span_Private_Listing' is clicked on

2023-02-11 18:49:28 - [MESSAGE][PASSED] - Object: 'Object Repository/1.MKP/Sell/span_Private_Listing' is clicked on

2023-02-11 18:49:28 - [TEST_STEP][PASSED] - delay(globalDelayTime): Delayed 2 second(s)

2023-02-11 18:49:30 - [MESSAGE][PASSED] - Delayed 2 second(s)

2023-02-11 18:49:30 - [TEST_STEP][PASSED] - click(findTestObject("Object Repository/1.MKP/Sell/div_Manage member")): Object: 'Object Repository/1.MKP/Sell/div_Manage member' is clicked on

2023-02-11 18:49:30 - [MESSAGE][PASSED] - Object: 'Object Repository/1.MKP/Sell/div_Manage member' is clicked on

2023-02-11 18:49:30 - [TEST_STEP][PASSED] - delay(globalDelayTime): Delayed 2 second(s)

2023-02-11 18:49:32 - [MESSAGE][PASSED] - Delayed 2 second(s)

2023-02-11 18:49:32 - [TEST_STEP][PASSED] - setText(findTestObject("Object Repository/1.MKP/Sell/input_Wallet Address or Username"), "lamldt"): Text 'lamldt' is set on object 'Object Repository/1.MKP/Sell/input_Wallet Address or Username'

2023-02-11 18:49:32 - [MESSAGE][PASSED] - Text 'lamldt' is set on object 'Object Repository/1.MKP/Sell/input_Wallet Address or Username'

2023-02-11 18:49:32 - [TEST_STEP][PASSED] - delay(globalDelayTime): Delayed 2 second(s)

2023-02-11 18:49:34 - [MESSAGE][PASSED] - Delayed 2 second(s)

2023-02-11 18:49:34 - [TEST_STEP][PASSED] - click(findTestObject("Object Repository/1.MKP/Sell/div_Add member")): Object: 'Object Repository/1.MKP/Sell/div_Add member' is clicked on

2023-02-11 18:49:34 - [MESSAGE][PASSED] - Object: 'Object Repository/1.MKP/Sell/div_Add member' is clicked on

2023-02-11 18:49:34 - [TEST_STEP][PASSED] - delay(globalDelayTime): Delayed 2 second(s)

2023-02-11 18:49:36 - [MESSAGE][PASSED] - Delayed 2 second(s)

2023-02-11 18:49:36 - [TEST_STEP][PASSED] - click(findTestObject("Object Repository/1.MKP/Sell/div_Done")): Object: 'Object Repository/1.MKP/Sell/div_Done' is clicked on

2023-02-11 18:49:37 - [MESSAGE][PASSED] - Object: 'Object Repository/1.MKP/Sell/div_Done' is clicked on

2023-02-11 18:49:37 - [TEST_STEP][PASSED] - delay(globalDelayTime): Delayed 2 second(s)

2023-02-11 18:49:39 - [MESSAGE][PASSED] - Delayed 2 second(s)

2023-02-11 18:49:39 - [TEST_STEP][PASSED] - waitForElementClickable(findTestObject("Object Repository/1.MKP/Sell/button_Place on market"), 5): Object 'Object Repository/1.MKP/Sell/button_Place on market' is clickable

2023-02-11 18:49:39 - [MESSAGE][PASSED] - Object 'Object Repository/1.MKP/Sell/button_Place on market' is clickable

2023-02-11 18:49:39 - [TEST_STEP][PASSED] - click(findTestObject("Object Repository/1.MKP/Sell/button_Place on market")): Object: 'Object Repository/1.MKP/Sell/button_Place on market' is clicked on

2023-02-11 18:49:39 - [MESSAGE][PASSED] - Object: 'Object Repository/1.MKP/Sell/button_Place on market' is clicked on

2023-02-11 18:49:39 - [TEST_STEP][PASSED] - switchToWindowIndex(1): Switched to window with index: '1'

2023-02-11 18:49:39 - [MESSAGE][PASSED] - Switched to window with index: '1'

2023-02-11 18:49:39 - [TEST_STEP][PASSED] - click(findTestObject("1.MKP/Sell/button_Cancel")): Object: 'Object Repository/1.MKP/Sell/button_Cancel' is clicked on

2023-02-11 18:49:40 - [MESSAGE][PASSED] - Object: 'Object Repository/1.MKP/Sell/button_Cancel' is clicked on

2023-02-11 18:49:40 - [TEST_STEP][PASSED] - switchToWindowIndex(0): Switched to window with index: '0'

2023-02-11 18:49:40 - [MESSAGE][PASSED] - Switched to window with index: '0'

2023-02-11 18:49:40 - [TEST_STEP][PASSED] - closeBrowser(): Browser is closed

2023-02-11 18:49:41 - [MESSAGE][PASSED] - Browser is closed

2023-02-11 18:49:41 - [TEST_STEP][PASSED] - Start listener action : sampleAfterTestCase: null

2023-02-11 18:49:41 - [TEST_STEP][PASSED] - println("
... I am Listener inside sampleAfterTestCase function"): null]]></system-out>
         <system-err><![CDATA[]]></system-err>
      </testcase>
      <testcase name="Test Cases/1.MKP/Sell/Timed Auction/Sell_Timed Auction_Cancel_3 days" time="14.791" classname="Test Cases/1.MKP/Sell/Timed Auction/Sell_Timed Auction_Cancel_3 days" status="PASSED">
         <system-out><![CDATA[2023-02-11 18:49:41 - [TEST_CASE][PASSED] - Test Cases/1.MKP/Sell/Timed Auction/Sell_Timed Auction_Cancel_3 days: Test Cases/1.MKP/Sell/Timed Auction/Sell_Timed Auction_Cancel_3 days

2023-02-11 18:49:41 - [TEST_STEP][PASSED] - Start listener action : sampleBeforeTestCase: null

2023-02-11 18:49:41 - [TEST_STEP][PASSED] - println("
... I am Listener inside sampleBeforeTestCase function"): null

2023-02-11 18:49:41 - [TEST_STEP][PASSED] - callTestCase(findTestCase("1.MKP/BeforeTest/OpenChromeProfiles"), [:], STOP_ON_FAILURE): Call Test Case 'Test Cases/1.MKP/BeforeTest/OpenChromeProfiles' successfully

2023-02-11 18:49:41 - [TEST_CASE][PASSED] - Test Cases/1.MKP/BeforeTest/OpenChromeProfiles: Test Cases/1.MKP/BeforeTest/OpenChromeProfiles

2023-02-11 18:49:41 - [TEST_STEP][PASSED] - System.setProperty("webdriver.chrome.driver", "./webdrivers/chromedriver.exe"): null

2023-02-11 18:49:41 - [TEST_STEP][PASSED] - options = new org.openqa.selenium.chrome.ChromeOptions(): null

2023-02-11 18:49:41 - [TEST_STEP][PASSED] - eSwitches = new java.util.ArrayList(): null

2023-02-11 18:49:41 - [TEST_STEP][PASSED] - options.setExperimentalOption("excludeSwitches", eSwitches): null

2023-02-11 18:49:41 - [TEST_STEP][PASSED] - options.addArguments("--user-data-dir=C:/Users/LAP15239-local/AppData/Local/Google/Chrome/User Data"): null

2023-02-11 18:49:41 - [TEST_STEP][PASSED] - options.addArguments("--profile-directory=Profile 4"): null

2023-02-11 18:49:41 - [TEST_STEP][PASSED] - driver = new org.openqa.selenium.chrome.ChromeDriver(options): null

2023-02-11 18:49:43 - [TEST_STEP][PASSED] - changeWebDriver(driver): null

2023-02-11 18:49:44 - [TEST_STEP][PASSED] - maximizeWindow(): Current window maximized

2023-02-11 18:49:44 - [MESSAGE][PASSED] - Current window maximized

2023-02-11 18:49:44 - [MESSAGE][PASSED] - Call Test Case 'Test Cases/1.MKP/BeforeTest/OpenChromeProfiles' successfully

2023-02-11 18:49:44 - [TEST_STEP][PASSED] - navigateToUrl(MKP_url): Navigate to 'https://market.test.yoverse.io' successfully

2023-02-11 18:49:49 - [MESSAGE][PASSED] - Navigate to 'https://market.test.yoverse.io' successfully

2023-02-11 18:49:49 - [TEST_STEP][PASSED] - waitForElementClickable(findTestObject("Object Repository/1.MKP/Sell/img_header_profile_avatar"), 5): Object 'Object Repository/1.MKP/Sell/img_header_profile_avatar' is clickable

2023-02-11 18:49:50 - [MESSAGE][PASSED] - Object 'Object Repository/1.MKP/Sell/img_header_profile_avatar' is clickable

2023-02-11 18:49:50 - [TEST_STEP][PASSED] - click(findTestObject("Object Repository/1.MKP/Sell/img_header_profile_avatar")): Object: 'Object Repository/1.MKP/Sell/img_header_profile_avatar' is clicked on

2023-02-11 18:49:50 - [MESSAGE][PASSED] - Object: 'Object Repository/1.MKP/Sell/img_header_profile_avatar' is clicked on

2023-02-11 18:49:50 - [TEST_STEP][PASSED] - click(findTestObject("Object Repository/1.MKP/Sell/div_My Profile")): Object: 'Object Repository/1.MKP/Sell/div_My Profile' is clicked on

2023-02-11 18:49:50 - [MESSAGE][PASSED] - Object: 'Object Repository/1.MKP/Sell/div_My Profile' is clicked on

2023-02-11 18:49:50 - [TEST_STEP][PASSED] - click(findTestObject("Object Repository/1.MKP/Sell/div_Owned")): Object: 'Object Repository/1.MKP/Sell/div_Owned' is clicked on

2023-02-11 18:49:51 - [MESSAGE][PASSED] - Object: 'Object Repository/1.MKP/Sell/div_Owned' is clicked on

2023-02-11 18:49:51 - [TEST_STEP][PASSED] - click(findTestObject("Object Repository/1.MKP/Sell/button_Sell")): Object: 'Object Repository/1.MKP/Sell/button_Sell' is clicked on

2023-02-11 18:49:51 - [MESSAGE][PASSED] - Object: 'Object Repository/1.MKP/Sell/button_Sell' is clicked on

2023-02-11 18:49:51 - [TEST_STEP][PASSED] - click(findTestObject("Object Repository/1.MKP/Sell/div_Timed Auction")): Object: 'Object Repository/1.MKP/Sell/div_Timed Auction' is clicked on

2023-02-11 18:49:52 - [MESSAGE][PASSED] - Object: 'Object Repository/1.MKP/Sell/div_Timed Auction' is clicked on

2023-02-11 18:49:52 - [TEST_STEP][PASSED] - setText(findTestObject("Object Repository/1.MKP/Sell/input_price-amount"), priceToSell): Text '55' is set on object 'Object Repository/1.MKP/Sell/input_price-amount'

2023-02-11 18:49:52 - [MESSAGE][PASSED] - Text '55' is set on object 'Object Repository/1.MKP/Sell/input_price-amount'

2023-02-11 18:49:52 - [TEST_STEP][PASSED] - click(findTestObject("Object Repository/1.MKP/Sell/span_Include Buy Now option")): Object: 'Object Repository/1.MKP/Sell/span_Include Buy Now option' is clicked on

2023-02-11 18:49:52 - [MESSAGE][PASSED] - Object: 'Object Repository/1.MKP/Sell/span_Include Buy Now option' is clicked on

2023-02-11 18:49:52 - [TEST_STEP][PASSED] - click(findTestObject("Object Repository/1.MKP/Sell/span_Include Buy Now option")): Object: 'Object Repository/1.MKP/Sell/span_Include Buy Now option' is clicked on

2023-02-11 18:49:52 - [MESSAGE][PASSED] - Object: 'Object Repository/1.MKP/Sell/span_Include Buy Now option' is clicked on

2023-02-11 18:49:52 - [TEST_STEP][PASSED] - click(findTestObject("Object Repository/1.MKP/Sell/span_Private_Listing")): Object: 'Object Repository/1.MKP/Sell/span_Private_Listing' is clicked on

2023-02-11 18:49:52 - [MESSAGE][PASSED] - Object: 'Object Repository/1.MKP/Sell/span_Private_Listing' is clicked on

2023-02-11 18:49:52 - [TEST_STEP][PASSED] - click(findTestObject("Object Repository/1.MKP/Sell/span_Private_Listing")): Object: 'Object Repository/1.MKP/Sell/span_Private_Listing' is clicked on

2023-02-11 18:49:53 - [MESSAGE][PASSED] - Object: 'Object Repository/1.MKP/Sell/span_Private_Listing' is clicked on

2023-02-11 18:49:53 - [TEST_STEP][PASSED] - click(findTestObject("Object Repository/1.MKP/Sell/button_Method")): Object: 'Object Repository/1.MKP/Sell/button_Method' is clicked on

2023-02-11 18:49:53 - [MESSAGE][PASSED] - Object: 'Object Repository/1.MKP/Sell/button_Method' is clicked on

2023-02-11 18:49:53 - [TEST_STEP][PASSED] - click(findTestObject("Object Repository/1.MKP/Sell/div_Sell_to_the_highest_bidder")): Object: 'Object Repository/1.MKP/Sell/div_Sell_to_the_highest_bidder' is clicked on

2023-02-11 18:49:53 - [MESSAGE][PASSED] - Object: 'Object Repository/1.MKP/Sell/div_Sell_to_the_highest_bidder' is clicked on

2023-02-11 18:49:53 - [TEST_STEP][PASSED] - click(findTestObject("Object Repository/1.MKP/Sell/div_timed-auction-duration")): Object: 'Object Repository/1.MKP/Sell/div_timed-auction-duration' is clicked on

2023-02-11 18:49:53 - [MESSAGE][PASSED] - Object: 'Object Repository/1.MKP/Sell/div_timed-auction-duration' is clicked on

2023-02-11 18:49:53 - [TEST_STEP][PASSED] - click(findTestObject("Object Repository/1.MKP/Sell/button_dateRange")): Object: 'Object Repository/1.MKP/Sell/button_dateRange' is clicked on

2023-02-11 18:49:53 - [MESSAGE][PASSED] - Object: 'Object Repository/1.MKP/Sell/button_dateRange' is clicked on

2023-02-11 18:49:53 - [TEST_STEP][PASSED] - click(findTestObject("Object Repository/1.MKP/Sell/div_Date Range_3 days")): Object: 'Object Repository/1.MKP/Sell/div_Date Range_3 days' is clicked on

2023-02-11 18:49:53 - [MESSAGE][PASSED] - Object: 'Object Repository/1.MKP/Sell/div_Date Range_3 days' is clicked on

2023-02-11 18:49:53 - [TEST_STEP][PASSED] - click(findTestObject("Object Repository/1.MKP/Sell/button_Confirm_Duration")): Object: 'Object Repository/1.MKP/Sell/button_Confirm_Duration' is clicked on

2023-02-11 18:49:54 - [MESSAGE][PASSED] - Object: 'Object Repository/1.MKP/Sell/button_Confirm_Duration' is clicked on

2023-02-11 18:49:54 - [TEST_STEP][PASSED] - waitForElementClickable(findTestObject("Object Repository/1.MKP/Sell/button_Place on market"), 5): Object 'Object Repository/1.MKP/Sell/button_Place on market' is clickable

2023-02-11 18:49:54 - [MESSAGE][PASSED] - Object 'Object Repository/1.MKP/Sell/button_Place on market' is clickable

2023-02-11 18:49:54 - [TEST_STEP][PASSED] - click(findTestObject("Object Repository/1.MKP/Sell/button_Place on market")): Object: 'Object Repository/1.MKP/Sell/button_Place on market' is clicked on

2023-02-11 18:49:54 - [MESSAGE][PASSED] - Object: 'Object Repository/1.MKP/Sell/button_Place on market' is clicked on

2023-02-11 18:49:54 - [TEST_STEP][PASSED] - switchToWindowIndex(1): Switched to window with index: '1'

2023-02-11 18:49:54 - [MESSAGE][PASSED] - Switched to window with index: '1'

2023-02-11 18:49:54 - [TEST_STEP][PASSED] - click(findTestObject("1.MKP/Sell/button_Cancel")): Object: 'Object Repository/1.MKP/Sell/button_Cancel' is clicked on

2023-02-11 18:49:55 - [MESSAGE][PASSED] - Object: 'Object Repository/1.MKP/Sell/button_Cancel' is clicked on

2023-02-11 18:49:55 - [TEST_STEP][PASSED] - switchToWindowIndex(0): Switched to window with index: '0'

2023-02-11 18:49:55 - [MESSAGE][PASSED] - Switched to window with index: '0'

2023-02-11 18:49:55 - [TEST_STEP][PASSED] - closeBrowser(): Browser is closed

2023-02-11 18:49:56 - [MESSAGE][PASSED] - Browser is closed

2023-02-11 18:49:56 - [TEST_STEP][PASSED] - Start listener action : sampleAfterTestCase: null

2023-02-11 18:49:56 - [TEST_STEP][PASSED] - println("
... I am Listener inside sampleAfterTestCase function"): null]]></system-out>
         <system-err><![CDATA[]]></system-err>
      </testcase>
      <testcase name="Test Cases/1.MKP/Sell/Timed Auction/Sell_Timed Auction_Cancel_30 days" time="11.406" classname="Test Cases/1.MKP/Sell/Timed Auction/Sell_Timed Auction_Cancel_30 days" status="PASSED">
         <system-out><![CDATA[2023-02-11 18:49:56 - [TEST_CASE][PASSED] - Test Cases/1.MKP/Sell/Timed Auction/Sell_Timed Auction_Cancel_30 days: Test Cases/1.MKP/Sell/Timed Auction/Sell_Timed Auction_Cancel_30 days

2023-02-11 18:49:56 - [TEST_STEP][PASSED] - Start listener action : sampleBeforeTestCase: null

2023-02-11 18:49:56 - [TEST_STEP][PASSED] - println("
... I am Listener inside sampleBeforeTestCase function"): null

2023-02-11 18:49:56 - [TEST_STEP][PASSED] - callTestCase(findTestCase("1.MKP/BeforeTest/OpenChromeProfiles"), [:], STOP_ON_FAILURE): Call Test Case 'Test Cases/1.MKP/BeforeTest/OpenChromeProfiles' successfully

2023-02-11 18:49:56 - [TEST_CASE][PASSED] - Test Cases/1.MKP/BeforeTest/OpenChromeProfiles: Test Cases/1.MKP/BeforeTest/OpenChromeProfiles

2023-02-11 18:49:56 - [TEST_STEP][PASSED] - System.setProperty("webdriver.chrome.driver", "./webdrivers/chromedriver.exe"): null

2023-02-11 18:49:56 - [TEST_STEP][PASSED] - options = new org.openqa.selenium.chrome.ChromeOptions(): null

2023-02-11 18:49:56 - [TEST_STEP][PASSED] - eSwitches = new java.util.ArrayList(): null

2023-02-11 18:49:56 - [TEST_STEP][PASSED] - options.setExperimentalOption("excludeSwitches", eSwitches): null

2023-02-11 18:49:56 - [TEST_STEP][PASSED] - options.addArguments("--user-data-dir=C:/Users/LAP15239-local/AppData/Local/Google/Chrome/User Data"): null

2023-02-11 18:49:56 - [TEST_STEP][PASSED] - options.addArguments("--profile-directory=Profile 4"): null

2023-02-11 18:49:56 - [TEST_STEP][PASSED] - driver = new org.openqa.selenium.chrome.ChromeDriver(options): null

2023-02-11 18:49:57 - [TEST_STEP][PASSED] - changeWebDriver(driver): null

2023-02-11 18:49:59 - [TEST_STEP][PASSED] - maximizeWindow(): Current window maximized

2023-02-11 18:49:59 - [MESSAGE][PASSED] - Current window maximized

2023-02-11 18:49:59 - [MESSAGE][PASSED] - Call Test Case 'Test Cases/1.MKP/BeforeTest/OpenChromeProfiles' successfully

2023-02-11 18:49:59 - [TEST_STEP][PASSED] - navigateToUrl(MKP_url): Navigate to 'https://market.test.yoverse.io' successfully

2023-02-11 18:50:01 - [MESSAGE][PASSED] - Navigate to 'https://market.test.yoverse.io' successfully

2023-02-11 18:50:01 - [TEST_STEP][PASSED] - waitForElementClickable(findTestObject("Object Repository/1.MKP/Sell/img_header_profile_avatar"), 5): Object 'Object Repository/1.MKP/Sell/img_header_profile_avatar' is clickable

2023-02-11 18:50:01 - [MESSAGE][PASSED] - Object 'Object Repository/1.MKP/Sell/img_header_profile_avatar' is clickable

2023-02-11 18:50:01 - [TEST_STEP][PASSED] - click(findTestObject("Object Repository/1.MKP/Sell/img_header_profile_avatar")): Object: 'Object Repository/1.MKP/Sell/img_header_profile_avatar' is clicked on

2023-02-11 18:50:01 - [MESSAGE][PASSED] - Object: 'Object Repository/1.MKP/Sell/img_header_profile_avatar' is clicked on

2023-02-11 18:50:01 - [TEST_STEP][PASSED] - click(findTestObject("Object Repository/1.MKP/Sell/div_My Profile")): Object: 'Object Repository/1.MKP/Sell/div_My Profile' is clicked on

2023-02-11 18:50:02 - [MESSAGE][PASSED] - Object: 'Object Repository/1.MKP/Sell/div_My Profile' is clicked on

2023-02-11 18:50:02 - [TEST_STEP][PASSED] - click(findTestObject("Object Repository/1.MKP/Sell/div_Owned")): Object: 'Object Repository/1.MKP/Sell/div_Owned' is clicked on

2023-02-11 18:50:02 - [MESSAGE][PASSED] - Object: 'Object Repository/1.MKP/Sell/div_Owned' is clicked on

2023-02-11 18:50:02 - [TEST_STEP][PASSED] - click(findTestObject("Object Repository/1.MKP/Sell/button_Sell")): Object: 'Object Repository/1.MKP/Sell/button_Sell' is clicked on

2023-02-11 18:50:02 - [MESSAGE][PASSED] - Object: 'Object Repository/1.MKP/Sell/button_Sell' is clicked on

2023-02-11 18:50:02 - [TEST_STEP][PASSED] - click(findTestObject("Object Repository/1.MKP/Sell/div_Timed Auction")): Object: 'Object Repository/1.MKP/Sell/div_Timed Auction' is clicked on

2023-02-11 18:50:03 - [MESSAGE][PASSED] - Object: 'Object Repository/1.MKP/Sell/div_Timed Auction' is clicked on

2023-02-11 18:50:03 - [TEST_STEP][PASSED] - setText(findTestObject("Object Repository/1.MKP/Sell/input_price-amount"), priceToSell): Text '55' is set on object 'Object Repository/1.MKP/Sell/input_price-amount'

2023-02-11 18:50:03 - [MESSAGE][PASSED] - Text '55' is set on object 'Object Repository/1.MKP/Sell/input_price-amount'

2023-02-11 18:50:03 - [TEST_STEP][PASSED] - click(findTestObject("Object Repository/1.MKP/Sell/span_Include Buy Now option")): Object: 'Object Repository/1.MKP/Sell/span_Include Buy Now option' is clicked on

2023-02-11 18:50:03 - [MESSAGE][PASSED] - Object: 'Object Repository/1.MKP/Sell/span_Include Buy Now option' is clicked on

2023-02-11 18:50:03 - [TEST_STEP][PASSED] - click(findTestObject("Object Repository/1.MKP/Sell/span_Include Buy Now option")): Object: 'Object Repository/1.MKP/Sell/span_Include Buy Now option' is clicked on

2023-02-11 18:50:04 - [MESSAGE][PASSED] - Object: 'Object Repository/1.MKP/Sell/span_Include Buy Now option' is clicked on

2023-02-11 18:50:04 - [TEST_STEP][PASSED] - click(findTestObject("Object Repository/1.MKP/Sell/span_Private_Listing")): Object: 'Object Repository/1.MKP/Sell/span_Private_Listing' is clicked on

2023-02-11 18:50:04 - [MESSAGE][PASSED] - Object: 'Object Repository/1.MKP/Sell/span_Private_Listing' is clicked on

2023-02-11 18:50:04 - [TEST_STEP][PASSED] - click(findTestObject("Object Repository/1.MKP/Sell/span_Private_Listing")): Object: 'Object Repository/1.MKP/Sell/span_Private_Listing' is clicked on

2023-02-11 18:50:04 - [MESSAGE][PASSED] - Object: 'Object Repository/1.MKP/Sell/span_Private_Listing' is clicked on

2023-02-11 18:50:04 - [TEST_STEP][PASSED] - click(findTestObject("Object Repository/1.MKP/Sell/button_Method")): Object: 'Object Repository/1.MKP/Sell/button_Method' is clicked on

2023-02-11 18:50:04 - [MESSAGE][PASSED] - Object: 'Object Repository/1.MKP/Sell/button_Method' is clicked on

2023-02-11 18:50:04 - [TEST_STEP][PASSED] - click(findTestObject("Object Repository/1.MKP/Sell/div_Sell_to_the_highest_bidder")): Object: 'Object Repository/1.MKP/Sell/div_Sell_to_the_highest_bidder' is clicked on

2023-02-11 18:50:04 - [MESSAGE][PASSED] - Object: 'Object Repository/1.MKP/Sell/div_Sell_to_the_highest_bidder' is clicked on

2023-02-11 18:50:04 - [TEST_STEP][PASSED] - click(findTestObject("Object Repository/1.MKP/Sell/div_timed-auction-duration")): Object: 'Object Repository/1.MKP/Sell/div_timed-auction-duration' is clicked on

2023-02-11 18:50:04 - [MESSAGE][PASSED] - Object: 'Object Repository/1.MKP/Sell/div_timed-auction-duration' is clicked on

2023-02-11 18:50:04 - [TEST_STEP][PASSED] - click(findTestObject("Object Repository/1.MKP/Sell/button_dateRange")): Object: 'Object Repository/1.MKP/Sell/button_dateRange' is clicked on

2023-02-11 18:50:05 - [MESSAGE][PASSED] - Object: 'Object Repository/1.MKP/Sell/button_dateRange' is clicked on

2023-02-11 18:50:05 - [TEST_STEP][PASSED] - click(findTestObject("Object Repository/1.MKP/Sell/div_Date Range_3 days")): Object: 'Object Repository/1.MKP/Sell/div_Date Range_3 days' is clicked on

2023-02-11 18:50:05 - [MESSAGE][PASSED] - Object: 'Object Repository/1.MKP/Sell/div_Date Range_3 days' is clicked on

2023-02-11 18:50:05 - [TEST_STEP][PASSED] - click(findTestObject("Object Repository/1.MKP/Sell/button_Confirm_Duration")): Object: 'Object Repository/1.MKP/Sell/button_Confirm_Duration' is clicked on

2023-02-11 18:50:05 - [MESSAGE][PASSED] - Object: 'Object Repository/1.MKP/Sell/button_Confirm_Duration' is clicked on

2023-02-11 18:50:05 - [TEST_STEP][PASSED] - waitForElementClickable(findTestObject("Object Repository/1.MKP/Sell/button_Place on market"), 5): Object 'Object Repository/1.MKP/Sell/button_Place on market' is clickable

2023-02-11 18:50:05 - [MESSAGE][PASSED] - Object 'Object Repository/1.MKP/Sell/button_Place on market' is clickable

2023-02-11 18:50:05 - [TEST_STEP][PASSED] - click(findTestObject("Object Repository/1.MKP/Sell/button_Place on market")): Object: 'Object Repository/1.MKP/Sell/button_Place on market' is clicked on

2023-02-11 18:50:05 - [MESSAGE][PASSED] - Object: 'Object Repository/1.MKP/Sell/button_Place on market' is clicked on

2023-02-11 18:50:05 - [TEST_STEP][PASSED] - switchToWindowIndex(1): Switched to window with index: '1'

2023-02-11 18:50:05 - [MESSAGE][PASSED] - Switched to window with index: '1'

2023-02-11 18:50:05 - [TEST_STEP][PASSED] - click(findTestObject("1.MKP/Sell/button_Cancel")): Object: 'Object Repository/1.MKP/Sell/button_Cancel' is clicked on

2023-02-11 18:50:06 - [MESSAGE][PASSED] - Object: 'Object Repository/1.MKP/Sell/button_Cancel' is clicked on

2023-02-11 18:50:06 - [TEST_STEP][PASSED] - switchToWindowIndex(0): Switched to window with index: '0'

2023-02-11 18:50:06 - [MESSAGE][PASSED] - Switched to window with index: '0'

2023-02-11 18:50:06 - [TEST_STEP][PASSED] - closeBrowser(): Browser is closed

2023-02-11 18:50:07 - [MESSAGE][PASSED] - Browser is closed

2023-02-11 18:50:07 - [TEST_STEP][PASSED] - Start listener action : sampleAfterTestCase: null

2023-02-11 18:50:07 - [TEST_STEP][PASSED] - println("
... I am Listener inside sampleAfterTestCase function"): null]]></system-out>
         <system-err><![CDATA[]]></system-err>
      </testcase>
      <testcase name="Test Cases/1.MKP/Sell/Timed Auction/Sell_Timed Auction_Cancel_7 days" time="11.683" classname="Test Cases/1.MKP/Sell/Timed Auction/Sell_Timed Auction_Cancel_7 days" status="PASSED">
         <system-out><![CDATA[2023-02-11 18:50:07 - [TEST_CASE][PASSED] - Test Cases/1.MKP/Sell/Timed Auction/Sell_Timed Auction_Cancel_7 days: Test Cases/1.MKP/Sell/Timed Auction/Sell_Timed Auction_Cancel_7 days

2023-02-11 18:50:07 - [TEST_STEP][PASSED] - Start listener action : sampleBeforeTestCase: null

2023-02-11 18:50:07 - [TEST_STEP][PASSED] - println("
... I am Listener inside sampleBeforeTestCase function"): null

2023-02-11 18:50:07 - [TEST_STEP][PASSED] - callTestCase(findTestCase("1.MKP/BeforeTest/OpenChromeProfiles"), [:], STOP_ON_FAILURE): Call Test Case 'Test Cases/1.MKP/BeforeTest/OpenChromeProfiles' successfully

2023-02-11 18:50:07 - [TEST_CASE][PASSED] - Test Cases/1.MKP/BeforeTest/OpenChromeProfiles: Test Cases/1.MKP/BeforeTest/OpenChromeProfiles

2023-02-11 18:50:07 - [TEST_STEP][PASSED] - System.setProperty("webdriver.chrome.driver", "./webdrivers/chromedriver.exe"): null

2023-02-11 18:50:07 - [TEST_STEP][PASSED] - options = new org.openqa.selenium.chrome.ChromeOptions(): null

2023-02-11 18:50:07 - [TEST_STEP][PASSED] - eSwitches = new java.util.ArrayList(): null

2023-02-11 18:50:07 - [TEST_STEP][PASSED] - options.setExperimentalOption("excludeSwitches", eSwitches): null

2023-02-11 18:50:07 - [TEST_STEP][PASSED] - options.addArguments("--user-data-dir=C:/Users/LAP15239-local/AppData/Local/Google/Chrome/User Data"): null

2023-02-11 18:50:07 - [TEST_STEP][PASSED] - options.addArguments("--profile-directory=Profile 4"): null

2023-02-11 18:50:07 - [TEST_STEP][PASSED] - driver = new org.openqa.selenium.chrome.ChromeDriver(options): null

2023-02-11 18:50:09 - [TEST_STEP][PASSED] - changeWebDriver(driver): null

2023-02-11 18:50:10 - [TEST_STEP][PASSED] - maximizeWindow(): Current window maximized

2023-02-11 18:50:10 - [MESSAGE][PASSED] - Current window maximized

2023-02-11 18:50:10 - [MESSAGE][PASSED] - Call Test Case 'Test Cases/1.MKP/BeforeTest/OpenChromeProfiles' successfully

2023-02-11 18:50:10 - [TEST_STEP][PASSED] - navigateToUrl(MKP_url): Navigate to 'https://market.test.yoverse.io' successfully

2023-02-11 18:50:13 - [MESSAGE][PASSED] - Navigate to 'https://market.test.yoverse.io' successfully

2023-02-11 18:50:13 - [TEST_STEP][PASSED] - waitForElementClickable(findTestObject("Object Repository/1.MKP/Sell/img_header_profile_avatar"), 5): Object 'Object Repository/1.MKP/Sell/img_header_profile_avatar' is clickable

2023-02-11 18:50:13 - [MESSAGE][PASSED] - Object 'Object Repository/1.MKP/Sell/img_header_profile_avatar' is clickable

2023-02-11 18:50:13 - [TEST_STEP][PASSED] - click(findTestObject("Object Repository/1.MKP/Sell/img_header_profile_avatar")): Object: 'Object Repository/1.MKP/Sell/img_header_profile_avatar' is clicked on

2023-02-11 18:50:13 - [MESSAGE][PASSED] - Object: 'Object Repository/1.MKP/Sell/img_header_profile_avatar' is clicked on

2023-02-11 18:50:13 - [TEST_STEP][PASSED] - click(findTestObject("Object Repository/1.MKP/Sell/div_My Profile")): Object: 'Object Repository/1.MKP/Sell/div_My Profile' is clicked on

2023-02-11 18:50:13 - [MESSAGE][PASSED] - Object: 'Object Repository/1.MKP/Sell/div_My Profile' is clicked on

2023-02-11 18:50:13 - [TEST_STEP][PASSED] - click(findTestObject("Object Repository/1.MKP/Sell/div_Owned")): Object: 'Object Repository/1.MKP/Sell/div_Owned' is clicked on

2023-02-11 18:50:14 - [MESSAGE][PASSED] - Object: 'Object Repository/1.MKP/Sell/div_Owned' is clicked on

2023-02-11 18:50:14 - [TEST_STEP][PASSED] - click(findTestObject("Object Repository/1.MKP/Sell/button_Sell")): Object: 'Object Repository/1.MKP/Sell/button_Sell' is clicked on

2023-02-11 18:50:14 - [MESSAGE][PASSED] - Object: 'Object Repository/1.MKP/Sell/button_Sell' is clicked on

2023-02-11 18:50:14 - [TEST_STEP][PASSED] - click(findTestObject("Object Repository/1.MKP/Sell/div_Timed Auction")): Object: 'Object Repository/1.MKP/Sell/div_Timed Auction' is clicked on

2023-02-11 18:50:15 - [MESSAGE][PASSED] - Object: 'Object Repository/1.MKP/Sell/div_Timed Auction' is clicked on

2023-02-11 18:50:15 - [TEST_STEP][PASSED] - setText(findTestObject("Object Repository/1.MKP/Sell/input_price-amount"), priceToSell): Text '55' is set on object 'Object Repository/1.MKP/Sell/input_price-amount'

2023-02-11 18:50:15 - [MESSAGE][PASSED] - Text '55' is set on object 'Object Repository/1.MKP/Sell/input_price-amount'

2023-02-11 18:50:15 - [TEST_STEP][PASSED] - click(findTestObject("Object Repository/1.MKP/Sell/span_Include Buy Now option")): Object: 'Object Repository/1.MKP/Sell/span_Include Buy Now option' is clicked on

2023-02-11 18:50:15 - [MESSAGE][PASSED] - Object: 'Object Repository/1.MKP/Sell/span_Include Buy Now option' is clicked on

2023-02-11 18:50:15 - [TEST_STEP][PASSED] - click(findTestObject("Object Repository/1.MKP/Sell/span_Include Buy Now option")): Object: 'Object Repository/1.MKP/Sell/span_Include Buy Now option' is clicked on

2023-02-11 18:50:15 - [MESSAGE][PASSED] - Object: 'Object Repository/1.MKP/Sell/span_Include Buy Now option' is clicked on

2023-02-11 18:50:15 - [TEST_STEP][PASSED] - click(findTestObject("Object Repository/1.MKP/Sell/span_Private_Listing")): Object: 'Object Repository/1.MKP/Sell/span_Private_Listing' is clicked on

2023-02-11 18:50:15 - [MESSAGE][PASSED] - Object: 'Object Repository/1.MKP/Sell/span_Private_Listing' is clicked on

2023-02-11 18:50:15 - [TEST_STEP][PASSED] - click(findTestObject("Object Repository/1.MKP/Sell/span_Private_Listing")): Object: 'Object Repository/1.MKP/Sell/span_Private_Listing' is clicked on

2023-02-11 18:50:16 - [MESSAGE][PASSED] - Object: 'Object Repository/1.MKP/Sell/span_Private_Listing' is clicked on

2023-02-11 18:50:16 - [TEST_STEP][PASSED] - click(findTestObject("Object Repository/1.MKP/Sell/button_Method")): Object: 'Object Repository/1.MKP/Sell/button_Method' is clicked on

2023-02-11 18:50:16 - [MESSAGE][PASSED] - Object: 'Object Repository/1.MKP/Sell/button_Method' is clicked on

2023-02-11 18:50:16 - [TEST_STEP][PASSED] - click(findTestObject("Object Repository/1.MKP/Sell/div_Sell_to_the_highest_bidder")): Object: 'Object Repository/1.MKP/Sell/div_Sell_to_the_highest_bidder' is clicked on

2023-02-11 18:50:16 - [MESSAGE][PASSED] - Object: 'Object Repository/1.MKP/Sell/div_Sell_to_the_highest_bidder' is clicked on

2023-02-11 18:50:16 - [TEST_STEP][PASSED] - click(findTestObject("Object Repository/1.MKP/Sell/div_timed-auction-duration")): Object: 'Object Repository/1.MKP/Sell/div_timed-auction-duration' is clicked on

2023-02-11 18:50:16 - [MESSAGE][PASSED] - Object: 'Object Repository/1.MKP/Sell/div_timed-auction-duration' is clicked on

2023-02-11 18:50:16 - [TEST_STEP][PASSED] - click(findTestObject("Object Repository/1.MKP/Sell/button_dateRange")): Object: 'Object Repository/1.MKP/Sell/button_dateRange' is clicked on

2023-02-11 18:50:16 - [MESSAGE][PASSED] - Object: 'Object Repository/1.MKP/Sell/button_dateRange' is clicked on

2023-02-11 18:50:16 - [TEST_STEP][PASSED] - click(findTestObject("Object Repository/1.MKP/Sell/div_Date Range_7 days")): Object: 'Object Repository/1.MKP/Sell/div_Date Range_7 days' is clicked on

2023-02-11 18:50:16 - [MESSAGE][PASSED] - Object: 'Object Repository/1.MKP/Sell/div_Date Range_7 days' is clicked on

2023-02-11 18:50:16 - [TEST_STEP][PASSED] - click(findTestObject("Object Repository/1.MKP/Sell/button_Confirm_Duration")): Object: 'Object Repository/1.MKP/Sell/button_Confirm_Duration' is clicked on

2023-02-11 18:50:17 - [MESSAGE][PASSED] - Object: 'Object Repository/1.MKP/Sell/button_Confirm_Duration' is clicked on

2023-02-11 18:50:17 - [TEST_STEP][PASSED] - waitForElementClickable(findTestObject("Object Repository/1.MKP/Sell/button_Place on market"), 5): Object 'Object Repository/1.MKP/Sell/button_Place on market' is clickable

2023-02-11 18:50:17 - [MESSAGE][PASSED] - Object 'Object Repository/1.MKP/Sell/button_Place on market' is clickable

2023-02-11 18:50:17 - [TEST_STEP][PASSED] - click(findTestObject("Object Repository/1.MKP/Sell/button_Place on market")): Object: 'Object Repository/1.MKP/Sell/button_Place on market' is clicked on

2023-02-11 18:50:17 - [MESSAGE][PASSED] - Object: 'Object Repository/1.MKP/Sell/button_Place on market' is clicked on

2023-02-11 18:50:17 - [TEST_STEP][PASSED] - switchToWindowIndex(1): Switched to window with index: '1'

2023-02-11 18:50:17 - [MESSAGE][PASSED] - Switched to window with index: '1'

2023-02-11 18:50:17 - [TEST_STEP][PASSED] - click(findTestObject("1.MKP/Sell/button_Cancel")): Object: 'Object Repository/1.MKP/Sell/button_Cancel' is clicked on

2023-02-11 18:50:18 - [MESSAGE][PASSED] - Object: 'Object Repository/1.MKP/Sell/button_Cancel' is clicked on

2023-02-11 18:50:18 - [TEST_STEP][PASSED] - switchToWindowIndex(0): Switched to window with index: '0'

2023-02-11 18:50:18 - [MESSAGE][PASSED] - Switched to window with index: '0'

2023-02-11 18:50:18 - [TEST_STEP][PASSED] - closeBrowser(): Browser is closed

2023-02-11 18:50:19 - [MESSAGE][PASSED] - Browser is closed

2023-02-11 18:50:19 - [TEST_STEP][PASSED] - Start listener action : sampleAfterTestCase: null

2023-02-11 18:50:19 - [TEST_STEP][PASSED] - println("
... I am Listener inside sampleAfterTestCase function"): null]]></system-out>
         <system-err><![CDATA[]]></system-err>
      </testcase>
      <testcase name="Test Cases/1.MKP/Sell/Timed Auction/Sell_Timed Auction_Cancel_Set Full" time="16.308" classname="Test Cases/1.MKP/Sell/Timed Auction/Sell_Timed Auction_Cancel_Set Full" status="PASSED">
         <system-out><![CDATA[2023-02-11 18:50:19 - [TEST_CASE][PASSED] - Test Cases/1.MKP/Sell/Timed Auction/Sell_Timed Auction_Cancel_Set Full: Test Cases/1.MKP/Sell/Timed Auction/Sell_Timed Auction_Cancel_Set Full

2023-02-11 18:50:19 - [TEST_STEP][PASSED] - Start listener action : sampleBeforeTestCase: null

2023-02-11 18:50:19 - [TEST_STEP][PASSED] - println("
... I am Listener inside sampleBeforeTestCase function"): null

2023-02-11 18:50:19 - [TEST_STEP][PASSED] - callTestCase(findTestCase("1.MKP/BeforeTest/OpenChromeProfiles"), [:], STOP_ON_FAILURE): Call Test Case 'Test Cases/1.MKP/BeforeTest/OpenChromeProfiles' successfully

2023-02-11 18:50:19 - [TEST_CASE][PASSED] - Test Cases/1.MKP/BeforeTest/OpenChromeProfiles: Test Cases/1.MKP/BeforeTest/OpenChromeProfiles

2023-02-11 18:50:19 - [TEST_STEP][PASSED] - System.setProperty("webdriver.chrome.driver", "./webdrivers/chromedriver.exe"): null

2023-02-11 18:50:19 - [TEST_STEP][PASSED] - options = new org.openqa.selenium.chrome.ChromeOptions(): null

2023-02-11 18:50:19 - [TEST_STEP][PASSED] - eSwitches = new java.util.ArrayList(): null

2023-02-11 18:50:19 - [TEST_STEP][PASSED] - options.setExperimentalOption("excludeSwitches", eSwitches): null

2023-02-11 18:50:19 - [TEST_STEP][PASSED] - options.addArguments("--user-data-dir=C:/Users/LAP15239-local/AppData/Local/Google/Chrome/User Data"): null

2023-02-11 18:50:19 - [TEST_STEP][PASSED] - options.addArguments("--profile-directory=Profile 4"): null

2023-02-11 18:50:19 - [TEST_STEP][PASSED] - driver = new org.openqa.selenium.chrome.ChromeDriver(options): null

2023-02-11 18:50:20 - [TEST_STEP][PASSED] - changeWebDriver(driver): null

2023-02-11 18:50:22 - [TEST_STEP][PASSED] - maximizeWindow(): Current window maximized

2023-02-11 18:50:22 - [MESSAGE][PASSED] - Current window maximized

2023-02-11 18:50:22 - [MESSAGE][PASSED] - Call Test Case 'Test Cases/1.MKP/BeforeTest/OpenChromeProfiles' successfully

2023-02-11 18:50:22 - [TEST_STEP][PASSED] - navigateToUrl(MKP_url): Navigate to 'https://market.test.yoverse.io' successfully

2023-02-11 18:50:28 - [MESSAGE][PASSED] - Navigate to 'https://market.test.yoverse.io' successfully

2023-02-11 18:50:28 - [TEST_STEP][PASSED] - waitForElementClickable(findTestObject("Object Repository/1.MKP/Sell/img_header_profile_avatar"), 5): Object 'Object Repository/1.MKP/Sell/img_header_profile_avatar' is clickable

2023-02-11 18:50:28 - [MESSAGE][PASSED] - Object 'Object Repository/1.MKP/Sell/img_header_profile_avatar' is clickable

2023-02-11 18:50:28 - [TEST_STEP][PASSED] - click(findTestObject("Object Repository/1.MKP/Sell/img_header_profile_avatar")): Object: 'Object Repository/1.MKP/Sell/img_header_profile_avatar' is clicked on

2023-02-11 18:50:28 - [MESSAGE][PASSED] - Object: 'Object Repository/1.MKP/Sell/img_header_profile_avatar' is clicked on

2023-02-11 18:50:28 - [TEST_STEP][PASSED] - click(findTestObject("Object Repository/1.MKP/Sell/div_My Profile")): Object: 'Object Repository/1.MKP/Sell/div_My Profile' is clicked on

2023-02-11 18:50:28 - [MESSAGE][PASSED] - Object: 'Object Repository/1.MKP/Sell/div_My Profile' is clicked on

2023-02-11 18:50:28 - [TEST_STEP][PASSED] - click(findTestObject("Object Repository/1.MKP/Sell/div_Owned")): Object: 'Object Repository/1.MKP/Sell/div_Owned' is clicked on

2023-02-11 18:50:28 - [MESSAGE][PASSED] - Object: 'Object Repository/1.MKP/Sell/div_Owned' is clicked on

2023-02-11 18:50:28 - [TEST_STEP][PASSED] - click(findTestObject("Object Repository/1.MKP/Sell/button_Sell")): Object: 'Object Repository/1.MKP/Sell/button_Sell' is clicked on

2023-02-11 18:50:29 - [MESSAGE][PASSED] - Object: 'Object Repository/1.MKP/Sell/button_Sell' is clicked on

2023-02-11 18:50:29 - [TEST_STEP][PASSED] - click(findTestObject("Object Repository/1.MKP/Sell/div_Timed Auction")): Object: 'Object Repository/1.MKP/Sell/div_Timed Auction' is clicked on

2023-02-11 18:50:30 - [MESSAGE][PASSED] - Object: 'Object Repository/1.MKP/Sell/div_Timed Auction' is clicked on

2023-02-11 18:50:30 - [TEST_STEP][PASSED] - click(findTestObject("Object Repository/1.MKP/Sell/button_Method")): Object: 'Object Repository/1.MKP/Sell/button_Method' is clicked on

2023-02-11 18:50:30 - [MESSAGE][PASSED] - Object: 'Object Repository/1.MKP/Sell/button_Method' is clicked on

2023-02-11 18:50:30 - [TEST_STEP][PASSED] - click(findTestObject("Object Repository/1.MKP/Sell/div_Sell_to_the_highest_bidder")): Object: 'Object Repository/1.MKP/Sell/div_Sell_to_the_highest_bidder' is clicked on

2023-02-11 18:50:30 - [MESSAGE][PASSED] - Object: 'Object Repository/1.MKP/Sell/div_Sell_to_the_highest_bidder' is clicked on

2023-02-11 18:50:30 - [TEST_STEP][PASSED] - click(findTestObject("Object Repository/1.MKP/Sell/div_timed-auction-duration")): Object: 'Object Repository/1.MKP/Sell/div_timed-auction-duration' is clicked on

2023-02-11 18:50:30 - [MESSAGE][PASSED] - Object: 'Object Repository/1.MKP/Sell/div_timed-auction-duration' is clicked on

2023-02-11 18:50:30 - [TEST_STEP][PASSED] - click(findTestObject("Object Repository/1.MKP/Sell/button_dateRange")): Object: 'Object Repository/1.MKP/Sell/button_dateRange' is clicked on

2023-02-11 18:50:30 - [MESSAGE][PASSED] - Object: 'Object Repository/1.MKP/Sell/button_dateRange' is clicked on

2023-02-11 18:50:30 - [TEST_STEP][PASSED] - click(findTestObject("Object Repository/1.MKP/Sell/div_Date Range_24 hours")): Object: 'Object Repository/1.MKP/Sell/div_Date Range_24 hours' is clicked on

2023-02-11 18:50:30 - [MESSAGE][PASSED] - Object: 'Object Repository/1.MKP/Sell/div_Date Range_24 hours' is clicked on

2023-02-11 18:50:30 - [TEST_STEP][PASSED] - click(findTestObject("Object Repository/1.MKP/Sell/button_Confirm_Duration")): Object: 'Object Repository/1.MKP/Sell/button_Confirm_Duration' is clicked on

2023-02-11 18:50:31 - [MESSAGE][PASSED] - Object: 'Object Repository/1.MKP/Sell/button_Confirm_Duration' is clicked on

2023-02-11 18:50:31 - [TEST_STEP][PASSED] - click(findTestObject("Object Repository/1.MKP/Sell/button_minimum-bid-increment")): Object: 'Object Repository/1.MKP/Sell/button_minimum-bid-increment' is clicked on

2023-02-11 18:50:31 - [MESSAGE][PASSED] - Object: 'Object Repository/1.MKP/Sell/button_minimum-bid-increment' is clicked on

2023-02-11 18:50:31 - [TEST_STEP][PASSED] - click(findTestObject("Object Repository/1.MKP/Sell/div_Bid Increment_5")): Object: 'Object Repository/1.MKP/Sell/div_Bid Increment_5' is clicked on

2023-02-11 18:50:31 - [MESSAGE][PASSED] - Object: 'Object Repository/1.MKP/Sell/div_Bid Increment_5' is clicked on

2023-02-11 18:50:31 - [TEST_STEP][PASSED] - click(findTestObject("Object Repository/1.MKP/Sell/button_start-price-token")): Object: 'Object Repository/1.MKP/Sell/button_start-price-token' is clicked on

2023-02-11 18:50:31 - [MESSAGE][PASSED] - Object: 'Object Repository/1.MKP/Sell/button_start-price-token' is clicked on

2023-02-11 18:50:31 - [TEST_STEP][PASSED] - click(findTestObject("Object Repository/1.MKP/Sell/div_Token_0")): Object: 'Object Repository/1.MKP/Sell/div_Token_0' is clicked on

2023-02-11 18:50:31 - [MESSAGE][PASSED] - Object: 'Object Repository/1.MKP/Sell/div_Token_0' is clicked on

2023-02-11 18:50:31 - [TEST_STEP][PASSED] - setText(findTestObject("Object Repository/1.MKP/Sell/input_price-amount"), priceToSell): Text '55' is set on object 'Object Repository/1.MKP/Sell/input_price-amount'

2023-02-11 18:50:31 - [MESSAGE][PASSED] - Text '55' is set on object 'Object Repository/1.MKP/Sell/input_price-amount'

2023-02-11 18:50:31 - [TEST_STEP][PASSED] - click(findTestObject("Object Repository/1.MKP/Sell/span_Include Buy Now option")): Object: 'Object Repository/1.MKP/Sell/span_Include Buy Now option' is clicked on

2023-02-11 18:50:32 - [MESSAGE][PASSED] - Object: 'Object Repository/1.MKP/Sell/span_Include Buy Now option' is clicked on

2023-02-11 18:50:32 - [TEST_STEP][PASSED] - click(findTestObject("Object Repository/1.MKP/Sell/button_buy-now-token")): Object: 'Object Repository/1.MKP/Sell/button_buy-now-token' is clicked on

2023-02-11 18:50:32 - [MESSAGE][PASSED] - Object: 'Object Repository/1.MKP/Sell/button_buy-now-token' is clicked on

2023-02-11 18:50:32 - [TEST_STEP][PASSED] - setText(findTestObject("Object Repository/1.MKP/Sell/input_buy-now-amount"), priceToBuyNow): Text '100' is set on object 'Object Repository/1.MKP/Sell/input_buy-now-amount'

2023-02-11 18:50:32 - [MESSAGE][PASSED] - Text '100' is set on object 'Object Repository/1.MKP/Sell/input_buy-now-amount'

2023-02-11 18:50:32 - [TEST_STEP][PASSED] - click(findTestObject("Object Repository/1.MKP/Sell/span_Private_listing")): Object: 'Object Repository/1.MKP/Sell/span_Private_listing' is clicked on

2023-02-11 18:50:32 - [MESSAGE][PASSED] - Object: 'Object Repository/1.MKP/Sell/span_Private_listing' is clicked on

2023-02-11 18:50:32 - [TEST_STEP][PASSED] - click(findTestObject("Object Repository/1.MKP/Sell/div_Manage member")): Object: 'Object Repository/1.MKP/Sell/div_Manage member' is clicked on

2023-02-11 18:50:32 - [MESSAGE][PASSED] - Object: 'Object Repository/1.MKP/Sell/div_Manage member' is clicked on

2023-02-11 18:50:32 - [TEST_STEP][PASSED] - setText(findTestObject("Object Repository/1.MKP/Sell/input_Wallet Address or Username"), "lamldt"): Text 'lamldt' is set on object 'Object Repository/1.MKP/Sell/input_Wallet Address or Username'

2023-02-11 18:50:33 - [MESSAGE][PASSED] - Text 'lamldt' is set on object 'Object Repository/1.MKP/Sell/input_Wallet Address or Username'

2023-02-11 18:50:33 - [TEST_STEP][PASSED] - click(findTestObject("Object Repository/1.MKP/Sell/div_Add member")): Object: 'Object Repository/1.MKP/Sell/div_Add member' is clicked on

2023-02-11 18:50:33 - [MESSAGE][PASSED] - Object: 'Object Repository/1.MKP/Sell/div_Add member' is clicked on

2023-02-11 18:50:33 - [TEST_STEP][PASSED] - click(findTestObject("Object Repository/1.MKP/Sell/div_Done")): Object: 'Object Repository/1.MKP/Sell/div_Done' is clicked on

2023-02-11 18:50:33 - [MESSAGE][PASSED] - Object: 'Object Repository/1.MKP/Sell/div_Done' is clicked on

2023-02-11 18:50:33 - [TEST_STEP][PASSED] - waitForElementClickable(findTestObject("Object Repository/1.MKP/Sell/button_Place on market"), 5): Object 'Object Repository/1.MKP/Sell/button_Place on market' is clickable

2023-02-11 18:50:33 - [MESSAGE][PASSED] - Object 'Object Repository/1.MKP/Sell/button_Place on market' is clickable

2023-02-11 18:50:33 - [TEST_STEP][PASSED] - click(findTestObject("Object Repository/1.MKP/Sell/button_Place on market")): Object: 'Object Repository/1.MKP/Sell/button_Place on market' is clicked on

2023-02-11 18:50:33 - [MESSAGE][PASSED] - Object: 'Object Repository/1.MKP/Sell/button_Place on market' is clicked on

2023-02-11 18:50:33 - [TEST_STEP][PASSED] - switchToWindowIndex(1): Switched to window with index: '1'

2023-02-11 18:50:33 - [MESSAGE][PASSED] - Switched to window with index: '1'

2023-02-11 18:50:33 - [TEST_STEP][PASSED] - click(findTestObject("1.MKP/Sell/button_Cancel")): Object: 'Object Repository/1.MKP/Sell/button_Cancel' is clicked on

2023-02-11 18:50:34 - [MESSAGE][PASSED] - Object: 'Object Repository/1.MKP/Sell/button_Cancel' is clicked on

2023-02-11 18:50:34 - [TEST_STEP][PASSED] - switchToWindowIndex(0): Switched to window with index: '0'

2023-02-11 18:50:34 - [MESSAGE][PASSED] - Switched to window with index: '0'

2023-02-11 18:50:34 - [TEST_STEP][PASSED] - closeBrowser(): Browser is closed

2023-02-11 18:50:35 - [MESSAGE][PASSED] - Browser is closed

2023-02-11 18:50:35 - [TEST_STEP][PASSED] - Start listener action : sampleAfterTestCase: null

2023-02-11 18:50:35 - [TEST_STEP][PASSED] - println("
... I am Listener inside sampleAfterTestCase function"): null]]></system-out>
         <system-err><![CDATA[]]></system-err>
      </testcase>
      <system-out><![CDATA[2023-02-11 18:46:29 - [TEST_SUITE][PASSED] - MKP: Test Cases/1.MKP/Sell/Timed Auction/Sell_Timed Auction_Cancel_Set Full]]></system-out>
      <system-err><![CDATA[]]></system-err>
   </testsuite>
</testsuites>
