<?xml version="1.0" encoding="UTF-8"?>
<testsuites name="TestSuiteForDataDrivenTests" time="49.028" tests="2" failures="0" errors="0">
   <testsuite name="TestSuiteForDataDrivenTests" tests="2" failures="0" errors="0" time="49.028" skipped="0" timestamp="2022-12-12 10:34:27" hostname="LAP15239-local - ManhTT" id="Test Suites/TestSuiteForDataDrivenTests">
      <properties>
         <property name="deviceName" value=""/>
         <property name="devicePlatform" value=""/>
         <property name="logFolder" value="C:\\Users\\LAP15239-local\\Katalon Studio\\git\\katalon\\Reports\\20221212_103418\\TestSuiteForDataDrivenTests\\20221212_103418"/>
         <property name="logFiles" value="C:\\Users\\LAP15239-local\\Katalon Studio\\git\\katalon\\Reports\\20221212_103418\\TestSuiteForDataDrivenTests\\20221212_103418\\execution0.log"/>
         <property name="attachments" value=""/>
         <property name="hostName" value="LAP15239-local - ManhTT"/>
         <property name="os" value="Windows 10 64bit"/>
         <property name="katalonVersion" value="8.5.5.208"/>
         <property name="browser" value="Chrome 108.0.0.0"/>
         <property name="hostAddress" value="172.25.42.186"/>
         <property name="sessionId" value="4caaf71bf3bec1db87147b96370cf2f4"/>
         <property name="seleniumVersion" value="3.141.59"/>
         <property name="proxyInformation" value="ProxyInformation { proxyOption=NO_PROXY, proxyServerType=HTTP, username=, password=********, proxyServerAddress=, proxyServerPort=0, executionList=&quot;&quot;, isApplyToDesiredCapabilities=true }"/>
         <property name="platform" value="Windows 10"/>
      </properties>
      <testcase name="Test Cases/DataDrivenTests/Test1_DataDrivenTests" time="23.613" classname="Test Cases/DataDrivenTests/Test1_DataDrivenTests" status="PASSED">
         <system-out><![CDATA[2022-12-12 10:34:27 - [TEST_CASE][PASSED] - Test Cases/DataDrivenTests/Test1_DataDrivenTests: Test Cases/DataDrivenTests/Test1_DataDrivenTests

2022-12-12 10:34:28 - [TEST_STEP][PASSED] - name = "Automation": null

2022-12-12 10:34:28 - [TEST_STEP][PASSED] - openBrowser(""): Browser is opened with url: ''

2022-12-12 10:34:28 - [MESSAGE][INFO] - Starting 'Chrome' driver

2022-12-12 10:34:28 - [MESSAGE][INFO] - Action delay is set to 0 milliseconds

2022-12-12 10:34:30 - [MESSAGE][PASSED] - Browser is opened with url: ''

2022-12-12 10:34:30 - [TEST_STEP][PASSED] - navigateToUrl("https://opensource-demo.orangehrmlive.com/web/index.php/auth/login"): Navigate to 'https://opensource-demo.orangehrmlive.com/web/index.php/auth/login' successfully

2022-12-12 10:34:36 - [MESSAGE][PASSED] - Navigate to 'https://opensource-demo.orangehrmlive.com/web/index.php/auth/login' successfully

2022-12-12 10:34:36 - [TEST_STEP][PASSED] - for ([rowNum = 1, rowNum <= findTestData("data1").getRowNumbers(), (rowNum++)]): null

2022-12-12 10:34:36 - [TEST_STEP][PASSED] - setText(findTestObject("Object Repository/RecordOnExistingBrowser/OpenChainlist/Page_OrangeHRM/Page_OrangeHRM/input_Username_username"), findTestData("data1").getValue(1, rowNum)): Text 'Admin' is set on object 'Object Repository/RecordOnExistingBrowser/OpenChainlist/Page_OrangeHRM/Page_OrangeHRM/input_Username_username'

2022-12-12 10:34:37 - [MESSAGE][PASSED] - Text 'Admin' is set on object 'Object Repository/RecordOnExistingBrowser/OpenChainlist/Page_OrangeHRM/Page_OrangeHRM/input_Username_username'

2022-12-12 10:34:37 - [TEST_STEP][PASSED] - Thread.sleep(2000): null

2022-12-12 10:34:39 - [TEST_STEP][PASSED] - setText(findTestObject("Object Repository/RecordOnExistingBrowser/OpenChainlist/Page_OrangeHRM/Page_OrangeHRM/input_Password_password"), findTestData("data1").getValue(2, rowNum)): Text 'admin123' is set on object 'Object Repository/RecordOnExistingBrowser/OpenChainlist/Page_OrangeHRM/Page_OrangeHRM/input_Password_password'

2022-12-12 10:34:40 - [MESSAGE][PASSED] - Text 'admin123' is set on object 'Object Repository/RecordOnExistingBrowser/OpenChainlist/Page_OrangeHRM/Page_OrangeHRM/input_Password_password'

2022-12-12 10:34:40 - [TEST_STEP][PASSED] - Thread.sleep(2000): null

2022-12-12 10:34:42 - [TEST_STEP][PASSED] - setText(findTestObject("Object Repository/RecordOnExistingBrowser/OpenChainlist/Page_OrangeHRM/Page_OrangeHRM/input_Username_username"), findTestData("data1").getValue(1, rowNum)): Text 'Admin2' is set on object 'Object Repository/RecordOnExistingBrowser/OpenChainlist/Page_OrangeHRM/Page_OrangeHRM/input_Username_username'

2022-12-12 10:34:43 - [MESSAGE][PASSED] - Text 'Admin2' is set on object 'Object Repository/RecordOnExistingBrowser/OpenChainlist/Page_OrangeHRM/Page_OrangeHRM/input_Username_username'

2022-12-12 10:34:43 - [TEST_STEP][PASSED] - Thread.sleep(2000): null

2022-12-12 10:34:45 - [TEST_STEP][PASSED] - setText(findTestObject("Object Repository/RecordOnExistingBrowser/OpenChainlist/Page_OrangeHRM/Page_OrangeHRM/input_Password_password"), findTestData("data1").getValue(2, rowNum)): Text 'admin1234' is set on object 'Object Repository/RecordOnExistingBrowser/OpenChainlist/Page_OrangeHRM/Page_OrangeHRM/input_Password_password'

2022-12-12 10:34:46 - [MESSAGE][PASSED] - Text 'admin1234' is set on object 'Object Repository/RecordOnExistingBrowser/OpenChainlist/Page_OrangeHRM/Page_OrangeHRM/input_Password_password'

2022-12-12 10:34:46 - [TEST_STEP][PASSED] - Thread.sleep(2000): null

2022-12-12 10:34:48 - [TEST_STEP][PASSED] - click(findTestObject("Object Repository/RecordOnExistingBrowser/OpenChainlist/Page_OrangeHRM/Page_OrangeHRM/button_Login")): Object: 'Object Repository/RecordOnExistingBrowser/OpenChainlist/Page_OrangeHRM/Page_OrangeHRM/button_Login' is clicked on

2022-12-12 10:34:48 - [MESSAGE][PASSED] - Object: 'Object Repository/RecordOnExistingBrowser/OpenChainlist/Page_OrangeHRM/Page_OrangeHRM/button_Login' is clicked on

2022-12-12 10:34:48 - [TEST_STEP][PASSED] - closeBrowser(): Browser is closed

2022-12-12 10:34:49 - [MESSAGE][PASSED] - Browser is closed

2022-12-12 10:34:51 - [TEST_STEP][PASSED] - Video: Video recording for test case 'Test Cases/DataDrivenTests/Test1_DataDrivenTests' .

2022-12-12 10:34:51 - [MESSAGE][INFO] - Video recording for test case 'Test Cases/DataDrivenTests/Test1_DataDrivenTests' .]]></system-out>
         <system-err><![CDATA[]]></system-err>
      </testcase>
      <testcase name="Test Cases/DataDrivenTests/Test1_DataDrivenTests" time="25.137" classname="Test Cases/DataDrivenTests/Test1_DataDrivenTests" status="PASSED">
         <system-out><![CDATA[2022-12-12 10:34:51 - [TEST_CASE][PASSED] - Test Cases/DataDrivenTests/Test1_DataDrivenTests: Test Cases/DataDrivenTests/Test1_DataDrivenTests

2022-12-12 10:34:51 - [TEST_STEP][PASSED] - name = "Automation": null

2022-12-12 10:34:51 - [TEST_STEP][PASSED] - openBrowser(""): Browser is opened with url: ''

2022-12-12 10:34:51 - [MESSAGE][INFO] - Starting 'Chrome' driver

2022-12-12 10:34:51 - [MESSAGE][INFO] - Action delay is set to 0 milliseconds

2022-12-12 10:34:52 - [MESSAGE][PASSED] - Browser is opened with url: ''

2022-12-12 10:34:52 - [TEST_STEP][PASSED] - navigateToUrl("https://opensource-demo.orangehrmlive.com/web/index.php/auth/login"): Navigate to 'https://opensource-demo.orangehrmlive.com/web/index.php/auth/login' successfully

2022-12-12 10:35:01 - [MESSAGE][PASSED] - Navigate to 'https://opensource-demo.orangehrmlive.com/web/index.php/auth/login' successfully

2022-12-12 10:35:01 - [TEST_STEP][PASSED] - for ([rowNum = 1, rowNum <= findTestData("data1").getRowNumbers(), (rowNum++)]): null

2022-12-12 10:35:01 - [TEST_STEP][PASSED] - setText(findTestObject("Object Repository/RecordOnExistingBrowser/OpenChainlist/Page_OrangeHRM/Page_OrangeHRM/input_Username_username"), findTestData("data1").getValue(1, rowNum)): Text 'Admin' is set on object 'Object Repository/RecordOnExistingBrowser/OpenChainlist/Page_OrangeHRM/Page_OrangeHRM/input_Username_username'

2022-12-12 10:35:02 - [MESSAGE][PASSED] - Text 'Admin' is set on object 'Object Repository/RecordOnExistingBrowser/OpenChainlist/Page_OrangeHRM/Page_OrangeHRM/input_Username_username'

2022-12-12 10:35:02 - [TEST_STEP][PASSED] - Thread.sleep(2000): null

2022-12-12 10:35:04 - [TEST_STEP][PASSED] - setText(findTestObject("Object Repository/RecordOnExistingBrowser/OpenChainlist/Page_OrangeHRM/Page_OrangeHRM/input_Password_password"), findTestData("data1").getValue(2, rowNum)): Text 'admin123' is set on object 'Object Repository/RecordOnExistingBrowser/OpenChainlist/Page_OrangeHRM/Page_OrangeHRM/input_Password_password'

2022-12-12 10:35:05 - [MESSAGE][PASSED] - Text 'admin123' is set on object 'Object Repository/RecordOnExistingBrowser/OpenChainlist/Page_OrangeHRM/Page_OrangeHRM/input_Password_password'

2022-12-12 10:35:05 - [TEST_STEP][PASSED] - Thread.sleep(2000): null

2022-12-12 10:35:07 - [TEST_STEP][PASSED] - setText(findTestObject("Object Repository/RecordOnExistingBrowser/OpenChainlist/Page_OrangeHRM/Page_OrangeHRM/input_Username_username"), findTestData("data1").getValue(1, rowNum)): Text 'Admin2' is set on object 'Object Repository/RecordOnExistingBrowser/OpenChainlist/Page_OrangeHRM/Page_OrangeHRM/input_Username_username'

2022-12-12 10:35:08 - [MESSAGE][PASSED] - Text 'Admin2' is set on object 'Object Repository/RecordOnExistingBrowser/OpenChainlist/Page_OrangeHRM/Page_OrangeHRM/input_Username_username'

2022-12-12 10:35:08 - [TEST_STEP][PASSED] - Thread.sleep(2000): null

2022-12-12 10:35:10 - [TEST_STEP][PASSED] - setText(findTestObject("Object Repository/RecordOnExistingBrowser/OpenChainlist/Page_OrangeHRM/Page_OrangeHRM/input_Password_password"), findTestData("data1").getValue(2, rowNum)): Text 'admin1234' is set on object 'Object Repository/RecordOnExistingBrowser/OpenChainlist/Page_OrangeHRM/Page_OrangeHRM/input_Password_password'

2022-12-12 10:35:11 - [MESSAGE][PASSED] - Text 'admin1234' is set on object 'Object Repository/RecordOnExistingBrowser/OpenChainlist/Page_OrangeHRM/Page_OrangeHRM/input_Password_password'

2022-12-12 10:35:11 - [TEST_STEP][PASSED] - Thread.sleep(2000): null

2022-12-12 10:35:13 - [TEST_STEP][PASSED] - click(findTestObject("Object Repository/RecordOnExistingBrowser/OpenChainlist/Page_OrangeHRM/Page_OrangeHRM/button_Login")): Object: 'Object Repository/RecordOnExistingBrowser/OpenChainlist/Page_OrangeHRM/Page_OrangeHRM/button_Login' is clicked on

2022-12-12 10:35:13 - [MESSAGE][PASSED] - Object: 'Object Repository/RecordOnExistingBrowser/OpenChainlist/Page_OrangeHRM/Page_OrangeHRM/button_Login' is clicked on

2022-12-12 10:35:13 - [TEST_STEP][PASSED] - closeBrowser(): Browser is closed

2022-12-12 10:35:14 - [MESSAGE][PASSED] - Browser is closed

2022-12-12 10:35:16 - [TEST_STEP][PASSED] - Video: Video recording for test case 'Test Cases/DataDrivenTests/Test1_DataDrivenTests' .

2022-12-12 10:35:16 - [MESSAGE][INFO] - Video recording for test case 'Test Cases/DataDrivenTests/Test1_DataDrivenTests' .]]></system-out>
         <system-err><![CDATA[]]></system-err>
      </testcase>
      <system-out><![CDATA[2022-12-12 10:34:27 - [TEST_SUITE][PASSED] - TestSuiteForDataDrivenTests: Test Cases/DataDrivenTests/Test1_DataDrivenTests]]></system-out>
      <system-err><![CDATA[]]></system-err>
   </testsuite>
</testsuites>
