<?xml version="1.0" encoding="UTF-8"?>
<testsuites name="TestSuite3_Listeners" time="11.274" tests="1" failures="0" errors="0">
   <testsuite name="TestSuite3_Listeners" tests="1" failures="0" errors="0" time="11.274" skipped="0" timestamp="2022-12-13 09:26:35" hostname="LAP15239-local - ManhTT" id="Test Suites/TestSuite3_Listeners">
      <properties>
         <property name="deviceName" value=""/>
         <property name="devicePlatform" value=""/>
         <property name="logFolder" value="C:\\Users\\LAP15239-local\\Katalon Studio\\git\\katalon\\Reports\\20221213_092632\\TestSuite3_Listeners\\20221213_092632"/>
         <property name="logFiles" value="C:\\Users\\LAP15239-local\\Katalon Studio\\git\\katalon\\Reports\\20221213_092632\\TestSuite3_Listeners\\20221213_092632\\execution0.log"/>
         <property name="attachments" value=""/>
         <property name="hostName" value="LAP15239-local - ManhTT"/>
         <property name="os" value="Windows 10 64bit"/>
         <property name="katalonVersion" value="8.5.5.208"/>
         <property name="browser" value="Chrome 108.0.0.0"/>
         <property name="hostAddress" value="172.25.42.186"/>
         <property name="sessionId" value="90ab51ed64ca3f49ddefd43b2e7139a9"/>
         <property name="seleniumVersion" value="3.141.59"/>
         <property name="proxyInformation" value="ProxyInformation { proxyOption=NO_PROXY, proxyServerType=HTTP, username=, password=********, proxyServerAddress=, proxyServerPort=0, executionList=&quot;&quot;, isApplyToDesiredCapabilities=true }"/>
         <property name="platform" value="Windows 10"/>
      </properties>
      <testcase name="Test Cases/1.LoginTest/Test1_LoginTest" time="10.791" classname="Test Cases/1.LoginTest/Test1_LoginTest" status="PASSED">
         <system-out><![CDATA[2022-12-13 09:26:35 - [TEST_CASE][PASSED] - Test Cases/1.LoginTest/Test1_LoginTest: Test Cases/1.LoginTest/Test1_LoginTest

2022-12-13 09:26:35 - [TEST_STEP][PASSED] - Start listener action : sampleBeforeTestCase: null

2022-12-13 09:26:35 - [TEST_STEP][PASSED] - println("... I am Listener inside sampleBeforeTestCase function"): null

2022-12-13 09:26:35 - [TEST_STEP][PASSED] - Start setup action : setupTestCase: Method 'setupTestCase' complete successfully

2022-12-13 09:26:35 - [TEST_STEP][PASSED] - println("... I am TestCase setup function"): null

2022-12-13 09:26:35 - [MESSAGE][PASSED] - Method 'setupTestCase' complete successfully

2022-12-13 09:26:36 - [TEST_STEP][PASSED] - println("... I am inside Test1_LoginTest function"): null

2022-12-13 09:26:36 - [TEST_STEP][PASSED] - openBrowser(""): Browser is opened with url: ''

2022-12-13 09:26:36 - [MESSAGE][INFO] - Starting 'Chrome' driver

2022-12-13 09:26:36 - [MESSAGE][INFO] - Action delay is set to 0 milliseconds

2022-12-13 09:26:39 - [MESSAGE][PASSED] - Browser is opened with url: ''

2022-12-13 09:26:39 - [TEST_STEP][PASSED] - navigateToUrl(Url): Navigate to 'https://opensource-demo.orangehrmlive.com/web/index.php/auth/login' successfully

2022-12-13 09:26:44 - [MESSAGE][PASSED] - Navigate to 'https://opensource-demo.orangehrmlive.com/web/index.php/auth/login' successfully

2022-12-13 09:26:44 - [TEST_STEP][PASSED] - setText(findTestObject("RecordOnExistingBrowser/Page_OrangeHRM/input_Username_username"), Username): Text 'Admin' is set on object 'Object Repository/RecordOnExistingBrowser/Page_OrangeHRM/input_Username_username'

2022-12-13 09:26:45 - [MESSAGE][PASSED] - Text 'Admin' is set on object 'Object Repository/RecordOnExistingBrowser/Page_OrangeHRM/input_Username_username'

2022-12-13 09:26:45 - [TEST_STEP][PASSED] - setEncryptedText(findTestObject("RecordOnExistingBrowser/Page_OrangeHRM/input_Password_password"), EncryptedPassword): Text ****** has been set on object 'Object Repository/RecordOnExistingBrowser/Page_OrangeHRM/input_Password_password'

2022-12-13 09:26:46 - [MESSAGE][PASSED] - Text ****** has been set on object 'Object Repository/RecordOnExistingBrowser/Page_OrangeHRM/input_Password_password'

2022-12-13 09:26:46 - [TEST_STEP][PASSED] - click(findTestObject("RecordOnExistingBrowser/Page_OrangeHRM/button_Login")): Object: 'Object Repository/RecordOnExistingBrowser/Page_OrangeHRM/button_Login' is clicked on

2022-12-13 09:26:46 - [MESSAGE][PASSED] - Object: 'Object Repository/RecordOnExistingBrowser/Page_OrangeHRM/button_Login' is clicked on

2022-12-13 09:26:46 - [TEST_STEP][PASSED] - Start tear down : tearDownTestCase: Method 'tearDownTestCase' complete successfully

2022-12-13 09:26:46 - [TEST_STEP][PASSED] - println("... I am TestCase tearDown function"): null

2022-12-13 09:26:46 - [MESSAGE][PASSED] - Method 'tearDownTestCase' complete successfully

2022-12-13 09:26:46 - [TEST_STEP][PASSED] - Start listener action : sampleAfterTestCase: null

2022-12-13 09:26:46 - [TEST_STEP][PASSED] - println("... I am Listener inside sampleAfterTestCase function"): null]]></system-out>
         <system-err><![CDATA[]]></system-err>
      </testcase>
      <system-out><![CDATA[2022-12-13 09:26:35 - [TEST_SUITE][PASSED] - TestSuite3_Listeners: Test Cases/1.LoginTest/Test1_LoginTest]]></system-out>
      <system-err><![CDATA[]]></system-err>
   </testsuite>
</testsuites>
