<?xml version="1.0" encoding="UTF-8"?>
<testsuites name="TestSuite2_forDataDriven" time="23.817" tests="3" failures="0" errors="0">
   <testsuite name="TestSuite2_forDataDriven" tests="3" failures="0" errors="0" time="23.817" skipped="0" timestamp="2022-12-20 12:13:40" hostname="LAP15239-local - ManhTT" id="Test Suites/TestSuite2_forDataDriven">
      <properties>
         <property name="deviceName" value=""/>
         <property name="devicePlatform" value=""/>
         <property name="logFolder" value="C:\\Users\\LAP15239-local\\Katalon Studio\\git\\katalon\\Reports\\20221220_121337\\TestSuite2_forDataDriven\\20221220_121338"/>
         <property name="logFiles" value="C:\\Users\\LAP15239-local\\Katalon Studio\\git\\katalon\\Reports\\20221220_121337\\TestSuite2_forDataDriven\\20221220_121338\\execution0.log"/>
         <property name="attachments" value=""/>
         <property name="hostName" value="LAP15239-local - ManhTT"/>
         <property name="os" value="Windows 10 64bit"/>
         <property name="katalonVersion" value="8.5.5.208"/>
         <property name="browser" value="Chrome 108.0.0.0"/>
         <property name="hostAddress" value="172.25.41.205"/>
         <property name="sessionId" value="d3a42b31437c5a739c6f149a42dac943"/>
         <property name="seleniumVersion" value="3.141.59"/>
         <property name="proxyInformation" value="ProxyInformation { proxyOption=NO_PROXY, proxyServerType=HTTP, username=, password=********, proxyServerAddress=, proxyServerPort=0, executionList=&quot;&quot;, isApplyToDesiredCapabilities=true }"/>
         <property name="platform" value="Windows 10"/>
      </properties>
      <testcase name="Test Cases/DataDrivenTests/Test2_DataDriven" time="9.101" classname="Test Cases/DataDrivenTests/Test2_DataDriven" status="PASSED">
         <system-out><![CDATA[2022-12-20 12:13:40 - [TEST_CASE][PASSED] - Test Cases/DataDrivenTests/Test2_DataDriven: Test Cases/DataDrivenTests/Test2_DataDriven

2022-12-20 12:13:40 - [TEST_STEP][PASSED] - Start listener action : sampleBeforeTestCase: null

2022-12-20 12:13:40 - [TEST_STEP][PASSED] - println("
... I am Listener inside sampleBeforeTestCase function"): null

2022-12-20 12:13:40 - [TEST_STEP][PASSED] - openBrowser(""): Browser is opened with url: ''

2022-12-20 12:13:40 - [MESSAGE][INFO] - Starting 'Chrome' driver

2022-12-20 12:13:40 - [MESSAGE][INFO] - Action delay is set to 0 milliseconds

2022-12-20 12:13:42 - [MESSAGE][PASSED] - Browser is opened with url: ''

2022-12-20 12:13:42 - [TEST_STEP][PASSED] - navigateToUrl("https://katalon-demo-cura.herokuapp.com/profile.php#login"): Navigate to 'https://katalon-demo-cura.herokuapp.com/profile.php#login' successfully

2022-12-20 12:13:46 - [MESSAGE][PASSED] - Navigate to 'https://katalon-demo-cura.herokuapp.com/profile.php#login' successfully

2022-12-20 12:13:46 - [TEST_STEP][PASSED] - setText(findTestObject("Object Repository/RecordOnExistingBrowser/Page_CURA Healthcare Service/input_Username_username"), username): Text 'abc' is set on object 'Object Repository/RecordOnExistingBrowser/Page_CURA Healthcare Service/input_Username_username'

2022-12-20 12:13:46 - [MESSAGE][PASSED] - Text 'abc' is set on object 'Object Repository/RecordOnExistingBrowser/Page_CURA Healthcare Service/input_Username_username'

2022-12-20 12:13:46 - [TEST_STEP][NOT_RUN] - setEncryptedText(findTestObject("Object Repository/RecordOnExistingBrowser/Page_CURA Healthcare Service/input_Password_password"), "g3/DOGG74jC3Flrr3yH+3D/yKbOqqUNM"): NOT_RUN: setEncryptedText(findTestObject("Object Repository/RecordOnExistingBrowser/Page_CURA Healthcare Service/input_Password_password"), "g3/DOGG74jC3Flrr3yH+3D/yKbOqqUNM")

2022-12-20 12:13:46 - [MESSAGE][NOT_RUN] - NOT_RUN: setEncryptedText(findTestObject("Object Repository/RecordOnExistingBrowser/Page_CURA Healthcare Service/input_Password_password"), "g3/DOGG74jC3Flrr3yH+3D/yKbOqqUNM")

2022-12-20 12:13:46 - [TEST_STEP][PASSED] - setText(findTestObject("RecordOnExistingBrowser/Page_CURA Healthcare Service/input_Password_password"), password): Text 'def' is set on object 'Object Repository/RecordOnExistingBrowser/Page_CURA Healthcare Service/input_Password_password'

2022-12-20 12:13:47 - [MESSAGE][PASSED] - Text 'def' is set on object 'Object Repository/RecordOnExistingBrowser/Page_CURA Healthcare Service/input_Password_password'

2022-12-20 12:13:47 - [TEST_STEP][PASSED] - click(findTestObject("Object Repository/RecordOnExistingBrowser/Page_CURA Healthcare Service/button_Login")): Object: 'Object Repository/RecordOnExistingBrowser/Page_CURA Healthcare Service/button_Login' is clicked on

2022-12-20 12:13:48 - [MESSAGE][PASSED] - Object: 'Object Repository/RecordOnExistingBrowser/Page_CURA Healthcare Service/button_Login' is clicked on

2022-12-20 12:13:48 - [TEST_STEP][PASSED] - closeBrowser(): Browser is closed

2022-12-20 12:13:49 - [MESSAGE][PASSED] - Browser is closed

2022-12-20 12:13:49 - [TEST_STEP][PASSED] - Start listener action : sampleAfterTestCase: null

2022-12-20 12:13:49 - [TEST_STEP][PASSED] - println("
... I am Listener inside sampleAfterTestCase function"): null]]></system-out>
         <system-err><![CDATA[]]></system-err>
      </testcase>
      <testcase name="Test Cases/DataDrivenTests/Test2_DataDriven" time="7.389" classname="Test Cases/DataDrivenTests/Test2_DataDriven" status="PASSED">
         <system-out><![CDATA[2022-12-20 12:13:49 - [TEST_CASE][PASSED] - Test Cases/DataDrivenTests/Test2_DataDriven: Test Cases/DataDrivenTests/Test2_DataDriven

2022-12-20 12:13:49 - [TEST_STEP][PASSED] - Start listener action : sampleBeforeTestCase: null

2022-12-20 12:13:49 - [TEST_STEP][PASSED] - println("
... I am Listener inside sampleBeforeTestCase function"): null

2022-12-20 12:13:49 - [TEST_STEP][PASSED] - openBrowser(""): Browser is opened with url: ''

2022-12-20 12:13:49 - [MESSAGE][INFO] - Starting 'Chrome' driver

2022-12-20 12:13:49 - [MESSAGE][INFO] - Action delay is set to 0 milliseconds

2022-12-20 12:13:50 - [MESSAGE][PASSED] - Browser is opened with url: ''

2022-12-20 12:13:50 - [TEST_STEP][PASSED] - navigateToUrl("https://katalon-demo-cura.herokuapp.com/profile.php#login"): Navigate to 'https://katalon-demo-cura.herokuapp.com/profile.php#login' successfully

2022-12-20 12:13:53 - [MESSAGE][PASSED] - Navigate to 'https://katalon-demo-cura.herokuapp.com/profile.php#login' successfully

2022-12-20 12:13:53 - [TEST_STEP][PASSED] - setText(findTestObject("Object Repository/RecordOnExistingBrowser/Page_CURA Healthcare Service/input_Username_username"), username): Text 'b123' is set on object 'Object Repository/RecordOnExistingBrowser/Page_CURA Healthcare Service/input_Username_username'

2022-12-20 12:13:54 - [MESSAGE][PASSED] - Text 'b123' is set on object 'Object Repository/RecordOnExistingBrowser/Page_CURA Healthcare Service/input_Username_username'

2022-12-20 12:13:54 - [TEST_STEP][NOT_RUN] - setEncryptedText(findTestObject("Object Repository/RecordOnExistingBrowser/Page_CURA Healthcare Service/input_Password_password"), "g3/DOGG74jC3Flrr3yH+3D/yKbOqqUNM"): NOT_RUN: setEncryptedText(findTestObject("Object Repository/RecordOnExistingBrowser/Page_CURA Healthcare Service/input_Password_password"), "g3/DOGG74jC3Flrr3yH+3D/yKbOqqUNM")

2022-12-20 12:13:54 - [MESSAGE][NOT_RUN] - NOT_RUN: setEncryptedText(findTestObject("Object Repository/RecordOnExistingBrowser/Page_CURA Healthcare Service/input_Password_password"), "g3/DOGG74jC3Flrr3yH+3D/yKbOqqUNM")

2022-12-20 12:13:54 - [TEST_STEP][PASSED] - setText(findTestObject("RecordOnExistingBrowser/Page_CURA Healthcare Service/input_Password_password"), password): Text 'b456' is set on object 'Object Repository/RecordOnExistingBrowser/Page_CURA Healthcare Service/input_Password_password'

2022-12-20 12:13:55 - [MESSAGE][PASSED] - Text 'b456' is set on object 'Object Repository/RecordOnExistingBrowser/Page_CURA Healthcare Service/input_Password_password'

2022-12-20 12:13:55 - [TEST_STEP][PASSED] - click(findTestObject("Object Repository/RecordOnExistingBrowser/Page_CURA Healthcare Service/button_Login")): Object: 'Object Repository/RecordOnExistingBrowser/Page_CURA Healthcare Service/button_Login' is clicked on

2022-12-20 12:13:56 - [MESSAGE][PASSED] - Object: 'Object Repository/RecordOnExistingBrowser/Page_CURA Healthcare Service/button_Login' is clicked on

2022-12-20 12:13:56 - [TEST_STEP][PASSED] - closeBrowser(): Browser is closed

2022-12-20 12:13:56 - [MESSAGE][PASSED] - Browser is closed

2022-12-20 12:13:56 - [TEST_STEP][PASSED] - Start listener action : sampleAfterTestCase: null

2022-12-20 12:13:56 - [TEST_STEP][PASSED] - println("
... I am Listener inside sampleAfterTestCase function"): null]]></system-out>
         <system-err><![CDATA[]]></system-err>
      </testcase>
      <testcase name="Test Cases/DataDrivenTests/Test2_DataDriven" time="7.011" classname="Test Cases/DataDrivenTests/Test2_DataDriven" status="PASSED">
         <system-out><![CDATA[2022-12-20 12:13:56 - [TEST_CASE][PASSED] - Test Cases/DataDrivenTests/Test2_DataDriven: Test Cases/DataDrivenTests/Test2_DataDriven

2022-12-20 12:13:56 - [TEST_STEP][PASSED] - Start listener action : sampleBeforeTestCase: null

2022-12-20 12:13:56 - [TEST_STEP][PASSED] - println("
... I am Listener inside sampleBeforeTestCase function"): null

2022-12-20 12:13:56 - [TEST_STEP][PASSED] - openBrowser(""): Browser is opened with url: ''

2022-12-20 12:13:56 - [MESSAGE][INFO] - Starting 'Chrome' driver

2022-12-20 12:13:56 - [MESSAGE][INFO] - Action delay is set to 0 milliseconds

2022-12-20 12:13:58 - [MESSAGE][PASSED] - Browser is opened with url: ''

2022-12-20 12:13:58 - [TEST_STEP][PASSED] - navigateToUrl("https://katalon-demo-cura.herokuapp.com/profile.php#login"): Navigate to 'https://katalon-demo-cura.herokuapp.com/profile.php#login' successfully

2022-12-20 12:14:00 - [MESSAGE][PASSED] - Navigate to 'https://katalon-demo-cura.herokuapp.com/profile.php#login' successfully

2022-12-20 12:14:00 - [TEST_STEP][PASSED] - setText(findTestObject("Object Repository/RecordOnExistingBrowser/Page_CURA Healthcare Service/input_Username_username"), username): Text 'John Doe' is set on object 'Object Repository/RecordOnExistingBrowser/Page_CURA Healthcare Service/input_Username_username'

2022-12-20 12:14:01 - [MESSAGE][PASSED] - Text 'John Doe' is set on object 'Object Repository/RecordOnExistingBrowser/Page_CURA Healthcare Service/input_Username_username'

2022-12-20 12:14:01 - [TEST_STEP][NOT_RUN] - setEncryptedText(findTestObject("Object Repository/RecordOnExistingBrowser/Page_CURA Healthcare Service/input_Password_password"), "g3/DOGG74jC3Flrr3yH+3D/yKbOqqUNM"): NOT_RUN: setEncryptedText(findTestObject("Object Repository/RecordOnExistingBrowser/Page_CURA Healthcare Service/input_Password_password"), "g3/DOGG74jC3Flrr3yH+3D/yKbOqqUNM")

2022-12-20 12:14:01 - [MESSAGE][NOT_RUN] - NOT_RUN: setEncryptedText(findTestObject("Object Repository/RecordOnExistingBrowser/Page_CURA Healthcare Service/input_Password_password"), "g3/DOGG74jC3Flrr3yH+3D/yKbOqqUNM")

2022-12-20 12:14:01 - [TEST_STEP][PASSED] - setText(findTestObject("RecordOnExistingBrowser/Page_CURA Healthcare Service/input_Password_password"), password): Text 'ThisIsNotAPassword' is set on object 'Object Repository/RecordOnExistingBrowser/Page_CURA Healthcare Service/input_Password_password'

2022-12-20 12:14:02 - [MESSAGE][PASSED] - Text 'ThisIsNotAPassword' is set on object 'Object Repository/RecordOnExistingBrowser/Page_CURA Healthcare Service/input_Password_password'

2022-12-20 12:14:02 - [TEST_STEP][PASSED] - click(findTestObject("Object Repository/RecordOnExistingBrowser/Page_CURA Healthcare Service/button_Login")): Object: 'Object Repository/RecordOnExistingBrowser/Page_CURA Healthcare Service/button_Login' is clicked on

2022-12-20 12:14:03 - [MESSAGE][PASSED] - Object: 'Object Repository/RecordOnExistingBrowser/Page_CURA Healthcare Service/button_Login' is clicked on

2022-12-20 12:14:03 - [TEST_STEP][PASSED] - closeBrowser(): Browser is closed

2022-12-20 12:14:03 - [MESSAGE][PASSED] - Browser is closed

2022-12-20 12:14:03 - [TEST_STEP][PASSED] - Start listener action : sampleAfterTestCase: null

2022-12-20 12:14:03 - [TEST_STEP][PASSED] - println("
... I am Listener inside sampleAfterTestCase function"): null]]></system-out>
         <system-err><![CDATA[]]></system-err>
      </testcase>
      <system-out><![CDATA[2022-12-20 12:13:40 - [TEST_SUITE][PASSED] - TestSuite2_forDataDriven: Test Cases/DataDrivenTests/Test2_DataDriven]]></system-out>
      <system-err><![CDATA[]]></system-err>
   </testsuite>
</testsuites>
