<?xml version="1.0" encoding="UTF-8"?>
<testsuites name="Test Suite Collection_multi browsers" time="196.343" tests="3" failures="0" errors="0">
   <testsuite name="TestSuite1" tests="1" failures="0" errors="0" time="19.743" skipped="0" timestamp="2022-12-10 10:51:54" hostname="LAP15239-local - ManhTT" id="Test Suites/TestSuite1">
      <properties>
         <property name="deviceName" value=""/>
         <property name="devicePlatform" value=""/>
         <property name="logFolder" value="C:\\Users\\LAP15239-local\\Katalon Studio\\git\\katalon\\Reports\\20221210_105143\\TestSuite1\\20221210_105144"/>
         <property name="logFiles" value="C:\\Users\\LAP15239-local\\Katalon Studio\\git\\katalon\\Reports\\20221210_105143\\TestSuite1\\20221210_105144\\execution0.log"/>
         <property name="attachments" value=""/>
         <property name="hostName" value="LAP15239-local - ManhTT"/>
         <property name="os" value="Windows 10 64bit"/>
         <property name="katalonVersion" value="8.5.5.208"/>
         <property name="browser" value="Chrome 108.0.0.0"/>
         <property name="hostAddress" value="172.25.47.144"/>
         <property name="sessionId" value="429e3790b35c996ee27160f13fd3ee91"/>
         <property name="seleniumVersion" value="3.141.59"/>
         <property name="proxyInformation" value="ProxyInformation { proxyOption=NO_PROXY, proxyServerType=HTTP, username=, password=********, proxyServerAddress=, proxyServerPort=0, executionList=&quot;&quot;, isApplyToDesiredCapabilities=true }"/>
         <property name="platform" value="Windows 10"/>
      </properties>
      <testcase name="Test Cases/SampleOrangeHRM_TC" time="19.247" classname="Test Cases/SampleOrangeHRM_TC" status="PASSED">
         <system-out><![CDATA[2022-12-10 10:51:54 - [TEST_CASE][PASSED] - Test Cases/SampleOrangeHRM_TC: Test Cases/SampleOrangeHRM_TC

2022-12-10 10:51:55 - [TEST_STEP][PASSED] - openBrowser(""): Browser is opened with url: ''

2022-12-10 10:51:55 - [MESSAGE][INFO] - Starting 'Chrome' driver

2022-12-10 10:51:55 - [MESSAGE][INFO] - Action delay is set to 0 milliseconds

2022-12-10 10:51:59 - [MESSAGE][PASSED] - Browser is opened with url: ''

2022-12-10 10:51:59 - [TEST_STEP][PASSED] - navigateToUrl("https://opensource-demo.orangehrmlive.com/web/index.php/auth/login"): Navigate to 'https://opensource-demo.orangehrmlive.com/web/index.php/auth/login' successfully

2022-12-10 10:52:04 - [MESSAGE][PASSED] - Navigate to 'https://opensource-demo.orangehrmlive.com/web/index.php/auth/login' successfully

2022-12-10 10:52:04 - [TEST_STEP][PASSED] - setText(findTestObject("Test1_OR/Page_OrangeHRM/input_Username_username"), "Admin"): Text 'Admin' is set on object 'Object Repository/Test1_OR/Page_OrangeHRM/input_Username_username'

2022-12-10 10:52:05 - [MESSAGE][PASSED] - Text 'Admin' is set on object 'Object Repository/Test1_OR/Page_OrangeHRM/input_Username_username'

2022-12-10 10:52:05 - [TEST_STEP][NOT_RUN] - setText(findTestObject("Test1_OR/Page_OrangeHRM/input_Password_password"), "admin123"): NOT_RUN: setText(findTestObject("Test1_OR/Page_OrangeHRM/input_Password_password"), "admin123")

2022-12-10 10:52:05 - [MESSAGE][NOT_RUN] - NOT_RUN: setText(findTestObject("Test1_OR/Page_OrangeHRM/input_Password_password"), "admin123")

2022-12-10 10:52:05 - [TEST_STEP][PASSED] - setEncryptedText(findTestObject("Test1_OR/Page_OrangeHRM/input_Password_password"), "hUKwJTbofgPU9eVlw/CnDQ=="): Text ****** has been set on object 'Object Repository/Test1_OR/Page_OrangeHRM/input_Password_password'

2022-12-10 10:52:06 - [MESSAGE][PASSED] - Text ****** has been set on object 'Object Repository/Test1_OR/Page_OrangeHRM/input_Password_password'

2022-12-10 10:52:06 - [TEST_STEP][PASSED] - click(findTestObject("Test1_OR/Page_OrangeHRM/button_Login")): Object: 'Object Repository/Test1_OR/Page_OrangeHRM/button_Login' is clicked on

2022-12-10 10:52:06 - [MESSAGE][PASSED] - Object: 'Object Repository/Test1_OR/Page_OrangeHRM/button_Login' is clicked on

2022-12-10 10:52:06 - [TEST_STEP][PASSED] - click(findTestObject("Test1_OR/Page_OrangeHRM/a_Time")): Object: 'Object Repository/Test1_OR/Page_OrangeHRM/a_Time' is clicked on

2022-12-10 10:52:11 - [MESSAGE][PASSED] - Object: 'Object Repository/Test1_OR/Page_OrangeHRM/a_Time' is clicked on

2022-12-10 10:52:11 - [TEST_STEP][PASSED] - verifyElementPresent(findTestObject("Object Repository/Test1_OR/Page_OrangeHRM/h6_Select Employee"), 0): Object 'Object Repository/Test1_OR/Page_OrangeHRM/h6_Select Employee' is present

2022-12-10 10:52:11 - [MESSAGE][WARNING] - Timeout '0' is invalid. Using default page load timeout: '30'

2022-12-10 10:52:12 - [MESSAGE][PASSED] - Object 'Object Repository/Test1_OR/Page_OrangeHRM/h6_Select Employee' is present

2022-12-10 10:52:12 - [TEST_STEP][PASSED] - verifyTextPresent("Select Employee", true): Text 'Select Employee' is present on page  using regular expression

2022-12-10 10:52:13 - [MESSAGE][PASSED] - Text 'Select Employee' is present on page  using regular expression

2022-12-10 10:52:13 - [TEST_STEP][PASSED] - closeBrowser(): Browser is closed

2022-12-10 10:52:13 - [MESSAGE][PASSED] - Browser is closed]]></system-out>
         <system-err><![CDATA[]]></system-err>
      </testcase>
      <system-out><![CDATA[2022-12-10 10:51:54 - [TEST_SUITE][PASSED] - TestSuite1: Test Cases/SampleOrangeHRM_TC]]></system-out>
      <system-err><![CDATA[]]></system-err>
   </testsuite>
   <testsuite name="TestSuite2" tests="1" failures="0" errors="0" time="15.432" skipped="0" timestamp="2022-12-10 10:52:20" hostname="LAP15239-local - ManhTT" id="Test Suites/TestSuite2">
      <properties>
         <property name="deviceName" value=""/>
         <property name="devicePlatform" value=""/>
         <property name="logFolder" value="C:\\Users\\LAP15239-local\\Katalon Studio\\git\\katalon\\Reports\\20221210_105143\\TestSuite2\\20221210_105146"/>
         <property name="logFiles" value="C:\\Users\\LAP15239-local\\Katalon Studio\\git\\katalon\\Reports\\20221210_105143\\TestSuite2\\20221210_105146\\execution0.log"/>
         <property name="attachments" value=""/>
         <property name="hostName" value="LAP15239-local - ManhTT"/>
         <property name="os" value="Windows 10 64bit"/>
         <property name="katalonVersion" value="8.5.5.208"/>
         <property name="browser" value="Edge Chromium 108"/>
         <property name="hostAddress" value="172.25.47.144"/>
         <property name="sessionId" value="377b898e48fa6f6102357831e376a525"/>
         <property name="seleniumVersion" value="3.141.59"/>
         <property name="proxyInformation" value="ProxyInformation { proxyOption=NO_PROXY, proxyServerType=HTTP, username=, password=********, proxyServerAddress=, proxyServerPort=0, executionList=&quot;&quot;, isApplyToDesiredCapabilities=true }"/>
         <property name="platform" value="Windows 10"/>
      </properties>
      <testcase name="Test Cases/SampleOrangeHRM_TC" time="15.242" classname="Test Cases/SampleOrangeHRM_TC" status="PASSED">
         <system-out><![CDATA[2022-12-10 10:52:20 - [TEST_CASE][PASSED] - Test Cases/SampleOrangeHRM_TC: Test Cases/SampleOrangeHRM_TC

2022-12-10 10:52:21 - [TEST_STEP][PASSED] - openBrowser(""): Browser is opened with url: ''

2022-12-10 10:52:21 - [MESSAGE][INFO] - Starting 'Edge Chromium' driver

2022-12-10 10:52:21 - [MESSAGE][INFO] - Action delay is set to 0 milliseconds

2022-12-10 10:52:23 - [MESSAGE][PASSED] - Browser is opened with url: ''

2022-12-10 10:52:23 - [TEST_STEP][PASSED] - navigateToUrl("https://opensource-demo.orangehrmlive.com/web/index.php/auth/login"): Navigate to 'https://opensource-demo.orangehrmlive.com/web/index.php/auth/login' successfully

2022-12-10 10:52:26 - [MESSAGE][PASSED] - Navigate to 'https://opensource-demo.orangehrmlive.com/web/index.php/auth/login' successfully

2022-12-10 10:52:26 - [TEST_STEP][PASSED] - setText(findTestObject("Test1_OR/Page_OrangeHRM/input_Username_username"), "Admin"): Text 'Admin' is set on object 'Object Repository/Test1_OR/Page_OrangeHRM/input_Username_username'

2022-12-10 10:52:28 - [MESSAGE][PASSED] - Text 'Admin' is set on object 'Object Repository/Test1_OR/Page_OrangeHRM/input_Username_username'

2022-12-10 10:52:28 - [TEST_STEP][NOT_RUN] - setText(findTestObject("Test1_OR/Page_OrangeHRM/input_Password_password"), "admin123"): NOT_RUN: setText(findTestObject("Test1_OR/Page_OrangeHRM/input_Password_password"), "admin123")

2022-12-10 10:52:28 - [MESSAGE][NOT_RUN] - NOT_RUN: setText(findTestObject("Test1_OR/Page_OrangeHRM/input_Password_password"), "admin123")

2022-12-10 10:52:28 - [TEST_STEP][PASSED] - setEncryptedText(findTestObject("Test1_OR/Page_OrangeHRM/input_Password_password"), "hUKwJTbofgPU9eVlw/CnDQ=="): Text ****** has been set on object 'Object Repository/Test1_OR/Page_OrangeHRM/input_Password_password'

2022-12-10 10:52:28 - [MESSAGE][PASSED] - Text ****** has been set on object 'Object Repository/Test1_OR/Page_OrangeHRM/input_Password_password'

2022-12-10 10:52:28 - [TEST_STEP][PASSED] - click(findTestObject("Test1_OR/Page_OrangeHRM/button_Login")): Object: 'Object Repository/Test1_OR/Page_OrangeHRM/button_Login' is clicked on

2022-12-10 10:52:29 - [MESSAGE][PASSED] - Object: 'Object Repository/Test1_OR/Page_OrangeHRM/button_Login' is clicked on

2022-12-10 10:52:29 - [TEST_STEP][PASSED] - click(findTestObject("Test1_OR/Page_OrangeHRM/a_Time")): Object: 'Object Repository/Test1_OR/Page_OrangeHRM/a_Time' is clicked on

2022-12-10 10:52:33 - [MESSAGE][PASSED] - Object: 'Object Repository/Test1_OR/Page_OrangeHRM/a_Time' is clicked on

2022-12-10 10:52:33 - [TEST_STEP][PASSED] - verifyElementPresent(findTestObject("Object Repository/Test1_OR/Page_OrangeHRM/h6_Select Employee"), 0): Object 'Object Repository/Test1_OR/Page_OrangeHRM/h6_Select Employee' is present

2022-12-10 10:52:33 - [MESSAGE][WARNING] - Timeout '0' is invalid. Using default page load timeout: '30'

2022-12-10 10:52:34 - [MESSAGE][PASSED] - Object 'Object Repository/Test1_OR/Page_OrangeHRM/h6_Select Employee' is present

2022-12-10 10:52:34 - [TEST_STEP][PASSED] - verifyTextPresent("Select Employee", true): Text 'Select Employee' is present on page  using regular expression

2022-12-10 10:52:35 - [MESSAGE][PASSED] - Text 'Select Employee' is present on page  using regular expression

2022-12-10 10:52:35 - [TEST_STEP][PASSED] - closeBrowser(): Browser is closed

2022-12-10 10:52:35 - [MESSAGE][PASSED] - Browser is closed]]></system-out>
         <system-err><![CDATA[]]></system-err>
      </testcase>
      <system-out><![CDATA[2022-12-10 10:52:20 - [TEST_SUITE][PASSED] - TestSuite2: Test Cases/SampleOrangeHRM_TC]]></system-out>
      <system-err><![CDATA[]]></system-err>
   </testsuite>
   <testsuite name="TestSuite3" tests="1" failures="0" errors="0" time="142.359" skipped="0" timestamp="2022-12-10 10:52:41" hostname="LAP15239-local - ManhTT" id="Test Suites/TestSuite3">
      <properties>
         <property name="deviceName" value=""/>
         <property name="devicePlatform" value=""/>
         <property name="logFolder" value="C:\\Users\\LAP15239-local\\Katalon Studio\\git\\katalon\\Reports\\20221210_105143\\TestSuite3\\20221210_105148"/>
         <property name="logFiles" value="C:\\Users\\LAP15239-local\\Katalon Studio\\git\\katalon\\Reports\\20221210_105143\\TestSuite3\\20221210_105148\\execution0.log"/>
         <property name="attachments" value=""/>
         <property name="hostName" value="LAP15239-local - ManhTT"/>
         <property name="os" value="Windows 10 64bit"/>
         <property name="katalonVersion" value="8.5.5.208"/>
         <property name="browser" value="Firefox 107.0"/>
         <property name="hostAddress" value="172.25.47.144"/>
         <property name="sessionId" value="94826f00-83ac-453e-bca7-5f2d30bdcfa0"/>
         <property name="seleniumVersion" value="3.141.59"/>
         <property name="proxyInformation" value="ProxyInformation { proxyOption=NO_PROXY, proxyServerType=HTTP, username=, password=********, proxyServerAddress=, proxyServerPort=0, executionList=&quot;&quot;, isApplyToDesiredCapabilities=true }"/>
         <property name="platform" value="Windows 10"/>
      </properties>
      <testcase name="Test Cases/SampleMKP_TC" time="142.09" classname="Test Cases/SampleMKP_TC" status="PASSED">
         <system-out><![CDATA[2022-12-10 10:52:41 - [TEST_CASE][PASSED] - Test Cases/SampleMKP_TC: Test Cases/SampleMKP_TC

2022-12-10 10:52:41 - [TEST_STEP][PASSED] - openBrowser(""): Browser is opened with url: ''

2022-12-10 10:52:42 - [MESSAGE][INFO] - Starting 'Firefox' driver

2022-12-10 10:52:42 - [MESSAGE][INFO] - Action delay is set to 0 milliseconds

2022-12-10 10:54:51 - [MESSAGE][PASSED] - Browser is opened with url: ''

2022-12-10 10:54:51 - [TEST_STEP][PASSED] - navigateToUrl("https://market.test.yoverse.io/"): Navigate to 'https://market.test.yoverse.io/' successfully

2022-12-10 10:54:53 - [MESSAGE][PASSED] - Navigate to 'https://market.test.yoverse.io/' successfully

2022-12-10 10:54:53 - [TEST_STEP][PASSED] - setText(findTestObject("Object Repository/Test2_MKP/Page_YoVerse Market/inputToSearch"), "search demo"): Text 'search demo' is set on object 'Object Repository/Test2_MKP/Page_YoVerse Market/inputToSearch'

2022-12-10 10:54:57 - [MESSAGE][PASSED] - Text 'search demo' is set on object 'Object Repository/Test2_MKP/Page_YoVerse Market/inputToSearch'

2022-12-10 10:54:57 - [TEST_STEP][PASSED] - sendKeys(findTestObject("Object Repository/Test2_MKP/Page_YoVerse Market/inputToSearch"), Keys.chord(ENTER)): Keys 'ENTER + ' sent to object: 'Object Repository/Test2_MKP/Page_YoVerse Market/inputToSearch'

2022-12-10 10:54:57 - [MESSAGE][PASSED] - Keys 'ENTER + ' sent to object: 'Object Repository/Test2_MKP/Page_YoVerse Market/inputToSearch'

2022-12-10 10:54:57 - [TEST_STEP][PASSED] - setText(findTestObject("Object Repository/Test2_MKP/Page_YoVerse Market/inputToSearch"), ""): Text '' is set on object 'Object Repository/Test2_MKP/Page_YoVerse Market/inputToSearch'

2022-12-10 10:54:59 - [MESSAGE][PASSED] - Text '' is set on object 'Object Repository/Test2_MKP/Page_YoVerse Market/inputToSearch'

2022-12-10 10:54:59 - [TEST_STEP][PASSED] - click(findTestObject("Object Repository/Test2_MKP/Page_YoVerse Market/div_Explore")): Object: 'Object Repository/Test2_MKP/Page_YoVerse Market/div_Explore' is clicked on

2022-12-10 10:54:59 - [MESSAGE][PASSED] - Object: 'Object Repository/Test2_MKP/Page_YoVerse Market/div_Explore' is clicked on

2022-12-10 10:54:59 - [TEST_STEP][NOT_RUN] - waitForElementPresent(findTestObject("Test2_MKP/Page_YoVerse Market/inputToSearch"), 0): NOT_RUN: waitForElementPresent(findTestObject("Test2_MKP/Page_YoVerse Market/inputToSearch"), 0)

2022-12-10 10:54:59 - [MESSAGE][NOT_RUN] - NOT_RUN: waitForElementPresent(findTestObject("Test2_MKP/Page_YoVerse Market/inputToSearch"), 0)

2022-12-10 10:54:59 - [TEST_STEP][PASSED] - setText(findTestObject("Test2_MKP/Page_YoVerse Market/inputToSearch"), "clear demo"): Text 'clear demo' is set on object 'Object Repository/Test2_MKP/Page_YoVerse Market/inputToSearch'

2022-12-10 10:55:01 - [MESSAGE][PASSED] - Text 'clear demo' is set on object 'Object Repository/Test2_MKP/Page_YoVerse Market/inputToSearch'

2022-12-10 10:55:01 - [TEST_STEP][PASSED] - sendKeys(findTestObject("Object Repository/Test2_MKP/Page_YoVerse Market/inputToSearch"), Keys.chord(ENTER)): Keys 'ENTER + ' sent to object: 'Object Repository/Test2_MKP/Page_YoVerse Market/inputToSearch'

2022-12-10 10:55:02 - [MESSAGE][PASSED] - Keys 'ENTER + ' sent to object: 'Object Repository/Test2_MKP/Page_YoVerse Market/inputToSearch'

2022-12-10 10:55:02 - [TEST_STEP][PASSED] - clearText(findTestObject("Test2_MKP/Page_YoVerse Market/inputToSearch"), STOP_ON_FAILURE): Text of object 'Object Repository/Test2_MKP/Page_YoVerse Market/inputToSearch' is cleared

2022-12-10 10:55:03 - [MESSAGE][PASSED] - Text of object 'Object Repository/Test2_MKP/Page_YoVerse Market/inputToSearch' is cleared

2022-12-10 10:55:03 - [TEST_STEP][PASSED] - closeBrowser(): Browser is closed

2022-12-10 10:55:03 - [MESSAGE][PASSED] - Browser is closed]]></system-out>
         <system-err><![CDATA[]]></system-err>
      </testcase>
      <system-out><![CDATA[2022-12-10 10:52:41 - [TEST_SUITE][PASSED] - TestSuite3: Test Cases/SampleMKP_TC]]></system-out>
      <system-err><![CDATA[]]></system-err>
   </testsuite>
</testsuites>
