<?xml version="1.0" encoding="UTF-8"?>
<testsuites name="Test Suite Collection_multi browsers" time="56.905" tests="3" failures="0" errors="0">
   <testsuite name="TestSuite1" tests="1" failures="0" errors="0" time="19.999" skipped="0" timestamp="2022-12-09 10:27:26" hostname="LAP15239-local - ManhTT" id="Test Suites/TestSuite1">
      <properties>
         <property name="deviceName" value=""/>
         <property name="devicePlatform" value=""/>
         <property name="logFolder" value="C:\\Users\\LAP15239-local\\Katalon Studio\\git\\katalon\\Reports\\20221209_102718\\TestSuite1\\20221209_102719"/>
         <property name="logFiles" value="C:\\Users\\LAP15239-local\\Katalon Studio\\git\\katalon\\Reports\\20221209_102718\\TestSuite1\\20221209_102719\\execution0.log"/>
         <property name="attachments" value=""/>
         <property name="hostName" value="LAP15239-local - ManhTT"/>
         <property name="os" value="Windows 10 64bit"/>
         <property name="katalonVersion" value="8.5.5.208"/>
         <property name="browser" value="Chrome 108.0.0.0"/>
         <property name="hostAddress" value="172.25.47.144"/>
         <property name="sessionId" value="483d738db7eca2165a64d74088e6ad10"/>
         <property name="seleniumVersion" value="3.141.59"/>
         <property name="proxyInformation" value="ProxyInformation { proxyOption=NO_PROXY, proxyServerType=HTTP, username=, password=********, proxyServerAddress=, proxyServerPort=0, executionList=&quot;&quot;, isApplyToDesiredCapabilities=true }"/>
         <property name="platform" value="Windows 10"/>
      </properties>
      <testcase name="Test Cases/SampleOrangeHRM_TC" time="19.79" classname="Test Cases/SampleOrangeHRM_TC" status="PASSED">
         <system-out><![CDATA[2022-12-09 10:27:26 - [TEST_CASE][PASSED] - Test Cases/SampleOrangeHRM_TC: Test Cases/SampleOrangeHRM_TC

2022-12-09 10:27:26 - [TEST_STEP][PASSED] - openBrowser(""): Browser is opened with url: ''

2022-12-09 10:27:26 - [MESSAGE][INFO] - Starting 'Chrome' driver

2022-12-09 10:27:26 - [MESSAGE][INFO] - Action delay is set to 0 milliseconds

2022-12-09 10:27:28 - [MESSAGE][PASSED] - Browser is opened with url: ''

2022-12-09 10:27:28 - [TEST_STEP][PASSED] - navigateToUrl("https://opensource-demo.orangehrmlive.com/web/index.php/auth/login"): Navigate to 'https://opensource-demo.orangehrmlive.com/web/index.php/auth/login' successfully

2022-12-09 10:27:37 - [MESSAGE][PASSED] - Navigate to 'https://opensource-demo.orangehrmlive.com/web/index.php/auth/login' successfully

2022-12-09 10:27:37 - [TEST_STEP][PASSED] - setText(findTestObject("Test1_OR/Page_OrangeHRM/input_Username_username"), "Admin"): Text 'Admin' is set on object 'Object Repository/Test1_OR/Page_OrangeHRM/input_Username_username'

2022-12-09 10:27:38 - [MESSAGE][PASSED] - Text 'Admin' is set on object 'Object Repository/Test1_OR/Page_OrangeHRM/input_Username_username'

2022-12-09 10:27:38 - [TEST_STEP][NOT_RUN] - setText(findTestObject("Test1_OR/Page_OrangeHRM/input_Password_password"), "admin123"): NOT_RUN: setText(findTestObject("Test1_OR/Page_OrangeHRM/input_Password_password"), "admin123")

2022-12-09 10:27:38 - [MESSAGE][NOT_RUN] - NOT_RUN: setText(findTestObject("Test1_OR/Page_OrangeHRM/input_Password_password"), "admin123")

2022-12-09 10:27:38 - [TEST_STEP][PASSED] - setEncryptedText(findTestObject("Test1_OR/Page_OrangeHRM/input_Password_password"), "hUKwJTbofgPU9eVlw/CnDQ=="): Text ****** has been set on object 'Object Repository/Test1_OR/Page_OrangeHRM/input_Password_password'

2022-12-09 10:27:39 - [MESSAGE][PASSED] - Text ****** has been set on object 'Object Repository/Test1_OR/Page_OrangeHRM/input_Password_password'

2022-12-09 10:27:39 - [TEST_STEP][PASSED] - click(findTestObject("Test1_OR/Page_OrangeHRM/button_Login")): Object: 'Object Repository/Test1_OR/Page_OrangeHRM/button_Login' is clicked on

2022-12-09 10:27:39 - [MESSAGE][PASSED] - Object: 'Object Repository/Test1_OR/Page_OrangeHRM/button_Login' is clicked on

2022-12-09 10:27:39 - [TEST_STEP][PASSED] - click(findTestObject("Test1_OR/Page_OrangeHRM/a_Time")): Object: 'Object Repository/Test1_OR/Page_OrangeHRM/a_Time' is clicked on

2022-12-09 10:27:43 - [MESSAGE][PASSED] - Object: 'Object Repository/Test1_OR/Page_OrangeHRM/a_Time' is clicked on

2022-12-09 10:27:43 - [TEST_STEP][PASSED] - verifyElementPresent(findTestObject("Object Repository/Test1_OR/Page_OrangeHRM/h6_Select Employee"), 0): Object 'Object Repository/Test1_OR/Page_OrangeHRM/h6_Select Employee' is present

2022-12-09 10:27:43 - [MESSAGE][WARNING] - Timeout '0' is invalid. Using default page load timeout: '30'

2022-12-09 10:27:45 - [MESSAGE][PASSED] - Object 'Object Repository/Test1_OR/Page_OrangeHRM/h6_Select Employee' is present

2022-12-09 10:27:45 - [TEST_STEP][PASSED] - verifyTextPresent("Select Employee", true): Text 'Select Employee' is present on page  using regular expression

2022-12-09 10:27:45 - [MESSAGE][PASSED] - Text 'Select Employee' is present on page  using regular expression

2022-12-09 10:27:45 - [TEST_STEP][PASSED] - closeBrowser(): Browser is closed

2022-12-09 10:27:46 - [MESSAGE][PASSED] - Browser is closed]]></system-out>
         <system-err><![CDATA[]]></system-err>
      </testcase>
      <system-out><![CDATA[2022-12-09 10:27:26 - [TEST_SUITE][PASSED] - TestSuite1: Test Cases/SampleOrangeHRM_TC]]></system-out>
      <system-err><![CDATA[]]></system-err>
   </testsuite>
   <testsuite name="TestSuite2" tests="1" failures="0" errors="0" time="15.839" skipped="0" timestamp="2022-12-09 10:27:48" hostname="LAP15239-local - ManhTT" id="Test Suites/TestSuite2">
      <properties>
         <property name="deviceName" value=""/>
         <property name="devicePlatform" value=""/>
         <property name="logFolder" value="C:\\Users\\LAP15239-local\\Katalon Studio\\git\\katalon\\Reports\\20221209_102718\\TestSuite2\\20221209_102721"/>
         <property name="logFiles" value="C:\\Users\\LAP15239-local\\Katalon Studio\\git\\katalon\\Reports\\20221209_102718\\TestSuite2\\20221209_102721\\execution0.log"/>
         <property name="attachments" value=""/>
         <property name="hostName" value="LAP15239-local - ManhTT"/>
         <property name="os" value="Windows 10 64bit"/>
         <property name="katalonVersion" value="8.5.5.208"/>
         <property name="browser" value="Edge Chromium 108"/>
         <property name="hostAddress" value="172.25.47.144"/>
         <property name="sessionId" value="4213afca275f78cc2e3decaaa098446d"/>
         <property name="seleniumVersion" value="3.141.59"/>
         <property name="proxyInformation" value="ProxyInformation { proxyOption=NO_PROXY, proxyServerType=HTTP, username=, password=********, proxyServerAddress=, proxyServerPort=0, executionList=&quot;&quot;, isApplyToDesiredCapabilities=true }"/>
         <property name="platform" value="Windows 10"/>
      </properties>
      <testcase name="Test Cases/SampleOrangeHRM_TC" time="15.653" classname="Test Cases/SampleOrangeHRM_TC" status="PASSED">
         <system-out><![CDATA[2022-12-09 10:27:48 - [TEST_CASE][PASSED] - Test Cases/SampleOrangeHRM_TC: Test Cases/SampleOrangeHRM_TC

2022-12-09 10:27:48 - [TEST_STEP][PASSED] - openBrowser(""): Browser is opened with url: ''

2022-12-09 10:27:48 - [MESSAGE][INFO] - Starting 'Edge Chromium' driver

2022-12-09 10:27:49 - [MESSAGE][INFO] - Action delay is set to 0 milliseconds

2022-12-09 10:27:50 - [MESSAGE][PASSED] - Browser is opened with url: ''

2022-12-09 10:27:50 - [TEST_STEP][PASSED] - navigateToUrl("https://opensource-demo.orangehrmlive.com/web/index.php/auth/login"): Navigate to 'https://opensource-demo.orangehrmlive.com/web/index.php/auth/login' successfully

2022-12-09 10:27:55 - [MESSAGE][PASSED] - Navigate to 'https://opensource-demo.orangehrmlive.com/web/index.php/auth/login' successfully

2022-12-09 10:27:55 - [TEST_STEP][PASSED] - setText(findTestObject("Test1_OR/Page_OrangeHRM/input_Username_username"), "Admin"): Text 'Admin' is set on object 'Object Repository/Test1_OR/Page_OrangeHRM/input_Username_username'

2022-12-09 10:27:56 - [MESSAGE][PASSED] - Text 'Admin' is set on object 'Object Repository/Test1_OR/Page_OrangeHRM/input_Username_username'

2022-12-09 10:27:56 - [TEST_STEP][NOT_RUN] - setText(findTestObject("Test1_OR/Page_OrangeHRM/input_Password_password"), "admin123"): NOT_RUN: setText(findTestObject("Test1_OR/Page_OrangeHRM/input_Password_password"), "admin123")

2022-12-09 10:27:56 - [MESSAGE][NOT_RUN] - NOT_RUN: setText(findTestObject("Test1_OR/Page_OrangeHRM/input_Password_password"), "admin123")

2022-12-09 10:27:56 - [TEST_STEP][PASSED] - setEncryptedText(findTestObject("Test1_OR/Page_OrangeHRM/input_Password_password"), "hUKwJTbofgPU9eVlw/CnDQ=="): Text ****** has been set on object 'Object Repository/Test1_OR/Page_OrangeHRM/input_Password_password'

2022-12-09 10:27:56 - [MESSAGE][PASSED] - Text ****** has been set on object 'Object Repository/Test1_OR/Page_OrangeHRM/input_Password_password'

2022-12-09 10:27:56 - [TEST_STEP][PASSED] - click(findTestObject("Test1_OR/Page_OrangeHRM/button_Login")): Object: 'Object Repository/Test1_OR/Page_OrangeHRM/button_Login' is clicked on

2022-12-09 10:27:57 - [MESSAGE][PASSED] - Object: 'Object Repository/Test1_OR/Page_OrangeHRM/button_Login' is clicked on

2022-12-09 10:27:57 - [TEST_STEP][PASSED] - click(findTestObject("Test1_OR/Page_OrangeHRM/a_Time")): Object: 'Object Repository/Test1_OR/Page_OrangeHRM/a_Time' is clicked on

2022-12-09 10:28:01 - [MESSAGE][PASSED] - Object: 'Object Repository/Test1_OR/Page_OrangeHRM/a_Time' is clicked on

2022-12-09 10:28:01 - [TEST_STEP][PASSED] - verifyElementPresent(findTestObject("Object Repository/Test1_OR/Page_OrangeHRM/h6_Select Employee"), 0): Object 'Object Repository/Test1_OR/Page_OrangeHRM/h6_Select Employee' is present

2022-12-09 10:28:01 - [MESSAGE][WARNING] - Timeout '0' is invalid. Using default page load timeout: '30'

2022-12-09 10:28:02 - [MESSAGE][PASSED] - Object 'Object Repository/Test1_OR/Page_OrangeHRM/h6_Select Employee' is present

2022-12-09 10:28:02 - [TEST_STEP][PASSED] - verifyTextPresent("Select Employee", true): Text 'Select Employee' is present on page  using regular expression

2022-12-09 10:28:03 - [MESSAGE][PASSED] - Text 'Select Employee' is present on page  using regular expression

2022-12-09 10:28:03 - [TEST_STEP][PASSED] - closeBrowser(): Browser is closed

2022-12-09 10:28:04 - [MESSAGE][PASSED] - Browser is closed]]></system-out>
         <system-err><![CDATA[]]></system-err>
      </testcase>
      <system-out><![CDATA[2022-12-09 10:27:48 - [TEST_SUITE][PASSED] - TestSuite2: Test Cases/SampleOrangeHRM_TC]]></system-out>
      <system-err><![CDATA[]]></system-err>
   </testsuite>
   <testsuite name="TestSuite3" tests="1" failures="0" errors="0" time="15.419" skipped="0" timestamp="2022-12-09 10:28:05" hostname="LAP15239-local - ManhTT" id="Test Suites/TestSuite3">
      <properties>
         <property name="deviceName" value=""/>
         <property name="devicePlatform" value=""/>
         <property name="logFolder" value="C:\\Users\\LAP15239-local\\Katalon Studio\\git\\katalon\\Reports\\20221209_102718\\TestSuite3\\20221209_102723"/>
         <property name="logFiles" value="C:\\Users\\LAP15239-local\\Katalon Studio\\git\\katalon\\Reports\\20221209_102718\\TestSuite3\\20221209_102723\\execution0.log"/>
         <property name="attachments" value=""/>
         <property name="hostName" value="LAP15239-local - ManhTT"/>
         <property name="os" value="Windows 10 64bit"/>
         <property name="katalonVersion" value="8.5.5.208"/>
         <property name="browser" value="Firefox 107.0"/>
         <property name="hostAddress" value="172.25.47.144"/>
         <property name="sessionId" value="b0a17fea-93f9-4c4a-a8a7-2ba55a392c8e"/>
         <property name="seleniumVersion" value="3.141.59"/>
         <property name="proxyInformation" value="ProxyInformation { proxyOption=NO_PROXY, proxyServerType=HTTP, username=, password=********, proxyServerAddress=, proxyServerPort=0, executionList=&quot;&quot;, isApplyToDesiredCapabilities=true }"/>
         <property name="platform" value="Windows 10"/>
      </properties>
      <testcase name="Test Cases/SampleMKP_TC" time="15.221" classname="Test Cases/SampleMKP_TC" status="PASSED">
         <system-out><![CDATA[2022-12-09 10:28:06 - [TEST_CASE][PASSED] - Test Cases/SampleMKP_TC: Test Cases/SampleMKP_TC

2022-12-09 10:28:06 - [TEST_STEP][PASSED] - openBrowser(""): Browser is opened with url: ''

2022-12-09 10:28:06 - [MESSAGE][INFO] - Starting 'Firefox' driver

2022-12-09 10:28:06 - [MESSAGE][INFO] - Action delay is set to 0 milliseconds

2022-12-09 10:28:10 - [MESSAGE][PASSED] - Browser is opened with url: ''

2022-12-09 10:28:10 - [TEST_STEP][PASSED] - navigateToUrl("https://market.test.yoverse.io/"): Navigate to 'https://market.test.yoverse.io/' successfully

2022-12-09 10:28:13 - [MESSAGE][PASSED] - Navigate to 'https://market.test.yoverse.io/' successfully

2022-12-09 10:28:13 - [TEST_STEP][PASSED] - setText(findTestObject("Object Repository/Test2_MKP/Page_YoVerse Market/inputToSearch"), "search demo"): Text 'search demo' is set on object 'Object Repository/Test2_MKP/Page_YoVerse Market/inputToSearch'

2022-12-09 10:28:15 - [MESSAGE][PASSED] - Text 'search demo' is set on object 'Object Repository/Test2_MKP/Page_YoVerse Market/inputToSearch'

2022-12-09 10:28:15 - [TEST_STEP][PASSED] - sendKeys(findTestObject("Object Repository/Test2_MKP/Page_YoVerse Market/inputToSearch"), Keys.chord(ENTER)): Keys 'ENTER + ' sent to object: 'Object Repository/Test2_MKP/Page_YoVerse Market/inputToSearch'

2022-12-09 10:28:16 - [MESSAGE][PASSED] - Keys 'ENTER + ' sent to object: 'Object Repository/Test2_MKP/Page_YoVerse Market/inputToSearch'

2022-12-09 10:28:16 - [TEST_STEP][PASSED] - setText(findTestObject("Object Repository/Test2_MKP/Page_YoVerse Market/inputToSearch"), ""): Text '' is set on object 'Object Repository/Test2_MKP/Page_YoVerse Market/inputToSearch'

2022-12-09 10:28:17 - [MESSAGE][PASSED] - Text '' is set on object 'Object Repository/Test2_MKP/Page_YoVerse Market/inputToSearch'

2022-12-09 10:28:17 - [TEST_STEP][PASSED] - click(findTestObject("Object Repository/Test2_MKP/Page_YoVerse Market/div_Explore")): Object: 'Object Repository/Test2_MKP/Page_YoVerse Market/div_Explore' is clicked on

2022-12-09 10:28:17 - [MESSAGE][PASSED] - Object: 'Object Repository/Test2_MKP/Page_YoVerse Market/div_Explore' is clicked on

2022-12-09 10:28:17 - [TEST_STEP][NOT_RUN] - waitForElementPresent(findTestObject("Test2_MKP/Page_YoVerse Market/inputToSearch"), 0): NOT_RUN: waitForElementPresent(findTestObject("Test2_MKP/Page_YoVerse Market/inputToSearch"), 0)

2022-12-09 10:28:17 - [MESSAGE][NOT_RUN] - NOT_RUN: waitForElementPresent(findTestObject("Test2_MKP/Page_YoVerse Market/inputToSearch"), 0)

2022-12-09 10:28:17 - [TEST_STEP][PASSED] - setText(findTestObject("Test2_MKP/Page_YoVerse Market/inputToSearch"), "clear demo"): Text 'clear demo' is set on object 'Object Repository/Test2_MKP/Page_YoVerse Market/inputToSearch'

2022-12-09 10:28:19 - [MESSAGE][PASSED] - Text 'clear demo' is set on object 'Object Repository/Test2_MKP/Page_YoVerse Market/inputToSearch'

2022-12-09 10:28:19 - [TEST_STEP][PASSED] - sendKeys(findTestObject("Object Repository/Test2_MKP/Page_YoVerse Market/inputToSearch"), Keys.chord(ENTER)): Keys 'ENTER + ' sent to object: 'Object Repository/Test2_MKP/Page_YoVerse Market/inputToSearch'

2022-12-09 10:28:19 - [MESSAGE][PASSED] - Keys 'ENTER + ' sent to object: 'Object Repository/Test2_MKP/Page_YoVerse Market/inputToSearch'

2022-12-09 10:28:19 - [TEST_STEP][PASSED] - clearText(findTestObject("Test2_MKP/Page_YoVerse Market/inputToSearch"), STOP_ON_FAILURE): Text of object 'Object Repository/Test2_MKP/Page_YoVerse Market/inputToSearch' is cleared

2022-12-09 10:28:20 - [MESSAGE][PASSED] - Text of object 'Object Repository/Test2_MKP/Page_YoVerse Market/inputToSearch' is cleared

2022-12-09 10:28:20 - [TEST_STEP][PASSED] - closeBrowser(): Browser is closed

2022-12-09 10:28:21 - [MESSAGE][PASSED] - Browser is closed]]></system-out>
         <system-err><![CDATA[]]></system-err>
      </testcase>
      <system-out><![CDATA[2022-12-09 10:28:05 - [TEST_SUITE][PASSED] - TestSuite3: Test Cases/SampleMKP_TC]]></system-out>
      <system-err><![CDATA[]]></system-err>
   </testsuite>
</testsuites>
