<?xml version="1.0" encoding="UTF-8"?>
<testsuites name="MKP" time="151.236" tests="13" failures="0" errors="0">
   <testsuite name="MKP" tests="13" failures="0" errors="0" time="151.236" skipped="0" timestamp="2023-01-03 16:49:42" hostname="LAP15239-local - ManhTT" id="Test Suites/MKP">
      <properties>
         <property name="deviceName" value=""/>
         <property name="devicePlatform" value=""/>
         <property name="logFolder" value="C:\\Users\\LAP15239-local\\Katalon Studio\\git\\katalon\\Reports\\20230103_164939\\MKP\\20230103_164939"/>
         <property name="logFiles" value="C:\\Users\\LAP15239-local\\Katalon Studio\\git\\katalon\\Reports\\20230103_164939\\MKP\\20230103_164939\\execution0.log"/>
         <property name="attachments" value=""/>
         <property name="hostName" value="LAP15239-local - ManhTT"/>
         <property name="os" value="Windows 10 64bit"/>
         <property name="katalonVersion" value="8.5.5.208"/>
         <property name="browser" value="Chrome 108.0.0.0"/>
         <property name="hostAddress" value="172.25.47.196"/>
         <property name="sessionId" value="d51da4f87c5431816429c91f170f4efc"/>
         <property name="seleniumVersion" value="3.141.59"/>
         <property name="proxyInformation" value="ProxyInformation { proxyOption=NO_PROXY, proxyServerType=HTTP, username=, password=********, proxyServerAddress=, proxyServerPort=0, executionList=&quot;&quot;, isApplyToDesiredCapabilities=true }"/>
         <property name="platform" value="Windows 10"/>
      </properties>
      <testcase name="Test Cases/1.MKP/Sell/Fixed Price/Sell_Fixed Price_Cancel_24 hours" time="14.5" classname="Test Cases/1.MKP/Sell/Fixed Price/Sell_Fixed Price_Cancel_24 hours" status="PASSED">
         <system-out><![CDATA[2023-01-03 16:49:42 - [TEST_CASE][PASSED] - Test Cases/1.MKP/Sell/Fixed Price/Sell_Fixed Price_Cancel_24 hours: Test Cases/1.MKP/Sell/Fixed Price/Sell_Fixed Price_Cancel_24 hours

2023-01-03 16:49:42 - [TEST_STEP][PASSED] - Start listener action : sampleBeforeTestCase: null

2023-01-03 16:49:42 - [TEST_STEP][PASSED] - println("
... I am Listener inside sampleBeforeTestCase function"): null

2023-01-03 16:49:42 - [TEST_STEP][PASSED] - callTestCase(findTestCase("1.MKP/BeforeTest/OpenChromeProfiles"), [:], STOP_ON_FAILURE): Call Test Case 'Test Cases/1.MKP/BeforeTest/OpenChromeProfiles' successfully

2023-01-03 16:49:42 - [TEST_CASE][PASSED] - Test Cases/1.MKP/BeforeTest/OpenChromeProfiles: Test Cases/1.MKP/BeforeTest/OpenChromeProfiles

2023-01-03 16:49:43 - [TEST_STEP][PASSED] - System.setProperty("webdriver.chrome.driver", "C:/Users/LAP15239-local/Katalon Studio/git/katalon/webdrivers/chromedriver.exe"): null

2023-01-03 16:49:43 - [TEST_STEP][PASSED] - options = new org.openqa.selenium.chrome.ChromeOptions(): null

2023-01-03 16:49:43 - [TEST_STEP][PASSED] - eSwitches = new java.util.ArrayList(): null

2023-01-03 16:49:43 - [TEST_STEP][PASSED] - eSwitches.add("enable-automation"): null

2023-01-03 16:49:43 - [TEST_STEP][PASSED] - options.setExperimentalOption("excludeSwitches", eSwitches): null

2023-01-03 16:49:43 - [TEST_STEP][PASSED] - options.addArguments("--user-data-dir=C:/Users/LAP15239-local/AppData/Local/Google/Chrome/User Data"): null

2023-01-03 16:49:43 - [TEST_STEP][PASSED] - options.addArguments("--profile-directory=Profile 4"): null

2023-01-03 16:49:43 - [TEST_STEP][PASSED] - driver = new org.openqa.selenium.chrome.ChromeDriver(options): null

2023-01-03 16:49:45 - [TEST_STEP][PASSED] - changeWebDriver(driver): null

2023-01-03 16:49:47 - [MESSAGE][PASSED] - Call Test Case 'Test Cases/1.MKP/BeforeTest/OpenChromeProfiles' successfully

2023-01-03 16:49:47 - [TEST_STEP][PASSED] - navigateToUrl(MKP_url): Navigate to 'https://market.test.yoverse.io' successfully

2023-01-03 16:49:49 - [MESSAGE][PASSED] - Navigate to 'https://market.test.yoverse.io' successfully

2023-01-03 16:49:49 - [TEST_STEP][PASSED] - waitForElementClickable(findTestObject("Object Repository/1.MKP/Sell/img_header_profile_avatar"), 5): Object 'Object Repository/1.MKP/Sell/img_header_profile_avatar' is clickable

2023-01-03 16:49:50 - [MESSAGE][PASSED] - Object 'Object Repository/1.MKP/Sell/img_header_profile_avatar' is clickable

2023-01-03 16:49:50 - [TEST_STEP][PASSED] - click(findTestObject("Object Repository/1.MKP/Sell/img_header_profile_avatar")): Object: 'Object Repository/1.MKP/Sell/img_header_profile_avatar' is clicked on

2023-01-03 16:49:50 - [MESSAGE][PASSED] - Object: 'Object Repository/1.MKP/Sell/img_header_profile_avatar' is clicked on

2023-01-03 16:49:50 - [TEST_STEP][PASSED] - click(findTestObject("Object Repository/1.MKP/Sell/div_My Profile")): Object: 'Object Repository/1.MKP/Sell/div_My Profile' is clicked on

2023-01-03 16:49:51 - [MESSAGE][PASSED] - Object: 'Object Repository/1.MKP/Sell/div_My Profile' is clicked on

2023-01-03 16:49:51 - [TEST_STEP][PASSED] - click(findTestObject("Object Repository/1.MKP/Sell/div_Owned")): Object: 'Object Repository/1.MKP/Sell/div_Owned' is clicked on

2023-01-03 16:49:51 - [MESSAGE][PASSED] - Object: 'Object Repository/1.MKP/Sell/div_Owned' is clicked on

2023-01-03 16:49:51 - [TEST_STEP][PASSED] - click(findTestObject("Object Repository/1.MKP/Sell/button_Sell")): Object: 'Object Repository/1.MKP/Sell/button_Sell' is clicked on

2023-01-03 16:49:52 - [MESSAGE][PASSED] - Object: 'Object Repository/1.MKP/Sell/button_Sell' is clicked on

2023-01-03 16:49:52 - [TEST_STEP][PASSED] - click(findTestObject("Object Repository/1.MKP/Sell/div_Fixed Price")): Object: 'Object Repository/1.MKP/Sell/div_Fixed Price' is clicked on

2023-01-03 16:49:53 - [MESSAGE][PASSED] - Object: 'Object Repository/1.MKP/Sell/div_Fixed Price' is clicked on

2023-01-03 16:49:53 - [TEST_STEP][PASSED] - setText(findTestObject("Object Repository/1.MKP/Sell/input_fixed-price-amount"), priceToSell): Text '55' is set on object 'Object Repository/1.MKP/Sell/input_fixed-price-amount'

2023-01-03 16:49:53 - [MESSAGE][PASSED] - Text '55' is set on object 'Object Repository/1.MKP/Sell/input_fixed-price-amount'

2023-01-03 16:49:53 - [TEST_STEP][PASSED] - click(findTestObject("Object Repository/1.MKP/Sell/span_Private_Listing")): Object: 'Object Repository/1.MKP/Sell/span_Private_Listing' is clicked on

2023-01-03 16:49:53 - [MESSAGE][PASSED] - Object: 'Object Repository/1.MKP/Sell/span_Private_Listing' is clicked on

2023-01-03 16:49:53 - [TEST_STEP][PASSED] - click(findTestObject("Object Repository/1.MKP/Sell/span_Private_Listing")): Object: 'Object Repository/1.MKP/Sell/span_Private_Listing' is clicked on

2023-01-03 16:49:54 - [MESSAGE][PASSED] - Object: 'Object Repository/1.MKP/Sell/span_Private_Listing' is clicked on

2023-01-03 16:49:54 - [TEST_STEP][PASSED] - click(findTestObject("Object Repository/1.MKP/Sell/div_fixed-price-duration")): Object: 'Object Repository/1.MKP/Sell/div_fixed-price-duration' is clicked on

2023-01-03 16:49:54 - [MESSAGE][PASSED] - Object: 'Object Repository/1.MKP/Sell/div_fixed-price-duration' is clicked on

2023-01-03 16:49:54 - [TEST_STEP][PASSED] - click(findTestObject("Object Repository/1.MKP/Sell/button_dateRange")): Object: 'Object Repository/1.MKP/Sell/button_dateRange' is clicked on

2023-01-03 16:49:54 - [MESSAGE][PASSED] - Object: 'Object Repository/1.MKP/Sell/button_dateRange' is clicked on

2023-01-03 16:49:54 - [TEST_STEP][PASSED] - click(findTestObject("Object Repository/1.MKP/Sell/div_Date Range_24 hours")): Object: 'Object Repository/1.MKP/Sell/div_Date Range_24 hours' is clicked on

2023-01-03 16:49:54 - [MESSAGE][PASSED] - Object: 'Object Repository/1.MKP/Sell/div_Date Range_24 hours' is clicked on

2023-01-03 16:49:54 - [TEST_STEP][PASSED] - click(findTestObject("Object Repository/1.MKP/Sell/button_Confirm_Duration")): Object: 'Object Repository/1.MKP/Sell/button_Confirm_Duration' is clicked on

2023-01-03 16:49:55 - [MESSAGE][PASSED] - Object: 'Object Repository/1.MKP/Sell/button_Confirm_Duration' is clicked on

2023-01-03 16:49:55 - [TEST_STEP][PASSED] - waitForElementClickable(findTestObject("Object Repository/1.MKP/Sell/button_Place on market"), 5): Object 'Object Repository/1.MKP/Sell/button_Place on market' is clickable

2023-01-03 16:49:55 - [MESSAGE][PASSED] - Object 'Object Repository/1.MKP/Sell/button_Place on market' is clickable

2023-01-03 16:49:55 - [TEST_STEP][PASSED] - click(findTestObject("Object Repository/1.MKP/Sell/button_Place on market")): Object: 'Object Repository/1.MKP/Sell/button_Place on market' is clicked on

2023-01-03 16:49:55 - [MESSAGE][PASSED] - Object: 'Object Repository/1.MKP/Sell/button_Place on market' is clicked on

2023-01-03 16:49:55 - [TEST_STEP][PASSED] - click(findTestObject("1.MKP/Sell/button_Close_Popup")): Object: 'Object Repository/1.MKP/Sell/button_Close_Popup' is clicked on

2023-01-03 16:49:55 - [MESSAGE][PASSED] - Object: 'Object Repository/1.MKP/Sell/button_Close_Popup' is clicked on

2023-01-03 16:49:55 - [TEST_STEP][PASSED] - closeBrowser(): Browser is closed

2023-01-03 16:49:57 - [MESSAGE][PASSED] - Browser is closed

2023-01-03 16:49:57 - [TEST_STEP][PASSED] - Start listener action : sampleAfterTestCase: null

2023-01-03 16:49:57 - [TEST_STEP][PASSED] - println("
... I am Listener inside sampleAfterTestCase function"): null]]></system-out>
         <system-err><![CDATA[]]></system-err>
      </testcase>
      <testcase name="Test Cases/1.MKP/Sell/Fixed Price/Sell_Fixed Price_Cancel_3 days" time="11.385" classname="Test Cases/1.MKP/Sell/Fixed Price/Sell_Fixed Price_Cancel_3 days" status="PASSED">
         <system-out><![CDATA[2023-01-03 16:49:57 - [TEST_CASE][PASSED] - Test Cases/1.MKP/Sell/Fixed Price/Sell_Fixed Price_Cancel_3 days: Test Cases/1.MKP/Sell/Fixed Price/Sell_Fixed Price_Cancel_3 days

2023-01-03 16:49:57 - [TEST_STEP][PASSED] - Start listener action : sampleBeforeTestCase: null

2023-01-03 16:49:57 - [TEST_STEP][PASSED] - println("
... I am Listener inside sampleBeforeTestCase function"): null

2023-01-03 16:49:57 - [TEST_STEP][PASSED] - callTestCase(findTestCase("1.MKP/BeforeTest/OpenChromeProfiles"), [:], STOP_ON_FAILURE): Call Test Case 'Test Cases/1.MKP/BeforeTest/OpenChromeProfiles' successfully

2023-01-03 16:49:57 - [TEST_CASE][PASSED] - Test Cases/1.MKP/BeforeTest/OpenChromeProfiles: Test Cases/1.MKP/BeforeTest/OpenChromeProfiles

2023-01-03 16:49:57 - [TEST_STEP][PASSED] - System.setProperty("webdriver.chrome.driver", "C:/Users/LAP15239-local/Katalon Studio/git/katalon/webdrivers/chromedriver.exe"): null

2023-01-03 16:49:57 - [TEST_STEP][PASSED] - options = new org.openqa.selenium.chrome.ChromeOptions(): null

2023-01-03 16:49:57 - [TEST_STEP][PASSED] - eSwitches = new java.util.ArrayList(): null

2023-01-03 16:49:57 - [TEST_STEP][PASSED] - eSwitches.add("enable-automation"): null

2023-01-03 16:49:57 - [TEST_STEP][PASSED] - options.setExperimentalOption("excludeSwitches", eSwitches): null

2023-01-03 16:49:57 - [TEST_STEP][PASSED] - options.addArguments("--user-data-dir=C:/Users/LAP15239-local/AppData/Local/Google/Chrome/User Data"): null

2023-01-03 16:49:57 - [TEST_STEP][PASSED] - options.addArguments("--profile-directory=Profile 4"): null

2023-01-03 16:49:57 - [TEST_STEP][PASSED] - driver = new org.openqa.selenium.chrome.ChromeDriver(options): null

2023-01-03 16:49:59 - [TEST_STEP][PASSED] - changeWebDriver(driver): null

2023-01-03 16:50:01 - [MESSAGE][PASSED] - Call Test Case 'Test Cases/1.MKP/BeforeTest/OpenChromeProfiles' successfully

2023-01-03 16:50:01 - [TEST_STEP][PASSED] - navigateToUrl(MKP_url): Navigate to 'https://market.test.yoverse.io' successfully

2023-01-03 16:50:02 - [MESSAGE][PASSED] - Navigate to 'https://market.test.yoverse.io' successfully

2023-01-03 16:50:02 - [TEST_STEP][PASSED] - waitForElementClickable(findTestObject("Object Repository/1.MKP/Sell/img_header_profile_avatar"), 5): Object 'Object Repository/1.MKP/Sell/img_header_profile_avatar' is clickable

2023-01-03 16:50:03 - [MESSAGE][PASSED] - Object 'Object Repository/1.MKP/Sell/img_header_profile_avatar' is clickable

2023-01-03 16:50:03 - [TEST_STEP][PASSED] - click(findTestObject("Object Repository/1.MKP/Sell/img_header_profile_avatar")): Object: 'Object Repository/1.MKP/Sell/img_header_profile_avatar' is clicked on

2023-01-03 16:50:04 - [MESSAGE][PASSED] - Object: 'Object Repository/1.MKP/Sell/img_header_profile_avatar' is clicked on

2023-01-03 16:50:04 - [TEST_STEP][PASSED] - click(findTestObject("Object Repository/1.MKP/Sell/div_My Profile")): Object: 'Object Repository/1.MKP/Sell/div_My Profile' is clicked on

2023-01-03 16:50:04 - [MESSAGE][PASSED] - Object: 'Object Repository/1.MKP/Sell/div_My Profile' is clicked on

2023-01-03 16:50:04 - [TEST_STEP][PASSED] - click(findTestObject("Object Repository/1.MKP/Sell/div_Owned")): Object: 'Object Repository/1.MKP/Sell/div_Owned' is clicked on

2023-01-03 16:50:04 - [MESSAGE][PASSED] - Object: 'Object Repository/1.MKP/Sell/div_Owned' is clicked on

2023-01-03 16:50:04 - [TEST_STEP][PASSED] - click(findTestObject("Object Repository/1.MKP/Sell/button_Sell")): Object: 'Object Repository/1.MKP/Sell/button_Sell' is clicked on

2023-01-03 16:50:05 - [MESSAGE][PASSED] - Object: 'Object Repository/1.MKP/Sell/button_Sell' is clicked on

2023-01-03 16:50:05 - [TEST_STEP][PASSED] - click(findTestObject("Object Repository/1.MKP/Sell/div_Fixed Price")): Object: 'Object Repository/1.MKP/Sell/div_Fixed Price' is clicked on

2023-01-03 16:50:05 - [MESSAGE][PASSED] - Object: 'Object Repository/1.MKP/Sell/div_Fixed Price' is clicked on

2023-01-03 16:50:05 - [TEST_STEP][PASSED] - setText(findTestObject("Object Repository/1.MKP/Sell/input_fixed-price-amount"), priceToSell): Text '55' is set on object 'Object Repository/1.MKP/Sell/input_fixed-price-amount'

2023-01-03 16:50:06 - [MESSAGE][PASSED] - Text '55' is set on object 'Object Repository/1.MKP/Sell/input_fixed-price-amount'

2023-01-03 16:50:06 - [TEST_STEP][PASSED] - click(findTestObject("Object Repository/1.MKP/Sell/span_Private_Listing")): Object: 'Object Repository/1.MKP/Sell/span_Private_Listing' is clicked on

2023-01-03 16:50:06 - [MESSAGE][PASSED] - Object: 'Object Repository/1.MKP/Sell/span_Private_Listing' is clicked on

2023-01-03 16:50:06 - [TEST_STEP][PASSED] - click(findTestObject("Object Repository/1.MKP/Sell/span_Private_Listing")): Object: 'Object Repository/1.MKP/Sell/span_Private_Listing' is clicked on

2023-01-03 16:50:06 - [MESSAGE][PASSED] - Object: 'Object Repository/1.MKP/Sell/span_Private_Listing' is clicked on

2023-01-03 16:50:06 - [TEST_STEP][PASSED] - click(findTestObject("Object Repository/1.MKP/Sell/div_fixed-price-duration")): Object: 'Object Repository/1.MKP/Sell/div_fixed-price-duration' is clicked on

2023-01-03 16:50:06 - [MESSAGE][PASSED] - Object: 'Object Repository/1.MKP/Sell/div_fixed-price-duration' is clicked on

2023-01-03 16:50:06 - [TEST_STEP][PASSED] - click(findTestObject("Object Repository/1.MKP/Sell/button_dateRange")): Object: 'Object Repository/1.MKP/Sell/button_dateRange' is clicked on

2023-01-03 16:50:06 - [MESSAGE][PASSED] - Object: 'Object Repository/1.MKP/Sell/button_dateRange' is clicked on

2023-01-03 16:50:06 - [TEST_STEP][PASSED] - click(findTestObject("Object Repository/1.MKP/Sell/div_Date Range_3 days")): Object: 'Object Repository/1.MKP/Sell/div_Date Range_3 days' is clicked on

2023-01-03 16:50:06 - [MESSAGE][PASSED] - Object: 'Object Repository/1.MKP/Sell/div_Date Range_3 days' is clicked on

2023-01-03 16:50:06 - [TEST_STEP][PASSED] - click(findTestObject("Object Repository/1.MKP/Sell/button_Confirm_Duration")): Object: 'Object Repository/1.MKP/Sell/button_Confirm_Duration' is clicked on

2023-01-03 16:50:07 - [MESSAGE][PASSED] - Object: 'Object Repository/1.MKP/Sell/button_Confirm_Duration' is clicked on

2023-01-03 16:50:07 - [TEST_STEP][PASSED] - waitForElementClickable(findTestObject("Object Repository/1.MKP/Sell/button_Place on market"), 5): Object 'Object Repository/1.MKP/Sell/button_Place on market' is clickable

2023-01-03 16:50:07 - [MESSAGE][PASSED] - Object 'Object Repository/1.MKP/Sell/button_Place on market' is clickable

2023-01-03 16:50:07 - [TEST_STEP][PASSED] - click(findTestObject("Object Repository/1.MKP/Sell/button_Place on market")): Object: 'Object Repository/1.MKP/Sell/button_Place on market' is clicked on

2023-01-03 16:50:07 - [MESSAGE][PASSED] - Object: 'Object Repository/1.MKP/Sell/button_Place on market' is clicked on

2023-01-03 16:50:07 - [TEST_STEP][PASSED] - click(findTestObject("1.MKP/Sell/button_Close_Popup")): Object: 'Object Repository/1.MKP/Sell/button_Close_Popup' is clicked on

2023-01-03 16:50:07 - [MESSAGE][PASSED] - Object: 'Object Repository/1.MKP/Sell/button_Close_Popup' is clicked on

2023-01-03 16:50:07 - [TEST_STEP][PASSED] - closeBrowser(): Browser is closed

2023-01-03 16:50:08 - [MESSAGE][PASSED] - Browser is closed

2023-01-03 16:50:08 - [TEST_STEP][PASSED] - Start listener action : sampleAfterTestCase: null

2023-01-03 16:50:08 - [TEST_STEP][PASSED] - println("
... I am Listener inside sampleAfterTestCase function"): null]]></system-out>
         <system-err><![CDATA[]]></system-err>
      </testcase>
      <testcase name="Test Cases/1.MKP/Sell/Fixed Price/Sell_Fixed Price_Cancel_3 days_Private Listing_Add Member" time="11.825" classname="Test Cases/1.MKP/Sell/Fixed Price/Sell_Fixed Price_Cancel_3 days_Private Listing_Add Member" status="PASSED">
         <system-out><![CDATA[2023-01-03 16:50:08 - [TEST_CASE][PASSED] - Test Cases/1.MKP/Sell/Fixed Price/Sell_Fixed Price_Cancel_3 days_Private Listing_Add Member: Test Cases/1.MKP/Sell/Fixed Price/Sell_Fixed Price_Cancel_3 days_Private Listing_Add Member

2023-01-03 16:50:08 - [TEST_STEP][PASSED] - Start listener action : sampleBeforeTestCase: null

2023-01-03 16:50:08 - [TEST_STEP][PASSED] - println("
... I am Listener inside sampleBeforeTestCase function"): null

2023-01-03 16:50:08 - [TEST_STEP][PASSED] - callTestCase(findTestCase("1.MKP/BeforeTest/OpenChromeProfiles"), [:], STOP_ON_FAILURE): Call Test Case 'Test Cases/1.MKP/BeforeTest/OpenChromeProfiles' successfully

2023-01-03 16:50:08 - [TEST_CASE][PASSED] - Test Cases/1.MKP/BeforeTest/OpenChromeProfiles: Test Cases/1.MKP/BeforeTest/OpenChromeProfiles

2023-01-03 16:50:08 - [TEST_STEP][PASSED] - System.setProperty("webdriver.chrome.driver", "C:/Users/LAP15239-local/Katalon Studio/git/katalon/webdrivers/chromedriver.exe"): null

2023-01-03 16:50:08 - [TEST_STEP][PASSED] - options = new org.openqa.selenium.chrome.ChromeOptions(): null

2023-01-03 16:50:08 - [TEST_STEP][PASSED] - eSwitches = new java.util.ArrayList(): null

2023-01-03 16:50:08 - [TEST_STEP][PASSED] - eSwitches.add("enable-automation"): null

2023-01-03 16:50:08 - [TEST_STEP][PASSED] - options.setExperimentalOption("excludeSwitches", eSwitches): null

2023-01-03 16:50:08 - [TEST_STEP][PASSED] - options.addArguments("--user-data-dir=C:/Users/LAP15239-local/AppData/Local/Google/Chrome/User Data"): null

2023-01-03 16:50:08 - [TEST_STEP][PASSED] - options.addArguments("--profile-directory=Profile 4"): null

2023-01-03 16:50:08 - [TEST_STEP][PASSED] - driver = new org.openqa.selenium.chrome.ChromeDriver(options): null

2023-01-03 16:50:10 - [TEST_STEP][PASSED] - changeWebDriver(driver): null

2023-01-03 16:50:11 - [MESSAGE][PASSED] - Call Test Case 'Test Cases/1.MKP/BeforeTest/OpenChromeProfiles' successfully

2023-01-03 16:50:11 - [TEST_STEP][PASSED] - navigateToUrl(MKP_url): Navigate to 'https://market.test.yoverse.io' successfully

2023-01-03 16:50:12 - [MESSAGE][PASSED] - Navigate to 'https://market.test.yoverse.io' successfully

2023-01-03 16:50:12 - [TEST_STEP][PASSED] - waitForElementClickable(findTestObject("Object Repository/1.MKP/Sell/img_header_profile_avatar"), 5): Object 'Object Repository/1.MKP/Sell/img_header_profile_avatar' is clickable

2023-01-03 16:50:12 - [MESSAGE][PASSED] - Object 'Object Repository/1.MKP/Sell/img_header_profile_avatar' is clickable

2023-01-03 16:50:12 - [TEST_STEP][PASSED] - click(findTestObject("Object Repository/1.MKP/Sell/img_header_profile_avatar")): Object: 'Object Repository/1.MKP/Sell/img_header_profile_avatar' is clicked on

2023-01-03 16:50:13 - [MESSAGE][PASSED] - Object: 'Object Repository/1.MKP/Sell/img_header_profile_avatar' is clicked on

2023-01-03 16:50:13 - [TEST_STEP][PASSED] - click(findTestObject("Object Repository/1.MKP/Sell/div_My Profile")): Object: 'Object Repository/1.MKP/Sell/div_My Profile' is clicked on

2023-01-03 16:50:13 - [MESSAGE][PASSED] - Object: 'Object Repository/1.MKP/Sell/div_My Profile' is clicked on

2023-01-03 16:50:13 - [TEST_STEP][PASSED] - click(findTestObject("Object Repository/1.MKP/Sell/div_Owned")): Object: 'Object Repository/1.MKP/Sell/div_Owned' is clicked on

2023-01-03 16:50:15 - [MESSAGE][PASSED] - Object: 'Object Repository/1.MKP/Sell/div_Owned' is clicked on

2023-01-03 16:50:15 - [TEST_STEP][PASSED] - click(findTestObject("Object Repository/1.MKP/Sell/button_Sell")): Object: 'Object Repository/1.MKP/Sell/button_Sell' is clicked on

2023-01-03 16:50:15 - [MESSAGE][PASSED] - Object: 'Object Repository/1.MKP/Sell/button_Sell' is clicked on

2023-01-03 16:50:15 - [TEST_STEP][PASSED] - click(findTestObject("Object Repository/1.MKP/Sell/div_Fixed Price")): Object: 'Object Repository/1.MKP/Sell/div_Fixed Price' is clicked on

2023-01-03 16:50:16 - [MESSAGE][PASSED] - Object: 'Object Repository/1.MKP/Sell/div_Fixed Price' is clicked on

2023-01-03 16:50:16 - [TEST_STEP][PASSED] - setText(findTestObject("Object Repository/1.MKP/Sell/input_fixed-price-amount"), priceToSell): Text '55' is set on object 'Object Repository/1.MKP/Sell/input_fixed-price-amount'

2023-01-03 16:50:16 - [MESSAGE][PASSED] - Text '55' is set on object 'Object Repository/1.MKP/Sell/input_fixed-price-amount'

2023-01-03 16:50:16 - [TEST_STEP][PASSED] - click(findTestObject("Object Repository/1.MKP/Sell/span_Private_Listing")): Object: 'Object Repository/1.MKP/Sell/span_Private_Listing' is clicked on

2023-01-03 16:50:16 - [MESSAGE][PASSED] - Object: 'Object Repository/1.MKP/Sell/span_Private_Listing' is clicked on

2023-01-03 16:50:16 - [TEST_STEP][PASSED] - click(findTestObject("Object Repository/1.MKP/Sell/div_Manage member")): Object: 'Object Repository/1.MKP/Sell/div_Manage member' is clicked on

2023-01-03 16:50:17 - [MESSAGE][PASSED] - Object: 'Object Repository/1.MKP/Sell/div_Manage member' is clicked on

2023-01-03 16:50:17 - [TEST_STEP][PASSED] - setText(findTestObject("Object Repository/1.MKP/Sell/input_Wallet Address or Username"), "lamldt"): Text 'lamldt' is set on object 'Object Repository/1.MKP/Sell/input_Wallet Address or Username'

2023-01-03 16:50:17 - [MESSAGE][PASSED] - Text 'lamldt' is set on object 'Object Repository/1.MKP/Sell/input_Wallet Address or Username'

2023-01-03 16:50:17 - [TEST_STEP][PASSED] - click(findTestObject("Object Repository/1.MKP/Sell/div_Add member")): Object: 'Object Repository/1.MKP/Sell/div_Add member' is clicked on

2023-01-03 16:50:17 - [MESSAGE][PASSED] - Object: 'Object Repository/1.MKP/Sell/div_Add member' is clicked on

2023-01-03 16:50:17 - [TEST_STEP][PASSED] - click(findTestObject("Object Repository/1.MKP/Sell/div_Done")): Object: 'Object Repository/1.MKP/Sell/div_Done' is clicked on

2023-01-03 16:50:17 - [MESSAGE][PASSED] - Object: 'Object Repository/1.MKP/Sell/div_Done' is clicked on

2023-01-03 16:50:17 - [TEST_STEP][PASSED] - click(findTestObject("Object Repository/1.MKP/Sell/div_fixed-price-duration")): Object: 'Object Repository/1.MKP/Sell/div_fixed-price-duration' is clicked on

2023-01-03 16:50:18 - [MESSAGE][PASSED] - Object: 'Object Repository/1.MKP/Sell/div_fixed-price-duration' is clicked on

2023-01-03 16:50:18 - [TEST_STEP][PASSED] - click(findTestObject("Object Repository/1.MKP/Sell/button_dateRange")): Object: 'Object Repository/1.MKP/Sell/button_dateRange' is clicked on

2023-01-03 16:50:18 - [MESSAGE][PASSED] - Object: 'Object Repository/1.MKP/Sell/button_dateRange' is clicked on

2023-01-03 16:50:18 - [TEST_STEP][PASSED] - click(findTestObject("Object Repository/1.MKP/Sell/div_Date Range_3 days")): Object: 'Object Repository/1.MKP/Sell/div_Date Range_3 days' is clicked on

2023-01-03 16:50:18 - [MESSAGE][PASSED] - Object: 'Object Repository/1.MKP/Sell/div_Date Range_3 days' is clicked on

2023-01-03 16:50:18 - [TEST_STEP][PASSED] - click(findTestObject("Object Repository/1.MKP/Sell/button_Confirm_Duration")): Object: 'Object Repository/1.MKP/Sell/button_Confirm_Duration' is clicked on

2023-01-03 16:50:18 - [MESSAGE][PASSED] - Object: 'Object Repository/1.MKP/Sell/button_Confirm_Duration' is clicked on

2023-01-03 16:50:18 - [TEST_STEP][PASSED] - waitForElementClickable(findTestObject("Object Repository/1.MKP/Sell/button_Place on market"), 5): Object 'Object Repository/1.MKP/Sell/button_Place on market' is clickable

2023-01-03 16:50:18 - [MESSAGE][PASSED] - Object 'Object Repository/1.MKP/Sell/button_Place on market' is clickable

2023-01-03 16:50:18 - [TEST_STEP][PASSED] - click(findTestObject("Object Repository/1.MKP/Sell/button_Place on market")): Object: 'Object Repository/1.MKP/Sell/button_Place on market' is clicked on

2023-01-03 16:50:19 - [MESSAGE][PASSED] - Object: 'Object Repository/1.MKP/Sell/button_Place on market' is clicked on

2023-01-03 16:50:19 - [TEST_STEP][PASSED] - click(findTestObject("1.MKP/Sell/button_Close_Popup")): Object: 'Object Repository/1.MKP/Sell/button_Close_Popup' is clicked on

2023-01-03 16:50:19 - [MESSAGE][PASSED] - Object: 'Object Repository/1.MKP/Sell/button_Close_Popup' is clicked on

2023-01-03 16:50:19 - [TEST_STEP][PASSED] - closeBrowser(): Browser is closed

2023-01-03 16:50:20 - [MESSAGE][PASSED] - Browser is closed

2023-01-03 16:50:20 - [TEST_STEP][PASSED] - Start listener action : sampleAfterTestCase: null

2023-01-03 16:50:20 - [TEST_STEP][PASSED] - println("
... I am Listener inside sampleAfterTestCase function"): null]]></system-out>
         <system-err><![CDATA[]]></system-err>
      </testcase>
      <testcase name="Test Cases/1.MKP/Sell/Fixed Price/Sell_Fixed Price_Cancel_30 days" time="10.477" classname="Test Cases/1.MKP/Sell/Fixed Price/Sell_Fixed Price_Cancel_30 days" status="PASSED">
         <system-out><![CDATA[2023-01-03 16:50:20 - [TEST_CASE][PASSED] - Test Cases/1.MKP/Sell/Fixed Price/Sell_Fixed Price_Cancel_30 days: Test Cases/1.MKP/Sell/Fixed Price/Sell_Fixed Price_Cancel_30 days

2023-01-03 16:50:20 - [TEST_STEP][PASSED] - Start listener action : sampleBeforeTestCase: null

2023-01-03 16:50:20 - [TEST_STEP][PASSED] - println("
... I am Listener inside sampleBeforeTestCase function"): null

2023-01-03 16:50:20 - [TEST_STEP][PASSED] - callTestCase(findTestCase("1.MKP/BeforeTest/OpenChromeProfiles"), [:], STOP_ON_FAILURE): Call Test Case 'Test Cases/1.MKP/BeforeTest/OpenChromeProfiles' successfully

2023-01-03 16:50:20 - [TEST_CASE][PASSED] - Test Cases/1.MKP/BeforeTest/OpenChromeProfiles: Test Cases/1.MKP/BeforeTest/OpenChromeProfiles

2023-01-03 16:50:20 - [TEST_STEP][PASSED] - System.setProperty("webdriver.chrome.driver", "C:/Users/LAP15239-local/Katalon Studio/git/katalon/webdrivers/chromedriver.exe"): null

2023-01-03 16:50:20 - [TEST_STEP][PASSED] - options = new org.openqa.selenium.chrome.ChromeOptions(): null

2023-01-03 16:50:20 - [TEST_STEP][PASSED] - eSwitches = new java.util.ArrayList(): null

2023-01-03 16:50:20 - [TEST_STEP][PASSED] - eSwitches.add("enable-automation"): null

2023-01-03 16:50:20 - [TEST_STEP][PASSED] - options.setExperimentalOption("excludeSwitches", eSwitches): null

2023-01-03 16:50:20 - [TEST_STEP][PASSED] - options.addArguments("--user-data-dir=C:/Users/LAP15239-local/AppData/Local/Google/Chrome/User Data"): null

2023-01-03 16:50:20 - [TEST_STEP][PASSED] - options.addArguments("--profile-directory=Profile 4"): null

2023-01-03 16:50:20 - [TEST_STEP][PASSED] - driver = new org.openqa.selenium.chrome.ChromeDriver(options): null

2023-01-03 16:50:21 - [TEST_STEP][PASSED] - changeWebDriver(driver): null

2023-01-03 16:50:22 - [MESSAGE][PASSED] - Call Test Case 'Test Cases/1.MKP/BeforeTest/OpenChromeProfiles' successfully

2023-01-03 16:50:22 - [TEST_STEP][PASSED] - navigateToUrl(MKP_url): Navigate to 'https://market.test.yoverse.io' successfully

2023-01-03 16:50:23 - [MESSAGE][PASSED] - Navigate to 'https://market.test.yoverse.io' successfully

2023-01-03 16:50:23 - [TEST_STEP][PASSED] - waitForElementClickable(findTestObject("Object Repository/1.MKP/Sell/img_header_profile_avatar"), 5): Object 'Object Repository/1.MKP/Sell/img_header_profile_avatar' is clickable

2023-01-03 16:50:25 - [MESSAGE][PASSED] - Object 'Object Repository/1.MKP/Sell/img_header_profile_avatar' is clickable

2023-01-03 16:50:25 - [TEST_STEP][PASSED] - click(findTestObject("Object Repository/1.MKP/Sell/img_header_profile_avatar")): Object: 'Object Repository/1.MKP/Sell/img_header_profile_avatar' is clicked on

2023-01-03 16:50:25 - [MESSAGE][PASSED] - Object: 'Object Repository/1.MKP/Sell/img_header_profile_avatar' is clicked on

2023-01-03 16:50:25 - [TEST_STEP][PASSED] - click(findTestObject("Object Repository/1.MKP/Sell/div_My Profile")): Object: 'Object Repository/1.MKP/Sell/div_My Profile' is clicked on

2023-01-03 16:50:26 - [MESSAGE][PASSED] - Object: 'Object Repository/1.MKP/Sell/div_My Profile' is clicked on

2023-01-03 16:50:26 - [TEST_STEP][PASSED] - click(findTestObject("Object Repository/1.MKP/Sell/div_Owned")): Object: 'Object Repository/1.MKP/Sell/div_Owned' is clicked on

2023-01-03 16:50:26 - [MESSAGE][PASSED] - Object: 'Object Repository/1.MKP/Sell/div_Owned' is clicked on

2023-01-03 16:50:26 - [TEST_STEP][PASSED] - click(findTestObject("Object Repository/1.MKP/Sell/button_Sell")): Object: 'Object Repository/1.MKP/Sell/button_Sell' is clicked on

2023-01-03 16:50:26 - [MESSAGE][PASSED] - Object: 'Object Repository/1.MKP/Sell/button_Sell' is clicked on

2023-01-03 16:50:26 - [TEST_STEP][PASSED] - click(findTestObject("Object Repository/1.MKP/Sell/div_Fixed Price")): Object: 'Object Repository/1.MKP/Sell/div_Fixed Price' is clicked on

2023-01-03 16:50:27 - [MESSAGE][PASSED] - Object: 'Object Repository/1.MKP/Sell/div_Fixed Price' is clicked on

2023-01-03 16:50:27 - [TEST_STEP][PASSED] - setText(findTestObject("Object Repository/1.MKP/Sell/input_fixed-price-amount"), priceToSell): Text '55' is set on object 'Object Repository/1.MKP/Sell/input_fixed-price-amount'

2023-01-03 16:50:27 - [MESSAGE][PASSED] - Text '55' is set on object 'Object Repository/1.MKP/Sell/input_fixed-price-amount'

2023-01-03 16:50:27 - [TEST_STEP][PASSED] - click(findTestObject("Object Repository/1.MKP/Sell/span_Private_Listing")): Object: 'Object Repository/1.MKP/Sell/span_Private_Listing' is clicked on

2023-01-03 16:50:28 - [MESSAGE][PASSED] - Object: 'Object Repository/1.MKP/Sell/span_Private_Listing' is clicked on

2023-01-03 16:50:28 - [TEST_STEP][PASSED] - click(findTestObject("Object Repository/1.MKP/Sell/span_Private_Listing")): Object: 'Object Repository/1.MKP/Sell/span_Private_Listing' is clicked on

2023-01-03 16:50:28 - [MESSAGE][PASSED] - Object: 'Object Repository/1.MKP/Sell/span_Private_Listing' is clicked on

2023-01-03 16:50:28 - [TEST_STEP][PASSED] - click(findTestObject("Object Repository/1.MKP/Sell/div_fixed-price-duration")): Object: 'Object Repository/1.MKP/Sell/div_fixed-price-duration' is clicked on

2023-01-03 16:50:28 - [MESSAGE][PASSED] - Object: 'Object Repository/1.MKP/Sell/div_fixed-price-duration' is clicked on

2023-01-03 16:50:28 - [TEST_STEP][PASSED] - click(findTestObject("Object Repository/1.MKP/Sell/button_dateRange")): Object: 'Object Repository/1.MKP/Sell/button_dateRange' is clicked on

2023-01-03 16:50:28 - [MESSAGE][PASSED] - Object: 'Object Repository/1.MKP/Sell/button_dateRange' is clicked on

2023-01-03 16:50:28 - [TEST_STEP][PASSED] - click(findTestObject("Object Repository/1.MKP/Sell/div_Date Range_3 days")): Object: 'Object Repository/1.MKP/Sell/div_Date Range_3 days' is clicked on

2023-01-03 16:50:28 - [MESSAGE][PASSED] - Object: 'Object Repository/1.MKP/Sell/div_Date Range_3 days' is clicked on

2023-01-03 16:50:28 - [TEST_STEP][PASSED] - click(findTestObject("Object Repository/1.MKP/Sell/button_Confirm_Duration")): Object: 'Object Repository/1.MKP/Sell/button_Confirm_Duration' is clicked on

2023-01-03 16:50:29 - [MESSAGE][PASSED] - Object: 'Object Repository/1.MKP/Sell/button_Confirm_Duration' is clicked on

2023-01-03 16:50:29 - [TEST_STEP][PASSED] - waitForElementClickable(findTestObject("Object Repository/1.MKP/Sell/button_Place on market"), 5): Object 'Object Repository/1.MKP/Sell/button_Place on market' is clickable

2023-01-03 16:50:29 - [MESSAGE][PASSED] - Object 'Object Repository/1.MKP/Sell/button_Place on market' is clickable

2023-01-03 16:50:29 - [TEST_STEP][PASSED] - click(findTestObject("Object Repository/1.MKP/Sell/button_Place on market")): Object: 'Object Repository/1.MKP/Sell/button_Place on market' is clicked on

2023-01-03 16:50:29 - [MESSAGE][PASSED] - Object: 'Object Repository/1.MKP/Sell/button_Place on market' is clicked on

2023-01-03 16:50:29 - [TEST_STEP][PASSED] - click(findTestObject("1.MKP/Sell/button_Close_Popup")): Object: 'Object Repository/1.MKP/Sell/button_Close_Popup' is clicked on

2023-01-03 16:50:29 - [MESSAGE][PASSED] - Object: 'Object Repository/1.MKP/Sell/button_Close_Popup' is clicked on

2023-01-03 16:50:29 - [TEST_STEP][PASSED] - closeBrowser(): Browser is closed

2023-01-03 16:50:30 - [MESSAGE][PASSED] - Browser is closed

2023-01-03 16:50:30 - [TEST_STEP][PASSED] - Start listener action : sampleAfterTestCase: null

2023-01-03 16:50:30 - [TEST_STEP][PASSED] - println("
... I am Listener inside sampleAfterTestCase function"): null]]></system-out>
         <system-err><![CDATA[]]></system-err>
      </testcase>
      <testcase name="Test Cases/1.MKP/Sell/Fixed Price/Sell_Fixed Price_Cancel_7 days" time="10.538" classname="Test Cases/1.MKP/Sell/Fixed Price/Sell_Fixed Price_Cancel_7 days" status="PASSED">
         <system-out><![CDATA[2023-01-03 16:50:30 - [TEST_CASE][PASSED] - Test Cases/1.MKP/Sell/Fixed Price/Sell_Fixed Price_Cancel_7 days: Test Cases/1.MKP/Sell/Fixed Price/Sell_Fixed Price_Cancel_7 days

2023-01-03 16:50:30 - [TEST_STEP][PASSED] - Start listener action : sampleBeforeTestCase: null

2023-01-03 16:50:30 - [TEST_STEP][PASSED] - println("
... I am Listener inside sampleBeforeTestCase function"): null

2023-01-03 16:50:30 - [TEST_STEP][PASSED] - callTestCase(findTestCase("1.MKP/BeforeTest/OpenChromeProfiles"), [:], STOP_ON_FAILURE): Call Test Case 'Test Cases/1.MKP/BeforeTest/OpenChromeProfiles' successfully

2023-01-03 16:50:31 - [TEST_CASE][PASSED] - Test Cases/1.MKP/BeforeTest/OpenChromeProfiles: Test Cases/1.MKP/BeforeTest/OpenChromeProfiles

2023-01-03 16:50:31 - [TEST_STEP][PASSED] - System.setProperty("webdriver.chrome.driver", "C:/Users/LAP15239-local/Katalon Studio/git/katalon/webdrivers/chromedriver.exe"): null

2023-01-03 16:50:31 - [TEST_STEP][PASSED] - options = new org.openqa.selenium.chrome.ChromeOptions(): null

2023-01-03 16:50:31 - [TEST_STEP][PASSED] - eSwitches = new java.util.ArrayList(): null

2023-01-03 16:50:31 - [TEST_STEP][PASSED] - eSwitches.add("enable-automation"): null

2023-01-03 16:50:31 - [TEST_STEP][PASSED] - options.setExperimentalOption("excludeSwitches", eSwitches): null

2023-01-03 16:50:31 - [TEST_STEP][PASSED] - options.addArguments("--user-data-dir=C:/Users/LAP15239-local/AppData/Local/Google/Chrome/User Data"): null

2023-01-03 16:50:31 - [TEST_STEP][PASSED] - options.addArguments("--profile-directory=Profile 4"): null

2023-01-03 16:50:31 - [TEST_STEP][PASSED] - driver = new org.openqa.selenium.chrome.ChromeDriver(options): null

2023-01-03 16:50:32 - [TEST_STEP][PASSED] - changeWebDriver(driver): null

2023-01-03 16:50:33 - [MESSAGE][PASSED] - Call Test Case 'Test Cases/1.MKP/BeforeTest/OpenChromeProfiles' successfully

2023-01-03 16:50:33 - [TEST_STEP][PASSED] - navigateToUrl(MKP_url): Navigate to 'https://market.test.yoverse.io' successfully

2023-01-03 16:50:34 - [MESSAGE][PASSED] - Navigate to 'https://market.test.yoverse.io' successfully

2023-01-03 16:50:34 - [TEST_STEP][PASSED] - click(findTestObject("Object Repository/1.MKP/Sell/img_header_profile_avatar")): Object: 'Object Repository/1.MKP/Sell/img_header_profile_avatar' is clicked on

2023-01-03 16:50:35 - [MESSAGE][PASSED] - Object: 'Object Repository/1.MKP/Sell/img_header_profile_avatar' is clicked on

2023-01-03 16:50:35 - [TEST_STEP][PASSED] - click(findTestObject("Object Repository/1.MKP/Sell/div_My Profile")): Object: 'Object Repository/1.MKP/Sell/div_My Profile' is clicked on

2023-01-03 16:50:36 - [MESSAGE][PASSED] - Object: 'Object Repository/1.MKP/Sell/div_My Profile' is clicked on

2023-01-03 16:50:36 - [TEST_STEP][PASSED] - click(findTestObject("Object Repository/1.MKP/Sell/div_Owned")): Object: 'Object Repository/1.MKP/Sell/div_Owned' is clicked on

2023-01-03 16:50:37 - [MESSAGE][PASSED] - Object: 'Object Repository/1.MKP/Sell/div_Owned' is clicked on

2023-01-03 16:50:37 - [TEST_STEP][PASSED] - click(findTestObject("Object Repository/1.MKP/Sell/button_Sell")): Object: 'Object Repository/1.MKP/Sell/button_Sell' is clicked on

2023-01-03 16:50:37 - [MESSAGE][PASSED] - Object: 'Object Repository/1.MKP/Sell/button_Sell' is clicked on

2023-01-03 16:50:37 - [TEST_STEP][PASSED] - click(findTestObject("Object Repository/1.MKP/Sell/div_Fixed Price")): Object: 'Object Repository/1.MKP/Sell/div_Fixed Price' is clicked on

2023-01-03 16:50:38 - [MESSAGE][PASSED] - Object: 'Object Repository/1.MKP/Sell/div_Fixed Price' is clicked on

2023-01-03 16:50:38 - [TEST_STEP][PASSED] - setText(findTestObject("Object Repository/1.MKP/Sell/input_fixed-price-amount"), priceToSell): Text '55' is set on object 'Object Repository/1.MKP/Sell/input_fixed-price-amount'

2023-01-03 16:50:38 - [MESSAGE][PASSED] - Text '55' is set on object 'Object Repository/1.MKP/Sell/input_fixed-price-amount'

2023-01-03 16:50:38 - [TEST_STEP][PASSED] - click(findTestObject("Object Repository/1.MKP/Sell/span_Private_Listing")): Object: 'Object Repository/1.MKP/Sell/span_Private_Listing' is clicked on

2023-01-03 16:50:38 - [MESSAGE][PASSED] - Object: 'Object Repository/1.MKP/Sell/span_Private_Listing' is clicked on

2023-01-03 16:50:38 - [TEST_STEP][PASSED] - click(findTestObject("Object Repository/1.MKP/Sell/span_Private_Listing")): Object: 'Object Repository/1.MKP/Sell/span_Private_Listing' is clicked on

2023-01-03 16:50:38 - [MESSAGE][PASSED] - Object: 'Object Repository/1.MKP/Sell/span_Private_Listing' is clicked on

2023-01-03 16:50:38 - [TEST_STEP][PASSED] - click(findTestObject("Object Repository/1.MKP/Sell/div_fixed-price-duration")): Object: 'Object Repository/1.MKP/Sell/div_fixed-price-duration' is clicked on

2023-01-03 16:50:39 - [MESSAGE][PASSED] - Object: 'Object Repository/1.MKP/Sell/div_fixed-price-duration' is clicked on

2023-01-03 16:50:39 - [TEST_STEP][PASSED] - click(findTestObject("Object Repository/1.MKP/Sell/button_dateRange")): Object: 'Object Repository/1.MKP/Sell/button_dateRange' is clicked on

2023-01-03 16:50:39 - [MESSAGE][PASSED] - Object: 'Object Repository/1.MKP/Sell/button_dateRange' is clicked on

2023-01-03 16:50:39 - [TEST_STEP][PASSED] - click(findTestObject("Object Repository/1.MKP/Sell/div_Date Range_7 days")): Object: 'Object Repository/1.MKP/Sell/div_Date Range_7 days' is clicked on

2023-01-03 16:50:39 - [MESSAGE][PASSED] - Object: 'Object Repository/1.MKP/Sell/div_Date Range_7 days' is clicked on

2023-01-03 16:50:39 - [TEST_STEP][PASSED] - click(findTestObject("Object Repository/1.MKP/Sell/button_Confirm_Duration")): Object: 'Object Repository/1.MKP/Sell/button_Confirm_Duration' is clicked on

2023-01-03 16:50:39 - [MESSAGE][PASSED] - Object: 'Object Repository/1.MKP/Sell/button_Confirm_Duration' is clicked on

2023-01-03 16:50:39 - [TEST_STEP][PASSED] - waitForElementClickable(findTestObject("Object Repository/1.MKP/Sell/button_Place on market"), 5): Object 'Object Repository/1.MKP/Sell/button_Place on market' is clickable

2023-01-03 16:50:39 - [MESSAGE][PASSED] - Object 'Object Repository/1.MKP/Sell/button_Place on market' is clickable

2023-01-03 16:50:39 - [TEST_STEP][PASSED] - click(findTestObject("Object Repository/1.MKP/Sell/button_Place on market")): Object: 'Object Repository/1.MKP/Sell/button_Place on market' is clicked on

2023-01-03 16:50:40 - [MESSAGE][PASSED] - Object: 'Object Repository/1.MKP/Sell/button_Place on market' is clicked on

2023-01-03 16:50:40 - [TEST_STEP][PASSED] - click(findTestObject("1.MKP/Sell/button_Close_Popup")): Object: 'Object Repository/1.MKP/Sell/button_Close_Popup' is clicked on

2023-01-03 16:50:40 - [MESSAGE][PASSED] - Object: 'Object Repository/1.MKP/Sell/button_Close_Popup' is clicked on

2023-01-03 16:50:40 - [TEST_STEP][PASSED] - closeBrowser(): Browser is closed

2023-01-03 16:50:41 - [MESSAGE][PASSED] - Browser is closed

2023-01-03 16:50:41 - [TEST_STEP][PASSED] - Start listener action : sampleAfterTestCase: null

2023-01-03 16:50:41 - [TEST_STEP][PASSED] - println("
... I am Listener inside sampleAfterTestCase function"): null]]></system-out>
         <system-err><![CDATA[]]></system-err>
      </testcase>
      <testcase name="Test Cases/1.MKP/Sell/Fixed Price/Sell_Fixed Price_Cancel_90 days" time="10.983" classname="Test Cases/1.MKP/Sell/Fixed Price/Sell_Fixed Price_Cancel_90 days" status="PASSED">
         <system-out><![CDATA[2023-01-03 16:50:41 - [TEST_CASE][PASSED] - Test Cases/1.MKP/Sell/Fixed Price/Sell_Fixed Price_Cancel_90 days: Test Cases/1.MKP/Sell/Fixed Price/Sell_Fixed Price_Cancel_90 days

2023-01-03 16:50:41 - [TEST_STEP][PASSED] - Start listener action : sampleBeforeTestCase: null

2023-01-03 16:50:41 - [TEST_STEP][PASSED] - println("
... I am Listener inside sampleBeforeTestCase function"): null

2023-01-03 16:50:41 - [TEST_STEP][PASSED] - callTestCase(findTestCase("1.MKP/BeforeTest/OpenChromeProfiles"), [:], STOP_ON_FAILURE): Call Test Case 'Test Cases/1.MKP/BeforeTest/OpenChromeProfiles' successfully

2023-01-03 16:50:41 - [TEST_CASE][PASSED] - Test Cases/1.MKP/BeforeTest/OpenChromeProfiles: Test Cases/1.MKP/BeforeTest/OpenChromeProfiles

2023-01-03 16:50:41 - [TEST_STEP][PASSED] - System.setProperty("webdriver.chrome.driver", "C:/Users/LAP15239-local/Katalon Studio/git/katalon/webdrivers/chromedriver.exe"): null

2023-01-03 16:50:41 - [TEST_STEP][PASSED] - options = new org.openqa.selenium.chrome.ChromeOptions(): null

2023-01-03 16:50:41 - [TEST_STEP][PASSED] - eSwitches = new java.util.ArrayList(): null

2023-01-03 16:50:41 - [TEST_STEP][PASSED] - eSwitches.add("enable-automation"): null

2023-01-03 16:50:41 - [TEST_STEP][PASSED] - options.setExperimentalOption("excludeSwitches", eSwitches): null

2023-01-03 16:50:41 - [TEST_STEP][PASSED] - options.addArguments("--user-data-dir=C:/Users/LAP15239-local/AppData/Local/Google/Chrome/User Data"): null

2023-01-03 16:50:41 - [TEST_STEP][PASSED] - options.addArguments("--profile-directory=Profile 4"): null

2023-01-03 16:50:41 - [TEST_STEP][PASSED] - driver = new org.openqa.selenium.chrome.ChromeDriver(options): null

2023-01-03 16:50:42 - [TEST_STEP][PASSED] - changeWebDriver(driver): null

2023-01-03 16:50:45 - [MESSAGE][PASSED] - Call Test Case 'Test Cases/1.MKP/BeforeTest/OpenChromeProfiles' successfully

2023-01-03 16:50:45 - [TEST_STEP][PASSED] - navigateToUrl(MKP_url): Navigate to 'https://market.test.yoverse.io' successfully

2023-01-03 16:50:46 - [MESSAGE][PASSED] - Navigate to 'https://market.test.yoverse.io' successfully

2023-01-03 16:50:46 - [TEST_STEP][PASSED] - waitForElementClickable(findTestObject("Object Repository/1.MKP/Sell/img_header_profile_avatar"), 5): Object 'Object Repository/1.MKP/Sell/img_header_profile_avatar' is clickable

2023-01-03 16:50:47 - [MESSAGE][PASSED] - Object 'Object Repository/1.MKP/Sell/img_header_profile_avatar' is clickable

2023-01-03 16:50:47 - [TEST_STEP][PASSED] - click(findTestObject("Object Repository/1.MKP/Sell/img_header_profile_avatar")): Object: 'Object Repository/1.MKP/Sell/img_header_profile_avatar' is clicked on

2023-01-03 16:50:47 - [MESSAGE][PASSED] - Object: 'Object Repository/1.MKP/Sell/img_header_profile_avatar' is clicked on

2023-01-03 16:50:47 - [TEST_STEP][PASSED] - click(findTestObject("Object Repository/1.MKP/Sell/div_My Profile")): Object: 'Object Repository/1.MKP/Sell/div_My Profile' is clicked on

2023-01-03 16:50:47 - [MESSAGE][PASSED] - Object: 'Object Repository/1.MKP/Sell/div_My Profile' is clicked on

2023-01-03 16:50:47 - [TEST_STEP][PASSED] - click(findTestObject("Object Repository/1.MKP/Sell/div_Owned")): Object: 'Object Repository/1.MKP/Sell/div_Owned' is clicked on

2023-01-03 16:50:48 - [MESSAGE][PASSED] - Object: 'Object Repository/1.MKP/Sell/div_Owned' is clicked on

2023-01-03 16:50:48 - [TEST_STEP][PASSED] - click(findTestObject("Object Repository/1.MKP/Sell/button_Sell")): Object: 'Object Repository/1.MKP/Sell/button_Sell' is clicked on

2023-01-03 16:50:48 - [MESSAGE][PASSED] - Object: 'Object Repository/1.MKP/Sell/button_Sell' is clicked on

2023-01-03 16:50:48 - [TEST_STEP][PASSED] - click(findTestObject("Object Repository/1.MKP/Sell/div_Fixed Price")): Object: 'Object Repository/1.MKP/Sell/div_Fixed Price' is clicked on

2023-01-03 16:50:49 - [MESSAGE][PASSED] - Object: 'Object Repository/1.MKP/Sell/div_Fixed Price' is clicked on

2023-01-03 16:50:49 - [TEST_STEP][PASSED] - setText(findTestObject("Object Repository/1.MKP/Sell/input_fixed-price-amount"), priceToSell): Text '55' is set on object 'Object Repository/1.MKP/Sell/input_fixed-price-amount'

2023-01-03 16:50:49 - [MESSAGE][PASSED] - Text '55' is set on object 'Object Repository/1.MKP/Sell/input_fixed-price-amount'

2023-01-03 16:50:49 - [TEST_STEP][PASSED] - click(findTestObject("Object Repository/1.MKP/Sell/span_Private_Listing")): Object: 'Object Repository/1.MKP/Sell/span_Private_Listing' is clicked on

2023-01-03 16:50:49 - [MESSAGE][PASSED] - Object: 'Object Repository/1.MKP/Sell/span_Private_Listing' is clicked on

2023-01-03 16:50:49 - [TEST_STEP][PASSED] - click(findTestObject("Object Repository/1.MKP/Sell/span_Private_Listing")): Object: 'Object Repository/1.MKP/Sell/span_Private_Listing' is clicked on

2023-01-03 16:50:49 - [MESSAGE][PASSED] - Object: 'Object Repository/1.MKP/Sell/span_Private_Listing' is clicked on

2023-01-03 16:50:49 - [TEST_STEP][PASSED] - click(findTestObject("Object Repository/1.MKP/Sell/div_fixed-price-duration")): Object: 'Object Repository/1.MKP/Sell/div_fixed-price-duration' is clicked on

2023-01-03 16:50:50 - [MESSAGE][PASSED] - Object: 'Object Repository/1.MKP/Sell/div_fixed-price-duration' is clicked on

2023-01-03 16:50:50 - [TEST_STEP][PASSED] - click(findTestObject("Object Repository/1.MKP/Sell/button_dateRange")): Object: 'Object Repository/1.MKP/Sell/button_dateRange' is clicked on

2023-01-03 16:50:50 - [MESSAGE][PASSED] - Object: 'Object Repository/1.MKP/Sell/button_dateRange' is clicked on

2023-01-03 16:50:50 - [TEST_STEP][PASSED] - click(findTestObject("Object Repository/1.MKP/Sell/div_Date Range_90 days")): Object: 'Object Repository/1.MKP/Sell/div_Date Range_90 days' is clicked on

2023-01-03 16:50:50 - [MESSAGE][PASSED] - Object: 'Object Repository/1.MKP/Sell/div_Date Range_90 days' is clicked on

2023-01-03 16:50:50 - [TEST_STEP][PASSED] - click(findTestObject("Object Repository/1.MKP/Sell/button_Confirm_Duration")): Object: 'Object Repository/1.MKP/Sell/button_Confirm_Duration' is clicked on

2023-01-03 16:50:50 - [MESSAGE][PASSED] - Object: 'Object Repository/1.MKP/Sell/button_Confirm_Duration' is clicked on

2023-01-03 16:50:50 - [TEST_STEP][PASSED] - waitForElementClickable(findTestObject("Object Repository/1.MKP/Sell/button_Place on market"), 5): Object 'Object Repository/1.MKP/Sell/button_Place on market' is clickable

2023-01-03 16:50:50 - [MESSAGE][PASSED] - Object 'Object Repository/1.MKP/Sell/button_Place on market' is clickable

2023-01-03 16:50:50 - [TEST_STEP][PASSED] - click(findTestObject("Object Repository/1.MKP/Sell/button_Place on market")): Object: 'Object Repository/1.MKP/Sell/button_Place on market' is clicked on

2023-01-03 16:50:51 - [MESSAGE][PASSED] - Object: 'Object Repository/1.MKP/Sell/button_Place on market' is clicked on

2023-01-03 16:50:51 - [TEST_STEP][PASSED] - click(findTestObject("1.MKP/Sell/button_Close_Popup")): Object: 'Object Repository/1.MKP/Sell/button_Close_Popup' is clicked on

2023-01-03 16:50:51 - [MESSAGE][PASSED] - Object: 'Object Repository/1.MKP/Sell/button_Close_Popup' is clicked on

2023-01-03 16:50:51 - [TEST_STEP][PASSED] - closeBrowser(): Browser is closed

2023-01-03 16:50:52 - [MESSAGE][PASSED] - Browser is closed

2023-01-03 16:50:52 - [TEST_STEP][PASSED] - Start listener action : sampleAfterTestCase: null

2023-01-03 16:50:52 - [TEST_STEP][PASSED] - println("
... I am Listener inside sampleAfterTestCase function"): null]]></system-out>
         <system-err><![CDATA[]]></system-err>
      </testcase>
      <testcase name="Test Cases/1.MKP/Sell/Fixed Price/Sell_Fixed Price_Cancel_Set Full" time="11.384" classname="Test Cases/1.MKP/Sell/Fixed Price/Sell_Fixed Price_Cancel_Set Full" status="PASSED">
         <system-out><![CDATA[2023-01-03 16:50:52 - [TEST_CASE][PASSED] - Test Cases/1.MKP/Sell/Fixed Price/Sell_Fixed Price_Cancel_Set Full: Test Cases/1.MKP/Sell/Fixed Price/Sell_Fixed Price_Cancel_Set Full

2023-01-03 16:50:52 - [TEST_STEP][PASSED] - Start listener action : sampleBeforeTestCase: null

2023-01-03 16:50:52 - [TEST_STEP][PASSED] - println("
... I am Listener inside sampleBeforeTestCase function"): null

2023-01-03 16:50:52 - [TEST_STEP][PASSED] - callTestCase(findTestCase("1.MKP/BeforeTest/OpenChromeProfiles"), [:], STOP_ON_FAILURE): Call Test Case 'Test Cases/1.MKP/BeforeTest/OpenChromeProfiles' successfully

2023-01-03 16:50:52 - [TEST_CASE][PASSED] - Test Cases/1.MKP/BeforeTest/OpenChromeProfiles: Test Cases/1.MKP/BeforeTest/OpenChromeProfiles

2023-01-03 16:50:52 - [TEST_STEP][PASSED] - System.setProperty("webdriver.chrome.driver", "C:/Users/LAP15239-local/Katalon Studio/git/katalon/webdrivers/chromedriver.exe"): null

2023-01-03 16:50:52 - [TEST_STEP][PASSED] - options = new org.openqa.selenium.chrome.ChromeOptions(): null

2023-01-03 16:50:52 - [TEST_STEP][PASSED] - eSwitches = new java.util.ArrayList(): null

2023-01-03 16:50:52 - [TEST_STEP][PASSED] - eSwitches.add("enable-automation"): null

2023-01-03 16:50:52 - [TEST_STEP][PASSED] - options.setExperimentalOption("excludeSwitches", eSwitches): null

2023-01-03 16:50:52 - [TEST_STEP][PASSED] - options.addArguments("--user-data-dir=C:/Users/LAP15239-local/AppData/Local/Google/Chrome/User Data"): null

2023-01-03 16:50:52 - [TEST_STEP][PASSED] - options.addArguments("--profile-directory=Profile 4"): null

2023-01-03 16:50:52 - [TEST_STEP][PASSED] - driver = new org.openqa.selenium.chrome.ChromeDriver(options): null

2023-01-03 16:50:53 - [TEST_STEP][PASSED] - changeWebDriver(driver): null

2023-01-03 16:50:54 - [MESSAGE][PASSED] - Call Test Case 'Test Cases/1.MKP/BeforeTest/OpenChromeProfiles' successfully

2023-01-03 16:50:54 - [TEST_STEP][PASSED] - navigateToUrl(MKP_url): Navigate to 'https://market.test.yoverse.io' successfully

2023-01-03 16:50:56 - [MESSAGE][PASSED] - Navigate to 'https://market.test.yoverse.io' successfully

2023-01-03 16:50:56 - [TEST_STEP][PASSED] - waitForElementClickable(findTestObject("Object Repository/1.MKP/Sell/img_header_profile_avatar"), 5): Object 'Object Repository/1.MKP/Sell/img_header_profile_avatar' is clickable

2023-01-03 16:50:56 - [MESSAGE][PASSED] - Object 'Object Repository/1.MKP/Sell/img_header_profile_avatar' is clickable

2023-01-03 16:50:56 - [TEST_STEP][PASSED] - click(findTestObject("Object Repository/1.MKP/Sell/img_header_profile_avatar")): Object: 'Object Repository/1.MKP/Sell/img_header_profile_avatar' is clicked on

2023-01-03 16:50:57 - [MESSAGE][PASSED] - Object: 'Object Repository/1.MKP/Sell/img_header_profile_avatar' is clicked on

2023-01-03 16:50:57 - [TEST_STEP][PASSED] - click(findTestObject("Object Repository/1.MKP/Sell/div_My Profile")): Object: 'Object Repository/1.MKP/Sell/div_My Profile' is clicked on

2023-01-03 16:50:57 - [MESSAGE][PASSED] - Object: 'Object Repository/1.MKP/Sell/div_My Profile' is clicked on

2023-01-03 16:50:57 - [TEST_STEP][PASSED] - click(findTestObject("Object Repository/1.MKP/Sell/div_Owned")): Object: 'Object Repository/1.MKP/Sell/div_Owned' is clicked on

2023-01-03 16:50:58 - [MESSAGE][PASSED] - Object: 'Object Repository/1.MKP/Sell/div_Owned' is clicked on

2023-01-03 16:50:58 - [TEST_STEP][PASSED] - click(findTestObject("Object Repository/1.MKP/Sell/button_Sell")): Object: 'Object Repository/1.MKP/Sell/button_Sell' is clicked on

2023-01-03 16:50:58 - [MESSAGE][PASSED] - Object: 'Object Repository/1.MKP/Sell/button_Sell' is clicked on

2023-01-03 16:50:58 - [TEST_STEP][PASSED] - click(findTestObject("Object Repository/1.MKP/Sell/div_Fixed Price")): Object: 'Object Repository/1.MKP/Sell/div_Fixed Price' is clicked on

2023-01-03 16:50:59 - [MESSAGE][PASSED] - Object: 'Object Repository/1.MKP/Sell/div_Fixed Price' is clicked on

2023-01-03 16:50:59 - [TEST_STEP][PASSED] - click(findTestObject("Object Repository/1.MKP/Sell/div_fixed-price-duration")): Object: 'Object Repository/1.MKP/Sell/div_fixed-price-duration' is clicked on

2023-01-03 16:50:59 - [MESSAGE][PASSED] - Object: 'Object Repository/1.MKP/Sell/div_fixed-price-duration' is clicked on

2023-01-03 16:50:59 - [TEST_STEP][PASSED] - click(findTestObject("Object Repository/1.MKP/Sell/button_dateRange")): Object: 'Object Repository/1.MKP/Sell/button_dateRange' is clicked on

2023-01-03 16:50:59 - [MESSAGE][PASSED] - Object: 'Object Repository/1.MKP/Sell/button_dateRange' is clicked on

2023-01-03 16:50:59 - [TEST_STEP][PASSED] - click(findTestObject("Object Repository/1.MKP/Sell/div_Date Range_3 days")): Object: 'Object Repository/1.MKP/Sell/div_Date Range_3 days' is clicked on

2023-01-03 16:51:00 - [MESSAGE][PASSED] - Object: 'Object Repository/1.MKP/Sell/div_Date Range_3 days' is clicked on

2023-01-03 16:51:00 - [TEST_STEP][PASSED] - click(findTestObject("Object Repository/1.MKP/Sell/button_Confirm_Duration")): Object: 'Object Repository/1.MKP/Sell/button_Confirm_Duration' is clicked on

2023-01-03 16:51:00 - [MESSAGE][PASSED] - Object: 'Object Repository/1.MKP/Sell/button_Confirm_Duration' is clicked on

2023-01-03 16:51:00 - [TEST_STEP][PASSED] - click(findTestObject("Object Repository/1.MKP/Sell/button_price-token")): Object: 'Object Repository/1.MKP/Sell/button_price-token' is clicked on

2023-01-03 16:51:00 - [MESSAGE][PASSED] - Object: 'Object Repository/1.MKP/Sell/button_price-token' is clicked on

2023-01-03 16:51:00 - [TEST_STEP][PASSED] - click(findTestObject("Object Repository/1.MKP/Sell/div_Token_0")): Object: 'Object Repository/1.MKP/Sell/div_Token_0' is clicked on

2023-01-03 16:51:00 - [MESSAGE][PASSED] - Object: 'Object Repository/1.MKP/Sell/div_Token_0' is clicked on

2023-01-03 16:51:00 - [TEST_STEP][PASSED] - setText(findTestObject("Object Repository/1.MKP/Sell/input_fixed-price-amount"), priceToSell): Text '55' is set on object 'Object Repository/1.MKP/Sell/input_fixed-price-amount'

2023-01-03 16:51:01 - [MESSAGE][PASSED] - Text '55' is set on object 'Object Repository/1.MKP/Sell/input_fixed-price-amount'

2023-01-03 16:51:01 - [TEST_STEP][PASSED] - click(findTestObject("Object Repository/1.MKP/Sell/span_Private_Listing")): Object: 'Object Repository/1.MKP/Sell/span_Private_Listing' is clicked on

2023-01-03 16:51:01 - [MESSAGE][PASSED] - Object: 'Object Repository/1.MKP/Sell/span_Private_Listing' is clicked on

2023-01-03 16:51:01 - [TEST_STEP][PASSED] - click(findTestObject("Object Repository/1.MKP/Sell/div_Manage member")): Object: 'Object Repository/1.MKP/Sell/div_Manage member' is clicked on

2023-01-03 16:51:01 - [MESSAGE][PASSED] - Object: 'Object Repository/1.MKP/Sell/div_Manage member' is clicked on

2023-01-03 16:51:01 - [TEST_STEP][PASSED] - setText(findTestObject("Object Repository/1.MKP/Sell/input_Wallet Address or Username"), "lamldt"): Text 'lamldt' is set on object 'Object Repository/1.MKP/Sell/input_Wallet Address or Username'

2023-01-03 16:51:01 - [MESSAGE][PASSED] - Text 'lamldt' is set on object 'Object Repository/1.MKP/Sell/input_Wallet Address or Username'

2023-01-03 16:51:01 - [TEST_STEP][PASSED] - click(findTestObject("Object Repository/1.MKP/Sell/div_Add member")): Object: 'Object Repository/1.MKP/Sell/div_Add member' is clicked on

2023-01-03 16:51:02 - [MESSAGE][PASSED] - Object: 'Object Repository/1.MKP/Sell/div_Add member' is clicked on

2023-01-03 16:51:02 - [TEST_STEP][PASSED] - click(findTestObject("Object Repository/1.MKP/Sell/div_Done")): Object: 'Object Repository/1.MKP/Sell/div_Done' is clicked on

2023-01-03 16:51:02 - [MESSAGE][PASSED] - Object: 'Object Repository/1.MKP/Sell/div_Done' is clicked on

2023-01-03 16:51:02 - [TEST_STEP][PASSED] - waitForElementClickable(findTestObject("Object Repository/1.MKP/Sell/button_Place on market"), 5): Object 'Object Repository/1.MKP/Sell/button_Place on market' is clickable

2023-01-03 16:51:02 - [MESSAGE][PASSED] - Object 'Object Repository/1.MKP/Sell/button_Place on market' is clickable

2023-01-03 16:51:02 - [TEST_STEP][PASSED] - click(findTestObject("Object Repository/1.MKP/Sell/button_Place on market")): Object: 'Object Repository/1.MKP/Sell/button_Place on market' is clicked on

2023-01-03 16:51:02 - [MESSAGE][PASSED] - Object: 'Object Repository/1.MKP/Sell/button_Place on market' is clicked on

2023-01-03 16:51:02 - [TEST_STEP][PASSED] - click(findTestObject("1.MKP/Sell/button_Close_Popup")): Object: 'Object Repository/1.MKP/Sell/button_Close_Popup' is clicked on

2023-01-03 16:51:02 - [MESSAGE][PASSED] - Object: 'Object Repository/1.MKP/Sell/button_Close_Popup' is clicked on

2023-01-03 16:51:02 - [TEST_STEP][PASSED] - closeBrowser(): Browser is closed

2023-01-03 16:51:03 - [MESSAGE][PASSED] - Browser is closed

2023-01-03 16:51:03 - [TEST_STEP][PASSED] - Start listener action : sampleAfterTestCase: null

2023-01-03 16:51:03 - [TEST_STEP][PASSED] - println("
... I am Listener inside sampleAfterTestCase function"): null]]></system-out>
         <system-err><![CDATA[]]></system-err>
      </testcase>
      <testcase name="Test Cases/1.MKP/Sell/Timed Auction/Sell_Timed Auction_Cancel_24 hours" time="10.973" classname="Test Cases/1.MKP/Sell/Timed Auction/Sell_Timed Auction_Cancel_24 hours" status="PASSED">
         <system-out><![CDATA[2023-01-03 16:51:03 - [TEST_CASE][PASSED] - Test Cases/1.MKP/Sell/Timed Auction/Sell_Timed Auction_Cancel_24 hours: Test Cases/1.MKP/Sell/Timed Auction/Sell_Timed Auction_Cancel_24 hours

2023-01-03 16:51:03 - [TEST_STEP][PASSED] - Start listener action : sampleBeforeTestCase: null

2023-01-03 16:51:03 - [TEST_STEP][PASSED] - println("
... I am Listener inside sampleBeforeTestCase function"): null

2023-01-03 16:51:03 - [TEST_STEP][PASSED] - callTestCase(findTestCase("1.MKP/BeforeTest/OpenChromeProfiles"), [:], STOP_ON_FAILURE): Call Test Case 'Test Cases/1.MKP/BeforeTest/OpenChromeProfiles' successfully

2023-01-03 16:51:03 - [TEST_CASE][PASSED] - Test Cases/1.MKP/BeforeTest/OpenChromeProfiles: Test Cases/1.MKP/BeforeTest/OpenChromeProfiles

2023-01-03 16:51:03 - [TEST_STEP][PASSED] - System.setProperty("webdriver.chrome.driver", "C:/Users/LAP15239-local/Katalon Studio/git/katalon/webdrivers/chromedriver.exe"): null

2023-01-03 16:51:03 - [TEST_STEP][PASSED] - options = new org.openqa.selenium.chrome.ChromeOptions(): null

2023-01-03 16:51:03 - [TEST_STEP][PASSED] - eSwitches = new java.util.ArrayList(): null

2023-01-03 16:51:03 - [TEST_STEP][PASSED] - eSwitches.add("enable-automation"): null

2023-01-03 16:51:03 - [TEST_STEP][PASSED] - options.setExperimentalOption("excludeSwitches", eSwitches): null

2023-01-03 16:51:03 - [TEST_STEP][PASSED] - options.addArguments("--user-data-dir=C:/Users/LAP15239-local/AppData/Local/Google/Chrome/User Data"): null

2023-01-03 16:51:03 - [TEST_STEP][PASSED] - options.addArguments("--profile-directory=Profile 4"): null

2023-01-03 16:51:03 - [TEST_STEP][PASSED] - driver = new org.openqa.selenium.chrome.ChromeDriver(options): null

2023-01-03 16:51:05 - [TEST_STEP][PASSED] - changeWebDriver(driver): null

2023-01-03 16:51:06 - [MESSAGE][PASSED] - Call Test Case 'Test Cases/1.MKP/BeforeTest/OpenChromeProfiles' successfully

2023-01-03 16:51:06 - [TEST_STEP][PASSED] - navigateToUrl(MKP_url): Navigate to 'https://market.test.yoverse.io' successfully

2023-01-03 16:51:07 - [MESSAGE][PASSED] - Navigate to 'https://market.test.yoverse.io' successfully

2023-01-03 16:51:07 - [TEST_STEP][PASSED] - waitForElementClickable(findTestObject("Object Repository/1.MKP/Sell/img_header_profile_avatar"), 5): Object 'Object Repository/1.MKP/Sell/img_header_profile_avatar' is clickable

2023-01-03 16:51:08 - [MESSAGE][PASSED] - Object 'Object Repository/1.MKP/Sell/img_header_profile_avatar' is clickable

2023-01-03 16:51:08 - [TEST_STEP][PASSED] - click(findTestObject("Object Repository/1.MKP/Sell/img_header_profile_avatar")): Object: 'Object Repository/1.MKP/Sell/img_header_profile_avatar' is clicked on

2023-01-03 16:51:08 - [MESSAGE][PASSED] - Object: 'Object Repository/1.MKP/Sell/img_header_profile_avatar' is clicked on

2023-01-03 16:51:08 - [TEST_STEP][PASSED] - click(findTestObject("Object Repository/1.MKP/Sell/div_My Profile")): Object: 'Object Repository/1.MKP/Sell/div_My Profile' is clicked on

2023-01-03 16:51:09 - [MESSAGE][PASSED] - Object: 'Object Repository/1.MKP/Sell/div_My Profile' is clicked on

2023-01-03 16:51:09 - [TEST_STEP][PASSED] - click(findTestObject("Object Repository/1.MKP/Sell/div_Owned")): Object: 'Object Repository/1.MKP/Sell/div_Owned' is clicked on

2023-01-03 16:51:09 - [MESSAGE][PASSED] - Object: 'Object Repository/1.MKP/Sell/div_Owned' is clicked on

2023-01-03 16:51:09 - [TEST_STEP][PASSED] - click(findTestObject("Object Repository/1.MKP/Sell/button_Sell")): Object: 'Object Repository/1.MKP/Sell/button_Sell' is clicked on

2023-01-03 16:51:10 - [MESSAGE][PASSED] - Object: 'Object Repository/1.MKP/Sell/button_Sell' is clicked on

2023-01-03 16:51:10 - [TEST_STEP][PASSED] - click(findTestObject("Object Repository/1.MKP/Sell/div_Timed Auction")): Object: 'Object Repository/1.MKP/Sell/div_Timed Auction' is clicked on

2023-01-03 16:51:10 - [MESSAGE][PASSED] - Object: 'Object Repository/1.MKP/Sell/div_Timed Auction' is clicked on

2023-01-03 16:51:10 - [TEST_STEP][PASSED] - setText(findTestObject("Object Repository/1.MKP/Sell/input_price-amount"), priceToSell): Text '55' is set on object 'Object Repository/1.MKP/Sell/input_price-amount'

2023-01-03 16:51:11 - [MESSAGE][PASSED] - Text '55' is set on object 'Object Repository/1.MKP/Sell/input_price-amount'

2023-01-03 16:51:11 - [TEST_STEP][PASSED] - click(findTestObject("Object Repository/1.MKP/Sell/span_Include Buy Now option")): Object: 'Object Repository/1.MKP/Sell/span_Include Buy Now option' is clicked on

2023-01-03 16:51:11 - [MESSAGE][PASSED] - Object: 'Object Repository/1.MKP/Sell/span_Include Buy Now option' is clicked on

2023-01-03 16:51:11 - [TEST_STEP][PASSED] - click(findTestObject("Object Repository/1.MKP/Sell/span_Include Buy Now option")): Object: 'Object Repository/1.MKP/Sell/span_Include Buy Now option' is clicked on

2023-01-03 16:51:11 - [MESSAGE][PASSED] - Object: 'Object Repository/1.MKP/Sell/span_Include Buy Now option' is clicked on

2023-01-03 16:51:11 - [TEST_STEP][PASSED] - click(findTestObject("Object Repository/1.MKP/Sell/span_Private_Listing")): Object: 'Object Repository/1.MKP/Sell/span_Private_Listing' is clicked on

2023-01-03 16:51:11 - [MESSAGE][PASSED] - Object: 'Object Repository/1.MKP/Sell/span_Private_Listing' is clicked on

2023-01-03 16:51:11 - [TEST_STEP][PASSED] - click(findTestObject("Object Repository/1.MKP/Sell/span_Private_Listing")): Object: 'Object Repository/1.MKP/Sell/span_Private_Listing' is clicked on

2023-01-03 16:51:11 - [MESSAGE][PASSED] - Object: 'Object Repository/1.MKP/Sell/span_Private_Listing' is clicked on

2023-01-03 16:51:11 - [TEST_STEP][PASSED] - click(findTestObject("Object Repository/1.MKP/Sell/button_Method")): Object: 'Object Repository/1.MKP/Sell/button_Method' is clicked on

2023-01-03 16:51:12 - [MESSAGE][PASSED] - Object: 'Object Repository/1.MKP/Sell/button_Method' is clicked on

2023-01-03 16:51:12 - [TEST_STEP][PASSED] - click(findTestObject("Object Repository/1.MKP/Sell/div_Sell to the highest bidder")): Object: 'Object Repository/1.MKP/Sell/div_Sell to the highest bidder' is clicked on

2023-01-03 16:51:12 - [MESSAGE][PASSED] - Object: 'Object Repository/1.MKP/Sell/div_Sell to the highest bidder' is clicked on

2023-01-03 16:51:12 - [TEST_STEP][PASSED] - click(findTestObject("Object Repository/1.MKP/Sell/div_timed-auction-duration")): Object: 'Object Repository/1.MKP/Sell/div_timed-auction-duration' is clicked on

2023-01-03 16:51:12 - [MESSAGE][PASSED] - Object: 'Object Repository/1.MKP/Sell/div_timed-auction-duration' is clicked on

2023-01-03 16:51:12 - [TEST_STEP][PASSED] - click(findTestObject("Object Repository/1.MKP/Sell/button_dateRange")): Object: 'Object Repository/1.MKP/Sell/button_dateRange' is clicked on

2023-01-03 16:51:12 - [MESSAGE][PASSED] - Object: 'Object Repository/1.MKP/Sell/button_dateRange' is clicked on

2023-01-03 16:51:12 - [TEST_STEP][PASSED] - click(findTestObject("Object Repository/1.MKP/Sell/div_Date Range_24 hours")): Object: 'Object Repository/1.MKP/Sell/div_Date Range_24 hours' is clicked on

2023-01-03 16:51:12 - [MESSAGE][PASSED] - Object: 'Object Repository/1.MKP/Sell/div_Date Range_24 hours' is clicked on

2023-01-03 16:51:12 - [TEST_STEP][PASSED] - click(findTestObject("Object Repository/1.MKP/Sell/button_Confirm_Duration")): Object: 'Object Repository/1.MKP/Sell/button_Confirm_Duration' is clicked on

2023-01-03 16:51:13 - [MESSAGE][PASSED] - Object: 'Object Repository/1.MKP/Sell/button_Confirm_Duration' is clicked on

2023-01-03 16:51:13 - [TEST_STEP][PASSED] - waitForElementClickable(findTestObject("Object Repository/1.MKP/Sell/button_Place on market"), 5): Object 'Object Repository/1.MKP/Sell/button_Place on market' is clickable

2023-01-03 16:51:13 - [MESSAGE][PASSED] - Object 'Object Repository/1.MKP/Sell/button_Place on market' is clickable

2023-01-03 16:51:13 - [TEST_STEP][PASSED] - click(findTestObject("Object Repository/1.MKP/Sell/button_Place on market")): Object: 'Object Repository/1.MKP/Sell/button_Place on market' is clicked on

2023-01-03 16:51:13 - [MESSAGE][PASSED] - Object: 'Object Repository/1.MKP/Sell/button_Place on market' is clicked on

2023-01-03 16:51:13 - [TEST_STEP][PASSED] - click(findTestObject("1.MKP/Sell/button_Close_Popup")): Object: 'Object Repository/1.MKP/Sell/button_Close_Popup' is clicked on

2023-01-03 16:51:13 - [MESSAGE][PASSED] - Object: 'Object Repository/1.MKP/Sell/button_Close_Popup' is clicked on

2023-01-03 16:51:13 - [TEST_STEP][PASSED] - closeBrowser(): Browser is closed

2023-01-03 16:51:14 - [MESSAGE][PASSED] - Browser is closed

2023-01-03 16:51:14 - [TEST_STEP][PASSED] - Start listener action : sampleAfterTestCase: null

2023-01-03 16:51:14 - [TEST_STEP][PASSED] - println("
... I am Listener inside sampleAfterTestCase function"): null]]></system-out>
         <system-err><![CDATA[]]></system-err>
      </testcase>
      <testcase name="Test Cases/1.MKP/Sell/Timed Auction/Sell_Timed Auction_Cancel_24 hours_Private Listing_Add Member" time="13.4" classname="Test Cases/1.MKP/Sell/Timed Auction/Sell_Timed Auction_Cancel_24 hours_Private Listing_Add Member" status="PASSED">
         <system-out><![CDATA[2023-01-03 16:51:14 - [TEST_CASE][PASSED] - Test Cases/1.MKP/Sell/Timed Auction/Sell_Timed Auction_Cancel_24 hours_Private Listing_Add Member: Test Cases/1.MKP/Sell/Timed Auction/Sell_Timed Auction_Cancel_24 hours_Private Listing_Add Member

2023-01-03 16:51:14 - [TEST_STEP][PASSED] - Start listener action : sampleBeforeTestCase: null

2023-01-03 16:51:14 - [TEST_STEP][PASSED] - println("
... I am Listener inside sampleBeforeTestCase function"): null

2023-01-03 16:51:14 - [TEST_STEP][PASSED] - callTestCase(findTestCase("1.MKP/BeforeTest/OpenChromeProfiles"), [:], STOP_ON_FAILURE): Call Test Case 'Test Cases/1.MKP/BeforeTest/OpenChromeProfiles' successfully

2023-01-03 16:51:14 - [TEST_CASE][PASSED] - Test Cases/1.MKP/BeforeTest/OpenChromeProfiles: Test Cases/1.MKP/BeforeTest/OpenChromeProfiles

2023-01-03 16:51:14 - [TEST_STEP][PASSED] - System.setProperty("webdriver.chrome.driver", "C:/Users/LAP15239-local/Katalon Studio/git/katalon/webdrivers/chromedriver.exe"): null

2023-01-03 16:51:14 - [TEST_STEP][PASSED] - options = new org.openqa.selenium.chrome.ChromeOptions(): null

2023-01-03 16:51:14 - [TEST_STEP][PASSED] - eSwitches = new java.util.ArrayList(): null

2023-01-03 16:51:14 - [TEST_STEP][PASSED] - eSwitches.add("enable-automation"): null

2023-01-03 16:51:14 - [TEST_STEP][PASSED] - options.setExperimentalOption("excludeSwitches", eSwitches): null

2023-01-03 16:51:14 - [TEST_STEP][PASSED] - options.addArguments("--user-data-dir=C:/Users/LAP15239-local/AppData/Local/Google/Chrome/User Data"): null

2023-01-03 16:51:14 - [TEST_STEP][PASSED] - options.addArguments("--profile-directory=Profile 4"): null

2023-01-03 16:51:14 - [TEST_STEP][PASSED] - driver = new org.openqa.selenium.chrome.ChromeDriver(options): null

2023-01-03 16:51:16 - [TEST_STEP][PASSED] - changeWebDriver(driver): null

2023-01-03 16:51:19 - [MESSAGE][PASSED] - Call Test Case 'Test Cases/1.MKP/BeforeTest/OpenChromeProfiles' successfully

2023-01-03 16:51:19 - [TEST_STEP][PASSED] - navigateToUrl(MKP_url): Navigate to 'https://market.test.yoverse.io' successfully

2023-01-03 16:51:20 - [MESSAGE][PASSED] - Navigate to 'https://market.test.yoverse.io' successfully

2023-01-03 16:51:20 - [TEST_STEP][PASSED] - waitForElementClickable(findTestObject("Object Repository/1.MKP/Sell/img_header_profile_avatar"), 5): Object 'Object Repository/1.MKP/Sell/img_header_profile_avatar' is clickable

2023-01-03 16:51:20 - [MESSAGE][PASSED] - Object 'Object Repository/1.MKP/Sell/img_header_profile_avatar' is clickable

2023-01-03 16:51:20 - [TEST_STEP][PASSED] - click(findTestObject("Object Repository/1.MKP/Sell/img_header_profile_avatar")): Object: 'Object Repository/1.MKP/Sell/img_header_profile_avatar' is clicked on

2023-01-03 16:51:21 - [MESSAGE][PASSED] - Object: 'Object Repository/1.MKP/Sell/img_header_profile_avatar' is clicked on

2023-01-03 16:51:21 - [TEST_STEP][PASSED] - click(findTestObject("Object Repository/1.MKP/Sell/div_My Profile")): Object: 'Object Repository/1.MKP/Sell/div_My Profile' is clicked on

2023-01-03 16:51:21 - [MESSAGE][PASSED] - Object: 'Object Repository/1.MKP/Sell/div_My Profile' is clicked on

2023-01-03 16:51:21 - [TEST_STEP][PASSED] - click(findTestObject("Object Repository/1.MKP/Sell/div_Owned")): Object: 'Object Repository/1.MKP/Sell/div_Owned' is clicked on

2023-01-03 16:51:22 - [MESSAGE][PASSED] - Object: 'Object Repository/1.MKP/Sell/div_Owned' is clicked on

2023-01-03 16:51:22 - [TEST_STEP][PASSED] - click(findTestObject("Object Repository/1.MKP/Sell/button_Sell")): Object: 'Object Repository/1.MKP/Sell/button_Sell' is clicked on

2023-01-03 16:51:22 - [MESSAGE][PASSED] - Object: 'Object Repository/1.MKP/Sell/button_Sell' is clicked on

2023-01-03 16:51:22 - [TEST_STEP][PASSED] - click(findTestObject("Object Repository/1.MKP/Sell/div_Timed Auction")): Object: 'Object Repository/1.MKP/Sell/div_Timed Auction' is clicked on

2023-01-03 16:51:23 - [MESSAGE][PASSED] - Object: 'Object Repository/1.MKP/Sell/div_Timed Auction' is clicked on

2023-01-03 16:51:23 - [TEST_STEP][PASSED] - click(findTestObject("Object Repository/1.MKP/Sell/button_Method")): Object: 'Object Repository/1.MKP/Sell/button_Method' is clicked on

2023-01-03 16:51:23 - [MESSAGE][PASSED] - Object: 'Object Repository/1.MKP/Sell/button_Method' is clicked on

2023-01-03 16:51:23 - [TEST_STEP][PASSED] - click(findTestObject("Object Repository/1.MKP/Sell/div_Sell to the highest bidder")): Object: 'Object Repository/1.MKP/Sell/div_Sell to the highest bidder' is clicked on

2023-01-03 16:51:23 - [MESSAGE][PASSED] - Object: 'Object Repository/1.MKP/Sell/div_Sell to the highest bidder' is clicked on

2023-01-03 16:51:23 - [TEST_STEP][PASSED] - click(findTestObject("Object Repository/1.MKP/Sell/div_timed-auction-duration")): Object: 'Object Repository/1.MKP/Sell/div_timed-auction-duration' is clicked on

2023-01-03 16:51:24 - [MESSAGE][PASSED] - Object: 'Object Repository/1.MKP/Sell/div_timed-auction-duration' is clicked on

2023-01-03 16:51:24 - [TEST_STEP][PASSED] - click(findTestObject("Object Repository/1.MKP/Sell/button_dateRange")): Object: 'Object Repository/1.MKP/Sell/button_dateRange' is clicked on

2023-01-03 16:51:24 - [MESSAGE][PASSED] - Object: 'Object Repository/1.MKP/Sell/button_dateRange' is clicked on

2023-01-03 16:51:24 - [TEST_STEP][PASSED] - click(findTestObject("Object Repository/1.MKP/Sell/div_Date Range_24 hours")): Object: 'Object Repository/1.MKP/Sell/div_Date Range_24 hours' is clicked on

2023-01-03 16:51:24 - [MESSAGE][PASSED] - Object: 'Object Repository/1.MKP/Sell/div_Date Range_24 hours' is clicked on

2023-01-03 16:51:24 - [TEST_STEP][PASSED] - click(findTestObject("Object Repository/1.MKP/Sell/button_Confirm_Duration")): Object: 'Object Repository/1.MKP/Sell/button_Confirm_Duration' is clicked on

2023-01-03 16:51:24 - [MESSAGE][PASSED] - Object: 'Object Repository/1.MKP/Sell/button_Confirm_Duration' is clicked on

2023-01-03 16:51:24 - [TEST_STEP][PASSED] - setText(findTestObject("Object Repository/1.MKP/Sell/input_price-amount"), priceToSell): Text '55' is set on object 'Object Repository/1.MKP/Sell/input_price-amount'

2023-01-03 16:51:24 - [MESSAGE][PASSED] - Text '55' is set on object 'Object Repository/1.MKP/Sell/input_price-amount'

2023-01-03 16:51:24 - [TEST_STEP][PASSED] - click(findTestObject("Object Repository/1.MKP/Sell/span_Include Buy Now option")): Object: 'Object Repository/1.MKP/Sell/span_Include Buy Now option' is clicked on

2023-01-03 16:51:25 - [MESSAGE][PASSED] - Object: 'Object Repository/1.MKP/Sell/span_Include Buy Now option' is clicked on

2023-01-03 16:51:25 - [TEST_STEP][PASSED] - click(findTestObject("Object Repository/1.MKP/Sell/span_Include Buy Now option")): Object: 'Object Repository/1.MKP/Sell/span_Include Buy Now option' is clicked on

2023-01-03 16:51:25 - [MESSAGE][PASSED] - Object: 'Object Repository/1.MKP/Sell/span_Include Buy Now option' is clicked on

2023-01-03 16:51:25 - [TEST_STEP][PASSED] - click(findTestObject("Object Repository/1.MKP/Sell/span_Private_Listing")): Object: 'Object Repository/1.MKP/Sell/span_Private_Listing' is clicked on

2023-01-03 16:51:25 - [MESSAGE][PASSED] - Object: 'Object Repository/1.MKP/Sell/span_Private_Listing' is clicked on

2023-01-03 16:51:25 - [TEST_STEP][PASSED] - click(findTestObject("Object Repository/1.MKP/Sell/div_Manage member")): Object: 'Object Repository/1.MKP/Sell/div_Manage member' is clicked on

2023-01-03 16:51:25 - [MESSAGE][PASSED] - Object: 'Object Repository/1.MKP/Sell/div_Manage member' is clicked on

2023-01-03 16:51:25 - [TEST_STEP][PASSED] - setText(findTestObject("Object Repository/1.MKP/Sell/input_Wallet Address or Username"), "lamldt"): Text 'lamldt' is set on object 'Object Repository/1.MKP/Sell/input_Wallet Address or Username'

2023-01-03 16:51:26 - [MESSAGE][PASSED] - Text 'lamldt' is set on object 'Object Repository/1.MKP/Sell/input_Wallet Address or Username'

2023-01-03 16:51:26 - [TEST_STEP][PASSED] - click(findTestObject("Object Repository/1.MKP/Sell/div_Add member")): Object: 'Object Repository/1.MKP/Sell/div_Add member' is clicked on

2023-01-03 16:51:26 - [MESSAGE][PASSED] - Object: 'Object Repository/1.MKP/Sell/div_Add member' is clicked on

2023-01-03 16:51:26 - [TEST_STEP][PASSED] - click(findTestObject("Object Repository/1.MKP/Sell/div_Done")): Object: 'Object Repository/1.MKP/Sell/div_Done' is clicked on

2023-01-03 16:51:26 - [MESSAGE][PASSED] - Object: 'Object Repository/1.MKP/Sell/div_Done' is clicked on

2023-01-03 16:51:26 - [TEST_STEP][PASSED] - waitForElementClickable(findTestObject("Object Repository/1.MKP/Sell/button_Place on market"), 5): Object 'Object Repository/1.MKP/Sell/button_Place on market' is clickable

2023-01-03 16:51:26 - [MESSAGE][PASSED] - Object 'Object Repository/1.MKP/Sell/button_Place on market' is clickable

2023-01-03 16:51:26 - [TEST_STEP][PASSED] - click(findTestObject("Object Repository/1.MKP/Sell/button_Place on market")): Object: 'Object Repository/1.MKP/Sell/button_Place on market' is clicked on

2023-01-03 16:51:26 - [MESSAGE][PASSED] - Object: 'Object Repository/1.MKP/Sell/button_Place on market' is clicked on

2023-01-03 16:51:26 - [TEST_STEP][PASSED] - click(findTestObject("1.MKP/Sell/button_Close_Popup")): Object: 'Object Repository/1.MKP/Sell/button_Close_Popup' is clicked on

2023-01-03 16:51:27 - [MESSAGE][PASSED] - Object: 'Object Repository/1.MKP/Sell/button_Close_Popup' is clicked on

2023-01-03 16:51:27 - [TEST_STEP][PASSED] - closeBrowser(): Browser is closed

2023-01-03 16:51:28 - [MESSAGE][PASSED] - Browser is closed

2023-01-03 16:51:28 - [TEST_STEP][PASSED] - Start listener action : sampleAfterTestCase: null

2023-01-03 16:51:28 - [TEST_STEP][PASSED] - println("
... I am Listener inside sampleAfterTestCase function"): null]]></system-out>
         <system-err><![CDATA[]]></system-err>
      </testcase>
      <testcase name="Test Cases/1.MKP/Sell/Timed Auction/Sell_Timed Auction_Cancel_3 days" time="10.18" classname="Test Cases/1.MKP/Sell/Timed Auction/Sell_Timed Auction_Cancel_3 days" status="PASSED">
         <system-out><![CDATA[2023-01-03 16:51:28 - [TEST_CASE][PASSED] - Test Cases/1.MKP/Sell/Timed Auction/Sell_Timed Auction_Cancel_3 days: Test Cases/1.MKP/Sell/Timed Auction/Sell_Timed Auction_Cancel_3 days

2023-01-03 16:51:28 - [TEST_STEP][PASSED] - Start listener action : sampleBeforeTestCase: null

2023-01-03 16:51:28 - [TEST_STEP][PASSED] - println("
... I am Listener inside sampleBeforeTestCase function"): null

2023-01-03 16:51:28 - [TEST_STEP][PASSED] - callTestCase(findTestCase("1.MKP/BeforeTest/OpenChromeProfiles"), [:], STOP_ON_FAILURE): Call Test Case 'Test Cases/1.MKP/BeforeTest/OpenChromeProfiles' successfully

2023-01-03 16:51:28 - [TEST_CASE][PASSED] - Test Cases/1.MKP/BeforeTest/OpenChromeProfiles: Test Cases/1.MKP/BeforeTest/OpenChromeProfiles

2023-01-03 16:51:28 - [TEST_STEP][PASSED] - System.setProperty("webdriver.chrome.driver", "C:/Users/LAP15239-local/Katalon Studio/git/katalon/webdrivers/chromedriver.exe"): null

2023-01-03 16:51:28 - [TEST_STEP][PASSED] - options = new org.openqa.selenium.chrome.ChromeOptions(): null

2023-01-03 16:51:28 - [TEST_STEP][PASSED] - eSwitches = new java.util.ArrayList(): null

2023-01-03 16:51:28 - [TEST_STEP][PASSED] - eSwitches.add("enable-automation"): null

2023-01-03 16:51:28 - [TEST_STEP][PASSED] - options.setExperimentalOption("excludeSwitches", eSwitches): null

2023-01-03 16:51:28 - [TEST_STEP][PASSED] - options.addArguments("--user-data-dir=C:/Users/LAP15239-local/AppData/Local/Google/Chrome/User Data"): null

2023-01-03 16:51:28 - [TEST_STEP][PASSED] - options.addArguments("--profile-directory=Profile 4"): null

2023-01-03 16:51:28 - [TEST_STEP][PASSED] - driver = new org.openqa.selenium.chrome.ChromeDriver(options): null

2023-01-03 16:51:29 - [TEST_STEP][PASSED] - changeWebDriver(driver): null

2023-01-03 16:51:30 - [MESSAGE][PASSED] - Call Test Case 'Test Cases/1.MKP/BeforeTest/OpenChromeProfiles' successfully

2023-01-03 16:51:30 - [TEST_STEP][PASSED] - navigateToUrl(MKP_url): Navigate to 'https://market.test.yoverse.io' successfully

2023-01-03 16:51:31 - [MESSAGE][PASSED] - Navigate to 'https://market.test.yoverse.io' successfully

2023-01-03 16:51:31 - [TEST_STEP][PASSED] - waitForElementClickable(findTestObject("Object Repository/1.MKP/Sell/img_header_profile_avatar"), 5): Object 'Object Repository/1.MKP/Sell/img_header_profile_avatar' is clickable

2023-01-03 16:51:32 - [MESSAGE][PASSED] - Object 'Object Repository/1.MKP/Sell/img_header_profile_avatar' is clickable

2023-01-03 16:51:32 - [TEST_STEP][PASSED] - click(findTestObject("Object Repository/1.MKP/Sell/img_header_profile_avatar")): Object: 'Object Repository/1.MKP/Sell/img_header_profile_avatar' is clicked on

2023-01-03 16:51:33 - [MESSAGE][PASSED] - Object: 'Object Repository/1.MKP/Sell/img_header_profile_avatar' is clicked on

2023-01-03 16:51:33 - [TEST_STEP][PASSED] - click(findTestObject("Object Repository/1.MKP/Sell/div_My Profile")): Object: 'Object Repository/1.MKP/Sell/div_My Profile' is clicked on

2023-01-03 16:51:33 - [MESSAGE][PASSED] - Object: 'Object Repository/1.MKP/Sell/div_My Profile' is clicked on

2023-01-03 16:51:33 - [TEST_STEP][PASSED] - click(findTestObject("Object Repository/1.MKP/Sell/div_Owned")): Object: 'Object Repository/1.MKP/Sell/div_Owned' is clicked on

2023-01-03 16:51:33 - [MESSAGE][PASSED] - Object: 'Object Repository/1.MKP/Sell/div_Owned' is clicked on

2023-01-03 16:51:33 - [TEST_STEP][PASSED] - click(findTestObject("Object Repository/1.MKP/Sell/button_Sell")): Object: 'Object Repository/1.MKP/Sell/button_Sell' is clicked on

2023-01-03 16:51:34 - [MESSAGE][PASSED] - Object: 'Object Repository/1.MKP/Sell/button_Sell' is clicked on

2023-01-03 16:51:34 - [TEST_STEP][PASSED] - click(findTestObject("Object Repository/1.MKP/Sell/div_Timed Auction")): Object: 'Object Repository/1.MKP/Sell/div_Timed Auction' is clicked on

2023-01-03 16:51:34 - [MESSAGE][PASSED] - Object: 'Object Repository/1.MKP/Sell/div_Timed Auction' is clicked on

2023-01-03 16:51:34 - [TEST_STEP][PASSED] - setText(findTestObject("Object Repository/1.MKP/Sell/input_price-amount"), priceToSell): Text '55' is set on object 'Object Repository/1.MKP/Sell/input_price-amount'

2023-01-03 16:51:35 - [MESSAGE][PASSED] - Text '55' is set on object 'Object Repository/1.MKP/Sell/input_price-amount'

2023-01-03 16:51:35 - [TEST_STEP][PASSED] - click(findTestObject("Object Repository/1.MKP/Sell/span_Include Buy Now option")): Object: 'Object Repository/1.MKP/Sell/span_Include Buy Now option' is clicked on

2023-01-03 16:51:35 - [MESSAGE][PASSED] - Object: 'Object Repository/1.MKP/Sell/span_Include Buy Now option' is clicked on

2023-01-03 16:51:35 - [TEST_STEP][PASSED] - click(findTestObject("Object Repository/1.MKP/Sell/span_Include Buy Now option")): Object: 'Object Repository/1.MKP/Sell/span_Include Buy Now option' is clicked on

2023-01-03 16:51:35 - [MESSAGE][PASSED] - Object: 'Object Repository/1.MKP/Sell/span_Include Buy Now option' is clicked on

2023-01-03 16:51:35 - [TEST_STEP][PASSED] - click(findTestObject("Object Repository/1.MKP/Sell/span_Private_Listing")): Object: 'Object Repository/1.MKP/Sell/span_Private_Listing' is clicked on

2023-01-03 16:51:35 - [MESSAGE][PASSED] - Object: 'Object Repository/1.MKP/Sell/span_Private_Listing' is clicked on

2023-01-03 16:51:35 - [TEST_STEP][PASSED] - click(findTestObject("Object Repository/1.MKP/Sell/span_Private_Listing")): Object: 'Object Repository/1.MKP/Sell/span_Private_Listing' is clicked on

2023-01-03 16:51:35 - [MESSAGE][PASSED] - Object: 'Object Repository/1.MKP/Sell/span_Private_Listing' is clicked on

2023-01-03 16:51:35 - [TEST_STEP][PASSED] - click(findTestObject("Object Repository/1.MKP/Sell/button_Method")): Object: 'Object Repository/1.MKP/Sell/button_Method' is clicked on

2023-01-03 16:51:35 - [MESSAGE][PASSED] - Object: 'Object Repository/1.MKP/Sell/button_Method' is clicked on

2023-01-03 16:51:35 - [TEST_STEP][PASSED] - click(findTestObject("Object Repository/1.MKP/Sell/div_Sell to the highest bidder")): Object: 'Object Repository/1.MKP/Sell/div_Sell to the highest bidder' is clicked on

2023-01-03 16:51:36 - [MESSAGE][PASSED] - Object: 'Object Repository/1.MKP/Sell/div_Sell to the highest bidder' is clicked on

2023-01-03 16:51:36 - [TEST_STEP][PASSED] - click(findTestObject("Object Repository/1.MKP/Sell/div_timed-auction-duration")): Object: 'Object Repository/1.MKP/Sell/div_timed-auction-duration' is clicked on

2023-01-03 16:51:36 - [MESSAGE][PASSED] - Object: 'Object Repository/1.MKP/Sell/div_timed-auction-duration' is clicked on

2023-01-03 16:51:36 - [TEST_STEP][PASSED] - click(findTestObject("Object Repository/1.MKP/Sell/button_dateRange")): Object: 'Object Repository/1.MKP/Sell/button_dateRange' is clicked on

2023-01-03 16:51:36 - [MESSAGE][PASSED] - Object: 'Object Repository/1.MKP/Sell/button_dateRange' is clicked on

2023-01-03 16:51:36 - [TEST_STEP][PASSED] - click(findTestObject("Object Repository/1.MKP/Sell/div_Date Range_3 days")): Object: 'Object Repository/1.MKP/Sell/div_Date Range_3 days' is clicked on

2023-01-03 16:51:36 - [MESSAGE][PASSED] - Object: 'Object Repository/1.MKP/Sell/div_Date Range_3 days' is clicked on

2023-01-03 16:51:36 - [TEST_STEP][PASSED] - click(findTestObject("Object Repository/1.MKP/Sell/button_Confirm_Duration")): Object: 'Object Repository/1.MKP/Sell/button_Confirm_Duration' is clicked on

2023-01-03 16:51:36 - [MESSAGE][PASSED] - Object: 'Object Repository/1.MKP/Sell/button_Confirm_Duration' is clicked on

2023-01-03 16:51:36 - [TEST_STEP][PASSED] - waitForElementClickable(findTestObject("Object Repository/1.MKP/Sell/button_Place on market"), 5): Object 'Object Repository/1.MKP/Sell/button_Place on market' is clickable

2023-01-03 16:51:36 - [MESSAGE][PASSED] - Object 'Object Repository/1.MKP/Sell/button_Place on market' is clickable

2023-01-03 16:51:36 - [TEST_STEP][PASSED] - click(findTestObject("Object Repository/1.MKP/Sell/button_Place on market")): Object: 'Object Repository/1.MKP/Sell/button_Place on market' is clicked on

2023-01-03 16:51:37 - [MESSAGE][PASSED] - Object: 'Object Repository/1.MKP/Sell/button_Place on market' is clicked on

2023-01-03 16:51:37 - [TEST_STEP][PASSED] - click(findTestObject("1.MKP/Sell/button_Close_Popup")): Object: 'Object Repository/1.MKP/Sell/button_Close_Popup' is clicked on

2023-01-03 16:51:37 - [MESSAGE][PASSED] - Object: 'Object Repository/1.MKP/Sell/button_Close_Popup' is clicked on

2023-01-03 16:51:37 - [TEST_STEP][PASSED] - closeBrowser(): Browser is closed

2023-01-03 16:51:38 - [MESSAGE][PASSED] - Browser is closed

2023-01-03 16:51:38 - [TEST_STEP][PASSED] - Start listener action : sampleAfterTestCase: null

2023-01-03 16:51:38 - [TEST_STEP][PASSED] - println("
... I am Listener inside sampleAfterTestCase function"): null]]></system-out>
         <system-err><![CDATA[]]></system-err>
      </testcase>
      <testcase name="Test Cases/1.MKP/Sell/Timed Auction/Sell_Timed Auction_Cancel_30 days" time="12.063" classname="Test Cases/1.MKP/Sell/Timed Auction/Sell_Timed Auction_Cancel_30 days" status="PASSED">
         <system-out><![CDATA[2023-01-03 16:51:38 - [TEST_CASE][PASSED] - Test Cases/1.MKP/Sell/Timed Auction/Sell_Timed Auction_Cancel_30 days: Test Cases/1.MKP/Sell/Timed Auction/Sell_Timed Auction_Cancel_30 days

2023-01-03 16:51:38 - [TEST_STEP][PASSED] - Start listener action : sampleBeforeTestCase: null

2023-01-03 16:51:38 - [TEST_STEP][PASSED] - println("
... I am Listener inside sampleBeforeTestCase function"): null

2023-01-03 16:51:38 - [TEST_STEP][PASSED] - callTestCase(findTestCase("1.MKP/BeforeTest/OpenChromeProfiles"), [:], STOP_ON_FAILURE): Call Test Case 'Test Cases/1.MKP/BeforeTest/OpenChromeProfiles' successfully

2023-01-03 16:51:38 - [TEST_CASE][PASSED] - Test Cases/1.MKP/BeforeTest/OpenChromeProfiles: Test Cases/1.MKP/BeforeTest/OpenChromeProfiles

2023-01-03 16:51:38 - [TEST_STEP][PASSED] - System.setProperty("webdriver.chrome.driver", "C:/Users/LAP15239-local/Katalon Studio/git/katalon/webdrivers/chromedriver.exe"): null

2023-01-03 16:51:38 - [TEST_STEP][PASSED] - options = new org.openqa.selenium.chrome.ChromeOptions(): null

2023-01-03 16:51:38 - [TEST_STEP][PASSED] - eSwitches = new java.util.ArrayList(): null

2023-01-03 16:51:38 - [TEST_STEP][PASSED] - eSwitches.add("enable-automation"): null

2023-01-03 16:51:38 - [TEST_STEP][PASSED] - options.setExperimentalOption("excludeSwitches", eSwitches): null

2023-01-03 16:51:38 - [TEST_STEP][PASSED] - options.addArguments("--user-data-dir=C:/Users/LAP15239-local/AppData/Local/Google/Chrome/User Data"): null

2023-01-03 16:51:38 - [TEST_STEP][PASSED] - options.addArguments("--profile-directory=Profile 4"): null

2023-01-03 16:51:38 - [TEST_STEP][PASSED] - driver = new org.openqa.selenium.chrome.ChromeDriver(options): null

2023-01-03 16:51:39 - [TEST_STEP][PASSED] - changeWebDriver(driver): null

2023-01-03 16:51:42 - [MESSAGE][PASSED] - Call Test Case 'Test Cases/1.MKP/BeforeTest/OpenChromeProfiles' successfully

2023-01-03 16:51:42 - [TEST_STEP][PASSED] - navigateToUrl(MKP_url): Navigate to 'https://market.test.yoverse.io' successfully

2023-01-03 16:51:43 - [MESSAGE][PASSED] - Navigate to 'https://market.test.yoverse.io' successfully

2023-01-03 16:51:43 - [TEST_STEP][PASSED] - waitForElementClickable(findTestObject("Object Repository/1.MKP/Sell/img_header_profile_avatar"), 5): Object 'Object Repository/1.MKP/Sell/img_header_profile_avatar' is clickable

2023-01-03 16:51:44 - [MESSAGE][PASSED] - Object 'Object Repository/1.MKP/Sell/img_header_profile_avatar' is clickable

2023-01-03 16:51:44 - [TEST_STEP][PASSED] - click(findTestObject("Object Repository/1.MKP/Sell/img_header_profile_avatar")): Object: 'Object Repository/1.MKP/Sell/img_header_profile_avatar' is clicked on

2023-01-03 16:51:44 - [MESSAGE][PASSED] - Object: 'Object Repository/1.MKP/Sell/img_header_profile_avatar' is clicked on

2023-01-03 16:51:44 - [TEST_STEP][PASSED] - click(findTestObject("Object Repository/1.MKP/Sell/div_My Profile")): Object: 'Object Repository/1.MKP/Sell/div_My Profile' is clicked on

2023-01-03 16:51:45 - [MESSAGE][PASSED] - Object: 'Object Repository/1.MKP/Sell/div_My Profile' is clicked on

2023-01-03 16:51:45 - [TEST_STEP][PASSED] - click(findTestObject("Object Repository/1.MKP/Sell/div_Owned")): Object: 'Object Repository/1.MKP/Sell/div_Owned' is clicked on

2023-01-03 16:51:45 - [MESSAGE][PASSED] - Object: 'Object Repository/1.MKP/Sell/div_Owned' is clicked on

2023-01-03 16:51:45 - [TEST_STEP][PASSED] - click(findTestObject("Object Repository/1.MKP/Sell/button_Sell")): Object: 'Object Repository/1.MKP/Sell/button_Sell' is clicked on

2023-01-03 16:51:46 - [MESSAGE][PASSED] - Object: 'Object Repository/1.MKP/Sell/button_Sell' is clicked on

2023-01-03 16:51:46 - [TEST_STEP][PASSED] - click(findTestObject("Object Repository/1.MKP/Sell/div_Timed Auction")): Object: 'Object Repository/1.MKP/Sell/div_Timed Auction' is clicked on

2023-01-03 16:51:46 - [MESSAGE][PASSED] - Object: 'Object Repository/1.MKP/Sell/div_Timed Auction' is clicked on

2023-01-03 16:51:46 - [TEST_STEP][PASSED] - setText(findTestObject("Object Repository/1.MKP/Sell/input_price-amount"), priceToSell): Text '55' is set on object 'Object Repository/1.MKP/Sell/input_price-amount'

2023-01-03 16:51:46 - [MESSAGE][PASSED] - Text '55' is set on object 'Object Repository/1.MKP/Sell/input_price-amount'

2023-01-03 16:51:46 - [TEST_STEP][PASSED] - click(findTestObject("Object Repository/1.MKP/Sell/span_Include Buy Now option")): Object: 'Object Repository/1.MKP/Sell/span_Include Buy Now option' is clicked on

2023-01-03 16:51:47 - [MESSAGE][PASSED] - Object: 'Object Repository/1.MKP/Sell/span_Include Buy Now option' is clicked on

2023-01-03 16:51:47 - [TEST_STEP][PASSED] - click(findTestObject("Object Repository/1.MKP/Sell/span_Include Buy Now option")): Object: 'Object Repository/1.MKP/Sell/span_Include Buy Now option' is clicked on

2023-01-03 16:51:47 - [MESSAGE][PASSED] - Object: 'Object Repository/1.MKP/Sell/span_Include Buy Now option' is clicked on

2023-01-03 16:51:47 - [TEST_STEP][PASSED] - click(findTestObject("Object Repository/1.MKP/Sell/span_Private_Listing")): Object: 'Object Repository/1.MKP/Sell/span_Private_Listing' is clicked on

2023-01-03 16:51:47 - [MESSAGE][PASSED] - Object: 'Object Repository/1.MKP/Sell/span_Private_Listing' is clicked on

2023-01-03 16:51:47 - [TEST_STEP][PASSED] - click(findTestObject("Object Repository/1.MKP/Sell/span_Private_Listing")): Object: 'Object Repository/1.MKP/Sell/span_Private_Listing' is clicked on

2023-01-03 16:51:47 - [MESSAGE][PASSED] - Object: 'Object Repository/1.MKP/Sell/span_Private_Listing' is clicked on

2023-01-03 16:51:47 - [TEST_STEP][PASSED] - click(findTestObject("Object Repository/1.MKP/Sell/button_Method")): Object: 'Object Repository/1.MKP/Sell/button_Method' is clicked on

2023-01-03 16:51:47 - [MESSAGE][PASSED] - Object: 'Object Repository/1.MKP/Sell/button_Method' is clicked on

2023-01-03 16:51:47 - [TEST_STEP][PASSED] - click(findTestObject("Object Repository/1.MKP/Sell/div_Sell to the highest bidder")): Object: 'Object Repository/1.MKP/Sell/div_Sell to the highest bidder' is clicked on

2023-01-03 16:51:48 - [MESSAGE][PASSED] - Object: 'Object Repository/1.MKP/Sell/div_Sell to the highest bidder' is clicked on

2023-01-03 16:51:48 - [TEST_STEP][PASSED] - click(findTestObject("Object Repository/1.MKP/Sell/div_timed-auction-duration")): Object: 'Object Repository/1.MKP/Sell/div_timed-auction-duration' is clicked on

2023-01-03 16:51:48 - [MESSAGE][PASSED] - Object: 'Object Repository/1.MKP/Sell/div_timed-auction-duration' is clicked on

2023-01-03 16:51:48 - [TEST_STEP][PASSED] - click(findTestObject("Object Repository/1.MKP/Sell/button_dateRange")): Object: 'Object Repository/1.MKP/Sell/button_dateRange' is clicked on

2023-01-03 16:51:48 - [MESSAGE][PASSED] - Object: 'Object Repository/1.MKP/Sell/button_dateRange' is clicked on

2023-01-03 16:51:48 - [TEST_STEP][PASSED] - click(findTestObject("Object Repository/1.MKP/Sell/div_Date Range_3 days")): Object: 'Object Repository/1.MKP/Sell/div_Date Range_3 days' is clicked on

2023-01-03 16:51:48 - [MESSAGE][PASSED] - Object: 'Object Repository/1.MKP/Sell/div_Date Range_3 days' is clicked on

2023-01-03 16:51:48 - [TEST_STEP][PASSED] - click(findTestObject("Object Repository/1.MKP/Sell/button_Confirm_Duration")): Object: 'Object Repository/1.MKP/Sell/button_Confirm_Duration' is clicked on

2023-01-03 16:51:48 - [MESSAGE][PASSED] - Object: 'Object Repository/1.MKP/Sell/button_Confirm_Duration' is clicked on

2023-01-03 16:51:48 - [TEST_STEP][PASSED] - waitForElementClickable(findTestObject("Object Repository/1.MKP/Sell/button_Place on market"), 5): Object 'Object Repository/1.MKP/Sell/button_Place on market' is clickable

2023-01-03 16:51:48 - [MESSAGE][PASSED] - Object 'Object Repository/1.MKP/Sell/button_Place on market' is clickable

2023-01-03 16:51:48 - [TEST_STEP][PASSED] - click(findTestObject("Object Repository/1.MKP/Sell/button_Place on market")): Object: 'Object Repository/1.MKP/Sell/button_Place on market' is clicked on

2023-01-03 16:51:49 - [MESSAGE][PASSED] - Object: 'Object Repository/1.MKP/Sell/button_Place on market' is clicked on

2023-01-03 16:51:49 - [TEST_STEP][PASSED] - click(findTestObject("1.MKP/Sell/button_Close_Popup")): Object: 'Object Repository/1.MKP/Sell/button_Close_Popup' is clicked on

2023-01-03 16:51:49 - [MESSAGE][PASSED] - Object: 'Object Repository/1.MKP/Sell/button_Close_Popup' is clicked on

2023-01-03 16:51:49 - [TEST_STEP][PASSED] - closeBrowser(): Browser is closed

2023-01-03 16:51:50 - [MESSAGE][PASSED] - Browser is closed

2023-01-03 16:51:50 - [TEST_STEP][PASSED] - Start listener action : sampleAfterTestCase: null

2023-01-03 16:51:50 - [TEST_STEP][PASSED] - println("
... I am Listener inside sampleAfterTestCase function"): null]]></system-out>
         <system-err><![CDATA[]]></system-err>
      </testcase>
      <testcase name="Test Cases/1.MKP/Sell/Timed Auction/Sell_Timed Auction_Cancel_7 days" time="10.699" classname="Test Cases/1.MKP/Sell/Timed Auction/Sell_Timed Auction_Cancel_7 days" status="PASSED">
         <system-out><![CDATA[2023-01-03 16:51:50 - [TEST_CASE][PASSED] - Test Cases/1.MKP/Sell/Timed Auction/Sell_Timed Auction_Cancel_7 days: Test Cases/1.MKP/Sell/Timed Auction/Sell_Timed Auction_Cancel_7 days

2023-01-03 16:51:50 - [TEST_STEP][PASSED] - Start listener action : sampleBeforeTestCase: null

2023-01-03 16:51:50 - [TEST_STEP][PASSED] - println("
... I am Listener inside sampleBeforeTestCase function"): null

2023-01-03 16:51:50 - [TEST_STEP][PASSED] - callTestCase(findTestCase("1.MKP/BeforeTest/OpenChromeProfiles"), [:], STOP_ON_FAILURE): Call Test Case 'Test Cases/1.MKP/BeforeTest/OpenChromeProfiles' successfully

2023-01-03 16:51:50 - [TEST_CASE][PASSED] - Test Cases/1.MKP/BeforeTest/OpenChromeProfiles: Test Cases/1.MKP/BeforeTest/OpenChromeProfiles

2023-01-03 16:51:50 - [TEST_STEP][PASSED] - System.setProperty("webdriver.chrome.driver", "C:/Users/LAP15239-local/Katalon Studio/git/katalon/webdrivers/chromedriver.exe"): null

2023-01-03 16:51:50 - [TEST_STEP][PASSED] - options = new org.openqa.selenium.chrome.ChromeOptions(): null

2023-01-03 16:51:50 - [TEST_STEP][PASSED] - eSwitches = new java.util.ArrayList(): null

2023-01-03 16:51:50 - [TEST_STEP][PASSED] - eSwitches.add("enable-automation"): null

2023-01-03 16:51:50 - [TEST_STEP][PASSED] - options.setExperimentalOption("excludeSwitches", eSwitches): null

2023-01-03 16:51:50 - [TEST_STEP][PASSED] - options.addArguments("--user-data-dir=C:/Users/LAP15239-local/AppData/Local/Google/Chrome/User Data"): null

2023-01-03 16:51:50 - [TEST_STEP][PASSED] - options.addArguments("--profile-directory=Profile 4"): null

2023-01-03 16:51:50 - [TEST_STEP][PASSED] - driver = new org.openqa.selenium.chrome.ChromeDriver(options): null

2023-01-03 16:51:51 - [TEST_STEP][PASSED] - changeWebDriver(driver): null

2023-01-03 16:51:52 - [MESSAGE][PASSED] - Call Test Case 'Test Cases/1.MKP/BeforeTest/OpenChromeProfiles' successfully

2023-01-03 16:51:52 - [TEST_STEP][PASSED] - navigateToUrl(MKP_url): Navigate to 'https://market.test.yoverse.io' successfully

2023-01-03 16:51:53 - [MESSAGE][PASSED] - Navigate to 'https://market.test.yoverse.io' successfully

2023-01-03 16:51:53 - [TEST_STEP][PASSED] - waitForElementClickable(findTestObject("Object Repository/1.MKP/Sell/img_header_profile_avatar"), 5): Object 'Object Repository/1.MKP/Sell/img_header_profile_avatar' is clickable

2023-01-03 16:51:54 - [MESSAGE][PASSED] - Object 'Object Repository/1.MKP/Sell/img_header_profile_avatar' is clickable

2023-01-03 16:51:54 - [TEST_STEP][PASSED] - click(findTestObject("Object Repository/1.MKP/Sell/img_header_profile_avatar")): Object: 'Object Repository/1.MKP/Sell/img_header_profile_avatar' is clicked on

2023-01-03 16:51:55 - [MESSAGE][PASSED] - Object: 'Object Repository/1.MKP/Sell/img_header_profile_avatar' is clicked on

2023-01-03 16:51:55 - [TEST_STEP][PASSED] - click(findTestObject("Object Repository/1.MKP/Sell/div_My Profile")): Object: 'Object Repository/1.MKP/Sell/div_My Profile' is clicked on

2023-01-03 16:51:55 - [MESSAGE][PASSED] - Object: 'Object Repository/1.MKP/Sell/div_My Profile' is clicked on

2023-01-03 16:51:55 - [TEST_STEP][PASSED] - click(findTestObject("Object Repository/1.MKP/Sell/div_Owned")): Object: 'Object Repository/1.MKP/Sell/div_Owned' is clicked on

2023-01-03 16:51:55 - [MESSAGE][PASSED] - Object: 'Object Repository/1.MKP/Sell/div_Owned' is clicked on

2023-01-03 16:51:55 - [TEST_STEP][PASSED] - click(findTestObject("Object Repository/1.MKP/Sell/button_Sell")): Object: 'Object Repository/1.MKP/Sell/button_Sell' is clicked on

2023-01-03 16:51:56 - [MESSAGE][PASSED] - Object: 'Object Repository/1.MKP/Sell/button_Sell' is clicked on

2023-01-03 16:51:56 - [TEST_STEP][PASSED] - click(findTestObject("Object Repository/1.MKP/Sell/div_Timed Auction")): Object: 'Object Repository/1.MKP/Sell/div_Timed Auction' is clicked on

2023-01-03 16:51:57 - [MESSAGE][PASSED] - Object: 'Object Repository/1.MKP/Sell/div_Timed Auction' is clicked on

2023-01-03 16:51:57 - [TEST_STEP][PASSED] - setText(findTestObject("Object Repository/1.MKP/Sell/input_price-amount"), priceToSell): Text '55' is set on object 'Object Repository/1.MKP/Sell/input_price-amount'

2023-01-03 16:51:57 - [MESSAGE][PASSED] - Text '55' is set on object 'Object Repository/1.MKP/Sell/input_price-amount'

2023-01-03 16:51:57 - [TEST_STEP][PASSED] - click(findTestObject("Object Repository/1.MKP/Sell/span_Include Buy Now option")): Object: 'Object Repository/1.MKP/Sell/span_Include Buy Now option' is clicked on

2023-01-03 16:51:57 - [MESSAGE][PASSED] - Object: 'Object Repository/1.MKP/Sell/span_Include Buy Now option' is clicked on

2023-01-03 16:51:57 - [TEST_STEP][PASSED] - click(findTestObject("Object Repository/1.MKP/Sell/span_Include Buy Now option")): Object: 'Object Repository/1.MKP/Sell/span_Include Buy Now option' is clicked on

2023-01-03 16:51:57 - [MESSAGE][PASSED] - Object: 'Object Repository/1.MKP/Sell/span_Include Buy Now option' is clicked on

2023-01-03 16:51:57 - [TEST_STEP][PASSED] - click(findTestObject("Object Repository/1.MKP/Sell/span_Private_Listing")): Object: 'Object Repository/1.MKP/Sell/span_Private_Listing' is clicked on

2023-01-03 16:51:58 - [MESSAGE][PASSED] - Object: 'Object Repository/1.MKP/Sell/span_Private_Listing' is clicked on

2023-01-03 16:51:58 - [TEST_STEP][PASSED] - click(findTestObject("Object Repository/1.MKP/Sell/span_Private_Listing")): Object: 'Object Repository/1.MKP/Sell/span_Private_Listing' is clicked on

2023-01-03 16:51:58 - [MESSAGE][PASSED] - Object: 'Object Repository/1.MKP/Sell/span_Private_Listing' is clicked on

2023-01-03 16:51:58 - [TEST_STEP][PASSED] - click(findTestObject("Object Repository/1.MKP/Sell/button_Method")): Object: 'Object Repository/1.MKP/Sell/button_Method' is clicked on

2023-01-03 16:51:58 - [MESSAGE][PASSED] - Object: 'Object Repository/1.MKP/Sell/button_Method' is clicked on

2023-01-03 16:51:58 - [TEST_STEP][PASSED] - click(findTestObject("Object Repository/1.MKP/Sell/div_Sell to the highest bidder")): Object: 'Object Repository/1.MKP/Sell/div_Sell to the highest bidder' is clicked on

2023-01-03 16:51:58 - [MESSAGE][PASSED] - Object: 'Object Repository/1.MKP/Sell/div_Sell to the highest bidder' is clicked on

2023-01-03 16:51:58 - [TEST_STEP][PASSED] - click(findTestObject("Object Repository/1.MKP/Sell/div_timed-auction-duration")): Object: 'Object Repository/1.MKP/Sell/div_timed-auction-duration' is clicked on

2023-01-03 16:51:58 - [MESSAGE][PASSED] - Object: 'Object Repository/1.MKP/Sell/div_timed-auction-duration' is clicked on

2023-01-03 16:51:58 - [TEST_STEP][PASSED] - click(findTestObject("Object Repository/1.MKP/Sell/button_dateRange")): Object: 'Object Repository/1.MKP/Sell/button_dateRange' is clicked on

2023-01-03 16:51:59 - [MESSAGE][PASSED] - Object: 'Object Repository/1.MKP/Sell/button_dateRange' is clicked on

2023-01-03 16:51:59 - [TEST_STEP][PASSED] - click(findTestObject("Object Repository/1.MKP/Sell/div_Date Range_7 days")): Object: 'Object Repository/1.MKP/Sell/div_Date Range_7 days' is clicked on

2023-01-03 16:51:59 - [MESSAGE][PASSED] - Object: 'Object Repository/1.MKP/Sell/div_Date Range_7 days' is clicked on

2023-01-03 16:51:59 - [TEST_STEP][PASSED] - click(findTestObject("Object Repository/1.MKP/Sell/button_Confirm_Duration")): Object: 'Object Repository/1.MKP/Sell/button_Confirm_Duration' is clicked on

2023-01-03 16:51:59 - [MESSAGE][PASSED] - Object: 'Object Repository/1.MKP/Sell/button_Confirm_Duration' is clicked on

2023-01-03 16:51:59 - [TEST_STEP][PASSED] - waitForElementClickable(findTestObject("Object Repository/1.MKP/Sell/button_Place on market"), 5): Object 'Object Repository/1.MKP/Sell/button_Place on market' is clickable

2023-01-03 16:51:59 - [MESSAGE][PASSED] - Object 'Object Repository/1.MKP/Sell/button_Place on market' is clickable

2023-01-03 16:51:59 - [TEST_STEP][PASSED] - click(findTestObject("Object Repository/1.MKP/Sell/button_Place on market")): Object: 'Object Repository/1.MKP/Sell/button_Place on market' is clicked on

2023-01-03 16:51:59 - [MESSAGE][PASSED] - Object: 'Object Repository/1.MKP/Sell/button_Place on market' is clicked on

2023-01-03 16:51:59 - [TEST_STEP][PASSED] - click(findTestObject("1.MKP/Sell/button_Close_Popup")): Object: 'Object Repository/1.MKP/Sell/button_Close_Popup' is clicked on

2023-01-03 16:52:00 - [MESSAGE][PASSED] - Object: 'Object Repository/1.MKP/Sell/button_Close_Popup' is clicked on

2023-01-03 16:52:00 - [TEST_STEP][PASSED] - closeBrowser(): Browser is closed

2023-01-03 16:52:00 - [MESSAGE][PASSED] - Browser is closed

2023-01-03 16:52:00 - [TEST_STEP][PASSED] - Start listener action : sampleAfterTestCase: null

2023-01-03 16:52:00 - [TEST_STEP][PASSED] - println("
... I am Listener inside sampleAfterTestCase function"): null]]></system-out>
         <system-err><![CDATA[]]></system-err>
      </testcase>
      <testcase name="Test Cases/1.MKP/Sell/Timed Auction/Sell_Timed Auction_Cancel_Set Full" time="12.483" classname="Test Cases/1.MKP/Sell/Timed Auction/Sell_Timed Auction_Cancel_Set Full" status="PASSED">
         <system-out><![CDATA[2023-01-03 16:52:00 - [TEST_CASE][PASSED] - Test Cases/1.MKP/Sell/Timed Auction/Sell_Timed Auction_Cancel_Set Full: Test Cases/1.MKP/Sell/Timed Auction/Sell_Timed Auction_Cancel_Set Full

2023-01-03 16:52:00 - [TEST_STEP][PASSED] - Start listener action : sampleBeforeTestCase: null

2023-01-03 16:52:00 - [TEST_STEP][PASSED] - println("
... I am Listener inside sampleBeforeTestCase function"): null

2023-01-03 16:52:01 - [TEST_STEP][PASSED] - callTestCase(findTestCase("1.MKP/BeforeTest/OpenChromeProfiles"), [:], STOP_ON_FAILURE): Call Test Case 'Test Cases/1.MKP/BeforeTest/OpenChromeProfiles' successfully

2023-01-03 16:52:01 - [TEST_CASE][PASSED] - Test Cases/1.MKP/BeforeTest/OpenChromeProfiles: Test Cases/1.MKP/BeforeTest/OpenChromeProfiles

2023-01-03 16:52:01 - [TEST_STEP][PASSED] - System.setProperty("webdriver.chrome.driver", "C:/Users/LAP15239-local/Katalon Studio/git/katalon/webdrivers/chromedriver.exe"): null

2023-01-03 16:52:01 - [TEST_STEP][PASSED] - options = new org.openqa.selenium.chrome.ChromeOptions(): null

2023-01-03 16:52:01 - [TEST_STEP][PASSED] - eSwitches = new java.util.ArrayList(): null

2023-01-03 16:52:01 - [TEST_STEP][PASSED] - eSwitches.add("enable-automation"): null

2023-01-03 16:52:01 - [TEST_STEP][PASSED] - options.setExperimentalOption("excludeSwitches", eSwitches): null

2023-01-03 16:52:01 - [TEST_STEP][PASSED] - options.addArguments("--user-data-dir=C:/Users/LAP15239-local/AppData/Local/Google/Chrome/User Data"): null

2023-01-03 16:52:01 - [TEST_STEP][PASSED] - options.addArguments("--profile-directory=Profile 4"): null

2023-01-03 16:52:01 - [TEST_STEP][PASSED] - driver = new org.openqa.selenium.chrome.ChromeDriver(options): null

2023-01-03 16:52:02 - [TEST_STEP][PASSED] - changeWebDriver(driver): null

2023-01-03 16:52:03 - [MESSAGE][PASSED] - Call Test Case 'Test Cases/1.MKP/BeforeTest/OpenChromeProfiles' successfully

2023-01-03 16:52:03 - [TEST_STEP][PASSED] - navigateToUrl(MKP_url): Navigate to 'https://market.test.yoverse.io' successfully

2023-01-03 16:52:04 - [MESSAGE][PASSED] - Navigate to 'https://market.test.yoverse.io' successfully

2023-01-03 16:52:04 - [TEST_STEP][PASSED] - waitForElementClickable(findTestObject("Object Repository/1.MKP/Sell/img_header_profile_avatar"), 5): Object 'Object Repository/1.MKP/Sell/img_header_profile_avatar' is clickable

2023-01-03 16:52:05 - [MESSAGE][PASSED] - Object 'Object Repository/1.MKP/Sell/img_header_profile_avatar' is clickable

2023-01-03 16:52:05 - [TEST_STEP][PASSED] - click(findTestObject("Object Repository/1.MKP/Sell/img_header_profile_avatar")): Object: 'Object Repository/1.MKP/Sell/img_header_profile_avatar' is clicked on

2023-01-03 16:52:05 - [MESSAGE][PASSED] - Object: 'Object Repository/1.MKP/Sell/img_header_profile_avatar' is clicked on

2023-01-03 16:52:05 - [TEST_STEP][PASSED] - click(findTestObject("Object Repository/1.MKP/Sell/div_My Profile")): Object: 'Object Repository/1.MKP/Sell/div_My Profile' is clicked on

2023-01-03 16:52:06 - [MESSAGE][PASSED] - Object: 'Object Repository/1.MKP/Sell/div_My Profile' is clicked on

2023-01-03 16:52:06 - [TEST_STEP][PASSED] - click(findTestObject("Object Repository/1.MKP/Sell/div_Owned")): Object: 'Object Repository/1.MKP/Sell/div_Owned' is clicked on

2023-01-03 16:52:07 - [MESSAGE][PASSED] - Object: 'Object Repository/1.MKP/Sell/div_Owned' is clicked on

2023-01-03 16:52:07 - [TEST_STEP][PASSED] - click(findTestObject("Object Repository/1.MKP/Sell/button_Sell")): Object: 'Object Repository/1.MKP/Sell/button_Sell' is clicked on

2023-01-03 16:52:07 - [MESSAGE][PASSED] - Object: 'Object Repository/1.MKP/Sell/button_Sell' is clicked on

2023-01-03 16:52:07 - [TEST_STEP][PASSED] - click(findTestObject("Object Repository/1.MKP/Sell/div_Timed Auction")): Object: 'Object Repository/1.MKP/Sell/div_Timed Auction' is clicked on

2023-01-03 16:52:08 - [MESSAGE][PASSED] - Object: 'Object Repository/1.MKP/Sell/div_Timed Auction' is clicked on

2023-01-03 16:52:08 - [TEST_STEP][PASSED] - click(findTestObject("Object Repository/1.MKP/Sell/button_Method")): Object: 'Object Repository/1.MKP/Sell/button_Method' is clicked on

2023-01-03 16:52:08 - [MESSAGE][PASSED] - Object: 'Object Repository/1.MKP/Sell/button_Method' is clicked on

2023-01-03 16:52:08 - [TEST_STEP][PASSED] - click(findTestObject("Object Repository/1.MKP/Sell/div_Sell to the highest bidder")): Object: 'Object Repository/1.MKP/Sell/div_Sell to the highest bidder' is clicked on

2023-01-03 16:52:08 - [MESSAGE][PASSED] - Object: 'Object Repository/1.MKP/Sell/div_Sell to the highest bidder' is clicked on

2023-01-03 16:52:08 - [TEST_STEP][PASSED] - click(findTestObject("Object Repository/1.MKP/Sell/div_timed-auction-duration")): Object: 'Object Repository/1.MKP/Sell/div_timed-auction-duration' is clicked on

2023-01-03 16:52:08 - [MESSAGE][PASSED] - Object: 'Object Repository/1.MKP/Sell/div_timed-auction-duration' is clicked on

2023-01-03 16:52:08 - [TEST_STEP][PASSED] - click(findTestObject("Object Repository/1.MKP/Sell/button_dateRange")): Object: 'Object Repository/1.MKP/Sell/button_dateRange' is clicked on

2023-01-03 16:52:08 - [MESSAGE][PASSED] - Object: 'Object Repository/1.MKP/Sell/button_dateRange' is clicked on

2023-01-03 16:52:08 - [TEST_STEP][PASSED] - click(findTestObject("Object Repository/1.MKP/Sell/div_Date Range_24 hours")): Object: 'Object Repository/1.MKP/Sell/div_Date Range_24 hours' is clicked on

2023-01-03 16:52:09 - [MESSAGE][PASSED] - Object: 'Object Repository/1.MKP/Sell/div_Date Range_24 hours' is clicked on

2023-01-03 16:52:09 - [TEST_STEP][PASSED] - click(findTestObject("Object Repository/1.MKP/Sell/button_Confirm_Duration")): Object: 'Object Repository/1.MKP/Sell/button_Confirm_Duration' is clicked on

2023-01-03 16:52:09 - [MESSAGE][PASSED] - Object: 'Object Repository/1.MKP/Sell/button_Confirm_Duration' is clicked on

2023-01-03 16:52:09 - [TEST_STEP][PASSED] - click(findTestObject("Object Repository/1.MKP/Sell/button_minimum-bid-increment")): Object: 'Object Repository/1.MKP/Sell/button_minimum-bid-increment' is clicked on

2023-01-03 16:52:09 - [MESSAGE][PASSED] - Object: 'Object Repository/1.MKP/Sell/button_minimum-bid-increment' is clicked on

2023-01-03 16:52:09 - [TEST_STEP][PASSED] - click(findTestObject("Object Repository/1.MKP/Sell/div_Bid Increment_5")): Object: 'Object Repository/1.MKP/Sell/div_Bid Increment_5' is clicked on

2023-01-03 16:52:09 - [MESSAGE][PASSED] - Object: 'Object Repository/1.MKP/Sell/div_Bid Increment_5' is clicked on

2023-01-03 16:52:09 - [TEST_STEP][PASSED] - click(findTestObject("Object Repository/1.MKP/Sell/button_start-price-token")): Object: 'Object Repository/1.MKP/Sell/button_start-price-token' is clicked on

2023-01-03 16:52:09 - [MESSAGE][PASSED] - Object: 'Object Repository/1.MKP/Sell/button_start-price-token' is clicked on

2023-01-03 16:52:09 - [TEST_STEP][PASSED] - click(findTestObject("Object Repository/1.MKP/Sell/div_Token_0")): Object: 'Object Repository/1.MKP/Sell/div_Token_0' is clicked on

2023-01-03 16:52:09 - [MESSAGE][PASSED] - Object: 'Object Repository/1.MKP/Sell/div_Token_0' is clicked on

2023-01-03 16:52:09 - [TEST_STEP][PASSED] - setText(findTestObject("Object Repository/1.MKP/Sell/input_price-amount"), priceToSell): Text '55' is set on object 'Object Repository/1.MKP/Sell/input_price-amount'

2023-01-03 16:52:10 - [MESSAGE][PASSED] - Text '55' is set on object 'Object Repository/1.MKP/Sell/input_price-amount'

2023-01-03 16:52:10 - [TEST_STEP][PASSED] - click(findTestObject("Object Repository/1.MKP/Sell/span_Include Buy Now option")): Object: 'Object Repository/1.MKP/Sell/span_Include Buy Now option' is clicked on

2023-01-03 16:52:10 - [MESSAGE][PASSED] - Object: 'Object Repository/1.MKP/Sell/span_Include Buy Now option' is clicked on

2023-01-03 16:52:10 - [TEST_STEP][PASSED] - click(findTestObject("Object Repository/1.MKP/Sell/button_buy-now-token")): Object: 'Object Repository/1.MKP/Sell/button_buy-now-token' is clicked on

2023-01-03 16:52:10 - [MESSAGE][PASSED] - Object: 'Object Repository/1.MKP/Sell/button_buy-now-token' is clicked on

2023-01-03 16:52:10 - [TEST_STEP][PASSED] - setText(findTestObject("Object Repository/1.MKP/Sell/input_buy-now-amount"), priceToBuyNow): Text '100' is set on object 'Object Repository/1.MKP/Sell/input_buy-now-amount'

2023-01-03 16:52:10 - [MESSAGE][PASSED] - Text '100' is set on object 'Object Repository/1.MKP/Sell/input_buy-now-amount'

2023-01-03 16:52:10 - [TEST_STEP][PASSED] - click(findTestObject("Object Repository/1.MKP/Sell/span_Private_Listing")): Object: 'Object Repository/1.MKP/Sell/span_Private_Listing' is clicked on

2023-01-03 16:52:10 - [MESSAGE][PASSED] - Object: 'Object Repository/1.MKP/Sell/span_Private_Listing' is clicked on

2023-01-03 16:52:10 - [TEST_STEP][PASSED] - click(findTestObject("Object Repository/1.MKP/Sell/div_Manage member")): Object: 'Object Repository/1.MKP/Sell/div_Manage member' is clicked on

2023-01-03 16:52:11 - [MESSAGE][PASSED] - Object: 'Object Repository/1.MKP/Sell/div_Manage member' is clicked on

2023-01-03 16:52:11 - [TEST_STEP][PASSED] - setText(findTestObject("Object Repository/1.MKP/Sell/input_Wallet Address or Username"), "lamldt"): Text 'lamldt' is set on object 'Object Repository/1.MKP/Sell/input_Wallet Address or Username'

2023-01-03 16:52:11 - [MESSAGE][PASSED] - Text 'lamldt' is set on object 'Object Repository/1.MKP/Sell/input_Wallet Address or Username'

2023-01-03 16:52:11 - [TEST_STEP][PASSED] - click(findTestObject("Object Repository/1.MKP/Sell/div_Add member")): Object: 'Object Repository/1.MKP/Sell/div_Add member' is clicked on

2023-01-03 16:52:11 - [MESSAGE][PASSED] - Object: 'Object Repository/1.MKP/Sell/div_Add member' is clicked on

2023-01-03 16:52:11 - [TEST_STEP][PASSED] - click(findTestObject("Object Repository/1.MKP/Sell/div_Done")): Object: 'Object Repository/1.MKP/Sell/div_Done' is clicked on

2023-01-03 16:52:11 - [MESSAGE][PASSED] - Object: 'Object Repository/1.MKP/Sell/div_Done' is clicked on

2023-01-03 16:52:11 - [TEST_STEP][PASSED] - waitForElementClickable(findTestObject("Object Repository/1.MKP/Sell/button_Place on market"), 5): Object 'Object Repository/1.MKP/Sell/button_Place on market' is clickable

2023-01-03 16:52:12 - [MESSAGE][PASSED] - Object 'Object Repository/1.MKP/Sell/button_Place on market' is clickable

2023-01-03 16:52:12 - [TEST_STEP][PASSED] - click(findTestObject("Object Repository/1.MKP/Sell/button_Place on market")): Object: 'Object Repository/1.MKP/Sell/button_Place on market' is clicked on

2023-01-03 16:52:12 - [MESSAGE][PASSED] - Object: 'Object Repository/1.MKP/Sell/button_Place on market' is clicked on

2023-01-03 16:52:12 - [TEST_STEP][PASSED] - click(findTestObject("1.MKP/Sell/button_Close_Popup")): Object: 'Object Repository/1.MKP/Sell/button_Close_Popup' is clicked on

2023-01-03 16:52:12 - [MESSAGE][PASSED] - Object: 'Object Repository/1.MKP/Sell/button_Close_Popup' is clicked on

2023-01-03 16:52:12 - [TEST_STEP][PASSED] - closeBrowser(): Browser is closed

2023-01-03 16:52:13 - [MESSAGE][PASSED] - Browser is closed

2023-01-03 16:52:13 - [TEST_STEP][PASSED] - Start listener action : sampleAfterTestCase: null

2023-01-03 16:52:13 - [TEST_STEP][PASSED] - println("
... I am Listener inside sampleAfterTestCase function"): null]]></system-out>
         <system-err><![CDATA[]]></system-err>
      </testcase>
      <system-out><![CDATA[2023-01-03 16:49:42 - [TEST_SUITE][PASSED] - MKP: Test Cases/1.MKP/Sell/Timed Auction/Sell_Timed Auction_Cancel_Set Full]]></system-out>
      <system-err><![CDATA[]]></system-err>
   </testsuite>
</testsuites>
