<?xml version="1.0" encoding="UTF-8"?>
<testsuites name="TestSuite3" time="17.135" tests="1" failures="0" errors="0">
   <testsuite name="TestSuite3" tests="1" failures="0" errors="0" time="17.135" skipped="0" timestamp="2022-12-11 12:33:58" hostname="LAP15239-local - ManhTT" id="Test Suites/TestSuite3">
      <properties>
         <property name="deviceName" value=""/>
         <property name="devicePlatform" value=""/>
         <property name="logFolder" value="C:\\Users\\LAP15239-local\\Katalon Studio\\git\\katalon\\Reports\\20221211_123228\\TestSuite3\\20221211_123233"/>
         <property name="logFiles" value="C:\\Users\\LAP15239-local\\Katalon Studio\\git\\katalon\\Reports\\20221211_123228\\TestSuite3\\20221211_123233\\execution0.log"/>
         <property name="attachments" value=""/>
         <property name="hostName" value="LAP15239-local - ManhTT"/>
         <property name="os" value="Windows 10 64bit"/>
         <property name="katalonVersion" value="8.5.5.208"/>
         <property name="browser" value="Firefox 107.0"/>
         <property name="hostAddress" value="172.25.41.125"/>
         <property name="sessionId" value="2c96d7cd-1378-4897-80ad-c1dcd205a5c5"/>
         <property name="seleniumVersion" value="3.141.59"/>
         <property name="proxyInformation" value="ProxyInformation { proxyOption=NO_PROXY, proxyServerType=HTTP, username=, password=********, proxyServerAddress=, proxyServerPort=0, executionList=&quot;&quot;, isApplyToDesiredCapabilities=true }"/>
         <property name="platform" value="Windows 10"/>
      </properties>
      <testcase name="Test Cases/SampleMKP_TC" time="16.932" classname="Test Cases/SampleMKP_TC" status="PASSED">
         <system-out><![CDATA[2022-12-11 12:33:58 - [TEST_CASE][PASSED] - Test Cases/SampleMKP_TC: Test Cases/SampleMKP_TC

2022-12-11 12:33:58 - [TEST_STEP][PASSED] - openBrowser(""): Browser is opened with url: ''

2022-12-11 12:33:58 - [MESSAGE][INFO] - Starting 'Firefox' driver

2022-12-11 12:33:58 - [MESSAGE][INFO] - Action delay is set to 0 milliseconds

2022-12-11 12:34:02 - [MESSAGE][PASSED] - Browser is opened with url: ''

2022-12-11 12:34:02 - [TEST_STEP][PASSED] - navigateToUrl(Url_MKP): Navigate to 'https://market.test.yoverse.io/' successfully

2022-12-11 12:34:06 - [MESSAGE][PASSED] - Navigate to 'https://market.test.yoverse.io/' successfully

2022-12-11 12:34:06 - [TEST_STEP][PASSED] - setText(findTestObject("Object Repository/Test2_MKP/Page_YoVerse Market/inputToSearch"), "search demo"): Text 'search demo' is set on object 'Object Repository/Test2_MKP/Page_YoVerse Market/inputToSearch'

2022-12-11 12:34:08 - [MESSAGE][PASSED] - Text 'search demo' is set on object 'Object Repository/Test2_MKP/Page_YoVerse Market/inputToSearch'

2022-12-11 12:34:08 - [TEST_STEP][PASSED] - sendKeys(findTestObject("Object Repository/Test2_MKP/Page_YoVerse Market/inputToSearch"), Keys.chord(ENTER)): Keys 'ENTER + ' sent to object: 'Object Repository/Test2_MKP/Page_YoVerse Market/inputToSearch'

2022-12-11 12:34:08 - [MESSAGE][PASSED] - Keys 'ENTER + ' sent to object: 'Object Repository/Test2_MKP/Page_YoVerse Market/inputToSearch'

2022-12-11 12:34:08 - [TEST_STEP][PASSED] - setText(findTestObject("Object Repository/Test2_MKP/Page_YoVerse Market/inputToSearch"), ""): Text '' is set on object 'Object Repository/Test2_MKP/Page_YoVerse Market/inputToSearch'

2022-12-11 12:34:11 - [MESSAGE][PASSED] - Text '' is set on object 'Object Repository/Test2_MKP/Page_YoVerse Market/inputToSearch'

2022-12-11 12:34:11 - [TEST_STEP][PASSED] - click(findTestObject("Object Repository/Test2_MKP/Page_YoVerse Market/div_Explore")): Object: 'Object Repository/Test2_MKP/Page_YoVerse Market/div_Explore' is clicked on

2022-12-11 12:34:11 - [MESSAGE][PASSED] - Object: 'Object Repository/Test2_MKP/Page_YoVerse Market/div_Explore' is clicked on

2022-12-11 12:34:11 - [TEST_STEP][NOT_RUN] - waitForElementPresent(findTestObject("Test2_MKP/Page_YoVerse Market/inputToSearch"), 0): NOT_RUN: waitForElementPresent(findTestObject("Test2_MKP/Page_YoVerse Market/inputToSearch"), 0)

2022-12-11 12:34:11 - [MESSAGE][NOT_RUN] - NOT_RUN: waitForElementPresent(findTestObject("Test2_MKP/Page_YoVerse Market/inputToSearch"), 0)

2022-12-11 12:34:11 - [TEST_STEP][PASSED] - setText(findTestObject("Test2_MKP/Page_YoVerse Market/inputToSearch"), "clear demo"): Text 'clear demo' is set on object 'Object Repository/Test2_MKP/Page_YoVerse Market/inputToSearch'

2022-12-11 12:34:13 - [MESSAGE][PASSED] - Text 'clear demo' is set on object 'Object Repository/Test2_MKP/Page_YoVerse Market/inputToSearch'

2022-12-11 12:34:13 - [TEST_STEP][PASSED] - sendKeys(findTestObject("Object Repository/Test2_MKP/Page_YoVerse Market/inputToSearch"), Keys.chord(ENTER)): Keys 'ENTER + ' sent to object: 'Object Repository/Test2_MKP/Page_YoVerse Market/inputToSearch'

2022-12-11 12:34:13 - [MESSAGE][PASSED] - Keys 'ENTER + ' sent to object: 'Object Repository/Test2_MKP/Page_YoVerse Market/inputToSearch'

2022-12-11 12:34:13 - [TEST_STEP][PASSED] - clearText(findTestObject("Test2_MKP/Page_YoVerse Market/inputToSearch"), STOP_ON_FAILURE): Text of object 'Object Repository/Test2_MKP/Page_YoVerse Market/inputToSearch' is cleared

2022-12-11 12:34:14 - [MESSAGE][PASSED] - Text of object 'Object Repository/Test2_MKP/Page_YoVerse Market/inputToSearch' is cleared

2022-12-11 12:34:14 - [TEST_STEP][PASSED] - closeBrowser(): Browser is closed

2022-12-11 12:34:15 - [MESSAGE][PASSED] - Browser is closed]]></system-out>
         <system-err><![CDATA[]]></system-err>
      </testcase>
      <system-out><![CDATA[2022-12-11 12:33:58 - [TEST_SUITE][PASSED] - TestSuite3: Test Cases/SampleMKP_TC]]></system-out>
      <system-err><![CDATA[]]></system-err>
   </testsuite>
</testsuites>
